<?xml version="1.0" encoding="UTF-8" ?>
<testsuite errors="0" failures="1" hostname="MSI" name="biosphere7.JoueurBiosphere7Test" skipped="0" tests="7" time="0.138" timestamp="2019-11-26T19:04:46">
  <properties>
    <property name="libs.javaee-api-6.0.classpath" value="C:\NetBeans\netbeans\enterprise\modules\ext\javaee-api-6.0.jar" />
    <property name="libs.spring-framework300.classpath" value="C:\NetBeans\netbeans\ide\modules\org-apache-commons-logging.jar;C:\NetBeans\netbeans\java\modules\ext\cglib-2.2.jar;C:\NetBeans\netbeans\java\modules\ext\spring-3.0\spring-aop-3.2.7.RELEASE.jar;C:\NetBeans\netbeans\java\modules\ext\spring-3.0\spring-aspects-3.2.7.RELEASE.jar;C:\NetBeans\netbeans\java\modules\ext\spring-3.0\spring-beans-3.2.7.RELEASE.jar;C:\NetBeans\netbeans\java\modules\ext\spring-3.0\spring-build-src-3.2.7.RELEASE.jar;C:\NetBeans\netbeans\java\modules\ext\spring-3.0\spring-context-3.2.7.RELEASE.jar;C:\NetBeans\netbeans\java\modules\ext\spring-3.0\spring-context-support-3.2.7.RELEASE.jar;C:\NetBeans\netbeans\java\modules\ext\spring-3.0\spring-core-3.2.7.RELEASE.jar;C:\NetBeans\netbeans\java\modules\ext\spring-3.0\spring-expression-3.2.7.RELEASE.jar;C:\NetBeans\netbeans\java\modules\ext\spring-3.0\spring-framework-bom-3.2.7.RELEASE.jar;C:\NetBeans\netbeans\java\modules\ext\spring-3.0\spring-instrument-3.2.7.RELEASE.jar;C:\NetBeans\netbeans\java\modules\ext\spring-3.0\spring-instrument-tomcat-3.2.7.RELEASE.jar;C:\NetBeans\netbeans\java\modules\ext\spring-3.0\spring-jdbc-3.2.7.RELEASE.jar;C:\NetBeans\netbeans\java\modules\ext\spring-3.0\spring-jms-3.2.7.RELEASE.jar;C:\NetBeans\netbeans\java\modules\ext\spring-3.0\spring-orm-3.2.7.RELEASE.jar;C:\NetBeans\netbeans\java\modules\ext\spring-3.0\spring-oxm-3.2.7.RELEASE.jar;C:\NetBeans\netbeans\java\modules\ext\spring-3.0\spring-struts-3.2.7.RELEASE.jar;C:\NetBeans\netbeans\java\modules\ext\spring-3.0\spring-test-3.2.7.RELEASE.jar;C:\NetBeans\netbeans\java\modules\ext\spring-3.0\spring-tx-3.2.7.RELEASE.jar;C:\NetBeans\netbeans\java\modules\ext\spring-3.0\spring-web-3.2.7.RELEASE.jar;C:\NetBeans\netbeans\java\modules\ext\spring-3.0\spring-webmvc-3.2.7.RELEASE.jar;C:\NetBeans\netbeans\java\modules\ext\spring-3.0\spring-webmvc-portlet-3.2.7.RELEASE.jar" />
    <property name="javac.test.classpath" value=":build/classes:C:\NetBeans\netbeans\platform\modules\ext\hamcrest-core-1.3.jar:C:\NetBeans\netbeans\platform\modules\ext\junit-4.12.jar" />
    <property name="javac.includesfile.binary" value="C:\Users\Zail3\Desktop\Bios\biosphere7\null1066686616" />
    <property name="java.specification.version" value="13" />
    <property name="libs.javaee-api-7.0.classpath" value="C:\NetBeans\netbeans\enterprise\modules\ext\javaee-api-7.0.jar" />
    <property name="sun.cpu.isalist" value="amd64" />
    <property name="libs.restapi.maven-pom" value="" />
    <property name="jar.index.metainf" value="false" />
    <property name="do.depend" value="false" />
    <property name="javadoc.preview" value="true" />
    <property name="libs.spring-webmvc4.0.javadoc" value="" />
    <property name="libs.spring-framework400.classpath" value="C:\NetBeans\netbeans\ide\modules\org-apache-commons-logging.jar;C:\NetBeans\netbeans\java\modules\ext\cglib-2.2.jar;C:\NetBeans\netbeans\java\modules\ext\spring-4\spring-aop-4.0.1.RELEASE.jar;C:\NetBeans\netbeans\java\modules\ext\spring-4\spring-aspects-4.0.1.RELEASE.jar;C:\NetBeans\netbeans\java\modules\ext\spring-4\spring-beans-4.0.1.RELEASE.jar;C:\NetBeans\netbeans\java\modules\ext\spring-4\spring-build-src-4.0.1.RELEASE.jar;C:\NetBeans\netbeans\java\modules\ext\spring-4\spring-context-4.0.1.RELEASE.jar;C:\NetBeans\netbeans\java\modules\ext\spring-4\spring-context-support-4.0.1.RELEASE.jar;C:\NetBeans\netbeans\java\modules\ext\spring-4\spring-core-4.0.1.RELEASE.jar;C:\NetBeans\netbeans\java\modules\ext\spring-4\spring-expression-4.0.1.RELEASE.jar;C:\NetBeans\netbeans\java\modules\ext\spring-4\spring-framework-bom-4.0.1.RELEASE.jar;C:\NetBeans\netbeans\java\modules\ext\spring-4\spring-instrument-4.0.1.RELEASE.jar;C:\NetBeans\netbeans\java\modules\ext\spring-4\spring-instrument-tomcat-4.0.1.RELEASE.jar;C:\NetBeans\netbeans\java\modules\ext\spring-4\spring-jdbc-4.0.1.RELEASE.jar;C:\NetBeans\netbeans\java\modules\ext\spring-4\spring-jms-4.0.1.RELEASE.jar;C:\NetBeans\netbeans\java\modules\ext\spring-4\spring-messaging-4.0.1.RELEASE.jar;C:\NetBeans\netbeans\java\modules\ext\spring-4\spring-orm-4.0.1.RELEASE.jar;C:\NetBeans\netbeans\java\modules\ext\spring-4\spring-oxm-4.0.1.RELEASE.jar;C:\NetBeans\netbeans\java\modules\ext\spring-4\spring-test-4.0.1.RELEASE.jar;C:\NetBeans\netbeans\java\modules\ext\spring-4\spring-tx-4.0.1.RELEASE.jar;C:\NetBeans\netbeans\java\modules\ext\spring-4\spring-web-4.0.1.RELEASE.jar;C:\NetBeans\netbeans\java\modules\ext\spring-4\spring-webmvc-4.0.1.RELEASE.jar;C:\NetBeans\netbeans\java\modules\ext\spring-4\spring-webmvc-portlet-4.0.1.RELEASE.jar;C:\NetBeans\netbeans\java\modules\ext\spring-4\spring-websocket-4.0.1.RELEASE.jar" />
    <property name="sun.arch.data.model" value="64" />
    <property name="test.binaryincludes" value="&lt;nothing&gt;" />
    <property name="nb.show.statistics.ui" value="usageStatisticsEnabled" />
    <property name="libs.javaee-endorsed-api-7.0.src" value="" />
    <property name="debug-transport" value="dt_shmem" />
    <property name="libs.javaee-web-api-8.0.src" value="" />
    <property name="java.vendor.url" value="https://java.oracle.com/" />
    <property name="annotation.processing.enabled" value="true" />
    <property name="libs.junit_5.src" value="C:\NetBeans\netbeans\platform\docs\junit-jupiter-api-5.3.1-sources.jar;C:\NetBeans\netbeans\platform\docs\junit-jupiter-params-5.3.1-sources.jar;C:\NetBeans\netbeans\platform\docs\junit-jupiter-engine-5.3.1-sources.jar" />
    <property name="debug.modulepath" value="" />
    <property name="libs.jaxb.classpath" value="C:\NetBeans\netbeans\ide\modules\ext\jaxb\jaxb-impl-2.2.5-2.jar;C:\NetBeans\netbeans\ide\modules\ext\jaxb\jaxb-xjc-2.2.5-2.jar;C:\NetBeans\netbeans\ide\modules\ext\jaxb\jaxb1-impl-2.2.5-2.jar;C:\NetBeans\netbeans\ide\modules\ext\jaxb\activation.jar;C:\NetBeans\netbeans\ide\modules\ext\jaxb\api\jaxb-api.jar" />
    <property name="libs.javaee-api-8.0.classpath" value="C:\NetBeans\netbeans\enterprise\modules\ext\javaee-api-8.0.jar" />
    <property name="libs.jsp-compilation.src" value="" />
    <property name="libs.eclipselink.javadoc" value="" />
    <property name="libs.JWSAntTasks.javadoc" value="" />
    <property name="sun.boot.library.path" value="C:\Program Files\Java\jdk-13.0.1\bin" />
    <property name="libs.CopyLibs.src" value="" />
    <property name="sun.java.command" value="org.apache.tools.ant.taskdefs.optional.junit.JUnitTestRunner biosphere7.JoueurBiosphere7Test skipNonTests=false filtertrace=true haltOnError=false haltOnFailure=false showoutput=true outputtoformatters=true logfailedtests=true threadid=0 logtestlistenerevents=true formatter=org.apache.tools.ant.taskdefs.optional.junit.BriefJUnitResultFormatter formatter=org.apache.tools.ant.taskdefs.optional.junit.XMLJUnitResultFormatter,C:\Users\Zail3\Desktop\Bios\biosphere7\build\test\results\TEST-biosphere7.JoueurBiosphere7Test.xml crashfile=C:\Users\Zail3\Desktop\Bios\biosphere7\build\junitvmwatcher18388013418051181802.properties propsfile=C:\Users\Zail3\Desktop\Bios\biosphere7\build\junit15383456046964717657.properties" />
    <property name="jdk.debug" value="release" />
    <property name="libs.spring-framework300.src" value="" />
    <property name="java.specification.vendor" value="Oracle Corporation" />
    <property name="javac.source" value="1.8" />
    <property name="javadoc.use" value="true" />
    <property name="libs.javac-api.maven-pom" value="" />
    <property name="javadoc.notree" value="false" />
    <property name="java.version.date" value="2019-10-15" />
    <property name="java.home" value="C:\Program Files\Java\jdk-13.0.1" />
    <property name="basedir" value="C:\Users\Zail3\Desktop\Bios\biosphere7" />
    <property name="application.vendor" value="ogauwin" />
    <property name="work.dir" value="C:\Users\Zail3\Desktop\Bios\biosphere7" />
    <property name="javac.test.compilerargs" value="" />
    <property name="jna.boot.library.name" value="jnidispatch-nb" />
    <property name="java.specification.name" value="Java Platform API Specification" />
    <property name="java.vm.specification.vendor" value="Oracle Corporation" />
    <property name="libs.PostgreSQLDriver.classpath" value="C:\NetBeans\netbeans\ide\modules\ext\postgresql-42.2.5.jar" />
    <property name="libs.javac-api.javadoc" value="" />
    <property name="libs.spring-webmvc3.0.javadoc" value="" />
    <property name="libs.JAXB-ENDORSED.src" value="" />
    <property name="libs.jsf20.classpath" value="C:\NetBeans\netbeans\enterprise\modules\ext\jsf-2_2\javax.faces.jar" />
    <property name="netbeans.extbrowser.manual_chrome_plugin_install" value="yes" />
    <property name="manifest.encoding" value="UTF-8" />
    <property name="user.script" value="" />
    <property name="netbeans.default_userdir_root" value="C:\Users\Zail3\AppData\Roaming\NetBeans" />
    <property name="sun.management.compiler" value="HotSpot 64-Bit Tiered Compilers" />
    <property name="libs.spring-framework400.src" value="" />
    <property name="libs.jsp-compilation-syscp.src" value="" />
    <property name="run.test.modulepath" value="" />
    <property name="jdk.home" value="C:\Program Files\Java\jdk-13.0.1" />
    <property name="java.runtime.version" value="13.0.1+9" />
    <property name="libs.maven-dependencies.src" value="" />
    <property name="libs.javaee-web-api-6.0.classpath" value="C:\NetBeans\netbeans\enterprise\modules\ext\javaee-web-api-6.0.jar" />
    <property name="libs.eclipselink.maven-pom" value="" />
    <property name="libs.jsp-compiler.javadoc" value="" />
    <property name="libs.metro.maven-pom" value="" />
    <property name="libs.JAXB-ENDORSED.javadoc" value="" />
    <property name="debug.test.modulepath" value="" />
    <property name="libs.javaee-web-api-7.0.classpath" value="C:\NetBeans\netbeans\enterprise\modules\ext\javaee-web-api-7.0.jar" />
    <property name="file.encoding" value="Cp1252" />
    <property name="sun.java2d.noddraw" value="true" />
    <property name="sun.zip.disableMemoryMapping" value="true" />
    <property name="java.util.logging.config.class" value="org.netbeans.core.startup.TopLogging" />
    <property name="libs.maven-dependencies.maven-pom" value="" />
    <property name="jnidispatch.path" value="C:\Users\Zail3\AppData\Local\Temp\jna-86110921\jna17155103137837197426.dll" />
    <property name="libs.jsf12.src" value="" />
    <property name="libs.primefaces.javadoc" value="" />
    <property name="https.nonProxyHosts" value="localhost|127.0.0.1|MSI" />
    <property name="libs.jsp-compilation.javadoc" value="" />
    <property name="libs.restlib.javadoc" value="" />
    <property name="libs.groovy-all.maven-pom" value="" />
    <property name="libs.restapi.src" value="" />
    <property name="libs.junit_5.javadoc" value="C:\NetBeans\netbeans\platform\docs\junit-jupiter-api-5.3.1-javadoc.jar;C:\NetBeans\netbeans\platform\docs\junit-jupiter-params-5.3.1-javadoc.jar;C:\NetBeans\netbeans\platform\docs\junit-jupiter-engine-5.3.1-javadoc.jar" />
    <property name="dist.archive.excludes" value="" />
    <property name="libs.absolutelayout.classpath" value="C:\NetBeans\netbeans\java\modules\ext\AbsoluteLayout.jar" />
    <property name="java.io.tmpdir" value="C:\Users\Zail3\AppData\Local\Temp\" />
    <property name="do.archive" value="true" />
    <property name="java.version" value="13.0.1" />
    <property name="libs.struts.maven-pom" value="" />
    <property name="java.vm.specification.name" value="Java Virtual Machine Specification" />
    <property name="built-jar.properties" value="C:\Users\Zail3\Desktop\Bios\biosphere7\build\built-jar.properties" />
    <property name="nb.native.filechooser" value="false" />
    <property name="libs.testng.src" value="" />
    <property name="libs.javaee-web-api-8.0.classpath" value="C:\NetBeans\netbeans\enterprise\modules\ext\javaee-web-api-8.0.jar" />
    <property name="libs.hamcrest.src" value="" />
    <property name="ant.file.type.Biosphere7" value="file" />
    <property name="platform.active" value="default_platform" />
    <property name="java.library.path" value="C:\Program Files\Java\jdk-13.0.1\bin;C:\WINDOWS\Sun\Java\bin;C:\WINDOWS\system32;C:\WINDOWS;C:\ProgramData\Oracle\Java\javapath;C:\Program Files (x86)\Common Files\Intel\Shared Libraries\redist\intel64\compiler;C:\Program Files (x86)\Intel\iCLS Client\;C:\Program Files\Intel\iCLS Client\;C:\Windows\system32;C:\Windows;C:\Windows\System32\Wbem;C:\Windows\System32\WindowsPowerShell\v1.0\;C:\Program Files (x86)\NVIDIA Corporation\PhysX\Common;C:\Program Files (x86)\Intel\Intel(R) Management Engine Components\DAL;C:\Program Files\Intel\Intel(R) Management Engine Components\DAL;C:\Program Files (x86)\Intel\Intel(R) Management Engine Components\IPT;C:\Program Files\Intel\Intel(R) Management Engine Components\IPT;&quot;C:\WINDOWS\system32;C:\Python&quot;;C:\WINDOWS;C:\WINDOWS\System32\Wbem;C:\WINDOWS\System32\WindowsPowerShell\v1.0\;C:\WINDOWS\System32\OpenSSH\;C:\Users\Zail3\AppData\Local\Programs\Python\Python37-32;C:\WINDOWS\system32;C:\Program Files\Git\cmd;C:\Users\Zail3\AppData\Roaming\Dashlane\6.1907.0.17833\bin\Firefox_Extension\{442718d9-475e-452a-b3e1-fb1ee16b8e9f}\components;C:\Users\Zail3\AppData\Roaming\Dashlane\6.1907.0.17833\ucrt;C:\Users\Zail3\AppData\Roaming\Dashlane\6.1907.0.17833\bin\Qt;C:\Users\Zail3\AppData\Roaming\Dashlane\6.1907.0.17833\bin\Ssl;C:\Users\Zail3\AppData\Local\Microsoft\WindowsApps;C:\Users\Zail3\AppData\Local\GitHubDesktop\bin;C:\Users\Zail3\AppData\Local\Programs\Microsoft VS Code\bin;." />
    <property name="manifest.file" value="manifest.mf" />
    <property name="java.vendor" value="Oracle Corporation" />
    <property name="libs.groovy-all.src" value="" />
    <property name="libs.testng.javadoc" value="C:\NetBeans\netbeans\platform\docs\testng-6.8.1-javadoc.zip" />
    <property name="meta.inf.dir" value="src/META-INF" />
    <property name="sun.io.unicode.encoding" value="UnicodeLittle" />
    <property name="libs.testng.maven-pom" value="" />
    <property name="libs.struts.javadoc" value="C:\NetBeans\netbeans\enterprise\docs\struts-1.3.10-javadoc.zip" />
    <property name="org.openide.version" value="deprecated" />
    <property name="default.javac.source" value="13" />
    <property name="test.includes" value="biosphere7/JoueurBiosphere7Test.java" />
    <property name="netbeans.dynamic.classpath" value="C:\NetBeans\netbeans\platform\core\asm-all-5.0.1.jar;C:\NetBeans\netbeans\platform\core\core-base.jar;C:\NetBeans\netbeans\platform\core\core.jar;C:\NetBeans\netbeans\platform\core\org-netbeans-libs-asm.jar;C:\NetBeans\netbeans\platform\core\org-openide-filesystems-compat8.jar;C:\NetBeans\netbeans\platform\core\org-openide-filesystems.jar;C:\NetBeans\netbeans\nb\core\org-netbeans-upgrader.jar;C:\NetBeans\netbeans\nb\core\locale\core_nb.jar" />
    <property name="libs.javaee-web-api-8.0.javadoc" value="C:\NetBeans\netbeans\enterprise\docs\javaee-doc-api.jar" />
    <property name="run.classpath" value=":build/classes" />
    <property name="libs.jaxb.src" value="" />
    <property name="libs.eclipselinkmodelgen.classpath" value="C:\NetBeans\netbeans\java\modules\ext\eclipselink\org.eclipse.persistence.jpa.modelgen.processor-2.5.2.jar" />
    <property name="test.src.dir" value="test" />
    <property name="sun.awt.enableExtraMouseButtons" value="true" />
    <property name="org.openide.major.version" value="IDE/1" />
    <property name="libs.spring-framework300.javadoc" value="" />
    <property name="netbeans.buildnumber" value="11.2-d04fb24027334c4b6fd8397b5d0cdd33187a8f54" />
    <property name="ap.proc.none.internal" value="" />
    <property name="org.openide.specification.version" value="6.2" />
    <property name="endorsed.classpath.cmd.line.arg" value="" />
    <property name="libs.jpa20-persistence.maven-pom" value="" />
    <property name="user.timezone" value="Europe/Paris" />
    <property name="jar.index" value="false" />
    <property name="libs.jpa20-persistence.classpath" value="C:\NetBeans\netbeans\java\modules\ext\eclipselink\javax.persistence-2.1.0.jar" />
    <property name="build.sysclasspath" value="ignore" />
    <property name="libs.CopyLibs.maven-pom" value="" />
    <property name="libs.eclipselinkmodelgen.javadoc" value="" />
    <property name="libs.junit_5.classpath" value="C:\NetBeans\netbeans\platform\modules\ext\junit-jupiter-api-5.3.1.jar;C:\NetBeans\netbeans\platform\modules\ext\junit-jupiter-params-5.3.1.jar;C:\NetBeans\netbeans\platform\modules\ext\junit-jupiter-engine-5.3.1.jar" />
    <property name="java.vm.specification.version" value="13" />
    <property name="os.name" value="Windows 10" />
    <property name="javadoc.noindex" value="false" />
    <property name="javadoc.private" value="false" />
    <property name="jdkBug6558476" value="false" />
    <property name="libs.spring-webmvc4.0.maven-pom" value="" />
    <property name="ant.file.type.Biosphere7-impl" value="file" />
    <property name="http.nonProxyHosts" value="localhost|127.0.0.1|MSI" />
    <property name="javadoc.author" value="false" />
    <property name="main.class" value="" />
    <property name="libs.JAXB-ENDORSED.maven-pom" value="" />
    <property name="libs.jsp-compilation-syscp.javadoc" value="" />
    <property name="user.home" value="C:\Users\Zail3" />
    <property name="source.encoding" value="UTF-8" />
    <property name="libs.eclipselinkmodelgen.maven-pom" value="" />
    <property name="jar.compress" value="false" />
    <property name="have.sources" value="true" />
    <property name="libs.javaee-api-7.0.javadoc" value="C:\NetBeans\netbeans\enterprise\docs\javaee-doc-api.jar" />
    <property name="annotation.processing.processors.list" value="" />
    <property name="javac.deprecation" value="false" />
    <property name="jlink.launcher" value="false" />
    <property name="libs.jsf20.maven-pom" value="" />
    <property name="libs.restlib.classpath" value="C:\NetBeans\netbeans\enterprise\modules\ext\jersey2\ext\asm-all-repackaged-2.2.0-b21.jar;C:\NetBeans\netbeans\enterprise\modules\ext\jersey2\ext\cglib-2.2.0-b21.jar;C:\NetBeans\netbeans\enterprise\modules\ext\jersey2\ext\guava-14.0.1.jar;C:\NetBeans\netbeans\enterprise\modules\ext\jersey2\ext\hk2-api-2.2.0-b21.jar;C:\NetBeans\netbeans\enterprise\modules\ext\jersey2\ext\hk2-locator-2.2.0-b21.jar;C:\NetBeans\netbeans\enterprise\modules\ext\jersey2\ext\hk2-utils-2.2.0-b21.jar;C:\NetBeans\netbeans\enterprise\modules\ext\jersey2\ext\javax.annotation-api-1.2.jar;C:\NetBeans\netbeans\enterprise\modules\ext\jersey2\ext\javax.inject-2.2.0-b21.jar;C:\NetBeans\netbeans\enterprise\modules\ext\jersey2\ext\javax.servlet-api-3.0.1.jar;C:\NetBeans\netbeans\enterprise\modules\ext\jersey2\ext\jaxb-api-2.2.7.jar;C:\NetBeans\netbeans\enterprise\modules\ext\jersey2\ext\jersey-entity-filtering-2.5.1.jar;C:\NetBeans\netbeans\enterprise\modules\ext\jersey2\ext\jersey-media-moxy-2.5.1.jar;C:\NetBeans\netbeans\enterprise\modules\ext\jersey2\ext\org.osgi.core-4.2.0.jar;C:\NetBeans\netbeans\enterprise\modules\ext\jersey2\ext\osgi-resource-locator-1.0.1.jar;C:\NetBeans\netbeans\enterprise\modules\ext\jersey2\ext\persistence-api-1.0.jar;C:\NetBeans\netbeans\enterprise\modules\ext\jersey2\ext\validation-api-1.1.0.Final.jar;C:\NetBeans\netbeans\enterprise\modules\ext\jersey2\jersey-client.jar;C:\NetBeans\netbeans\enterprise\modules\ext\jersey2\jersey-common.jar;C:\NetBeans\netbeans\enterprise\modules\ext\jersey2\jersey-container-servlet.jar;C:\NetBeans\netbeans\enterprise\modules\ext\jersey2\jersey-container-servlet-core.jar;C:\NetBeans\netbeans\enterprise\modules\ext\jersey2\jersey-server.jar" />
    <property name="build.generated.sources.dir" value="build/generated-sources" />
    <property name="apple.awt.graphics.UseQuartz" value="true" />
    <property name="plugin.manager.check.updates" value="false" />
    <property name="run.jvmargs" value="" />
    <property name="libs.primefaces.src" value="" />
    <property name="netbeans.autoupdate.language" value="fr" />
    <property name="libs.eclipselinkmodelgen.src" value="" />
    <property name="build.compiler.emacs" value="true" />
    <property name="build.classes.excludes" value="**/*.java,**/*.form" />
    <property name="dist.jar" value="dist/Biosphere7.jar" />
    <property name="ant.file" value="C:\Users\Zail3\Desktop\Bios\biosphere7\build.xml" />
    <property name="libs.spring-webmvc4.0.classpath" value="C:\NetBeans\netbeans\java\modules\ext\spring-4\spring-webmvc-4.0.1.RELEASE.jar" />
    <property name="libs.struts.src" value="" />
    <property name="path.separator" value=";" />
    <property name="libs.javaee-endorsed-api-7.0.javadoc" value="C:\NetBeans\netbeans\enterprise\docs\javaee-doc-api.jar" />
    <property name="os.version" value="10.0" />
    <property name="libs.JAXB-ENDORSED.classpath" value="C:\NetBeans\netbeans\ide\modules\ext\jaxb\api\jaxb-api.jar" />
    <property name="netbeans.home" value="C:\NetBeans\netbeans\platform" />
    <property name="libs.restlib.src" value="" />
    <property name="libs.CopyLibs.javadoc" value="" />
    <property name="debug-transport-by-os" value="dt_shmem" />
    <property name="build.test.results.dir" value="build/test/results" />
    <property name="libs.jsf20.src" value="" />
    <property name="libs.javaee-api-8.0.javadoc" value="C:\NetBeans\netbeans\enterprise\docs\javaee-doc-api.jar" />
    <property name="libs.jaxws21.javadoc" value="C:\NetBeans\netbeans\java\docs\jaxws-api-doc.zip" />
    <property name="libs.spring-framework400.maven-pom" value="" />
    <property name="ap.processors.internal" value="" />
    <property name="java.vm.name" value="Java HotSpot(TM) 64-Bit Server VM" />
    <property name="libs.jstl.javadoc" value="C:\NetBeans\netbeans\enterprise\docs\javaee-doc-api.jar" />
    <property name="libs.javaee-endorsed-api-7.0.maven-pom" value="" />
    <property name="libs.jsf12.classpath" value="C:\NetBeans\netbeans\enterprise\modules\ext\jsf-1_2\jsf-api.jar;C:\NetBeans\netbeans\enterprise\modules\ext\jsf-1_2\jsf-impl.jar" />
    <property name="libs.jaxws21.classpath" value="C:\NetBeans\netbeans\java\modules\ext\jaxws22\FastInfoset.jar;C:\NetBeans\netbeans\java\modules\ext\jaxws22\gmbal-api-only.jar;C:\NetBeans\netbeans\java\modules\ext\jaxws22\ha-api.jar;C:\NetBeans\netbeans\java\modules\ext\jaxws22\javax.mail_1.4.jar;C:\NetBeans\netbeans\java\modules\ext\jaxws22\jaxws-rt.jar;C:\NetBeans\netbeans\java\modules\ext\jaxws22\jaxws-tools.jar;C:\NetBeans\netbeans\java\modules\ext\jaxws22\management-api.jar;C:\NetBeans\netbeans\java\modules\ext\jaxws22\mimepull.jar;C:\NetBeans\netbeans\java\modules\ext\jaxws22\policy.jar;C:\NetBeans\netbeans\java\modules\ext\jaxws22\saaj-impl.jar;C:\NetBeans\netbeans\java\modules\ext\jaxws22\stax-ex.jar;C:\NetBeans\netbeans\java\modules\ext\jaxws22\stax2-api.jar;C:\NetBeans\netbeans\java\modules\ext\jaxws22\streambuffer.jar;C:\NetBeans\netbeans\java\modules\ext\jaxws22\woodstox-core-asl.jar;C:\NetBeans\netbeans\java\modules\ext\jaxws22\api\jaxws-api.jar;C:\NetBeans\netbeans\java\modules\ext\jaxws22\api\jsr181-api.jar;C:\NetBeans\netbeans\java\modules\ext\jaxws22\api\javax.annotation.jar;C:\NetBeans\netbeans\java\modules\ext\jaxws22\api\saaj-api.jar;C:\NetBeans\netbeans\ide\modules\ext\jaxb\activation.jar;C:\NetBeans\netbeans\ide\modules\ext\jaxb\api\jaxb-api.jar" />
    <property name="libs.restapi.classpath" value="C:\NetBeans\netbeans\enterprise\modules\ext\jaxrs-2.0\javax.ws.rs-api-2.0.jar" />
    <property name="os.arch" value="amd64" />
    <property name="build.generated.dir" value="build/generated" />
    <property name="libs.hamcrest.javadoc" value="" />
    <property name="libs.spring-framework400.javadoc" value="" />
    <property name="libs.javac-api.src" value="" />
    <property name="ant.file.Biosphere7-impl" value="C:\Users\Zail3\Desktop\Bios\biosphere7\nbproject\build-impl.xml" />
    <property name="libs.groovy-all.javadoc" value="" />
    <property name="libs.javaee-web-api-7.0.javadoc" value="C:\NetBeans\netbeans\enterprise\docs\javaee-doc-api.jar" />
    <property name="java.vm.info" value="mixed mode, sharing" />
    <property name="libs.primefaces.classpath" value="C:\NetBeans\netbeans\enterprise\modules\ext\primefaces\primefaces-5.0.jar" />
    <property name="libs.jaxws21.maven-pom" value="" />
    <property name="run.test.classpath" value=":build/classes:C:\NetBeans\netbeans\platform\modules\ext\hamcrest-core-1.3.jar:C:\NetBeans\netbeans\platform\modules\ext\junit-4.12.jar:build/test/classes" />
    <property name="libs.jsf12.maven-pom" value="" />
    <property name="libs.javaee-endorsed-api-7.0.classpath" value="C:\NetBeans\netbeans\enterprise\modules\ext\javaee7-endorsed\javax.annotation-api.jar;C:\NetBeans\netbeans\enterprise\modules\ext\javaee7-endorsed\javax.xml.soap-api.jar;C:\NetBeans\netbeans\enterprise\modules\ext\javaee7-endorsed\jaxb-api-osgi.jar;C:\NetBeans\netbeans\enterprise\modules\ext\javaee7-endorsed\jaxws-api.jar;C:\NetBeans\netbeans\enterprise\modules\ext\javaee7-endorsed\jsr181-api.jar" />
    <property name="javadoc.encoding.used" value="UTF-8" />
    <property name="java.class.version" value="57.0" />
    <property name="src.dir" value="src" />
    <property name="libs.primefaces.maven-pom" value="" />
    <property name="org.netbeans.io.suspend" value="0" />
    <property name="ant.project.default-target" value="default" />
    <property name="debug.classpath" value=":build/classes" />
    <property name="excludes" value="" />
    <property name="libs.javaee-api-7.0.src" value="" />
    <property name="ant.project.name" value="Biosphere7" />
    <property name="dist.javadoc.dir" value="dist/javadoc" />
    <property name="run.test.jvmargs" value="" />
    <property name="libs.junit_4.javadoc" value="C:\NetBeans\netbeans\platform\docs\junit-4.12-javadoc.jar" />
    <property name="sun.jnu.encoding" value="Cp1252" />
    <property name="default.javac.target" value="13" />
    <property name="libs.spring-webmvc4.0.src" value="" />
    <property name="javac.fork" value="true" />
    <property name="sun.java2d.dpiaware" value="true" />
    <property name="libs.eclipselink.classpath" value="C:\NetBeans\netbeans\java\modules\ext\eclipselink\org.eclipse.persistence.core-2.5.2.jar;C:\NetBeans\netbeans\java\modules\ext\eclipselink\org.eclipse.persistence.asm-2.5.2.jar;C:\NetBeans\netbeans\java\modules\ext\eclipselink\org.eclipse.persistence.antlr-2.5.2.jar;C:\NetBeans\netbeans\java\modules\ext\eclipselink\org.eclipse.persistence.jpa-2.5.2.jar;C:\NetBeans\netbeans\java\modules\ext\eclipselink\org.eclipse.persistence.jpa.jpql-2.5.2.jar;C:\NetBeans\netbeans\java\modules\ext\eclipselink\javax.persistence-2.1.0.jar" />
    <property name="libs.javac-api.classpath" value="" />
    <property name="libs.jsf20.javadoc" value="C:\NetBeans\netbeans\enterprise\docs\javaee-doc-api.jar" />
    <property name="libs.struts.classpath" value="C:\NetBeans\netbeans\enterprise\modules\ext\struts\antlr-2.7.2.jar;C:\NetBeans\netbeans\enterprise\modules\ext\struts\bsf-2.3.0.jar;C:\NetBeans\netbeans\enterprise\modules\ext\struts\commons-beanutils-1.8.0.jar;C:\NetBeans\netbeans\enterprise\modules\ext\struts\commons-chain-1.2.jar;C:\NetBeans\netbeans\enterprise\modules\ext\struts\commons-digester-1.8.jar;C:\NetBeans\netbeans\enterprise\modules\ext\struts\commons-fileupload-1.1.1.jar;C:\NetBeans\netbeans\enterprise\modules\ext\struts\commons-io-1.1.jar;C:\NetBeans\netbeans\enterprise\modules\ext\struts\commons-logging-1.0.4.jar;C:\NetBeans\netbeans\enterprise\modules\ext\struts\commons-validator-1.3.1.jar;C:\NetBeans\netbeans\enterprise\modules\ext\struts\jstl-1.0.2.jar;C:\NetBeans\netbeans\enterprise\modules\ext\struts\oro-2.0.8.jar;C:\NetBeans\netbeans\enterprise\modules\ext\struts\standard-1.0.6.jar;C:\NetBeans\netbeans\enterprise\modules\ext\struts\struts-core-1.3.10.jar;C:\NetBeans\netbeans\enterprise\modules\ext\struts\struts-el-1.3.10.jar;C:\NetBeans\netbeans\enterprise\modules\ext\struts\struts-extras-1.3.10.jar;C:\NetBeans\netbeans\enterprise\modules\ext\struts\struts-faces-1.3.10.jar;C:\NetBeans\netbeans\enterprise\modules\ext\struts\struts-mailreader-dao-1.3.10.jar;C:\NetBeans\netbeans\enterprise\modules\ext\struts\struts-scripting-1.3.10.jar;C:\NetBeans\netbeans\enterprise\modules\ext\struts\struts-taglib-1.3.10.jar;C:\NetBeans\netbeans\enterprise\modules\ext\struts\struts-tiles-1.3.10.jar" />
    <property name="netbeans.importclass" value="org.netbeans.upgrade.AutoUpgrade" />
    <property name="libs.PostgreSQLDriver.maven-pom" value="" />
    <property name="libs.absolutelayout.src" value="" />
    <property name="netbeans.autoupdate.version" value="1.23" />
    <property name="empty.dir" value="C:\Users\Zail3\Desktop\Bios\biosphere7\build\empty" />
    <property name="testng.mode" value="testng" />
    <property name="annotation.processing.enabled.in.editor" value="false" />
    <property name="netbeans.user" value="C:\Users\Zail3\AppData\Roaming\NetBeans\11.2" />
    <property name="javac.includes.binary" value="C:\Users\Zail3\Desktop\Bios\biosphere7\build\test\classes\biosphere7\JoueurBiosphere7Test.class" />
    <property name="file.separator" value="\" />
    <property name="java.vm.compressedOopsMode" value="32-bit" />
    <property name="line.separator" value="&#xd;&#xa;" />
    <property name="javadoc.additionalparam" value="" />
    <property name="jdk.lang.Process.allowAmbiguousCommands" value="true" />
    <property name="netbeans.productversion" value="Apache NetBeans IDE 11.2" />
    <property name="libs.restlib.maven-pom" value="" />
    <property name="javac.debug" value="true" />
    <property name="libs.testng.classpath" value="C:\NetBeans\netbeans\platform\modules\ext\testng-6.8.1-dist.jar" />
    <property name="mkdist.disabled" value="false" />
    <property name="libs.jsp-compiler.src" value="" />
    <property name="libs.javaee-web-api-6.0.javadoc" value="C:\NetBeans\netbeans\enterprise\docs\javaee-doc-api.jar" />
    <property name="user.name" value="Zail3" />
    <property name="libs.maven-dependencies.javadoc" value="C:\NetBeans\netbeans\enterprise\docs\javaee-doc-api.jar" />
    <property name="build.classes.dir" value="build/classes" />
    <property name="nb.junit.single" value="false" />
    <property name="javadoc.windowtitle" value="" />
    <property name="nb.internal.action.name" value="test.single" />
    <property name="libs.javaee-api-7.0.maven-pom" value="" />
    <property name="libs.groovy-all.classpath" value="C:\NetBeans\netbeans\groovy\modules\ext\groovy.jar;C:\NetBeans\netbeans\groovy\modules\ext\groovy-ant.jar" />
    <property name="libs.javaee-api-8.0.maven-pom" value="" />
    <property name="libs.absolutelayout.javadoc" value="" />
    <property name="libs.jaxws21.src" value="" />
    <property name="libs.jaxb.maven-pom" value="" />
    <property name="libs.maven-dependencies.classpath" value="C:\NetBeans\netbeans\enterprise\modules\ext\javaee6-endorsed\javax.annotation.jar;C:\NetBeans\netbeans\enterprise\modules\ext\javaee6-endorsed\jaxb-api-osgi.jar;C:\NetBeans\netbeans\enterprise\modules\ext\javaee6-endorsed\webservices-api-osgi.jar" />
    <property name="annotation.processing.processor.options" value="" />
    <property name="libs.javaee-api-6.0.maven-pom" value="" />
    <property name="dist.dir" value="dist" />
    <property name="jna.loaded" value="true" />
    <property name="build.dir" value="build" />
    <property name="libs.junit_5.maven-pom" value="" />
    <property name="netbeans.autoupdate.variant" value="" />
    <property name="libs.jpa20-persistence.javadoc" value="" />
    <property name="javadoc.version" value="false" />
    <property name="libs.metro.classpath" value="C:\NetBeans\netbeans\ide\modules\ext\jaxb\activation.jar;C:\NetBeans\netbeans\enterprise\modules\ext\metro\webservices-api.jar;C:\NetBeans\netbeans\enterprise\modules\ext\metro\webservices-extra-api.jar;C:\NetBeans\netbeans\enterprise\modules\ext\metro\webservices-extra.jar;C:\NetBeans\netbeans\enterprise\modules\ext\metro\webservices-rt.jar;C:\NetBeans\netbeans\enterprise\modules\ext\metro\webservices-tools.jar" />
    <property name="libs.metro.src" value="" />
    <property name="ant.junit.enabletestlistenerevents" value="true" />
    <property name="libs.JWSAntTasks.src" value="" />
    <property name="ant.home" value="C:\NetBeans\netbeans\extide\ant" />
    <property name="libs.spring-webmvc3.0.src" value="" />
    <property name="libs.CopyLibs.classpath" value="C:\NetBeans\netbeans\java\ant\extra\org-netbeans-modules-java-j2seproject-copylibstask.jar" />
    <property name="have.tests" value="true" />
    <property name="debug.test.classpath" value=":build/classes:C:\NetBeans\netbeans\platform\modules\ext\hamcrest-core-1.3.jar:C:\NetBeans\netbeans\platform\modules\ext\junit-4.12.jar:build/test/classes" />
    <property name="javac.external.vm" value="true" />
    <property name="sun.os.patch.level" value="" />
    <property name="testng.debug.mode" value="" />
    <property name="javac.target" value="1.8" />
    <property name="ant.version" value="Apache Ant(TM) version 1.10.4 compiled on June 19 2018" />
    <property name="libs.absolutelayout.maven-pom" value="" />
    <property name="javadoc.html5" value="false" />
    <property name="javac.test.processorpath" value=":build/classes:C:\NetBeans\netbeans\platform\modules\ext\hamcrest-core-1.3.jar:C:\NetBeans\netbeans\platform\modules\ext\junit-4.12.jar" />
    <property name="jdk.gtk.version" value="2.2" />
    <property name="libs.javaee-web-api-7.0.maven-pom" value="" />
    <property name="java.failonerror" value="true" />
    <property name="libs.javaee-web-api-8.0.maven-pom" value="" />
    <property name="netbeans.dirs" value="C:\NetBeans\netbeans\nb;C:\NetBeans\netbeans\ergonomics;C:\NetBeans\netbeans\ide;C:\NetBeans\netbeans\extide;C:\NetBeans\netbeans\java;C:\NetBeans\netbeans\apisupport;C:\NetBeans\netbeans\webcommon;C:\NetBeans\netbeans\websvccommon;C:\NetBeans\netbeans\enterprise;C:\NetBeans\netbeans\mobility;C:\NetBeans\netbeans\profiler;C:\NetBeans\netbeans\python;C:\NetBeans\netbeans\php;C:\NetBeans\netbeans\identity;C:\NetBeans\netbeans\harness;C:\NetBeans\netbeans\cnd;C:\NetBeans\netbeans\cndext;C:\NetBeans\netbeans\dlight;C:\NetBeans\netbeans\groovy;C:\NetBeans\netbeans\extra;C:\NetBeans\netbeans\javacard;C:\NetBeans\netbeans\javafx" />
    <property name="javac.modulepath" value="" />
    <property name="libs.javaee-api-6.0.src" value="" />
    <property name="user.properties.file" value="C:\Users\Zail3\AppData\Roaming\NetBeans\11.2\build.properties" />
    <property name="javac.includes" value="biosphere7/JoueurBiosphere7Test.java" />
    <property name="libs.hamcrest.maven-pom" value="" />
    <property name="netbeans.autoupdate.country" value="FR" />
    <property name="javac.processorpath" value="" />
    <property name="java.class.path" value="C:\Users\Zail3\Desktop\Bios\biosphere7\build\classes;C:\NetBeans\netbeans\platform\modules\ext\hamcrest-core-1.3.jar;C:\NetBeans\netbeans\platform\modules\ext\junit-4.12.jar;C:\Users\Zail3\Desktop\Bios\biosphere7\build\test\classes;C:\NetBeans\netbeans\extide\ant\lib\ant-launcher.jar;C:\NetBeans\netbeans\extide\ant\lib\ant.jar;C:\NetBeans\netbeans\extide\ant\lib\ant-junit.jar;C:\NetBeans\netbeans\extide\ant\lib\ant-junit4.jar" />
    <property name="libs.javaee-web-api-6.0.maven-pom" value="" />
    <property name="libs.javaee-api-6.0.javadoc" value="C:\NetBeans\netbeans\enterprise\docs\javaee-doc-api.jar" />
    <property name="libs.JWSAntTasks.maven-pom" value="" />
    <property name="java.vm.vendor" value="Oracle Corporation" />
    <property name="ap.supported.internal" value="true" />
    <property name="ant.file.Biosphere7" value="C:\Users\Zail3\Desktop\Bios\biosphere7\build.xml" />
    <property name="user.variant" value="" />
    <property name="netbeans.home+have.tests" value="true" />
    <property name="run.modulepath" value="" />
    <property name="test.binaryexcludes" value="" />
    <property name="do.archive+manifest.available" value="true" />
    <property name="javac.compilerargs" value="" />
    <property name="apple.laf.useScreenMenuBar" value="true" />
    <property name="libs.jstl.maven-pom" value="" />
    <property name="user.country" value="FR" />
    <property name="sun.java.launcher" value="SUN_STANDARD" />
    <property name="libs.jpa20-persistence.src" value="" />
    <property name="libs.restapi.javadoc" value="" />
    <property name="endorsed.classpath" value="" />
    <property name="javac.test.sourcepath" value="C:\Users\Zail3\Desktop\Bios\biosphere7\build\empty" />
    <property name="sun.cpu.endian" value="little" />
    <property name="libs.junit_4.src" value="C:\NetBeans\netbeans\platform\docs\junit-4.12-sources.jar" />
    <property name="libs.spring-webmvc3.0.maven-pom" value="" />
    <property name="user.language" value="fr" />
    <property name="copylibs.rebase" value="true" />
    <property name="libs.javaee-web-api-6.0.src" value="" />
    <property name="includes" value="**" />
    <property name="javadoc.nonavbar" value="false" />
    <property name="libs.javaee-api-8.0.src" value="" />
    <property name="ant.java.version" value="13" />
    <property name="libs.junit_4.classpath" value="C:\NetBeans\netbeans\platform\modules\ext\junit-4.12.jar" />
    <property name="libs.jsf12.javadoc" value="C:\NetBeans\netbeans\enterprise\docs\javaee-doc-api.jar" />
    <property name="libs.hamcrest.classpath" value="C:\NetBeans\netbeans\platform\modules\ext\hamcrest-core-1.3.jar" />
    <property name="jlink.launcher.name" value="Biosphere7" />
    <property name="javadoc.splitindex" value="true" />
    <property name="libs.JWSAntTasks.classpath" value="C:\NetBeans\netbeans\java\ant\extra\org-netbeans-modules-javawebstart-anttasks.jar" />
    <property name="junit.available" value="true" />
    <property name="test.binarytestincludes" value="" />
    <property name="sun.awt.keepWorkingSetOnMinimize" value="true" />
    <property name="libs.junit_4.maven-pom" value="" />
    <property name="javac.processormodulepath" value="" />
    <property name="libs.jsp-compiler.maven-pom" value="" />
    <property name="runtime.encoding" value="UTF-8" />
    <property name="javadoc.encoding" value="UTF-8" />
    <property name="javac.classpath" value="" />
    <property name="libs.jstl.src" value="" />
    <property name="libs.jsp-compilation-syscp.maven-pom" value="" />
    <property name="netbeans.hash.code" value="unique=098e71342-7bec-4219-9269-288f3c193489_8b59b28b-6b8a-4158-bd5e-8232fa660db2" />
    <property name="nb.junit.batch" value="true" />
    <property name="libs.spring-webmvc3.0.classpath" value="C:\NetBeans\netbeans\java\modules\ext\spring-3.0\spring-webmvc-3.2.7.RELEASE.jar" />
    <property name="build.test.classes.dir" value="build/test/classes" />
    <property name="java.runtime.name" value="Java(TM) SE Runtime Environment" />
    <property name="manifest.available" value="true" />
    <property name="libs.jaxb.javadoc" value="C:\NetBeans\netbeans\ide\docs\jaxb-api-2.2.5-javadoc.jar" />
    <property name="libs.spring-framework300.maven-pom" value="" />
    <property name="ant.project.invoked-targets" value="test-single" />
    <property name="run.jvmargs.ide" value="" />
    <property name="libs.jstl.classpath" value="C:\NetBeans\netbeans\enterprise\modules\ext\jstl-impl.jar;C:\NetBeans\netbeans\enterprise\modules\ext\jstl-api.jar" />
    <property name="ap.cmd.line.internal" value="" />
    <property name="libs.PostgreSQLDriver.src" value="" />
    <property name="ant.core.lib" value="C:\NetBeans\netbeans\extide\ant\lib\ant.jar" />
    <property name="java.vendor.url.bug" value="https://bugreport.java.com/bugreport/" />
    <property name="libs.jsp-compilation.maven-pom" value="" />
    <property name="annotation.processing.source.output" value="build/generated-sources/ap-source-output" />
    <property name="javac.profile.cmd.line.arg" value="" />
    <property name="user.dir" value="C:\Users\Zail3\Desktop\Bios\biosphere7" />
    <property name="platform.java" value="C:\Program Files\Java\jdk-13.0.1/bin/java" />
    <property name="application.args" value="" />
    <property name="application.title" value="Biosphere7" />
    <property name="javac.test.modulepath" value="" />
    <property name="org.xml.sax.driver" value="com.sun.org.apache.xerces.internal.jaxp.SAXParserImpl$JAXPSAXParser" />
    <property name="ignore.failing.tests" value="true" />
    <property name="libs.PostgreSQLDriver.javadoc" value="" />
    <property name="libs.eclipselink.src" value="" />
    <property name="libs.jsp-compilation-syscp.classpath" value="C:\NetBeans\netbeans\extide\ant\lib\ant.jar;C:\NetBeans\netbeans\enterprise\modules\ext\servlet3.1-jsp2.3-api.jar;C:\NetBeans\netbeans\enterprise\modules\ext\glassfish-jspparser-4.0.jar;C:\NetBeans\netbeans\enterprise\modules\ext\jstl-impl.jar;C:\NetBeans\netbeans\enterprise\modules\ext\jsf-2_2\javax.faces.jar" />
    <property name="libs.jsp-compilation.classpath" value="C:\NetBeans\netbeans\extide\ant\lib\ant.jar;C:\NetBeans\netbeans\enterprise\modules\ext\servlet3.1-jsp2.3-api.jar;C:\NetBeans\netbeans\enterprise\modules\ext\glassfish-jspparser-4.0.jar;C:\NetBeans\netbeans\enterprise\modules\ext\jsf-2_2\javax.faces.jar;C:\NetBeans\netbeans\enterprise\modules\ext\jstl-api.jar;C:\NetBeans\netbeans\extide\ant\lib\ant-launcher.jar" />
    <property name="java.vm.version" value="13.0.1+9" />
    <property name="libs.metro.javadoc" value="C:\NetBeans\netbeans\enterprise\docs\webservices-api-javadoc.jar;C:\NetBeans\netbeans\enterprise\docs\webservices-extra-javadoc.jar;C:\NetBeans\netbeans\enterprise\docs\webservices-extra-api-javadoc.jar;C:\NetBeans\netbeans\enterprise\docs\webservices-rt-javadoc.jar;C:\NetBeans\netbeans\enterprise\docs\webservices-tools-javadoc.jar" />
    <property name="sun.awt.datatransfer.timeout" value="1000" />
    <property name="test.class" value="biosphere7.JoueurBiosphere7Test" />
    <property name="libs.jsp-compiler.classpath" value="C:\NetBeans\netbeans\enterprise\ant\extra\jspcompile.jar" />
    <property name="annotation.processing.run.all.processors" value="true" />
    <property name="junit.forkmode" value="perTest" />
    <property name="libs.javaee-web-api-7.0.src" value="" />
  </properties>
  <testcase classname="biosphere7.JoueurBiosphere7Test" name="testEtouffe" time="0.0" />
  <testcase classname="biosphere7.JoueurBiosphere7Test" name="testSymbiose" time="0.0">
    <failure message="expected:&lt;3&gt; but was:&lt;1&gt;" type="junit.framework.AssertionFailedError">junit.framework.AssertionFailedError: expected:&lt;3&gt; but was:&lt;1&gt;
	at biosphere7.JoueurBiosphere7Test.testSymbiose(JoueurBiosphere7Test.java:301)
	at java.base/jdk.internal.reflect.NativeMethodAccessorImpl.invoke0(Native Method)
	at java.base/jdk.internal.reflect.NativeMethodAccessorImpl.invoke(NativeMethodAccessorImpl.java:62)
	at java.base/jdk.internal.reflect.DelegatingMethodAccessorImpl.invoke(DelegatingMethodAccessorImpl.java:43)
</failure>
  </testcase>
  <testcase classname="biosphere7.JoueurBiosphere7Test" name="testArbresVoisins" time="0.0" />
  <testcase classname="biosphere7.JoueurBiosphere7Test" name="testAjoutActionCouper" time="0.0" />
  <testcase classname="biosphere7.JoueurBiosphere7Test" name="testAjoutActionPommier" time="0.0" />
  <testcase classname="biosphere7.JoueurBiosphere7Test" name="testActionsPossibles" time="0.022" />
  <testcase classname="biosphere7.JoueurBiosphere7Test" name="testRegardeSiArbre" time="0.0" />
  <system-out><![CDATA[actionsPossibles : lancement le 26/11/2019 20:04:46.199
actionsPossibles : fin
actionsPossibles : lancement le 26/11/2019 20:04:46.206
actionsPossibles : fin
actionsPossibles : lancement le 26/11/2019 20:04:46.206
actionsPossibles : fin
actionsPossibles : lancement le 26/11/2019 20:04:46.206
actionsPossibles : fin
actionsPossibles : lancement le 26/11/2019 20:04:46.206
actionsPossibles : fin
actionsPossibles : lancement le 26/11/2019 20:04:46.206
actionsPossibles : fin
[PaA,21,12, PaB,21,12, PaC,21,12, PaD,21,12, PaE,21,12, PaF,21,12, PaG,21,12, PaH,21,12, PaI,21,12, PaJ,21,12, PaK,21,12, PaL,21,12, PaN,21,12, PbA,21,12, PbB,21,12, PbC,21,12, PbD,21,12, PbE,21,12, PbF,21,12, PbG,21,12, PbH,21,12, PbI,21,12, PbJ,21,12, PbK,21,12, PbL,21,12, PbM,21,12, PbN,21,12, PcA,21,12, PcB,21,12, PcC,21,12, PcD,21,12, PcE,21,12, PcF,21,12, PcG,21,12, PcH,21,12, PcJ,21,12, PcK,21,12, PcL,21,12, PcM,21,12, PcN,21,12, PdA,21,12, PdB,21,12, PdC,21,12, PdD,21,12, PdE,21,12, PdF,21,12, PdG,21,12, PdK,21,12, PdL,21,12, PdM,21,12, PdN,21,12, PeB,21,12, PeC,21,12, PeD,21,12, PeE,21,12, PeF,21,12, PeG,22,12, PeI,23,12, PeJ,21,12, PeK,21,12, PeL,21,12, PeM,21,12, PeN,21,12, PfA,21,12, PfC,21,12, PfD,21,12, PfE,21,12, PfF,21,12, PfG,21,12, PfH,23,12, PfJ,22,12, PfK,21,12, PfL,21,12, PfM,21,12, PfN,21,12, PgA,21,12, PgB,21,12, PgC,21,12, PgD,21,12, PgE,21,12, PgF,21,12, PgG,21,12, PgH,21,12, PgI,22,12, PgJ,21,12, PgK,21,12, PgL,21,12, PgM,21,12, PgN,21,12, PhA,21,12, PhB,21,12, PhC,21,12, PhD,21,12, PhE,21,12, PhF,21,12, PhG,21,12, PhH,21,12, PhI,21,12, PhJ,21,12, PhK,21,12, PhL,21,12, PhM,21,12, PhN,21,12, PiA,21,12, PiB,21,12, PiC,21,12, PiD,21,12, PiE,21,12, PiF,21,12, PiG,21,12, PiH,21,12, PiI,21,12, PiJ,21,12, PiL,21,12, PiM,21,12, PiN,21,12, PjA,21,12, PjB,21,12, PjC,21,12, PjD,21,12, PjE,22,12, PjF,21,12, PjG,21,12, PjH,21,12, PjI,21,12, PjM,21,12, PjN,21,12, PkA,21,12, PkB,21,12, PkC,21,12, PkD,23,12, PkF,23,12, PkG,21,12, PkH,21,12, PkI,21,12, PkJ,21,12, PkL,21,12, PkM,21,12, PkN,21,12, PlA,21,12, PlB,21,12, PlC,23,12, PlG,23,12, PlH,21,12, PlI,21,12, PlJ,21,12, PlK,21,12, PlL,21,12, PlM,21,12, PlN,21,12, PmA,21,12, PmB,22,12, PmE,13,10, PmH,22,12, PmI,21,12, PmJ,21,12, PmK,21,12, PmL,21,12, PmM,21,12, PmN,21,12, PnA,21,12, PnB,21,12, PnC,23,12, PnE,23,12, PnG,23,12, PnH,21,12, PnI,21,12, PnJ,21,12, PnK,21,12, PnL,21,12, PnM,21,12, PnN,21,12, CaM,20,11, CcI,21,11, CdH,22,11, CdI,19,15, CdJ,21,11, CeA,20,11, CeH,19,13, CfB,20,11, CfI,19,12, CiK,20,11, CjJ,20,11, CjL,20,11, CkE,20,12, CkK,20,11, ClD,20,13, ClE,22,12, ClF,20,12, CmC,19,13, CmD,23,10, CmF,14,12, CmG,19,12, CnD,19,13, CnF,19,12]
]]></system-out>
  <system-err><![CDATA[]]></system-err>
</testsuite>
