<?xml version="1.0" encoding="UTF-8" ?>
<testsuite errors="0" failures="0" hostname="MSI" name="biosphere7.JoueurBiosphere7Test" skipped="0" tests="3" time="0.317" timestamp="2019-12-01T16:48:06">
  <properties>
    <property name="" value="======" />
    <property name="libs.javaee-api-6.0.classpath" value="C:\NetBeans\netbeans\enterprise\modules\ext\javaee-api-6.0.jar" />
    <property name="libs.spring-framework300.classpath" value="C:\NetBeans\netbeans\ide\modules\org-apache-commons-logging.jar;C:\NetBeans\netbeans\java\modules\ext\cglib-2.2.jar;C:\NetBeans\netbeans\java\modules\ext\spring-3.0\spring-aop-3.2.7.RELEASE.jar;C:\NetBeans\netbeans\java\modules\ext\spring-3.0\spring-aspects-3.2.7.RELEASE.jar;C:\NetBeans\netbeans\java\modules\ext\spring-3.0\spring-beans-3.2.7.RELEASE.jar;C:\NetBeans\netbeans\java\modules\ext\spring-3.0\spring-build-src-3.2.7.RELEASE.jar;C:\NetBeans\netbeans\java\modules\ext\spring-3.0\spring-context-3.2.7.RELEASE.jar;C:\NetBeans\netbeans\java\modules\ext\spring-3.0\spring-context-support-3.2.7.RELEASE.jar;C:\NetBeans\netbeans\java\modules\ext\spring-3.0\spring-core-3.2.7.RELEASE.jar;C:\NetBeans\netbeans\java\modules\ext\spring-3.0\spring-expression-3.2.7.RELEASE.jar;C:\NetBeans\netbeans\java\modules\ext\spring-3.0\spring-framework-bom-3.2.7.RELEASE.jar;C:\NetBeans\netbeans\java\modules\ext\spring-3.0\spring-instrument-3.2.7.RELEASE.jar;C:\NetBeans\netbeans\java\modules\ext\spring-3.0\spring-instrument-tomcat-3.2.7.RELEASE.jar;C:\NetBeans\netbeans\java\modules\ext\spring-3.0\spring-jdbc-3.2.7.RELEASE.jar;C:\NetBeans\netbeans\java\modules\ext\spring-3.0\spring-jms-3.2.7.RELEASE.jar;C:\NetBeans\netbeans\java\modules\ext\spring-3.0\spring-orm-3.2.7.RELEASE.jar;C:\NetBeans\netbeans\java\modules\ext\spring-3.0\spring-oxm-3.2.7.RELEASE.jar;C:\NetBeans\netbeans\java\modules\ext\spring-3.0\spring-struts-3.2.7.RELEASE.jar;C:\NetBeans\netbeans\java\modules\ext\spring-3.0\spring-test-3.2.7.RELEASE.jar;C:\NetBeans\netbeans\java\modules\ext\spring-3.0\spring-tx-3.2.7.RELEASE.jar;C:\NetBeans\netbeans\java\modules\ext\spring-3.0\spring-web-3.2.7.RELEASE.jar;C:\NetBeans\netbeans\java\modules\ext\spring-3.0\spring-webmvc-3.2.7.RELEASE.jar;C:\NetBeans\netbeans\java\modules\ext\spring-3.0\spring-webmvc-portlet-3.2.7.RELEASE.jar" />
    <property name="javac.test.classpath" value=":build/classes:C:\NetBeans\netbeans\platform\modules\ext\hamcrest-core-1.3.jar:C:\NetBeans\netbeans\platform\modules\ext\junit-4.12.jar" />
    <property name="javac.includesfile.binary" value="C:\Users\Zail3\Desktop\Biosphere\biosphere7\biosphere7\null604305339" />
    <property name="java.specification.version" value="13" />
    <property name="libs.javaee-api-7.0.classpath" value="C:\NetBeans\netbeans\enterprise\modules\ext\javaee-api-7.0.jar" />
    <property name="sun.cpu.isalist" value="amd64" />
    <property name="libs.restapi.maven-pom" value="" />
    <property name="jar.index.metainf" value="false" />
    <property name="javadoc.preview" value="true" />
    <property name="do.depend" value="false" />
    <property name="libs.spring-webmvc4.0.javadoc" value="" />
    <property name="libs.spring-framework400.classpath" value="C:\NetBeans\netbeans\ide\modules\org-apache-commons-logging.jar;C:\NetBeans\netbeans\java\modules\ext\cglib-2.2.jar;C:\NetBeans\netbeans\java\modules\ext\spring-4\spring-aop-4.0.1.RELEASE.jar;C:\NetBeans\netbeans\java\modules\ext\spring-4\spring-aspects-4.0.1.RELEASE.jar;C:\NetBeans\netbeans\java\modules\ext\spring-4\spring-beans-4.0.1.RELEASE.jar;C:\NetBeans\netbeans\java\modules\ext\spring-4\spring-build-src-4.0.1.RELEASE.jar;C:\NetBeans\netbeans\java\modules\ext\spring-4\spring-context-4.0.1.RELEASE.jar;C:\NetBeans\netbeans\java\modules\ext\spring-4\spring-context-support-4.0.1.RELEASE.jar;C:\NetBeans\netbeans\java\modules\ext\spring-4\spring-core-4.0.1.RELEASE.jar;C:\NetBeans\netbeans\java\modules\ext\spring-4\spring-expression-4.0.1.RELEASE.jar;C:\NetBeans\netbeans\java\modules\ext\spring-4\spring-framework-bom-4.0.1.RELEASE.jar;C:\NetBeans\netbeans\java\modules\ext\spring-4\spring-instrument-4.0.1.RELEASE.jar;C:\NetBeans\netbeans\java\modules\ext\spring-4\spring-instrument-tomcat-4.0.1.RELEASE.jar;C:\NetBeans\netbeans\java\modules\ext\spring-4\spring-jdbc-4.0.1.RELEASE.jar;C:\NetBeans\netbeans\java\modules\ext\spring-4\spring-jms-4.0.1.RELEASE.jar;C:\NetBeans\netbeans\java\modules\ext\spring-4\spring-messaging-4.0.1.RELEASE.jar;C:\NetBeans\netbeans\java\modules\ext\spring-4\spring-orm-4.0.1.RELEASE.jar;C:\NetBeans\netbeans\java\modules\ext\spring-4\spring-oxm-4.0.1.RELEASE.jar;C:\NetBeans\netbeans\java\modules\ext\spring-4\spring-test-4.0.1.RELEASE.jar;C:\NetBeans\netbeans\java\modules\ext\spring-4\spring-tx-4.0.1.RELEASE.jar;C:\NetBeans\netbeans\java\modules\ext\spring-4\spring-web-4.0.1.RELEASE.jar;C:\NetBeans\netbeans\java\modules\ext\spring-4\spring-webmvc-4.0.1.RELEASE.jar;C:\NetBeans\netbeans\java\modules\ext\spring-4\spring-webmvc-portlet-4.0.1.RELEASE.jar;C:\NetBeans\netbeans\java\modules\ext\spring-4\spring-websocket-4.0.1.RELEASE.jar" />
    <property name="test.binaryincludes" value="&lt;nothing&gt;" />
    <property name="sun.arch.data.model" value="64" />
    <property name="nb.show.statistics.ui" value="usageStatisticsEnabled" />
    <property name="libs.javaee-endorsed-api-7.0.src" value="" />
    <property name="debug-transport" value="dt_shmem" />
    <property name="libs.javaee-web-api-8.0.src" value="" />
    <property name="java.vendor.url" value="https://java.oracle.com/" />
    <property name="annotation.processing.enabled" value="true" />
    <property name="libs.junit_5.src" value="C:\NetBeans\netbeans\platform\docs\junit-jupiter-api-5.3.1-sources.jar;C:\NetBeans\netbeans\platform\docs\junit-jupiter-params-5.3.1-sources.jar;C:\NetBeans\netbeans\platform\docs\junit-jupiter-engine-5.3.1-sources.jar" />
    <property name="libs.jaxb.classpath" value="C:\NetBeans\netbeans\ide\modules\ext\jaxb\jaxb-impl-2.2.5-2.jar;C:\NetBeans\netbeans\ide\modules\ext\jaxb\jaxb-xjc-2.2.5-2.jar;C:\NetBeans\netbeans\ide\modules\ext\jaxb\jaxb1-impl-2.2.5-2.jar;C:\NetBeans\netbeans\ide\modules\ext\jaxb\activation.jar;C:\NetBeans\netbeans\ide\modules\ext\jaxb\api\jaxb-api.jar" />
    <property name="debug.modulepath" value="" />
    <property name="libs.eclipselink.javadoc" value="" />
    <property name="libs.jsp-compilation.src" value="" />
    <property name="libs.javaee-api-8.0.classpath" value="C:\NetBeans\netbeans\enterprise\modules\ext\javaee-api-8.0.jar" />
    <property name="libs.JWSAntTasks.javadoc" value="" />
    <property name="sun.boot.library.path" value="C:\Program Files\Java\jdk-13.0.1\bin" />
    <property name="libs.CopyLibs.src" value="" />
    <property name="sun.java.command" value="org.apache.tools.ant.taskdefs.optional.junit.JUnitTestRunner biosphere7.JoueurBiosphere7Test skipNonTests=false filtertrace=true haltOnError=false haltOnFailure=false showoutput=true outputtoformatters=true logfailedtests=true threadid=0 logtestlistenerevents=true formatter=org.apache.tools.ant.taskdefs.optional.junit.BriefJUnitResultFormatter formatter=org.apache.tools.ant.taskdefs.optional.junit.XMLJUnitResultFormatter,C:\Users\Zail3\Desktop\Biosphere\biosphere7\biosphere7\build\test\results\TEST-biosphere7.JoueurBiosphere7Test.xml crashfile=C:\Users\Zail3\Desktop\Biosphere\biosphere7\biosphere7\build\junitvmwatcher18167702321123669762.properties propsfile=C:\Users\Zail3\Desktop\Biosphere\biosphere7\biosphere7\build\junit728388790047693302.properties" />
    <property name="jdk.debug" value="release" />
    <property name="libs.spring-framework300.src" value="" />
    <property name="java.specification.vendor" value="Oracle Corporation" />
    <property name="javac.source" value="1.8" />
    <property name="javadoc.use" value="true" />
    <property name="libs.javac-api.maven-pom" value="" />
    <property name="java.version.date" value="2019-10-15" />
    <property name="javadoc.notree" value="false" />
    <property name="java.home" value="C:\Program Files\Java\jdk-13.0.1" />
    <property name="basedir" value="C:\Users\Zail3\Desktop\Biosphere\biosphere7\biosphere7" />
    <property name="application.vendor" value="ogauwin" />
    <property name="work.dir" value="C:\Users\Zail3\Desktop\Biosphere\biosphere7\biosphere7" />
    <property name="javac.test.compilerargs" value="" />
    <property name="jna.boot.library.name" value="jnidispatch-nb" />
    <property name="java.vm.specification.vendor" value="Oracle Corporation" />
    <property name="java.specification.name" value="Java Platform API Specification" />
    <property name="libs.PostgreSQLDriver.classpath" value="C:\NetBeans\netbeans\ide\modules\ext\postgresql-42.2.5.jar" />
    <property name="libs.javac-api.javadoc" value="" />
    <property name="libs.spring-webmvc3.0.javadoc" value="" />
    <property name="libs.JAXB-ENDORSED.src" value="" />
    <property name="libs.jsf20.classpath" value="C:\NetBeans\netbeans\enterprise\modules\ext\jsf-2_2\javax.faces.jar" />
    <property name="netbeans.extbrowser.manual_chrome_plugin_install" value="yes" />
    <property name="user.script" value="" />
    <property name="manifest.encoding" value="UTF-8" />
    <property name="netbeans.default_userdir_root" value="C:\Users\Zail3\AppData\Roaming\NetBeans" />
    <property name="sun.management.compiler" value="HotSpot 64-Bit Tiered Compilers" />
    <property name="libs.spring-framework400.src" value="" />
    <property name="libs.jsp-compilation-syscp.src" value="" />
    <property name="jdk.home" value="C:\Program Files\Java\jdk-13.0.1" />
    <property name="run.test.modulepath" value="" />
    <property name="java.runtime.version" value="13.0.1+9" />
    <property name="libs.maven-dependencies.src" value="" />
    <property name="libs.eclipselink.maven-pom" value="" />
    <property name="libs.javaee-web-api-6.0.classpath" value="C:\NetBeans\netbeans\enterprise\modules\ext\javaee-web-api-6.0.jar" />
    <property name="libs.jsp-compiler.javadoc" value="" />
    <property name="libs.metro.maven-pom" value="" />
    <property name="libs.JAXB-ENDORSED.javadoc" value="" />
    <property name="debug.test.modulepath" value="" />
    <property name="libs.javaee-web-api-7.0.classpath" value="C:\NetBeans\netbeans\enterprise\modules\ext\javaee-web-api-7.0.jar" />
    <property name="file.encoding" value="Cp1252" />
    <property name="sun.java2d.noddraw" value="true" />
    <property name="sun.zip.disableMemoryMapping" value="true" />
    <property name="java.util.logging.config.class" value="org.netbeans.core.startup.TopLogging" />
    <property name="libs.maven-dependencies.maven-pom" value="" />
    <property name="jnidispatch.path" value="C:\Users\Zail3\AppData\Local\Temp\jna-86110921\jna12898634745838882877.dll" />
    <property name="libs.jsf12.src" value="" />
    <property name="libs.primefaces.javadoc" value="" />
    <property name="libs.jsp-compilation.javadoc" value="" />
    <property name="https.nonProxyHosts" value="localhost|127.0.0.1|MSI" />
    <property name="libs.restlib.javadoc" value="" />
    <property name="libs.groovy-all.maven-pom" value="" />
    <property name="libs.restapi.src" value="" />
    <property name="libs.junit_5.javadoc" value="C:\NetBeans\netbeans\platform\docs\junit-jupiter-api-5.3.1-javadoc.jar;C:\NetBeans\netbeans\platform\docs\junit-jupiter-params-5.3.1-javadoc.jar;C:\NetBeans\netbeans\platform\docs\junit-jupiter-engine-5.3.1-javadoc.jar" />
    <property name="libs.absolutelayout.classpath" value="C:\NetBeans\netbeans\java\modules\ext\AbsoluteLayout.jar" />
    <property name="dist.archive.excludes" value="" />
    <property name="java.io.tmpdir" value="C:\Users\Zail3\AppData\Local\Temp\" />
    <property name="do.archive" value="true" />
    <property name="java.version" value="13.0.1" />
    <property name="libs.struts.maven-pom" value="" />
    <property name="java.vm.specification.name" value="Java Virtual Machine Specification" />
    <property name="built-jar.properties" value="C:\Users\Zail3\Desktop\Biosphere\biosphere7\biosphere7\build\built-jar.properties" />
    <property name="nb.native.filechooser" value="false" />
    <property name="libs.testng.src" value="" />
    <property name="platform.active" value="default_platform" />
    <property name="ant.file.type.Biosphere7" value="file" />
    <property name="java.library.path" value="C:\Program Files\Java\jdk-13.0.1\bin;C:\WINDOWS\Sun\Java\bin;C:\WINDOWS\system32;C:\WINDOWS;C:\ProgramData\Oracle\Java\javapath;C:\Program Files (x86)\Common Files\Intel\Shared Libraries\redist\intel64\compiler;C:\Program Files (x86)\Intel\iCLS Client\;C:\Program Files\Intel\iCLS Client\;C:\Windows\system32;C:\Windows;C:\Windows\System32\Wbem;C:\Windows\System32\WindowsPowerShell\v1.0\;C:\Program Files (x86)\NVIDIA Corporation\PhysX\Common;C:\Program Files (x86)\Intel\Intel(R) Management Engine Components\DAL;C:\Program Files\Intel\Intel(R) Management Engine Components\DAL;C:\Program Files (x86)\Intel\Intel(R) Management Engine Components\IPT;C:\Program Files\Intel\Intel(R) Management Engine Components\IPT;&quot;C:\WINDOWS\system32;C:\Python&quot;;C:\WINDOWS;C:\WINDOWS\System32\Wbem;C:\WINDOWS\System32\WindowsPowerShell\v1.0\;C:\WINDOWS\System32\OpenSSH\;C:\Users\Zail3\AppData\Local\Programs\Python\Python37-32;C:\WINDOWS\system32;C:\Program Files\Git\cmd;C:\Users\Zail3\AppData\Roaming\Dashlane\6.1907.0.17833\bin\Firefox_Extension\{442718d9-475e-452a-b3e1-fb1ee16b8e9f}\components;C:\Users\Zail3\AppData\Roaming\Dashlane\6.1907.0.17833\ucrt;C:\Users\Zail3\AppData\Roaming\Dashlane\6.1907.0.17833\bin\Qt;C:\Users\Zail3\AppData\Roaming\Dashlane\6.1907.0.17833\bin\Ssl;C:\Users\Zail3\AppData\Local\Microsoft\WindowsApps;C:\Users\Zail3\AppData\Local\GitHubDesktop\bin;C:\Users\Zail3\AppData\Local\Programs\Microsoft VS Code\bin;." />
    <property name="libs.javaee-web-api-8.0.classpath" value="C:\NetBeans\netbeans\enterprise\modules\ext\javaee-web-api-8.0.jar" />
    <property name="libs.hamcrest.src" value="" />
    <property name="java.vendor" value="Oracle Corporation" />
    <property name="manifest.file" value="manifest.mf" />
    <property name="libs.groovy-all.src" value="" />
    <property name="libs.testng.javadoc" value="C:\NetBeans\netbeans\platform\docs\testng-6.8.1-javadoc.zip" />
    <property name="meta.inf.dir" value="src/META-INF" />
    <property name="sun.io.unicode.encoding" value="UnicodeLittle" />
    <property name="libs.testng.maven-pom" value="" />
    <property name="&lt;&lt;&lt;&lt;&lt;&lt;&lt;" value="HEAD" />
    <property name="libs.struts.javadoc" value="C:\NetBeans\netbeans\enterprise\docs\struts-1.3.10-javadoc.zip" />
    <property name="org.openide.version" value="deprecated" />
    <property name="default.javac.source" value="13" />
    <property name="test.includes" value="biosphere7/JoueurBiosphere7Test.java" />
    <property name="netbeans.dynamic.classpath" value="C:\NetBeans\netbeans\platform\core\asm-all-5.0.1.jar;C:\NetBeans\netbeans\platform\core\core-base.jar;C:\NetBeans\netbeans\platform\core\core.jar;C:\NetBeans\netbeans\platform\core\org-netbeans-libs-asm.jar;C:\NetBeans\netbeans\platform\core\org-openide-filesystems-compat8.jar;C:\NetBeans\netbeans\platform\core\org-openide-filesystems.jar;C:\NetBeans\netbeans\nb\core\org-netbeans-upgrader.jar;C:\NetBeans\netbeans\nb\core\locale\core_nb.jar" />
    <property name="libs.javaee-web-api-8.0.javadoc" value="C:\NetBeans\netbeans\enterprise\docs\javaee-doc-api.jar" />
    <property name="run.classpath" value=":build/classes" />
    <property name="libs.jaxb.src" value="" />
    <property name="libs.eclipselinkmodelgen.classpath" value="C:\NetBeans\netbeans\java\modules\ext\eclipselink\org.eclipse.persistence.jpa.modelgen.processor-2.5.2.jar" />
    <property name="sun.awt.enableExtraMouseButtons" value="true" />
    <property name="test.src.dir" value="test" />
    <property name="org.openide.major.version" value="IDE/1" />
    <property name="libs.spring-framework300.javadoc" value="" />
    <property name="netbeans.buildnumber" value="11.2-d04fb24027334c4b6fd8397b5d0cdd33187a8f54" />
    <property name="ap.proc.none.internal" value="" />
    <property name="endorsed.classpath.cmd.line.arg" value="" />
    <property name="org.openide.specification.version" value="6.2" />
    <property name="user.timezone" value="Europe/Paris" />
    <property name="libs.jpa20-persistence.maven-pom" value="" />
    <property name="jar.index" value="false" />
    <property name="libs.jpa20-persistence.classpath" value="C:\NetBeans\netbeans\java\modules\ext\eclipselink\javax.persistence-2.1.0.jar" />
    <property name="libs.eclipselinkmodelgen.javadoc" value="" />
    <property name="os.name" value="Windows 10" />
    <property name="libs.CopyLibs.maven-pom" value="" />
    <property name="libs.junit_5.classpath" value="C:\NetBeans\netbeans\platform\modules\ext\junit-jupiter-api-5.3.1.jar;C:\NetBeans\netbeans\platform\modules\ext\junit-jupiter-params-5.3.1.jar;C:\NetBeans\netbeans\platform\modules\ext\junit-jupiter-engine-5.3.1.jar" />
    <property name="java.vm.specification.version" value="13" />
    <property name="build.sysclasspath" value="ignore" />
    <property name="javadoc.noindex" value="false" />
    <property name="jdkBug6558476" value="false" />
    <property name="javadoc.private" value="false" />
    <property name="libs.spring-webmvc4.0.maven-pom" value="" />
    <property name="ant.file.type.Biosphere7-impl" value="file" />
    <property name="javadoc.author" value="false" />
    <property name="http.nonProxyHosts" value="localhost|127.0.0.1|MSI" />
    <property name="main.class" value="" />
    <property name="libs.JAXB-ENDORSED.maven-pom" value="" />
    <property name="libs.jsp-compilation-syscp.javadoc" value="" />
    <property name="user.home" value="C:\Users\Zail3" />
    <property name="source.encoding" value="UTF-8" />
    <property name="libs.eclipselinkmodelgen.maven-pom" value="" />
    <property name="jar.compress" value="false" />
    <property name="have.sources" value="true" />
    <property name="libs.javaee-api-7.0.javadoc" value="C:\NetBeans\netbeans\enterprise\docs\javaee-doc-api.jar" />
    <property name="annotation.processing.processors.list" value="" />
    <property name="javac.deprecation" value="false" />
    <property name="jlink.launcher" value="false" />
    <property name="libs.jsf20.maven-pom" value="" />
    <property name="libs.restlib.classpath" value="C:\NetBeans\netbeans\enterprise\modules\ext\jersey2\ext\asm-all-repackaged-2.2.0-b21.jar;C:\NetBeans\netbeans\enterprise\modules\ext\jersey2\ext\cglib-2.2.0-b21.jar;C:\NetBeans\netbeans\enterprise\modules\ext\jersey2\ext\guava-14.0.1.jar;C:\NetBeans\netbeans\enterprise\modules\ext\jersey2\ext\hk2-api-2.2.0-b21.jar;C:\NetBeans\netbeans\enterprise\modules\ext\jersey2\ext\hk2-locator-2.2.0-b21.jar;C:\NetBeans\netbeans\enterprise\modules\ext\jersey2\ext\hk2-utils-2.2.0-b21.jar;C:\NetBeans\netbeans\enterprise\modules\ext\jersey2\ext\javax.annotation-api-1.2.jar;C:\NetBeans\netbeans\enterprise\modules\ext\jersey2\ext\javax.inject-2.2.0-b21.jar;C:\NetBeans\netbeans\enterprise\modules\ext\jersey2\ext\javax.servlet-api-3.0.1.jar;C:\NetBeans\netbeans\enterprise\modules\ext\jersey2\ext\jaxb-api-2.2.7.jar;C:\NetBeans\netbeans\enterprise\modules\ext\jersey2\ext\jersey-entity-filtering-2.5.1.jar;C:\NetBeans\netbeans\enterprise\modules\ext\jersey2\ext\jersey-media-moxy-2.5.1.jar;C:\NetBeans\netbeans\enterprise\modules\ext\jersey2\ext\org.osgi.core-4.2.0.jar;C:\NetBeans\netbeans\enterprise\modules\ext\jersey2\ext\osgi-resource-locator-1.0.1.jar;C:\NetBeans\netbeans\enterprise\modules\ext\jersey2\ext\persistence-api-1.0.jar;C:\NetBeans\netbeans\enterprise\modules\ext\jersey2\ext\validation-api-1.1.0.Final.jar;C:\NetBeans\netbeans\enterprise\modules\ext\jersey2\jersey-client.jar;C:\NetBeans\netbeans\enterprise\modules\ext\jersey2\jersey-common.jar;C:\NetBeans\netbeans\enterprise\modules\ext\jersey2\jersey-container-servlet.jar;C:\NetBeans\netbeans\enterprise\modules\ext\jersey2\jersey-container-servlet-core.jar;C:\NetBeans\netbeans\enterprise\modules\ext\jersey2\jersey-server.jar" />
    <property name="build.generated.sources.dir" value="build/generated-sources" />
    <property name="apple.awt.graphics.UseQuartz" value="true" />
    <property name="plugin.manager.check.updates" value="false" />
    <property name="run.jvmargs" value="" />
    <property name="libs.primefaces.src" value="" />
    <property name="netbeans.autoupdate.language" value="fr" />
    <property name="build.compiler.emacs" value="true" />
    <property name="libs.eclipselinkmodelgen.src" value="" />
    <property name="build.classes.excludes" value="**/*.java,**/*.form" />
    <property name="dist.jar" value="dist/Biosphere7.jar" />
    <property name="ant.file" value="C:\Users\Zail3\Desktop\Biosphere\biosphere7\biosphere7\build.xml" />
    <property name="libs.struts.src" value="" />
    <property name="libs.spring-webmvc4.0.classpath" value="C:\NetBeans\netbeans\java\modules\ext\spring-4\spring-webmvc-4.0.1.RELEASE.jar" />
    <property name="path.separator" value=";" />
    <property name="libs.javaee-endorsed-api-7.0.javadoc" value="C:\NetBeans\netbeans\enterprise\docs\javaee-doc-api.jar" />
    <property name="os.version" value="10.0" />
    <property name="libs.JAXB-ENDORSED.classpath" value="C:\NetBeans\netbeans\ide\modules\ext\jaxb\api\jaxb-api.jar" />
    <property name="netbeans.home" value="C:\NetBeans\netbeans\platform" />
    <property name="libs.restlib.src" value="" />
    <property name="libs.CopyLibs.javadoc" value="" />
    <property name="debug-transport-by-os" value="dt_shmem" />
    <property name="build.test.results.dir" value="build/test/results" />
    <property name="libs.jsf20.src" value="" />
    <property name="libs.javaee-api-8.0.javadoc" value="C:\NetBeans\netbeans\enterprise\docs\javaee-doc-api.jar" />
    <property name="libs.jaxws21.javadoc" value="C:\NetBeans\netbeans\java\docs\jaxws-api-doc.zip" />
    <property name="libs.spring-framework400.maven-pom" value="" />
    <property name="ap.processors.internal" value="" />
    <property name="java.vm.name" value="Java HotSpot(TM) 64-Bit Server VM" />
    <property name="libs.jstl.javadoc" value="C:\NetBeans\netbeans\enterprise\docs\javaee-doc-api.jar" />
    <property name="libs.javaee-endorsed-api-7.0.maven-pom" value="" />
    <property name="libs.jsf12.classpath" value="C:\NetBeans\netbeans\enterprise\modules\ext\jsf-1_2\jsf-api.jar;C:\NetBeans\netbeans\enterprise\modules\ext\jsf-1_2\jsf-impl.jar" />
    <property name="libs.jaxws21.classpath" value="C:\NetBeans\netbeans\java\modules\ext\jaxws22\FastInfoset.jar;C:\NetBeans\netbeans\java\modules\ext\jaxws22\gmbal-api-only.jar;C:\NetBeans\netbeans\java\modules\ext\jaxws22\ha-api.jar;C:\NetBeans\netbeans\java\modules\ext\jaxws22\javax.mail_1.4.jar;C:\NetBeans\netbeans\java\modules\ext\jaxws22\jaxws-rt.jar;C:\NetBeans\netbeans\java\modules\ext\jaxws22\jaxws-tools.jar;C:\NetBeans\netbeans\java\modules\ext\jaxws22\management-api.jar;C:\NetBeans\netbeans\java\modules\ext\jaxws22\mimepull.jar;C:\NetBeans\netbeans\java\modules\ext\jaxws22\policy.jar;C:\NetBeans\netbeans\java\modules\ext\jaxws22\saaj-impl.jar;C:\NetBeans\netbeans\java\modules\ext\jaxws22\stax-ex.jar;C:\NetBeans\netbeans\java\modules\ext\jaxws22\stax2-api.jar;C:\NetBeans\netbeans\java\modules\ext\jaxws22\streambuffer.jar;C:\NetBeans\netbeans\java\modules\ext\jaxws22\woodstox-core-asl.jar;C:\NetBeans\netbeans\java\modules\ext\jaxws22\api\jaxws-api.jar;C:\NetBeans\netbeans\java\modules\ext\jaxws22\api\jsr181-api.jar;C:\NetBeans\netbeans\java\modules\ext\jaxws22\api\javax.annotation.jar;C:\NetBeans\netbeans\java\modules\ext\jaxws22\api\saaj-api.jar;C:\NetBeans\netbeans\ide\modules\ext\jaxb\activation.jar;C:\NetBeans\netbeans\ide\modules\ext\jaxb\api\jaxb-api.jar" />
    <property name="libs.restapi.classpath" value="C:\NetBeans\netbeans\enterprise\modules\ext\jaxrs-2.0\javax.ws.rs-api-2.0.jar" />
    <property name="os.arch" value="amd64" />
    <property name="libs.spring-framework400.javadoc" value="" />
    <property name="libs.hamcrest.javadoc" value="" />
    <property name="build.generated.dir" value="build/generated" />
    <property name="libs.javac-api.src" value="" />
    <property name="ant.file.Biosphere7-impl" value="C:\Users\Zail3\Desktop\Biosphere\biosphere7\biosphere7\nbproject\build-impl.xml" />
    <property name="libs.groovy-all.javadoc" value="" />
    <property name="libs.javaee-web-api-7.0.javadoc" value="C:\NetBeans\netbeans\enterprise\docs\javaee-doc-api.jar" />
    <property name="java.vm.info" value="mixed mode, sharing" />
    <property name="libs.primefaces.classpath" value="C:\NetBeans\netbeans\enterprise\modules\ext\primefaces\primefaces-5.0.jar" />
    <property name="libs.jaxws21.maven-pom" value="" />
    <property name="run.test.classpath" value=":build/classes:C:\NetBeans\netbeans\platform\modules\ext\hamcrest-core-1.3.jar:C:\NetBeans\netbeans\platform\modules\ext\junit-4.12.jar:build/test/classes" />
    <property name="libs.jsf12.maven-pom" value="" />
    <property name="libs.javaee-endorsed-api-7.0.classpath" value="C:\NetBeans\netbeans\enterprise\modules\ext\javaee7-endorsed\javax.annotation-api.jar;C:\NetBeans\netbeans\enterprise\modules\ext\javaee7-endorsed\javax.xml.soap-api.jar;C:\NetBeans\netbeans\enterprise\modules\ext\javaee7-endorsed\jaxb-api-osgi.jar;C:\NetBeans\netbeans\enterprise\modules\ext\javaee7-endorsed\jaxws-api.jar;C:\NetBeans\netbeans\enterprise\modules\ext\javaee7-endorsed\jsr181-api.jar" />
    <property name="java.class.version" value="57.0" />
    <property name="javadoc.encoding.used" value="UTF-8" />
    <property name="src.dir" value="src" />
    <property name="org.netbeans.io.suspend" value="0" />
    <property name="libs.primefaces.maven-pom" value="" />
    <property name="debug.classpath" value=":build/classes" />
    <property name="ant.project.default-target" value="default" />
    <property name="excludes" value="" />
    <property name="libs.javaee-api-7.0.src" value="" />
    <property name="ant.project.name" value="Biosphere7" />
    <property name="dist.javadoc.dir" value="dist/javadoc" />
    <property name="sun.jnu.encoding" value="Cp1252" />
    <property name="run.test.jvmargs" value="" />
    <property name="libs.junit_4.javadoc" value="C:\NetBeans\netbeans\platform\docs\junit-4.12-javadoc.jar" />
    <property name="default.javac.target" value="13" />
    <property name="javac.fork" value="true" />
    <property name="libs.spring-webmvc4.0.src" value="" />
    <property name="sun.java2d.dpiaware" value="true" />
    <property name="libs.eclipselink.classpath" value="C:\NetBeans\netbeans\java\modules\ext\eclipselink\org.eclipse.persistence.core-2.5.2.jar;C:\NetBeans\netbeans\java\modules\ext\eclipselink\org.eclipse.persistence.asm-2.5.2.jar;C:\NetBeans\netbeans\java\modules\ext\eclipselink\org.eclipse.persistence.antlr-2.5.2.jar;C:\NetBeans\netbeans\java\modules\ext\eclipselink\org.eclipse.persistence.jpa-2.5.2.jar;C:\NetBeans\netbeans\java\modules\ext\eclipselink\org.eclipse.persistence.jpa.jpql-2.5.2.jar;C:\NetBeans\netbeans\java\modules\ext\eclipselink\javax.persistence-2.1.0.jar" />
    <property name="libs.javac-api.classpath" value="" />
    <property name="libs.jsf20.javadoc" value="C:\NetBeans\netbeans\enterprise\docs\javaee-doc-api.jar" />
    <property name="libs.struts.classpath" value="C:\NetBeans\netbeans\enterprise\modules\ext\struts\antlr-2.7.2.jar;C:\NetBeans\netbeans\enterprise\modules\ext\struts\bsf-2.3.0.jar;C:\NetBeans\netbeans\enterprise\modules\ext\struts\commons-beanutils-1.8.0.jar;C:\NetBeans\netbeans\enterprise\modules\ext\struts\commons-chain-1.2.jar;C:\NetBeans\netbeans\enterprise\modules\ext\struts\commons-digester-1.8.jar;C:\NetBeans\netbeans\enterprise\modules\ext\struts\commons-fileupload-1.1.1.jar;C:\NetBeans\netbeans\enterprise\modules\ext\struts\commons-io-1.1.jar;C:\NetBeans\netbeans\enterprise\modules\ext\struts\commons-logging-1.0.4.jar;C:\NetBeans\netbeans\enterprise\modules\ext\struts\commons-validator-1.3.1.jar;C:\NetBeans\netbeans\enterprise\modules\ext\struts\jstl-1.0.2.jar;C:\NetBeans\netbeans\enterprise\modules\ext\struts\oro-2.0.8.jar;C:\NetBeans\netbeans\enterprise\modules\ext\struts\standard-1.0.6.jar;C:\NetBeans\netbeans\enterprise\modules\ext\struts\struts-core-1.3.10.jar;C:\NetBeans\netbeans\enterprise\modules\ext\struts\struts-el-1.3.10.jar;C:\NetBeans\netbeans\enterprise\modules\ext\struts\struts-extras-1.3.10.jar;C:\NetBeans\netbeans\enterprise\modules\ext\struts\struts-faces-1.3.10.jar;C:\NetBeans\netbeans\enterprise\modules\ext\struts\struts-mailreader-dao-1.3.10.jar;C:\NetBeans\netbeans\enterprise\modules\ext\struts\struts-scripting-1.3.10.jar;C:\NetBeans\netbeans\enterprise\modules\ext\struts\struts-taglib-1.3.10.jar;C:\NetBeans\netbeans\enterprise\modules\ext\struts\struts-tiles-1.3.10.jar" />
    <property name="netbeans.importclass" value="org.netbeans.upgrade.AutoUpgrade" />
    <property name="libs.PostgreSQLDriver.maven-pom" value="" />
    <property name="libs.absolutelayout.src" value="" />
    <property name="netbeans.autoupdate.version" value="1.23" />
    <property name="empty.dir" value="C:\Users\Zail3\Desktop\Biosphere\biosphere7\biosphere7\build\empty" />
    <property name="testng.mode" value="testng" />
    <property name="annotation.processing.enabled.in.editor" value="false" />
    <property name="netbeans.user" value="C:\Users\Zail3\AppData\Roaming\NetBeans\11.2" />
    <property name="javac.includes.binary" value="C:\Users\Zail3\Desktop\Biosphere\biosphere7\biosphere7\build\test\classes\biosphere7\JoueurBiosphere7Test.class" />
    <property name="file.separator" value="\" />
    <property name="java.vm.compressedOopsMode" value="32-bit" />
    <property name="line.separator" value="&#xd;&#xa;" />
    <property name="javadoc.additionalparam" value="" />
    <property name="jdk.lang.Process.allowAmbiguousCommands" value="true" />
    <property name="netbeans.productversion" value="Apache NetBeans IDE 11.2" />
    <property name="libs.restlib.maven-pom" value="" />
    <property name="javac.debug" value="true" />
    <property name="libs.testng.classpath" value="C:\NetBeans\netbeans\platform\modules\ext\testng-6.8.1-dist.jar" />
    <property name="mkdist.disabled" value="false" />
    <property name="libs.jsp-compiler.src" value="" />
    <property name="libs.javaee-web-api-6.0.javadoc" value="C:\NetBeans\netbeans\enterprise\docs\javaee-doc-api.jar" />
    <property name="user.name" value="Zail3" />
    <property name="build.classes.dir" value="build/classes" />
    <property name="libs.maven-dependencies.javadoc" value="C:\NetBeans\netbeans\enterprise\docs\javaee-doc-api.jar" />
    <property name="nb.junit.single" value="false" />
    <property name="javadoc.windowtitle" value="" />
    <property name="nb.internal.action.name" value="test.single" />
    <property name="libs.javaee-api-7.0.maven-pom" value="" />
    <property name="libs.groovy-all.classpath" value="C:\NetBeans\netbeans\groovy\modules\ext\groovy.jar;C:\NetBeans\netbeans\groovy\modules\ext\groovy-ant.jar" />
    <property name="libs.javaee-api-8.0.maven-pom" value="" />
    <property name="libs.absolutelayout.javadoc" value="" />
    <property name="libs.jaxws21.src" value="" />
    <property name="libs.jaxb.maven-pom" value="" />
    <property name="libs.maven-dependencies.classpath" value="C:\NetBeans\netbeans\enterprise\modules\ext\javaee6-endorsed\javax.annotation.jar;C:\NetBeans\netbeans\enterprise\modules\ext\javaee6-endorsed\jaxb-api-osgi.jar;C:\NetBeans\netbeans\enterprise\modules\ext\javaee6-endorsed\webservices-api-osgi.jar" />
    <property name="annotation.processing.processor.options" value="" />
    <property name="libs.javaee-api-6.0.maven-pom" value="" />
    <property name="dist.dir" value="dist" />
    <property name="jna.loaded" value="true" />
    <property name="build.dir" value="build" />
    <property name="netbeans.autoupdate.variant" value="" />
    <property name="libs.junit_5.maven-pom" value="" />
    <property name="libs.jpa20-persistence.javadoc" value="" />
    <property name="javadoc.version" value="false" />
    <property name="libs.metro.classpath" value="C:\NetBeans\netbeans\ide\modules\ext\jaxb\activation.jar;C:\NetBeans\netbeans\enterprise\modules\ext\metro\webservices-api.jar;C:\NetBeans\netbeans\enterprise\modules\ext\metro\webservices-extra-api.jar;C:\NetBeans\netbeans\enterprise\modules\ext\metro\webservices-extra.jar;C:\NetBeans\netbeans\enterprise\modules\ext\metro\webservices-rt.jar;C:\NetBeans\netbeans\enterprise\modules\ext\metro\webservices-tools.jar" />
    <property name="libs.metro.src" value="" />
    <property name="ant.junit.enabletestlistenerevents" value="true" />
    <property name="libs.JWSAntTasks.src" value="" />
    <property name="libs.CopyLibs.classpath" value="C:\NetBeans\netbeans\java\ant\extra\org-netbeans-modules-java-j2seproject-copylibstask.jar" />
    <property name="libs.spring-webmvc3.0.src" value="" />
    <property name="ant.home" value="C:\NetBeans\netbeans\extide\ant" />
    <property name="have.tests" value="true" />
    <property name="sun.os.patch.level" value="" />
    <property name="debug.test.classpath" value=":build/classes:C:\NetBeans\netbeans\platform\modules\ext\hamcrest-core-1.3.jar:C:\NetBeans\netbeans\platform\modules\ext\junit-4.12.jar:build/test/classes" />
    <property name="javac.external.vm" value="true" />
    <property name="testng.debug.mode" value="" />
    <property name="javac.target" value="1.8" />
    <property name="ant.version" value="Apache Ant(TM) version 1.10.4 compiled on June 19 2018" />
    <property name="libs.absolutelayout.maven-pom" value="" />
    <property name="javadoc.html5" value="false" />
    <property name="javac.test.processorpath" value=":build/classes:C:\NetBeans\netbeans\platform\modules\ext\hamcrest-core-1.3.jar:C:\NetBeans\netbeans\platform\modules\ext\junit-4.12.jar" />
    <property name="jdk.gtk.version" value="2.2" />
    <property name="libs.javaee-web-api-7.0.maven-pom" value="" />
    <property name="java.failonerror" value="true" />
    <property name="libs.javaee-web-api-8.0.maven-pom" value="" />
    <property name="netbeans.dirs" value="C:\NetBeans\netbeans\nb;C:\NetBeans\netbeans\ergonomics;C:\NetBeans\netbeans\ide;C:\NetBeans\netbeans\extide;C:\NetBeans\netbeans\java;C:\NetBeans\netbeans\apisupport;C:\NetBeans\netbeans\webcommon;C:\NetBeans\netbeans\websvccommon;C:\NetBeans\netbeans\enterprise;C:\NetBeans\netbeans\mobility;C:\NetBeans\netbeans\profiler;C:\NetBeans\netbeans\python;C:\NetBeans\netbeans\php;C:\NetBeans\netbeans\identity;C:\NetBeans\netbeans\harness;C:\NetBeans\netbeans\cnd;C:\NetBeans\netbeans\cndext;C:\NetBeans\netbeans\dlight;C:\NetBeans\netbeans\groovy;C:\NetBeans\netbeans\extra;C:\NetBeans\netbeans\javacard;C:\NetBeans\netbeans\javafx" />
    <property name="javac.modulepath" value="" />
    <property name="user.properties.file" value="C:\Users\Zail3\AppData\Roaming\NetBeans\11.2\build.properties" />
    <property name="libs.javaee-api-6.0.src" value="" />
    <property name="javac.includes" value="biosphere7/JoueurBiosphere7Test.java" />
    <property name="libs.hamcrest.maven-pom" value="" />
    <property name="netbeans.autoupdate.country" value="FR" />
    <property name="javac.processorpath" value="" />
    <property name="java.class.path" value="C:\Users\Zail3\Desktop\Biosphere\biosphere7\biosphere7\build\classes;C:\NetBeans\netbeans\platform\modules\ext\hamcrest-core-1.3.jar;C:\NetBeans\netbeans\platform\modules\ext\junit-4.12.jar;C:\Users\Zail3\Desktop\Biosphere\biosphere7\biosphere7\build\test\classes;C:\NetBeans\netbeans\extide\ant\lib\ant-launcher.jar;C:\NetBeans\netbeans\extide\ant\lib\ant.jar;C:\NetBeans\netbeans\extide\ant\lib\ant-junit.jar;C:\NetBeans\netbeans\extide\ant\lib\ant-junit4.jar" />
    <property name="libs.javaee-api-6.0.javadoc" value="C:\NetBeans\netbeans\enterprise\docs\javaee-doc-api.jar" />
    <property name="libs.javaee-web-api-6.0.maven-pom" value="" />
    <property name="libs.JWSAntTasks.maven-pom" value="" />
    <property name="java.vm.vendor" value="Oracle Corporation" />
    <property name="ap.supported.internal" value="true" />
    <property name="ant.file.Biosphere7" value="C:\Users\Zail3\Desktop\Biosphere\biosphere7\biosphere7\build.xml" />
    <property name="user.variant" value="" />
    <property name="netbeans.home+have.tests" value="true" />
    <property name="run.modulepath" value="" />
    <property name="test.binaryexcludes" value="" />
    <property name="do.archive+manifest.available" value="true" />
    <property name="javac.compilerargs" value="" />
    <property name="apple.laf.useScreenMenuBar" value="true" />
    <property name="libs.jstl.maven-pom" value="" />
    <property name="user.country" value="FR" />
    <property name="sun.java.launcher" value="SUN_STANDARD" />
    <property name="libs.restapi.javadoc" value="" />
    <property name="libs.jpa20-persistence.src" value="" />
    <property name="endorsed.classpath" value="" />
    <property name="javac.test.sourcepath" value="C:\Users\Zail3\Desktop\Biosphere\biosphere7\biosphere7\build\empty" />
    <property name="sun.cpu.endian" value="little" />
    <property name="libs.spring-webmvc3.0.maven-pom" value="" />
    <property name="libs.junit_4.src" value="C:\NetBeans\netbeans\platform\docs\junit-4.12-sources.jar" />
    <property name="user.language" value="fr" />
    <property name="copylibs.rebase" value="true" />
    <property name="libs.javaee-web-api-6.0.src" value="" />
    <property name="includes" value="**" />
    <property name="javadoc.nonavbar" value="false" />
    <property name="libs.javaee-api-8.0.src" value="" />
    <property name="ant.java.version" value="13" />
    <property name="libs.junit_4.classpath" value="C:\NetBeans\netbeans\platform\modules\ext\junit-4.12.jar" />
    <property name="libs.jsf12.javadoc" value="C:\NetBeans\netbeans\enterprise\docs\javaee-doc-api.jar" />
    <property name="libs.hamcrest.classpath" value="C:\NetBeans\netbeans\platform\modules\ext\hamcrest-core-1.3.jar" />
    <property name="jlink.launcher.name" value="Biosphere7" />
    <property name="javadoc.splitindex" value="true" />
    <property name="libs.JWSAntTasks.classpath" value="C:\NetBeans\netbeans\java\ant\extra\org-netbeans-modules-javawebstart-anttasks.jar" />
    <property name="junit.available" value="true" />
    <property name="test.binarytestincludes" value="" />
    <property name="sun.awt.keepWorkingSetOnMinimize" value="true" />
    <property name="libs.junit_4.maven-pom" value="" />
    <property name="javac.processormodulepath" value="" />
    <property name="libs.jsp-compiler.maven-pom" value="" />
    <property name="runtime.encoding" value="UTF-8" />
    <property name="javadoc.encoding" value="UTF-8" />
    <property name="javac.classpath" value="" />
    <property name="libs.jsp-compilation-syscp.maven-pom" value="" />
    <property name="netbeans.hash.code" value="unique=098e71342-7bec-4219-9269-288f3c193489_8b59b28b-6b8a-4158-bd5e-8232fa660db2" />
    <property name="libs.jstl.src" value="" />
    <property name="nb.junit.batch" value="true" />
    <property name="libs.spring-webmvc3.0.classpath" value="C:\NetBeans\netbeans\java\modules\ext\spring-3.0\spring-webmvc-3.2.7.RELEASE.jar" />
    <property name="build.test.classes.dir" value="build/test/classes" />
    <property name="java.runtime.name" value="Java(TM) SE Runtime Environment" />
    <property name="manifest.available" value="true" />
    <property name="libs.jaxb.javadoc" value="C:\NetBeans\netbeans\ide\docs\jaxb-api-2.2.5-javadoc.jar" />
    <property name="libs.spring-framework300.maven-pom" value="" />
    <property name="ant.project.invoked-targets" value="test-single" />
    <property name="run.jvmargs.ide" value="" />
    <property name="libs.jstl.classpath" value="C:\NetBeans\netbeans\enterprise\modules\ext\jstl-impl.jar;C:\NetBeans\netbeans\enterprise\modules\ext\jstl-api.jar" />
    <property name="ap.cmd.line.internal" value="" />
    <property name="libs.PostgreSQLDriver.src" value="" />
    <property name="ant.core.lib" value="C:\NetBeans\netbeans\extide\ant\lib\ant.jar" />
    <property name="java.vendor.url.bug" value="https://bugreport.java.com/bugreport/" />
    <property name="annotation.processing.source.output" value="build/generated-sources/ap-source-output" />
    <property name="libs.jsp-compilation.maven-pom" value="" />
    <property name="javac.profile.cmd.line.arg" value="" />
    <property name="user.dir" value="C:\Users\Zail3\Desktop\Biosphere\biosphere7\biosphere7" />
    <property name="platform.java" value="C:\Program Files\Java\jdk-13.0.1/bin/java" />
    <property name="&gt;&gt;&gt;&gt;&gt;&gt;&gt;" value="parent of b17c21e... erreur" />
    <property name="application.title" value="Biosphere7" />
    <property name="application.args" value="" />
    <property name="ignore.failing.tests" value="true" />
    <property name="javac.test.modulepath" value="" />
    <property name="org.xml.sax.driver" value="com.sun.org.apache.xerces.internal.jaxp.SAXParserImpl$JAXPSAXParser" />
    <property name="libs.PostgreSQLDriver.javadoc" value="" />
    <property name="libs.eclipselink.src" value="" />
    <property name="libs.jsp-compilation-syscp.classpath" value="C:\NetBeans\netbeans\extide\ant\lib\ant.jar;C:\NetBeans\netbeans\enterprise\modules\ext\servlet3.1-jsp2.3-api.jar;C:\NetBeans\netbeans\enterprise\modules\ext\glassfish-jspparser-4.0.jar;C:\NetBeans\netbeans\enterprise\modules\ext\jstl-impl.jar;C:\NetBeans\netbeans\enterprise\modules\ext\jsf-2_2\javax.faces.jar" />
    <property name="libs.jsp-compilation.classpath" value="C:\NetBeans\netbeans\extide\ant\lib\ant.jar;C:\NetBeans\netbeans\enterprise\modules\ext\servlet3.1-jsp2.3-api.jar;C:\NetBeans\netbeans\enterprise\modules\ext\glassfish-jspparser-4.0.jar;C:\NetBeans\netbeans\enterprise\modules\ext\jsf-2_2\javax.faces.jar;C:\NetBeans\netbeans\enterprise\modules\ext\jstl-api.jar;C:\NetBeans\netbeans\extide\ant\lib\ant-launcher.jar" />
    <property name="java.vm.version" value="13.0.1+9" />
    <property name="libs.metro.javadoc" value="C:\NetBeans\netbeans\enterprise\docs\webservices-api-javadoc.jar;C:\NetBeans\netbeans\enterprise\docs\webservices-extra-javadoc.jar;C:\NetBeans\netbeans\enterprise\docs\webservices-extra-api-javadoc.jar;C:\NetBeans\netbeans\enterprise\docs\webservices-rt-javadoc.jar;C:\NetBeans\netbeans\enterprise\docs\webservices-tools-javadoc.jar" />
    <property name="sun.awt.datatransfer.timeout" value="1000" />
    <property name="test.class" value="biosphere7.JoueurBiosphere7Test" />
    <property name="libs.javaee-web-api-7.0.src" value="" />
    <property name="junit.forkmode" value="perTest" />
    <property name="libs.jsp-compiler.classpath" value="C:\NetBeans\netbeans\enterprise\ant\extra\jspcompile.jar" />
    <property name="annotation.processing.run.all.processors" value="true" />
  </properties>
  <testcase classname="biosphere7.JoueurBiosphere7Test" name="testAjoutAction" time="0.0" />
  <testcase classname="biosphere7.JoueurBiosphere7Test" name="testAjoutActionCouper" time="0.0" />
  <testcase classname="biosphere7.JoueurBiosphere7Test" name="testActionsPossibles" time="0.217" />
  <system-out><![CDATA[actionsPossibles : lancement le 01/12/2019 17:48:06.286
actionsPossibles : fin
actionsPossibles : lancement le 01/12/2019 17:48:06.302
actionsPossibles : fin
actionsPossibles : lancement le 01/12/2019 17:48:06.302
actionsPossibles : fin
actionsPossibles : lancement le 01/12/2019 17:48:06.318
actionsPossibles : fin
actionsPossibles : lancement le 01/12/2019 17:48:06.324
actionsPossibles : fin
actionsPossibles : lancement le 01/12/2019 17:48:06.324
actionsPossibles : fin
actionsPossibles : lancement le 01/12/2019 17:48:06.324
actionsPossibles : fin
actionsPossibles : lancement le 01/12/2019 17:48:06.324
actionsPossibles : fin
actionsPossibles : lancement le 01/12/2019 17:48:06.340
actionsPossibles : fin
actionsPossibles : lancement le 01/12/2019 17:48:06.340
actionsPossibles : fin
[PaA,24,27, SaA,24,27, BaA,24,27, DaA,24,27, TaA,24,27, HaA,24,27, PaB,24,27, SaB,24,27, BaB,24,27, DaB,24,27, TaB,24,27, HaB,24,27, PaC,24,27, SaC,24,27, BaC,24,27, DaC,24,27, TaC,24,27, HaC,24,27, IaD,25,27, CaD,24,26, FaD,23,30, PaE,24,27, SaE,24,27, BaE,24,27, DaE,24,27, TaE,24,27, HaE,24,27, PaF,24,27, SaF,24,27, BaF,24,27, DaF,24,27, TaF,24,27, HaF,24,27, PaG,24,27, SaG,24,27, BaG,24,27, DaG,24,27, TaG,24,27, HaG,24,27, PaH,24,27, SaH,24,27, BaH,24,27, DaH,24,27, TaH,24,27, HaH,24,27, PaI,24,27, SaI,24,27, BaI,24,27, DaI,24,27, TaI,24,27, HaI,24,27, PaJ,24,27, SaJ,24,27, BaJ,24,27, DaJ,24,27, TaJ,24,27, HaJ,24,27, PaK,24,27, SaK,24,27, BaK,24,27, DaK,24,27, TaK,24,27, HaK,24,27, PaL,24,27, SaL,24,27, BaL,24,27, DaL,24,27, TaL,24,27, HaL,24,27, PaM,24,27, SaM,24,27, BaM,24,27, DaM,24,27, TaM,24,27, HaM,24,27, PaN,24,27, SaN,24,27, BaN,24,27, DaN,24,27, TaN,24,27, HaN,24,27, PbA,25,27, SbA,25,27, BbA,25,27, DbA,25,27, TbA,25,27, HbA,25,27, PbB,24,27, SbB,24,27, BbB,24,27, DbB,24,27, TbB,24,27, HbB,24,27, PbC,25,27, SbC,25,27, BbC,25,27, DbC,25,27, TbC,25,27, HbC,25,27, IbD,25,27, CbD,22,28, FbD,26,27, RPbD,25,27, RSbD,25,27, RBbD,25,27, PbE,25,27, SbE,25,27, BbE,25,27, DbE,25,27, TbE,25,27, HbE,25,27, PbF,24,27, SbF,24,27, BbF,24,27, DbF,24,27, TbF,24,27, HbF,24,27, PbG,24,27, SbG,24,27, BbG,24,27, DbG,24,27, TbG,24,27, HbG,24,27, PbH,24,27, SbH,24,27, BbH,24,27, DbH,24,27, TbH,24,27, HbH,24,27, PbI,24,27, SbI,24,27, BbI,24,27, DbI,24,27, TbI,24,27, HbI,24,27, PbJ,24,27, SbJ,24,27, BbJ,24,27, DbJ,24,27, TbJ,24,27, HbJ,24,27, PbK,24,27, SbK,24,27, BbK,24,27, DbK,24,27, TbK,24,27, HbK,24,27, PbL,24,27, SbL,24,27, BbL,24,27, DbL,24,27, TbL,24,27, HbL,24,27, PbM,24,27, SbM,24,27, BbM,24,27, DbM,24,27, TbM,24,27, HbM,24,27, PbN,24,27, SbN,24,27, BbN,24,27, DbN,24,27, TbN,24,27, HbN,24,27, IcA,26,27, CcA,22,27, FcA,24,27, RBcA,25,27, RDcA,25,27, RTcA,25,27, RHcA,25,27, PcB,25,27, ScB,25,27, BcB,25,27, DcB,25,27, TcB,25,27, HcB,25,27, PcC,25,27, ScC,25,27, BcC,25,27, DcC,25,27, TcC,25,27, HcC,25,27, IcD,26,27, CcD,23,27, FcD,24,27, RBcD,26,27, RDcD,26,27, RTcD,26,27, RHcD,26,27, PcE,26,27, ScE,26,27, BcE,26,27, DcE,26,27, TcE,26,27, HcE,26,27, PcF,24,27, ScF,24,27, BcF,24,27, DcF,24,27, TcF,24,27, HcF,24,27, PcG,24,27, ScG,24,27, BcG,24,27, DcG,24,27, TcG,24,27, HcG,24,27, PcH,24,27, ScH,24,27, BcH,24,27, DcH,24,27, TcH,24,27, HcH,24,27, PcI,24,27, ScI,24,27, BcI,24,27, DcI,24,27, TcI,24,27, HcI,24,27, PcJ,24,27, ScJ,24,27, BcJ,24,27, DcJ,24,27, TcJ,24,27, HcJ,24,27, PcK,24,27, ScK,24,27, BcK,24,27, DcK,24,27, TcK,24,27, HcK,24,27, PcL,24,27, ScL,24,27, BcL,24,27, DcL,24,27, TcL,24,27, HcL,24,27, PcM,24,27, ScM,24,27, BcM,24,27, DcM,24,27, TcM,24,27, HcM,24,27, PcN,24,27, ScN,24,27, BcN,24,27, DcN,24,27, TcN,24,27, HcN,24,27, PdA,25,27, SdA,25,27, BdA,25,27, DdA,25,27, TdA,25,27, HdA,25,27, PdB,24,27, SdB,24,27, BdB,24,27, DdB,24,27, TdB,24,27, HdB,24,27, PdC,24,27, SdC,24,27, BdC,24,27, DdC,24,27, TdC,24,27, HdC,24,27, PdD,26,27, SdD,26,27, BdD,26,27, DdD,26,27, TdD,26,27, HdD,26,27, IdE,27,27, CdE,22,27, FdE,25,27, RPdE,25,27, RSdE,25,27, RDdE,25,27, RTdE,25,27, RHdE,25,27, PdF,25,27, SdF,25,27, BdF,25,27, DdF,25,27, TdF,25,27, HdF,25,27, PdG,24,27, SdG,24,27, BdG,24,27, DdG,24,27, TdG,24,27, HdG,24,27, PdH,24,27, SdH,24,27, BdH,24,27, DdH,24,27, TdH,24,27, HdH,24,27, PdI,24,27, SdI,24,27, BdI,24,27, DdI,24,27, TdI,24,27, HdI,24,27, PdJ,24,27, SdJ,24,27, BdJ,24,27, DdJ,24,27, TdJ,24,27, HdJ,24,27, PdK,24,27, SdK,24,27, BdK,24,27, DdK,24,27, TdK,24,27, HdK,24,27, PdL,24,27, SdL,24,27, BdL,24,27, DdL,24,27, TdL,24,27, HdL,24,27, PdM,24,27, SdM,24,27, BdM,24,27, DdM,24,27, TdM,24,27, HdM,24,27, PdN,24,27, SdN,24,27, BdN,24,27, DdN,24,27, TdN,24,27, HdN,24,27, PeA,24,27, SeA,24,27, BeA,24,27, DeA,24,27, TeA,24,27, HeA,24,27, PeB,24,27, SeB,24,27, BeB,24,27, DeB,24,27, TeB,24,27, HeB,24,27, PeC,24,27, SeC,24,27, BeC,24,27, DeC,24,27, TeC,24,27, HeC,24,27, PeD,25,27, SeD,25,27, BeD,25,27, DeD,25,27, TeD,25,27, HeD,25,27, PeE,25,27, SeE,25,27, BeE,25,27, DeE,25,27, TeE,25,27, HeE,25,27, PeF,24,27, SeF,24,27, BeF,24,27, DeF,24,27, TeF,24,27, HeF,24,27, PeG,24,27, SeG,24,27, BeG,24,27, DeG,24,27, TeG,24,27, HeG,24,27, PeH,24,27, SeH,24,27, BeH,24,27, DeH,24,27, TeH,24,27, HeH,24,27, PeI,24,27, SeI,24,27, BeI,24,27, DeI,24,27, TeI,24,27, HeI,24,27, PeJ,24,27, SeJ,24,27, BeJ,24,27, DeJ,24,27, TeJ,24,27, HeJ,24,27, PeK,24,27, SeK,24,27, BeK,24,27, DeK,24,27, TeK,24,27, HeK,24,27, PeL,24,27, SeL,24,27, BeL,24,27, DeL,24,27, TeL,24,27, HeL,24,27, PeM,24,27, SeM,24,27, BeM,24,27, DeM,24,27, TeM,24,27, HeM,24,27, PeN,24,27, SeN,24,27, BeN,24,27, DeN,24,27, TeN,24,27, HeN,24,27, PfA,24,27, SfA,24,27, BfA,24,27, DfA,24,27, TfA,24,27, HfA,24,27, PfB,24,27, SfB,24,27, BfB,24,27, DfB,24,27, TfB,24,27, HfB,24,27, PfC,25,27, SfC,25,27, BfC,25,27, DfC,25,27, TfC,25,27, HfC,25,27, IfD,25,27, CfD,21,29, FfD,24,27, RBfD,24,27, RDfD,24,27, RTfD,24,27, RHfD,24,27, CfE,24,26, FfE,23,30, PfF,24,27, SfF,24,27, BfF,24,27, DfF,24,27, TfF,24,27, HfF,24,27, PfG,24,27, SfG,24,27, BfG,24,27, DfG,24,27, TfG,24,27, HfG,24,27, PfH,24,27, SfH,24,27, BfH,24,27, DfH,24,27, TfH,24,27, HfH,24,27, PfI,24,27, SfI,24,27, BfI,24,27, DfI,24,27, TfI,24,27, HfI,24,27, PfJ,24,27, SfJ,24,27, BfJ,24,27, DfJ,24,27, TfJ,24,27, HfJ,24,27, PfK,25,27, SfK,25,27, BfK,25,27, DfK,25,27, TfK,25,27, HfK,25,27, PfL,24,27, SfL,24,27, BfL,24,27, DfL,24,27, TfL,24,27, HfL,24,27, PfM,24,27, SfM,24,27, BfM,24,27, DfM,24,27, TfM,24,27, HfM,24,27, PfN,24,27, SfN,24,27, BfN,24,27, DfN,24,27, TfN,24,27, HfN,24,27, PgA,24,27, SgA,24,27, BgA,24,27, DgA,24,27, TgA,24,27, HgA,24,27, PgB,24,27, SgB,24,27, BgB,24,27, DgB,24,27, TgB,24,27, HgB,24,27, PgC,24,27, SgC,24,27, BgC,24,27, DgC,24,27, TgC,24,27, HgC,24,27, IgD,26,27, CgD,24,19, FgD,23,28, PgE,24,27, SgE,24,27, BgE,24,27, DgE,24,27, TgE,24,27, HgE,24,27, PgF,24,27, SgF,24,27, BgF,24,27, DgF,24,27, TgF,24,27, HgF,24,27, PgG,25,27, SgG,25,27, BgG,25,27, DgG,25,27, TgG,25,27, HgG,25,27, PgH,24,27, SgH,24,27, BgH,24,27, DgH,24,27, TgH,24,27, HgH,24,27, IgI,27,27, CgI,23,26, FgI,23,28, PgJ,25,27, SgJ,25,27, BgJ,25,27, DgJ,25,27, TgJ,25,27, HgJ,25,27, IgK,26,27, CgK,22,28, FgK,26,27, RPgK,25,27, RSgK,25,27, RBgK,25,27, PgL,25,27, SgL,25,27, BgL,25,27, DgL,25,27, TgL,25,27, HgL,25,27, PgM,24,27, SgM,24,27, BgM,24,27, DgM,24,27, TgM,24,27, HgM,24,27, PgN,24,27, SgN,24,27, BgN,24,27, DgN,24,27, TgN,24,27, HgN,24,27, PhA,24,27, ShA,24,27, BhA,24,27, DhA,24,27, ThA,24,27, HhA,24,27, PhB,24,27, ShB,24,27, BhB,24,27, DhB,24,27, ThB,24,27, HhB,24,27, PhC,24,27, ShC,24,27, BhC,24,27, DhC,24,27, ThC,24,27, HhC,24,27, PhD,25,27, ShD,25,27, BhD,25,27, DhD,25,27, ThD,25,27, HhD,25,27, PhE,24,27, ShE,24,27, BhE,24,27, DhE,24,27, ThE,24,27, HhE,24,27, PhF,25,27, ShF,25,27, BhF,25,27, DhF,25,27, ThF,25,27, HhF,25,27, ChG,22,27, FhG,26,27, RPhG,25,27, RShG,25,27, RBhG,25,27, PhH,25,27, ShH,25,27, BhH,25,27, DhH,25,27, ThH,25,27, HhH,25,27, PhI,24,27, ShI,24,27, BhI,24,27, DhI,24,27, ThI,24,27, HhI,24,27, PhJ,24,27, ShJ,24,27, BhJ,24,27, DhJ,24,27, ThJ,24,27, HhJ,24,27, ChK,24,26, FhK,23,30, PhL,24,27, ShL,24,27, BhL,24,27, DhL,24,27, ThL,24,27, HhL,24,27, PhM,25,27, ShM,25,27, BhM,25,27, DhM,25,27, ThM,25,27, HhM,25,27, PhN,24,27, ShN,24,27, BhN,24,27, DhN,24,27, ThN,24,27, HhN,24,27, PiA,24,27, SiA,24,27, BiA,24,27, DiA,24,27, TiA,24,27, HiA,24,27, PiB,24,27, SiB,24,27, BiB,24,27, DiB,24,27, TiB,24,27, HiB,24,27, PiC,25,27, SiC,25,27, BiC,25,27, DiC,25,27, TiC,25,27, HiC,25,27, IiD,27,27, CiD,18,27, FiD,24,27, RBiD,21,27, RDiD,21,27, RTiD,21,27, RHiD,21,27, PiE,25,27, SiE,25,27, BiE,25,27, DiE,25,27, TiE,25,27, HiE,25,27, PiF,24,27, SiF,24,27, BiF,24,27, DiF,24,27, TiF,24,27, HiF,24,27, PiG,25,27, SiG,25,27, BiG,25,27, DiG,25,27, TiG,25,27, HiG,25,27, PiH,24,27, SiH,24,27, BiH,24,27, DiH,24,27, TiH,24,27, HiH,24,27, PiI,24,27, SiI,24,27, BiI,24,27, DiI,24,27, TiI,24,27, HiI,24,27, PiJ,24,27, SiJ,24,27, BiJ,24,27, DiJ,24,27, TiJ,24,27, HiJ,24,27, PiK,24,27, SiK,24,27, BiK,24,27, DiK,24,27, TiK,24,27, HiK,24,27, PiL,25,27, SiL,25,27, BiL,25,27, DiL,25,27, TiL,25,27, HiL,25,27, IiM,27,27, CiM,22,27, FiM,25,27, RPiM,25,27, RSiM,25,27, RDiM,25,27, RTiM,25,27, RHiM,25,27, PiN,25,27, SiN,25,27, BiN,25,27, DiN,25,27, TiN,25,27, HiN,25,27, PjA,24,27, SjA,24,27, BjA,24,27, DjA,24,27, TjA,24,27, HjA,24,27, PjB,24,27, SjB,24,27, BjB,24,27, DjB,24,27, TjB,24,27, HjB,24,27, CjC,23,26, FjC,23,30, PjD,25,27, SjD,25,27, BjD,25,27, DjD,25,27, TjD,25,27, HjD,25,27, PjE,24,27, SjE,24,27, BjE,24,27, DjE,24,27, TjE,24,27, HjE,24,27, PjF,24,27, SjF,24,27, BjF,24,27, DjF,24,27, TjF,24,27, HjF,24,27, PjG,24,27, SjG,24,27, BjG,24,27, DjG,24,27, TjG,24,27, HjG,24,27, PjH,24,27, SjH,24,27, BjH,24,27, DjH,24,27, TjH,24,27, HjH,24,27, IjI,26,27, CjI,24,23, FjI,23,29, PjJ,24,27, SjJ,24,27, BjJ,24,27, DjJ,24,27, TjJ,24,27, HjJ,24,27, PjK,24,27, SjK,24,27, BjK,24,27, DjK,24,27, TjK,24,27, HjK,24,27, PjL,24,27, SjL,24,27, BjL,24,27, DjL,24,27, TjL,24,27, HjL,24,27, PjM,25,27, SjM,25,27, BjM,25,27, DjM,25,27, TjM,25,27, HjM,25,27, PjN,24,27, SjN,24,27, BjN,24,27, DjN,24,27, TjN,24,27, HjN,24,27, PkA,24,27, SkA,24,27, BkA,24,27, DkA,24,27, TkA,24,27, HkA,24,27, PkB,24,27, SkB,24,27, BkB,24,27, DkB,24,27, TkB,24,27, HkB,24,27, PkC,24,27, SkC,24,27, BkC,24,27, DkC,24,27, TkC,24,27, HkC,24,27, PkD,24,27, SkD,24,27, BkD,24,27, DkD,24,27, TkD,24,27, HkD,24,27, PkE,24,27, SkE,24,27, BkE,24,27, DkE,24,27, TkE,24,27, HkE,24,27, PkF,24,27, SkF,24,27, BkF,24,27, DkF,24,27, TkF,24,27, HkF,24,27, PkG,24,27, SkG,24,27, BkG,24,27, DkG,24,27, TkG,24,27, HkG,24,27, PkH,25,27, SkH,25,27, BkH,25,27, DkH,25,27, TkH,25,27, HkH,25,27, IkI,25,27, CkI,21,28, FkI,24,27, RBkI,24,27, RDkI,24,27, RTkI,24,27, RHkI,24,27, PkJ,25,27, SkJ,25,27, BkJ,25,27, DkJ,25,27, TkJ,25,27, HkJ,25,27, PkK,24,27, SkK,24,27, BkK,24,27, DkK,24,27, TkK,24,27, HkK,24,27, PkL,25,27, SkL,25,27, BkL,25,27, DkL,25,27, TkL,25,27, HkL,25,27, PkM,24,27, SkM,24,27, BkM,24,27, DkM,24,27, TkM,24,27, HkM,24,27, PkN,24,27, SkN,24,27, BkN,24,27, DkN,24,27, TkN,24,27, HkN,24,27, PlA,24,27, SlA,24,27, BlA,24,27, DlA,24,27, TlA,24,27, HlA,24,27, PlB,24,27, SlB,24,27, BlB,24,27, DlB,24,27, TlB,24,27, HlB,24,27, PlC,24,27, SlC,24,27, BlC,24,27, DlC,24,27, TlC,24,27, HlC,24,27, PlD,24,27, SlD,24,27, BlD,24,27, DlD,24,27, TlD,24,27, HlD,24,27, PlE,24,27, SlE,24,27, BlE,24,27, DlE,24,27, TlE,24,27, HlE,24,27, PlF,24,27, SlF,24,27, BlF,24,27, DlF,24,27, TlF,24,27, HlF,24,27, PlG,24,27, SlG,24,27, BlG,24,27, DlG,24,27, TlG,24,27, HlG,24,27, PlH,25,27, SlH,25,27, BlH,25,27, DlH,25,27, TlH,25,27, HlH,25,27, IlI,26,27, ClI,20,27, FlI,24,27, RBlI,23,27, RDlI,23,27, RTlI,23,27, RHlI,23,27, PlJ,25,27, SlJ,25,27, BlJ,25,27, DlJ,25,27, TlJ,25,27, HlJ,25,27, PlK,25,27, SlK,25,27, BlK,25,27, DlK,25,27, TlK,25,27, HlK,25,27, IlL,27,27, ClL,22,27, FlL,24,27, RBlL,25,27, RDlL,25,27, RTlL,25,27, RHlL,25,27, PlM,25,27, SlM,25,27, BlM,25,27, DlM,25,27, TlM,25,27, HlM,25,27, PlN,24,27, SlN,24,27, BlN,24,27, DlN,24,27, TlN,24,27, HlN,24,27, PmA,24,27, SmA,24,27, BmA,24,27, DmA,24,27, TmA,24,27, HmA,24,27, PmB,24,27, SmB,24,27, BmB,24,27, DmB,24,27, TmB,24,27, HmB,24,27, PmC,24,27, SmC,24,27, BmC,24,27, DmC,24,27, TmC,24,27, HmC,24,27, PmD,24,27, SmD,24,27, BmD,24,27, DmD,24,27, TmD,24,27, HmD,24,27, PmE,24,27, SmE,24,27, BmE,24,27, DmE,24,27, TmE,24,27, HmE,24,27, PmF,24,27, SmF,24,27, BmF,24,27, DmF,24,27, TmF,24,27, HmF,24,27, PmG,24,27, SmG,24,27, BmG,24,27, DmG,24,27, TmG,24,27, HmG,24,27, PmH,24,27, SmH,24,27, BmH,24,27, DmH,24,27, TmH,24,27, HmH,24,27, PmI,25,27, SmI,25,27, BmI,25,27, DmI,25,27, TmI,25,27, HmI,25,27, PmJ,24,27, SmJ,24,27, BmJ,24,27, DmJ,24,27, TmJ,24,27, HmJ,24,27, PmK,24,27, SmK,24,27, BmK,24,27, DmK,24,27, TmK,24,27, HmK,24,27, PmL,25,27, SmL,25,27, BmL,25,27, DmL,25,27, TmL,25,27, HmL,25,27, PmM,24,27, SmM,24,27, BmM,24,27, DmM,24,27, TmM,24,27, HmM,24,27, PmN,24,27, SmN,24,27, BmN,24,27, DmN,24,27, TmN,24,27, HmN,24,27, PnA,24,27, SnA,24,27, BnA,24,27, DnA,24,27, TnA,24,27, HnA,24,27, PnB,24,27, SnB,24,27, BnB,24,27, DnB,24,27, TnB,24,27, HnB,24,27, PnC,24,27, SnC,24,27, BnC,24,27, DnC,24,27, TnC,24,27, HnC,24,27, PnD,24,27, SnD,24,27, BnD,24,27, DnD,24,27, TnD,24,27, HnD,24,27, PnE,24,27, SnE,24,27, BnE,24,27, DnE,24,27, TnE,24,27, HnE,24,27, CnF,23,26, FnF,23,30, PnG,24,27, SnG,24,27, BnG,24,27, DnG,24,27, TnG,24,27, HnG,24,27, PnH,24,27, SnH,24,27, BnH,24,27, DnH,24,27, TnH,24,27, HnH,24,27, InI,26,27, CnI,23,19, FnI,23,28, PnJ,24,27, SnJ,24,27, BnJ,24,27, DnJ,24,27, TnJ,24,27, HnJ,24,27, PnK,24,27, SnK,24,27, BnK,24,27, DnK,24,27, TnK,24,27, HnK,24,27, PnL,24,27, SnL,24,27, BnL,24,27, DnL,24,27, TnL,24,27, HnL,24,27, PnM,24,27, SnM,24,27, BnM,24,27, DnM,24,27, TnM,24,27, HnM,24,27, InN,25,27, CnN,23,26, FnN,23,30, O,16,22]
actionsPossibles : lancement le 01/12/2019 17:48:06.402
actionsPossibles : fin
[PaA,24,28, SaA,24,28, BaA,24,28, DaA,24,28, TaA,24,28, HaA,24,28, IaH,24,28, CaH,22,26, FaH,27,26, PaI,24,27, SaI,24,27, BaI,24,27, DaI,24,27, TaI,24,27, HaI,24,27, PaJ,24,27, SaJ,24,27, BaJ,24,27, DaJ,24,27, TaJ,24,27, HaJ,24,27, PaK,24,27, SaK,24,27, BaK,24,27, DaK,24,27, TaK,24,27, HaK,24,27, PaL,24,27, SaL,24,27, BaL,24,27, DaL,24,27, TaL,24,27, HaL,24,27, CaM,23,26, FaM,27,26, PaN,24,27, SaN,24,27, BaN,24,27, DaN,24,27, TaN,24,27, HaN,24,27, PbA,24,28, SbA,24,28, BbA,24,28, DbA,24,28, TbA,24,28, HbA,24,28, IbG,24,27, CbG,24,25, FbG,24,28, RPbG,24,29, RSbG,24,29, RDbG,24,29, RTbG,24,29, RHbG,24,29, PbH,24,29, SbH,24,29, BbH,24,29, DbH,24,29, TbH,24,29, HbH,24,29, PbI,24,27, SbI,24,27, BbI,24,27, DbI,24,27, TbI,24,27, HbI,24,27, PbJ,24,27, SbJ,24,27, BbJ,24,27, DbJ,24,27, TbJ,24,27, HbJ,24,27, PbK,24,27, SbK,24,27, BbK,24,27, DbK,24,27, TbK,24,27, HbK,24,27, IbL,24,30, CbL,23,26, FbL,26,26, PbM,24,27, SbM,24,27, BbM,24,27, DbM,24,27, TbM,24,27, HbM,24,27, PbN,24,27, SbN,24,27, BbN,24,27, DbN,24,27, TbN,24,27, HbN,24,27, PcA,24,28, ScA,24,28, BcA,24,28, DcA,24,28, TcA,24,28, HcA,24,28, IcD,24,26, CcD,24,24, FcD,24,28, RPcD,24,28, RScD,24,28, RDcD,24,28, RTcD,24,28, RHcD,24,28, CcF,24,26, FcF,24,29, RPcF,24,30, RScF,24,30, RBcF,24,30, CcG,24,25, FcG,24,29, RPcG,24,28, RScG,24,28, RBcG,24,28, IcH,24,29, CcH,24,26, FcH,24,29, RPcH,24,29, RScH,24,29, RBcH,24,29, PcI,24,28, ScI,24,28, BcI,24,28, DcI,24,28, TcI,24,28, HcI,24,28, PcJ,24,27, ScJ,24,27, BcJ,24,27, DcJ,24,27, TcJ,24,27, HcJ,24,27, PcK,24,27, ScK,24,27, BcK,24,27, DcK,24,27, TcK,24,27, HcK,24,27, PcL,24,27, ScL,24,27, BcL,24,27, DcL,24,27, TcL,24,27, HcL,24,27, PcM,24,27, ScM,24,27, BcM,24,27, DcM,24,27, TcM,24,27, HcM,24,27, PcN,24,27, ScN,24,27, BcN,24,27, DcN,24,27, TcN,24,27, HcN,24,27, PdA,24,28, SdA,24,28, BdA,24,28, DdA,24,28, TdA,24,28, HdA,24,28, PdC,24,28, SdC,24,28, BdC,24,28, DdC,24,28, TdC,24,28, HdC,24,28, IdF,24,28, CdF,24,24, FdF,24,27, RBdF,24,28, RDdF,24,28, RTdF,24,28, RHdF,24,28, PdG,24,25, SdG,24,25, BdG,24,25, DdG,24,25, TdG,24,25, HdG,24,25, PdH,24,28, SdH,24,28, BdH,24,28, DdH,24,28, TdH,24,28, HdH,24,28, PdI,24,27, SdI,24,27, BdI,24,27, DdI,24,27, TdI,24,27, HdI,24,27, PdJ,24,27, SdJ,24,27, BdJ,24,27, DdJ,24,27, TdJ,24,27, HdJ,24,27, PdK,24,27, SdK,24,27, BdK,24,27, DdK,24,27, TdK,24,27, HdK,24,27, PdL,24,27, SdL,24,27, BdL,24,27, DdL,24,27, TdL,24,27, HdL,24,27, PdM,24,27, SdM,24,27, BdM,24,27, DdM,24,27, TdM,24,27, HdM,24,27, PdN,24,27, SdN,24,27, BdN,24,27, DdN,24,27, TdN,24,27, HdN,24,27, PeA,24,27, SeA,24,27, BeA,24,27, DeA,24,27, TeA,24,27, HeA,24,27, PeB,24,28, SeB,24,28, BeB,24,28, DeB,24,28, TeB,24,28, HeB,24,28, PeC,24,28, SeC,24,28, BeC,24,28, DeC,24,28, TeC,24,28, HeC,24,28, IeD,24,28, CeD,22,26, FeD,26,26, PeF,24,29, SeF,24,29, BeF,24,29, DeF,24,29, TeF,24,29, HeF,24,29, PeG,24,27, SeG,24,27, BeG,24,27, DeG,24,27, TeG,24,27, HeG,24,27, PeH,24,27, SeH,24,27, BeH,24,27, DeH,24,27, TeH,24,27, HeH,24,27, PeI,24,27, SeI,24,27, BeI,24,27, DeI,24,27, TeI,24,27, HeI,24,27, PeJ,24,27, SeJ,24,27, BeJ,24,27, DeJ,24,27, TeJ,24,27, HeJ,24,27, PeK,24,27, SeK,24,27, BeK,24,27, DeK,24,27, TeK,24,27, HeK,24,27, IeL,24,30, CeL,23,26, FeL,25,26, PeM,24,27, SeM,24,27, BeM,24,27, DeM,24,27, TeM,24,27, HeM,24,27, PeN,24,27, SeN,24,27, BeN,24,27, DeN,24,27, TeN,24,27, HeN,24,27, IfA,24,29, CfA,23,26, FfA,27,26, PfB,24,28, SfB,24,28, BfB,24,28, DfB,24,28, TfB,24,28, HfB,24,28, IfC,24,30, CfC,24,25, FfC,24,29, RPfC,24,28, RSfC,24,28, RBfC,24,28, PfD,24,28, SfD,24,28, BfD,24,28, DfD,24,28, TfD,24,28, HfD,24,28, PfE,24,28, SfE,24,28, BfE,24,28, DfE,24,28, TfE,24,28, HfE,24,28, PfF,24,27, SfF,24,27, BfF,24,27, DfF,24,27, TfF,24,27, HfF,24,27, PfG,24,27, SfG,24,27, BfG,24,27, DfG,24,27, TfG,24,27, HfG,24,27, PfH,24,27, SfH,24,27, BfH,24,27, DfH,24,27, TfH,24,27, HfH,24,27, PfI,24,28, SfI,24,28, BfI,24,28, DfI,24,28, TfI,24,28, HfI,24,28, PfJ,24,27, SfJ,24,27, BfJ,24,27, DfJ,24,27, TfJ,24,27, HfJ,24,27, PfK,24,27, SfK,24,27, BfK,24,27, DfK,24,27, TfK,24,27, HfK,24,27, PfL,24,27, SfL,24,27, BfL,24,27, DfL,24,27, TfL,24,27, HfL,24,27, PfM,24,27, SfM,24,27, BfM,24,27, DfM,24,27, TfM,24,27, HfM,24,27, PfN,24,27, SfN,24,27, BfN,24,27, DfN,24,27, TfN,24,27, HfN,24,27, PgA,24,27, SgA,24,27, BgA,24,27, DgA,24,27, TgA,24,27, HgA,24,27, PgB,24,27, SgB,24,27, BgB,24,27, DgB,24,27, TgB,24,27, HgB,24,27, PgC,24,28, SgC,24,28, BgC,24,28, DgC,24,28, TgC,24,28, HgC,24,28, PgD,24,27, SgD,24,27, BgD,24,27, DgD,24,27, TgD,24,27, HgD,24,27, PgE,24,27, SgE,24,27, BgE,24,27, DgE,24,27, TgE,24,27, HgE,24,27, PgF,24,27, SgF,24,27, BgF,24,27, DgF,24,27, TgF,24,27, HgF,24,27, PgG,24,27, SgG,24,27, BgG,24,27, DgG,24,27, TgG,24,27, HgG,24,27, PgH,24,28, SgH,24,28, BgH,24,28, DgH,24,28, TgH,24,28, HgH,24,28, IgI,24,30, CgI,24,25, FgI,24,27, RBgI,24,28, RDgI,24,28, RTgI,24,28, RHgI,24,28, PgJ,24,28, SgJ,24,28, BgJ,24,28, DgJ,24,28, TgJ,24,28, HgJ,24,28, PgK,24,27, SgK,24,27, BgK,24,27, DgK,24,27, TgK,24,27, HgK,24,27, PgL,24,27, SgL,24,27, BgL,24,27, DgL,24,27, TgL,24,27, HgL,24,27, PgM,24,27, SgM,24,27, BgM,24,27, DgM,24,27, TgM,24,27, HgM,24,27, PgN,24,27, SgN,24,27, BgN,24,27, DgN,24,27, TgN,24,27, HgN,24,27, PhA,24,27, ShA,24,27, BhA,24,27, DhA,24,27, ThA,24,27, HhA,24,27, ChB,23,26, FhB,27,26, PhC,24,27, ShC,24,27, BhC,24,27, DhC,24,27, ThC,24,27, HhC,24,27, PhD,24,27, ShD,24,27, BhD,24,27, DhD,24,27, ThD,24,27, HhD,24,27, PhE,24,27, ShE,24,27, BhE,24,27, DhE,24,27, ThE,24,27, HhE,24,27, PhF,24,27, ShF,24,27, BhF,24,27, DhF,24,27, ThF,24,27, HhF,24,27, PhG,24,27, ShG,24,27, BhG,24,27, DhG,24,27, ThG,24,27, HhG,24,27, PhH,24,27, ShH,24,27, BhH,24,27, DhH,24,27, ThH,24,27, HhH,24,27, PhI,24,28, ShI,24,28, BhI,24,28, DhI,24,28, ThI,24,28, HhI,24,28, PhJ,24,27, ShJ,24,27, BhJ,24,27, DhJ,24,27, ThJ,24,27, HhJ,24,27, PhK,24,27, ShK,24,27, BhK,24,27, DhK,24,27, ThK,24,27, HhK,24,27, PhL,24,27, ShL,24,27, BhL,24,27, DhL,24,27, ThL,24,27, HhL,24,27, PhM,24,27, ShM,24,27, BhM,24,27, DhM,24,27, ThM,24,27, HhM,24,27, PhN,24,28, ShN,24,28, BhN,24,28, DhN,24,28, ThN,24,28, HhN,24,28, PiA,24,27, SiA,24,27, BiA,24,27, DiA,24,27, TiA,24,27, HiA,24,27, PiB,24,27, SiB,24,27, BiB,24,27, DiB,24,27, TiB,24,27, HiB,24,27, PiC,24,27, SiC,24,27, BiC,24,27, DiC,24,27, TiC,24,27, HiC,24,27, PiD,24,27, SiD,24,27, BiD,24,27, DiD,24,27, TiD,24,27, HiD,24,27, PiE,24,27, SiE,24,27, BiE,24,27, DiE,24,27, TiE,24,27, HiE,24,27, IiF,24,29, CiF,23,26, FiF,26,26, PiG,24,27, SiG,24,27, BiG,24,27, DiG,24,27, TiG,24,27, HiG,24,27, PiH,24,27, SiH,24,27, BiH,24,27, DiH,24,27, TiH,24,27, HiH,24,27, PiI,24,27, SiI,24,27, BiI,24,27, DiI,24,27, TiI,24,27, HiI,24,27, PiJ,24,28, SiJ,24,28, BiJ,24,28, DiJ,24,28, TiJ,24,28, HiJ,24,28, PiK,24,28, SiK,24,28, BiK,24,28, DiK,24,28, TiK,24,28, HiK,24,28, PiL,24,27, SiL,24,27, BiL,24,27, DiL,24,27, TiL,24,27, HiL,24,27, PiM,24,28, SiM,24,28, BiM,24,28, DiM,24,28, TiM,24,28, HiM,24,28, IiN,24,28, CiN,25,25, FiN,24,27, RBiN,24,28, RDiN,24,28, RTiN,24,28, RHiN,24,28, CjA,23,26, FjA,27,26, PjB,24,27, SjB,24,27, BjB,24,27, DjB,24,27, TjB,24,27, HjB,24,27, PjC,24,27, SjC,24,27, BjC,24,27, DjC,24,27, TjC,24,27, HjC,24,27, PjD,24,27, SjD,24,27, BjD,24,27, DjD,24,27, TjD,24,27, HjD,24,27, PjE,24,27, SjE,24,27, BjE,24,27, DjE,24,27, TjE,24,27, HjE,24,27, IjF,24,28, CjF,25,26, FjF,25,26, PjG,24,27, SjG,24,27, BjG,24,27, DjG,24,27, TjG,24,27, HjG,24,27, PjH,24,27, SjH,24,27, BjH,24,27, DjH,24,27, TjH,24,27, HjH,24,27, IjI,24,29, CjI,23,27, FjI,27,26, IjJ,24,28, CjJ,25,26, FjJ,24,27, RBjJ,24,29, RDjJ,24,29, RTjJ,24,29, RHjJ,24,29, IjK,24,29, CjK,24,25, FjK,24,27, RBjK,24,28, RDjK,24,28, RTjK,24,28, RHjK,24,28, PjL,24,28, SjL,24,28, BjL,24,28, DjL,24,28, TjL,24,28, HjL,24,28, PjM,24,27, SjM,24,27, BjM,24,27, DjM,24,27, TjM,24,27, HjM,24,27, IjN,24,27, CjN,23,28, FjN,26,26, PkA,24,27, SkA,24,27, BkA,24,27, DkA,24,27, TkA,24,27, HkA,24,27, PkB,24,27, SkB,24,27, BkB,24,27, DkB,24,27, TkB,24,27, HkB,24,27, PkC,24,27, SkC,24,27, BkC,24,27, DkC,24,27, TkC,24,27, HkC,24,27, PkD,24,27, SkD,24,27, BkD,24,27, DkD,24,27, TkD,24,27, HkD,24,27, PkE,24,27, SkE,24,27, BkE,24,27, DkE,24,27, TkE,24,27, HkE,24,27, IkF,24,28, CkF,24,27, FkF,25,26, PkG,24,27, SkG,24,27, BkG,24,27, DkG,24,27, TkG,24,27, HkG,24,27, PkH,24,28, SkH,24,28, BkH,24,28, DkH,24,28, TkH,24,28, HkH,24,28, PkI,24,27, SkI,24,27, BkI,24,27, DkI,24,27, TkI,24,27, HkI,24,27, PkJ,24,28, SkJ,24,28, BkJ,24,28, DkJ,24,28, TkJ,24,28, HkJ,24,28, PkK,24,28, SkK,24,28, BkK,24,28, DkK,24,28, TkK,24,28, HkK,24,28, PkL,24,28, SkL,24,28, BkL,24,28, DkL,24,28, TkL,24,28, HkL,24,28, PkM,24,28, SkM,24,28, BkM,24,28, DkM,24,28, TkM,24,28, HkM,24,28, IkN,24,28, CkN,25,25, FkN,24,27, RBkN,24,28, RDkN,24,28, RTkN,24,28, RHkN,24,28, PlA,24,27, SlA,24,27, BlA,24,27, DlA,24,27, TlA,24,27, HlA,24,27, PlB,24,27, SlB,24,27, BlB,24,27, DlB,24,27, TlB,24,27, HlB,24,27, PlC,24,27, SlC,24,27, BlC,24,27, DlC,24,27, TlC,24,27, HlC,24,27, PlD,24,27, SlD,24,27, BlD,24,27, DlD,24,27, TlD,24,27, HlD,24,27, IlE,24,29, ClE,23,27, FlE,25,26, IlF,24,26, ClF,28,25, FlF,24,27, RBlF,24,28, RDlF,24,28, RTlF,24,28, RHlF,24,28, IlG,24,28, ClG,23,28, FlG,25,26, ClH,25,25, FlH,24,29, RPlH,24,28, RSlH,24,28, RBlH,24,28, PlI,24,28, SlI,24,28, BlI,24,28, DlI,24,28, TlI,24,28, HlI,24,28, PlJ,24,27, SlJ,24,27, BlJ,24,27, DlJ,24,27, TlJ,24,27, HlJ,24,27, ClK,23,27, FlK,27,26, IlL,24,29, ClL,25,23, FlL,24,27, RBlL,24,26, RDlL,24,26, RTlL,24,26, RHlL,24,26, PlM,24,28, SlM,24,28, BlM,24,28, DlM,24,28, TlM,24,28, HlM,24,28, PlN,24,28, SlN,24,28, BlN,24,28, DlN,24,28, TlN,24,28, HlN,24,28, PmA,24,27, SmA,24,27, BmA,24,27, DmA,24,27, TmA,24,27, HmA,24,27, PmB,24,27, SmB,24,27, BmB,24,27, DmB,24,27, TmB,24,27, HmB,24,27, PmC,24,27, SmC,24,27, BmC,24,27, DmC,24,27, TmC,24,27, HmC,24,27, PmD,24,27, SmD,24,27, BmD,24,27, DmD,24,27, TmD,24,27, HmD,24,27, PmE,24,27, SmE,24,27, BmE,24,27, DmE,24,27, TmE,24,27, HmE,24,27, ImF,24,29, CmF,23,27, FmF,25,26, PmG,24,27, SmG,24,27, BmG,24,27, DmG,24,27, TmG,24,27, HmG,24,27, PmH,24,28, SmH,24,28, BmH,24,28, DmH,24,28, TmH,24,28, HmH,24,28, CmI,24,26, FmI,27,26, PmJ,24,27, SmJ,24,27, BmJ,24,27, DmJ,24,27, TmJ,24,27, HmJ,24,27, PmK,24,27, SmK,24,27, BmK,24,27, DmK,24,27, TmK,24,27, HmK,24,27, PmL,24,28, SmL,24,28, BmL,24,28, DmL,24,28, TmL,24,28, HmL,24,28, PmM,24,27, SmM,24,27, BmM,24,27, DmM,24,27, TmM,24,27, HmM,24,27, PmN,24,27, SmN,24,27, BmN,24,27, DmN,24,27, TmN,24,27, HmN,24,27, PnA,24,27, SnA,24,27, BnA,24,27, DnA,24,27, TnA,24,27, HnA,24,27, PnB,24,27, SnB,24,27, BnB,24,27, DnB,24,27, TnB,24,27, HnB,24,27, PnC,24,27, SnC,24,27, BnC,24,27, DnC,24,27, TnC,24,27, HnC,24,27, InD,24,29, CnD,23,26, FnD,27,26, PnE,24,27, SnE,24,27, BnE,24,27, DnE,24,27, TnE,24,27, HnE,24,27, PnF,24,27, SnF,24,27, BnF,24,27, DnF,24,27, TnF,24,27, HnF,24,27, PnG,24,27, SnG,24,27, BnG,24,27, DnG,24,27, TnG,24,27, HnG,24,27, PnH,24,27, SnH,24,27, BnH,24,27, DnH,24,27, TnH,24,27, HnH,24,27, InI,24,28, CnI,23,26, FnI,25,26, PnJ,24,27, SnJ,24,27, BnJ,24,27, DnJ,24,27, TnJ,24,27, HnJ,24,27, PnK,24,27, SnK,24,27, BnK,24,27, DnK,24,27, TnK,24,27, HnK,24,27, PnL,24,27, SnL,24,27, BnL,24,27, DnL,24,27, TnL,24,27, HnL,24,27, PnM,24,27, SnM,24,27, BnM,24,27, DnM,24,27, TnM,24,27, HnM,24,27, PnN,24,27, SnN,24,27, BnN,24,27, DnN,24,27, TnN,24,27, HnN,24,27, O,24,25]
]]></system-out>
  <system-err><![CDATA[]]></system-err>
</testsuite>
