<?xml version="1.0" encoding="UTF-8" ?>
<testsuite errors="0" failures="0" hostname="MSI" name="biosphere7.JoueurBiosphere7Test" skipped="0" tests="3" time="0.263" timestamp="2019-11-30T18:03:56">
  <properties>
    <property name="" value="======" />
    <property name="libs.javaee-api-6.0.classpath" value="C:\NetBeans\netbeans\enterprise\modules\ext\javaee-api-6.0.jar" />
    <property name="libs.spring-framework300.classpath" value="C:\NetBeans\netbeans\ide\modules\org-apache-commons-logging.jar;C:\NetBeans\netbeans\java\modules\ext\cglib-2.2.jar;C:\NetBeans\netbeans\java\modules\ext\spring-3.0\spring-aop-3.2.7.RELEASE.jar;C:\NetBeans\netbeans\java\modules\ext\spring-3.0\spring-aspects-3.2.7.RELEASE.jar;C:\NetBeans\netbeans\java\modules\ext\spring-3.0\spring-beans-3.2.7.RELEASE.jar;C:\NetBeans\netbeans\java\modules\ext\spring-3.0\spring-build-src-3.2.7.RELEASE.jar;C:\NetBeans\netbeans\java\modules\ext\spring-3.0\spring-context-3.2.7.RELEASE.jar;C:\NetBeans\netbeans\java\modules\ext\spring-3.0\spring-context-support-3.2.7.RELEASE.jar;C:\NetBeans\netbeans\java\modules\ext\spring-3.0\spring-core-3.2.7.RELEASE.jar;C:\NetBeans\netbeans\java\modules\ext\spring-3.0\spring-expression-3.2.7.RELEASE.jar;C:\NetBeans\netbeans\java\modules\ext\spring-3.0\spring-framework-bom-3.2.7.RELEASE.jar;C:\NetBeans\netbeans\java\modules\ext\spring-3.0\spring-instrument-3.2.7.RELEASE.jar;C:\NetBeans\netbeans\java\modules\ext\spring-3.0\spring-instrument-tomcat-3.2.7.RELEASE.jar;C:\NetBeans\netbeans\java\modules\ext\spring-3.0\spring-jdbc-3.2.7.RELEASE.jar;C:\NetBeans\netbeans\java\modules\ext\spring-3.0\spring-jms-3.2.7.RELEASE.jar;C:\NetBeans\netbeans\java\modules\ext\spring-3.0\spring-orm-3.2.7.RELEASE.jar;C:\NetBeans\netbeans\java\modules\ext\spring-3.0\spring-oxm-3.2.7.RELEASE.jar;C:\NetBeans\netbeans\java\modules\ext\spring-3.0\spring-struts-3.2.7.RELEASE.jar;C:\NetBeans\netbeans\java\modules\ext\spring-3.0\spring-test-3.2.7.RELEASE.jar;C:\NetBeans\netbeans\java\modules\ext\spring-3.0\spring-tx-3.2.7.RELEASE.jar;C:\NetBeans\netbeans\java\modules\ext\spring-3.0\spring-web-3.2.7.RELEASE.jar;C:\NetBeans\netbeans\java\modules\ext\spring-3.0\spring-webmvc-3.2.7.RELEASE.jar;C:\NetBeans\netbeans\java\modules\ext\spring-3.0\spring-webmvc-portlet-3.2.7.RELEASE.jar" />
    <property name="javac.test.classpath" value=":build/classes:C:\NetBeans\netbeans\platform\modules\ext\hamcrest-core-1.3.jar:C:\NetBeans\netbeans\platform\modules\ext\junit-4.12.jar" />
    <property name="javac.includesfile.binary" value="C:\Users\Zail3\Desktop\Biosphere\biosphere7\biosphere7\null1500468690" />
    <property name="java.specification.version" value="13" />
    <property name="libs.javaee-api-7.0.classpath" value="C:\NetBeans\netbeans\enterprise\modules\ext\javaee-api-7.0.jar" />
    <property name="sun.cpu.isalist" value="amd64" />
    <property name="libs.restapi.maven-pom" value="" />
    <property name="jar.index.metainf" value="false" />
    <property name="javadoc.preview" value="true" />
    <property name="do.depend" value="false" />
    <property name="libs.spring-webmvc4.0.javadoc" value="" />
    <property name="libs.spring-framework400.classpath" value="C:\NetBeans\netbeans\ide\modules\org-apache-commons-logging.jar;C:\NetBeans\netbeans\java\modules\ext\cglib-2.2.jar;C:\NetBeans\netbeans\java\modules\ext\spring-4\spring-aop-4.0.1.RELEASE.jar;C:\NetBeans\netbeans\java\modules\ext\spring-4\spring-aspects-4.0.1.RELEASE.jar;C:\NetBeans\netbeans\java\modules\ext\spring-4\spring-beans-4.0.1.RELEASE.jar;C:\NetBeans\netbeans\java\modules\ext\spring-4\spring-build-src-4.0.1.RELEASE.jar;C:\NetBeans\netbeans\java\modules\ext\spring-4\spring-context-4.0.1.RELEASE.jar;C:\NetBeans\netbeans\java\modules\ext\spring-4\spring-context-support-4.0.1.RELEASE.jar;C:\NetBeans\netbeans\java\modules\ext\spring-4\spring-core-4.0.1.RELEASE.jar;C:\NetBeans\netbeans\java\modules\ext\spring-4\spring-expression-4.0.1.RELEASE.jar;C:\NetBeans\netbeans\java\modules\ext\spring-4\spring-framework-bom-4.0.1.RELEASE.jar;C:\NetBeans\netbeans\java\modules\ext\spring-4\spring-instrument-4.0.1.RELEASE.jar;C:\NetBeans\netbeans\java\modules\ext\spring-4\spring-instrument-tomcat-4.0.1.RELEASE.jar;C:\NetBeans\netbeans\java\modules\ext\spring-4\spring-jdbc-4.0.1.RELEASE.jar;C:\NetBeans\netbeans\java\modules\ext\spring-4\spring-jms-4.0.1.RELEASE.jar;C:\NetBeans\netbeans\java\modules\ext\spring-4\spring-messaging-4.0.1.RELEASE.jar;C:\NetBeans\netbeans\java\modules\ext\spring-4\spring-orm-4.0.1.RELEASE.jar;C:\NetBeans\netbeans\java\modules\ext\spring-4\spring-oxm-4.0.1.RELEASE.jar;C:\NetBeans\netbeans\java\modules\ext\spring-4\spring-test-4.0.1.RELEASE.jar;C:\NetBeans\netbeans\java\modules\ext\spring-4\spring-tx-4.0.1.RELEASE.jar;C:\NetBeans\netbeans\java\modules\ext\spring-4\spring-web-4.0.1.RELEASE.jar;C:\NetBeans\netbeans\java\modules\ext\spring-4\spring-webmvc-4.0.1.RELEASE.jar;C:\NetBeans\netbeans\java\modules\ext\spring-4\spring-webmvc-portlet-4.0.1.RELEASE.jar;C:\NetBeans\netbeans\java\modules\ext\spring-4\spring-websocket-4.0.1.RELEASE.jar" />
    <property name="test.binaryincludes" value="&lt;nothing&gt;" />
    <property name="sun.arch.data.model" value="64" />
    <property name="nb.show.statistics.ui" value="usageStatisticsEnabled" />
    <property name="libs.javaee-endorsed-api-7.0.src" value="" />
    <property name="debug-transport" value="dt_shmem" />
    <property name="libs.javaee-web-api-8.0.src" value="" />
    <property name="java.vendor.url" value="https://java.oracle.com/" />
    <property name="annotation.processing.enabled" value="true" />
    <property name="libs.junit_5.src" value="C:\NetBeans\netbeans\platform\docs\junit-jupiter-api-5.3.1-sources.jar;C:\NetBeans\netbeans\platform\docs\junit-jupiter-params-5.3.1-sources.jar;C:\NetBeans\netbeans\platform\docs\junit-jupiter-engine-5.3.1-sources.jar" />
    <property name="libs.jaxb.classpath" value="C:\NetBeans\netbeans\ide\modules\ext\jaxb\jaxb-impl-2.2.5-2.jar;C:\NetBeans\netbeans\ide\modules\ext\jaxb\jaxb-xjc-2.2.5-2.jar;C:\NetBeans\netbeans\ide\modules\ext\jaxb\jaxb1-impl-2.2.5-2.jar;C:\NetBeans\netbeans\ide\modules\ext\jaxb\activation.jar;C:\NetBeans\netbeans\ide\modules\ext\jaxb\api\jaxb-api.jar" />
    <property name="debug.modulepath" value="" />
    <property name="libs.eclipselink.javadoc" value="" />
    <property name="libs.jsp-compilation.src" value="" />
    <property name="libs.javaee-api-8.0.classpath" value="C:\NetBeans\netbeans\enterprise\modules\ext\javaee-api-8.0.jar" />
    <property name="libs.JWSAntTasks.javadoc" value="" />
    <property name="sun.boot.library.path" value="C:\Program Files\Java\jdk-13.0.1\bin" />
    <property name="libs.CopyLibs.src" value="" />
    <property name="sun.java.command" value="org.apache.tools.ant.taskdefs.optional.junit.JUnitTestRunner biosphere7.JoueurBiosphere7Test skipNonTests=false filtertrace=true haltOnError=false haltOnFailure=false showoutput=true outputtoformatters=true logfailedtests=true threadid=0 logtestlistenerevents=true formatter=org.apache.tools.ant.taskdefs.optional.junit.BriefJUnitResultFormatter formatter=org.apache.tools.ant.taskdefs.optional.junit.XMLJUnitResultFormatter,C:\Users\Zail3\Desktop\Biosphere\biosphere7\biosphere7\build\test\results\TEST-biosphere7.JoueurBiosphere7Test.xml crashfile=C:\Users\Zail3\Desktop\Biosphere\biosphere7\biosphere7\build\junitvmwatcher6540489086804454304.properties propsfile=C:\Users\Zail3\Desktop\Biosphere\biosphere7\biosphere7\build\junit16222287037020422707.properties" />
    <property name="jdk.debug" value="release" />
    <property name="libs.spring-framework300.src" value="" />
    <property name="java.specification.vendor" value="Oracle Corporation" />
    <property name="javac.source" value="1.8" />
    <property name="javadoc.use" value="true" />
    <property name="libs.javac-api.maven-pom" value="" />
    <property name="java.version.date" value="2019-10-15" />
    <property name="javadoc.notree" value="false" />
    <property name="java.home" value="C:\Program Files\Java\jdk-13.0.1" />
    <property name="basedir" value="C:\Users\Zail3\Desktop\Biosphere\biosphere7\biosphere7" />
    <property name="application.vendor" value="ogauwin" />
    <property name="work.dir" value="C:\Users\Zail3\Desktop\Biosphere\biosphere7\biosphere7" />
    <property name="javac.test.compilerargs" value="" />
    <property name="jna.boot.library.name" value="jnidispatch-nb" />
    <property name="java.vm.specification.vendor" value="Oracle Corporation" />
    <property name="java.specification.name" value="Java Platform API Specification" />
    <property name="libs.PostgreSQLDriver.classpath" value="C:\NetBeans\netbeans\ide\modules\ext\postgresql-42.2.5.jar" />
    <property name="libs.javac-api.javadoc" value="" />
    <property name="libs.spring-webmvc3.0.javadoc" value="" />
    <property name="libs.JAXB-ENDORSED.src" value="" />
    <property name="libs.jsf20.classpath" value="C:\NetBeans\netbeans\enterprise\modules\ext\jsf-2_2\javax.faces.jar" />
    <property name="netbeans.extbrowser.manual_chrome_plugin_install" value="yes" />
    <property name="user.script" value="" />
    <property name="manifest.encoding" value="UTF-8" />
    <property name="netbeans.default_userdir_root" value="C:\Users\Zail3\AppData\Roaming\NetBeans" />
    <property name="sun.management.compiler" value="HotSpot 64-Bit Tiered Compilers" />
    <property name="libs.spring-framework400.src" value="" />
    <property name="libs.jsp-compilation-syscp.src" value="" />
    <property name="jdk.home" value="C:\Program Files\Java\jdk-13.0.1" />
    <property name="run.test.modulepath" value="" />
    <property name="java.runtime.version" value="13.0.1+9" />
    <property name="libs.maven-dependencies.src" value="" />
    <property name="libs.eclipselink.maven-pom" value="" />
    <property name="libs.javaee-web-api-6.0.classpath" value="C:\NetBeans\netbeans\enterprise\modules\ext\javaee-web-api-6.0.jar" />
    <property name="libs.jsp-compiler.javadoc" value="" />
    <property name="libs.metro.maven-pom" value="" />
    <property name="libs.JAXB-ENDORSED.javadoc" value="" />
    <property name="debug.test.modulepath" value="" />
    <property name="libs.javaee-web-api-7.0.classpath" value="C:\NetBeans\netbeans\enterprise\modules\ext\javaee-web-api-7.0.jar" />
    <property name="file.encoding" value="Cp1252" />
    <property name="sun.java2d.noddraw" value="true" />
    <property name="sun.zip.disableMemoryMapping" value="true" />
    <property name="java.util.logging.config.class" value="org.netbeans.core.startup.TopLogging" />
    <property name="libs.maven-dependencies.maven-pom" value="" />
    <property name="jnidispatch.path" value="C:\Users\Zail3\AppData\Local\Temp\jna-86110921\jna17104285048891386160.dll" />
    <property name="libs.jsf12.src" value="" />
    <property name="libs.primefaces.javadoc" value="" />
    <property name="libs.jsp-compilation.javadoc" value="" />
    <property name="https.nonProxyHosts" value="localhost|127.0.0.1|MSI" />
    <property name="libs.restlib.javadoc" value="" />
    <property name="libs.groovy-all.maven-pom" value="" />
    <property name="libs.restapi.src" value="" />
    <property name="libs.junit_5.javadoc" value="C:\NetBeans\netbeans\platform\docs\junit-jupiter-api-5.3.1-javadoc.jar;C:\NetBeans\netbeans\platform\docs\junit-jupiter-params-5.3.1-javadoc.jar;C:\NetBeans\netbeans\platform\docs\junit-jupiter-engine-5.3.1-javadoc.jar" />
    <property name="libs.absolutelayout.classpath" value="C:\NetBeans\netbeans\java\modules\ext\AbsoluteLayout.jar" />
    <property name="dist.archive.excludes" value="" />
    <property name="java.io.tmpdir" value="C:\Users\Zail3\AppData\Local\Temp\" />
    <property name="do.archive" value="true" />
    <property name="java.version" value="13.0.1" />
    <property name="libs.struts.maven-pom" value="" />
    <property name="java.vm.specification.name" value="Java Virtual Machine Specification" />
    <property name="built-jar.properties" value="C:\Users\Zail3\Desktop\Biosphere\biosphere7\biosphere7\build\built-jar.properties" />
    <property name="nb.native.filechooser" value="false" />
    <property name="libs.testng.src" value="" />
    <property name="platform.active" value="default_platform" />
    <property name="ant.file.type.Biosphere7" value="file" />
    <property name="java.library.path" value="C:\Program Files\Java\jdk-13.0.1\bin;C:\WINDOWS\Sun\Java\bin;C:\WINDOWS\system32;C:\WINDOWS;C:\ProgramData\Oracle\Java\javapath;C:\Program Files (x86)\Common Files\Intel\Shared Libraries\redist\intel64\compiler;C:\Program Files (x86)\Intel\iCLS Client\;C:\Program Files\Intel\iCLS Client\;C:\Windows\system32;C:\Windows;C:\Windows\System32\Wbem;C:\Windows\System32\WindowsPowerShell\v1.0\;C:\Program Files (x86)\NVIDIA Corporation\PhysX\Common;C:\Program Files (x86)\Intel\Intel(R) Management Engine Components\DAL;C:\Program Files\Intel\Intel(R) Management Engine Components\DAL;C:\Program Files (x86)\Intel\Intel(R) Management Engine Components\IPT;C:\Program Files\Intel\Intel(R) Management Engine Components\IPT;&quot;C:\WINDOWS\system32;C:\Python&quot;;C:\WINDOWS;C:\WINDOWS\System32\Wbem;C:\WINDOWS\System32\WindowsPowerShell\v1.0\;C:\WINDOWS\System32\OpenSSH\;C:\Users\Zail3\AppData\Local\Programs\Python\Python37-32;C:\WINDOWS\system32;C:\Program Files\Git\cmd;C:\Users\Zail3\AppData\Roaming\Dashlane\6.1907.0.17833\bin\Firefox_Extension\{442718d9-475e-452a-b3e1-fb1ee16b8e9f}\components;C:\Users\Zail3\AppData\Roaming\Dashlane\6.1907.0.17833\ucrt;C:\Users\Zail3\AppData\Roaming\Dashlane\6.1907.0.17833\bin\Qt;C:\Users\Zail3\AppData\Roaming\Dashlane\6.1907.0.17833\bin\Ssl;C:\Users\Zail3\AppData\Local\Microsoft\WindowsApps;C:\Users\Zail3\AppData\Local\GitHubDesktop\bin;C:\Users\Zail3\AppData\Local\Programs\Microsoft VS Code\bin;." />
    <property name="libs.javaee-web-api-8.0.classpath" value="C:\NetBeans\netbeans\enterprise\modules\ext\javaee-web-api-8.0.jar" />
    <property name="libs.hamcrest.src" value="" />
    <property name="java.vendor" value="Oracle Corporation" />
    <property name="manifest.file" value="manifest.mf" />
    <property name="libs.groovy-all.src" value="" />
    <property name="libs.testng.javadoc" value="C:\NetBeans\netbeans\platform\docs\testng-6.8.1-javadoc.zip" />
    <property name="meta.inf.dir" value="src/META-INF" />
    <property name="sun.io.unicode.encoding" value="UnicodeLittle" />
    <property name="libs.testng.maven-pom" value="" />
    <property name="&lt;&lt;&lt;&lt;&lt;&lt;&lt;" value="HEAD" />
    <property name="libs.struts.javadoc" value="C:\NetBeans\netbeans\enterprise\docs\struts-1.3.10-javadoc.zip" />
    <property name="org.openide.version" value="deprecated" />
    <property name="default.javac.source" value="13" />
    <property name="test.includes" value="biosphere7/JoueurBiosphere7Test.java" />
    <property name="netbeans.dynamic.classpath" value="C:\NetBeans\netbeans\platform\core\asm-all-5.0.1.jar;C:\NetBeans\netbeans\platform\core\core-base.jar;C:\NetBeans\netbeans\platform\core\core.jar;C:\NetBeans\netbeans\platform\core\org-netbeans-libs-asm.jar;C:\NetBeans\netbeans\platform\core\org-openide-filesystems-compat8.jar;C:\NetBeans\netbeans\platform\core\org-openide-filesystems.jar;C:\NetBeans\netbeans\nb\core\org-netbeans-upgrader.jar;C:\NetBeans\netbeans\nb\core\locale\core_nb.jar" />
    <property name="libs.javaee-web-api-8.0.javadoc" value="C:\NetBeans\netbeans\enterprise\docs\javaee-doc-api.jar" />
    <property name="run.classpath" value=":build/classes" />
    <property name="libs.jaxb.src" value="" />
    <property name="libs.eclipselinkmodelgen.classpath" value="C:\NetBeans\netbeans\java\modules\ext\eclipselink\org.eclipse.persistence.jpa.modelgen.processor-2.5.2.jar" />
    <property name="sun.awt.enableExtraMouseButtons" value="true" />
    <property name="test.src.dir" value="test" />
    <property name="org.openide.major.version" value="IDE/1" />
    <property name="libs.spring-framework300.javadoc" value="" />
    <property name="netbeans.buildnumber" value="11.2-d04fb24027334c4b6fd8397b5d0cdd33187a8f54" />
    <property name="ap.proc.none.internal" value="" />
    <property name="endorsed.classpath.cmd.line.arg" value="" />
    <property name="org.openide.specification.version" value="6.2" />
    <property name="user.timezone" value="Europe/Paris" />
    <property name="libs.jpa20-persistence.maven-pom" value="" />
    <property name="jar.index" value="false" />
    <property name="libs.jpa20-persistence.classpath" value="C:\NetBeans\netbeans\java\modules\ext\eclipselink\javax.persistence-2.1.0.jar" />
    <property name="libs.eclipselinkmodelgen.javadoc" value="" />
    <property name="os.name" value="Windows 10" />
    <property name="libs.CopyLibs.maven-pom" value="" />
    <property name="libs.junit_5.classpath" value="C:\NetBeans\netbeans\platform\modules\ext\junit-jupiter-api-5.3.1.jar;C:\NetBeans\netbeans\platform\modules\ext\junit-jupiter-params-5.3.1.jar;C:\NetBeans\netbeans\platform\modules\ext\junit-jupiter-engine-5.3.1.jar" />
    <property name="java.vm.specification.version" value="13" />
    <property name="build.sysclasspath" value="ignore" />
    <property name="javadoc.noindex" value="false" />
    <property name="jdkBug6558476" value="false" />
    <property name="javadoc.private" value="false" />
    <property name="libs.spring-webmvc4.0.maven-pom" value="" />
    <property name="ant.file.type.Biosphere7-impl" value="file" />
    <property name="javadoc.author" value="false" />
    <property name="http.nonProxyHosts" value="localhost|127.0.0.1|MSI" />
    <property name="main.class" value="" />
    <property name="libs.JAXB-ENDORSED.maven-pom" value="" />
    <property name="libs.jsp-compilation-syscp.javadoc" value="" />
    <property name="user.home" value="C:\Users\Zail3" />
    <property name="source.encoding" value="UTF-8" />
    <property name="libs.eclipselinkmodelgen.maven-pom" value="" />
    <property name="jar.compress" value="false" />
    <property name="have.sources" value="true" />
    <property name="libs.javaee-api-7.0.javadoc" value="C:\NetBeans\netbeans\enterprise\docs\javaee-doc-api.jar" />
    <property name="annotation.processing.processors.list" value="" />
    <property name="javac.deprecation" value="false" />
    <property name="jlink.launcher" value="false" />
    <property name="libs.jsf20.maven-pom" value="" />
    <property name="libs.restlib.classpath" value="C:\NetBeans\netbeans\enterprise\modules\ext\jersey2\ext\asm-all-repackaged-2.2.0-b21.jar;C:\NetBeans\netbeans\enterprise\modules\ext\jersey2\ext\cglib-2.2.0-b21.jar;C:\NetBeans\netbeans\enterprise\modules\ext\jersey2\ext\guava-14.0.1.jar;C:\NetBeans\netbeans\enterprise\modules\ext\jersey2\ext\hk2-api-2.2.0-b21.jar;C:\NetBeans\netbeans\enterprise\modules\ext\jersey2\ext\hk2-locator-2.2.0-b21.jar;C:\NetBeans\netbeans\enterprise\modules\ext\jersey2\ext\hk2-utils-2.2.0-b21.jar;C:\NetBeans\netbeans\enterprise\modules\ext\jersey2\ext\javax.annotation-api-1.2.jar;C:\NetBeans\netbeans\enterprise\modules\ext\jersey2\ext\javax.inject-2.2.0-b21.jar;C:\NetBeans\netbeans\enterprise\modules\ext\jersey2\ext\javax.servlet-api-3.0.1.jar;C:\NetBeans\netbeans\enterprise\modules\ext\jersey2\ext\jaxb-api-2.2.7.jar;C:\NetBeans\netbeans\enterprise\modules\ext\jersey2\ext\jersey-entity-filtering-2.5.1.jar;C:\NetBeans\netbeans\enterprise\modules\ext\jersey2\ext\jersey-media-moxy-2.5.1.jar;C:\NetBeans\netbeans\enterprise\modules\ext\jersey2\ext\org.osgi.core-4.2.0.jar;C:\NetBeans\netbeans\enterprise\modules\ext\jersey2\ext\osgi-resource-locator-1.0.1.jar;C:\NetBeans\netbeans\enterprise\modules\ext\jersey2\ext\persistence-api-1.0.jar;C:\NetBeans\netbeans\enterprise\modules\ext\jersey2\ext\validation-api-1.1.0.Final.jar;C:\NetBeans\netbeans\enterprise\modules\ext\jersey2\jersey-client.jar;C:\NetBeans\netbeans\enterprise\modules\ext\jersey2\jersey-common.jar;C:\NetBeans\netbeans\enterprise\modules\ext\jersey2\jersey-container-servlet.jar;C:\NetBeans\netbeans\enterprise\modules\ext\jersey2\jersey-container-servlet-core.jar;C:\NetBeans\netbeans\enterprise\modules\ext\jersey2\jersey-server.jar" />
    <property name="build.generated.sources.dir" value="build/generated-sources" />
    <property name="apple.awt.graphics.UseQuartz" value="true" />
    <property name="plugin.manager.check.updates" value="false" />
    <property name="run.jvmargs" value="" />
    <property name="libs.primefaces.src" value="" />
    <property name="netbeans.autoupdate.language" value="fr" />
    <property name="build.compiler.emacs" value="true" />
    <property name="libs.eclipselinkmodelgen.src" value="" />
    <property name="build.classes.excludes" value="**/*.java,**/*.form" />
    <property name="dist.jar" value="dist/Biosphere7.jar" />
    <property name="ant.file" value="C:\Users\Zail3\Desktop\Biosphere\biosphere7\biosphere7\build.xml" />
    <property name="libs.struts.src" value="" />
    <property name="libs.spring-webmvc4.0.classpath" value="C:\NetBeans\netbeans\java\modules\ext\spring-4\spring-webmvc-4.0.1.RELEASE.jar" />
    <property name="path.separator" value=";" />
    <property name="libs.javaee-endorsed-api-7.0.javadoc" value="C:\NetBeans\netbeans\enterprise\docs\javaee-doc-api.jar" />
    <property name="os.version" value="10.0" />
    <property name="libs.JAXB-ENDORSED.classpath" value="C:\NetBeans\netbeans\ide\modules\ext\jaxb\api\jaxb-api.jar" />
    <property name="netbeans.home" value="C:\NetBeans\netbeans\platform" />
    <property name="libs.restlib.src" value="" />
    <property name="libs.CopyLibs.javadoc" value="" />
    <property name="debug-transport-by-os" value="dt_shmem" />
    <property name="build.test.results.dir" value="build/test/results" />
    <property name="libs.jsf20.src" value="" />
    <property name="libs.javaee-api-8.0.javadoc" value="C:\NetBeans\netbeans\enterprise\docs\javaee-doc-api.jar" />
    <property name="libs.jaxws21.javadoc" value="C:\NetBeans\netbeans\java\docs\jaxws-api-doc.zip" />
    <property name="libs.spring-framework400.maven-pom" value="" />
    <property name="ap.processors.internal" value="" />
    <property name="java.vm.name" value="Java HotSpot(TM) 64-Bit Server VM" />
    <property name="libs.jstl.javadoc" value="C:\NetBeans\netbeans\enterprise\docs\javaee-doc-api.jar" />
    <property name="libs.javaee-endorsed-api-7.0.maven-pom" value="" />
    <property name="libs.jsf12.classpath" value="C:\NetBeans\netbeans\enterprise\modules\ext\jsf-1_2\jsf-api.jar;C:\NetBeans\netbeans\enterprise\modules\ext\jsf-1_2\jsf-impl.jar" />
    <property name="libs.jaxws21.classpath" value="C:\NetBeans\netbeans\java\modules\ext\jaxws22\FastInfoset.jar;C:\NetBeans\netbeans\java\modules\ext\jaxws22\gmbal-api-only.jar;C:\NetBeans\netbeans\java\modules\ext\jaxws22\ha-api.jar;C:\NetBeans\netbeans\java\modules\ext\jaxws22\javax.mail_1.4.jar;C:\NetBeans\netbeans\java\modules\ext\jaxws22\jaxws-rt.jar;C:\NetBeans\netbeans\java\modules\ext\jaxws22\jaxws-tools.jar;C:\NetBeans\netbeans\java\modules\ext\jaxws22\management-api.jar;C:\NetBeans\netbeans\java\modules\ext\jaxws22\mimepull.jar;C:\NetBeans\netbeans\java\modules\ext\jaxws22\policy.jar;C:\NetBeans\netbeans\java\modules\ext\jaxws22\saaj-impl.jar;C:\NetBeans\netbeans\java\modules\ext\jaxws22\stax-ex.jar;C:\NetBeans\netbeans\java\modules\ext\jaxws22\stax2-api.jar;C:\NetBeans\netbeans\java\modules\ext\jaxws22\streambuffer.jar;C:\NetBeans\netbeans\java\modules\ext\jaxws22\woodstox-core-asl.jar;C:\NetBeans\netbeans\java\modules\ext\jaxws22\api\jaxws-api.jar;C:\NetBeans\netbeans\java\modules\ext\jaxws22\api\jsr181-api.jar;C:\NetBeans\netbeans\java\modules\ext\jaxws22\api\javax.annotation.jar;C:\NetBeans\netbeans\java\modules\ext\jaxws22\api\saaj-api.jar;C:\NetBeans\netbeans\ide\modules\ext\jaxb\activation.jar;C:\NetBeans\netbeans\ide\modules\ext\jaxb\api\jaxb-api.jar" />
    <property name="libs.restapi.classpath" value="C:\NetBeans\netbeans\enterprise\modules\ext\jaxrs-2.0\javax.ws.rs-api-2.0.jar" />
    <property name="os.arch" value="amd64" />
    <property name="libs.spring-framework400.javadoc" value="" />
    <property name="libs.hamcrest.javadoc" value="" />
    <property name="build.generated.dir" value="build/generated" />
    <property name="libs.javac-api.src" value="" />
    <property name="ant.file.Biosphere7-impl" value="C:\Users\Zail3\Desktop\Biosphere\biosphere7\biosphere7\nbproject\build-impl.xml" />
    <property name="libs.groovy-all.javadoc" value="" />
    <property name="libs.javaee-web-api-7.0.javadoc" value="C:\NetBeans\netbeans\enterprise\docs\javaee-doc-api.jar" />
    <property name="java.vm.info" value="mixed mode, sharing" />
    <property name="libs.primefaces.classpath" value="C:\NetBeans\netbeans\enterprise\modules\ext\primefaces\primefaces-5.0.jar" />
    <property name="libs.jaxws21.maven-pom" value="" />
    <property name="run.test.classpath" value=":build/classes:C:\NetBeans\netbeans\platform\modules\ext\hamcrest-core-1.3.jar:C:\NetBeans\netbeans\platform\modules\ext\junit-4.12.jar:build/test/classes" />
    <property name="libs.jsf12.maven-pom" value="" />
    <property name="libs.javaee-endorsed-api-7.0.classpath" value="C:\NetBeans\netbeans\enterprise\modules\ext\javaee7-endorsed\javax.annotation-api.jar;C:\NetBeans\netbeans\enterprise\modules\ext\javaee7-endorsed\javax.xml.soap-api.jar;C:\NetBeans\netbeans\enterprise\modules\ext\javaee7-endorsed\jaxb-api-osgi.jar;C:\NetBeans\netbeans\enterprise\modules\ext\javaee7-endorsed\jaxws-api.jar;C:\NetBeans\netbeans\enterprise\modules\ext\javaee7-endorsed\jsr181-api.jar" />
    <property name="java.class.version" value="57.0" />
    <property name="javadoc.encoding.used" value="UTF-8" />
    <property name="src.dir" value="src" />
    <property name="org.netbeans.io.suspend" value="0" />
    <property name="libs.primefaces.maven-pom" value="" />
    <property name="debug.classpath" value=":build/classes" />
    <property name="ant.project.default-target" value="default" />
    <property name="excludes" value="" />
    <property name="libs.javaee-api-7.0.src" value="" />
    <property name="ant.project.name" value="Biosphere7" />
    <property name="dist.javadoc.dir" value="dist/javadoc" />
    <property name="sun.jnu.encoding" value="Cp1252" />
    <property name="run.test.jvmargs" value="" />
    <property name="libs.junit_4.javadoc" value="C:\NetBeans\netbeans\platform\docs\junit-4.12-javadoc.jar" />
    <property name="default.javac.target" value="13" />
    <property name="javac.fork" value="true" />
    <property name="libs.spring-webmvc4.0.src" value="" />
    <property name="sun.java2d.dpiaware" value="true" />
    <property name="libs.eclipselink.classpath" value="C:\NetBeans\netbeans\java\modules\ext\eclipselink\org.eclipse.persistence.core-2.5.2.jar;C:\NetBeans\netbeans\java\modules\ext\eclipselink\org.eclipse.persistence.asm-2.5.2.jar;C:\NetBeans\netbeans\java\modules\ext\eclipselink\org.eclipse.persistence.antlr-2.5.2.jar;C:\NetBeans\netbeans\java\modules\ext\eclipselink\org.eclipse.persistence.jpa-2.5.2.jar;C:\NetBeans\netbeans\java\modules\ext\eclipselink\org.eclipse.persistence.jpa.jpql-2.5.2.jar;C:\NetBeans\netbeans\java\modules\ext\eclipselink\javax.persistence-2.1.0.jar" />
    <property name="libs.javac-api.classpath" value="" />
    <property name="libs.jsf20.javadoc" value="C:\NetBeans\netbeans\enterprise\docs\javaee-doc-api.jar" />
    <property name="libs.struts.classpath" value="C:\NetBeans\netbeans\enterprise\modules\ext\struts\antlr-2.7.2.jar;C:\NetBeans\netbeans\enterprise\modules\ext\struts\bsf-2.3.0.jar;C:\NetBeans\netbeans\enterprise\modules\ext\struts\commons-beanutils-1.8.0.jar;C:\NetBeans\netbeans\enterprise\modules\ext\struts\commons-chain-1.2.jar;C:\NetBeans\netbeans\enterprise\modules\ext\struts\commons-digester-1.8.jar;C:\NetBeans\netbeans\enterprise\modules\ext\struts\commons-fileupload-1.1.1.jar;C:\NetBeans\netbeans\enterprise\modules\ext\struts\commons-io-1.1.jar;C:\NetBeans\netbeans\enterprise\modules\ext\struts\commons-logging-1.0.4.jar;C:\NetBeans\netbeans\enterprise\modules\ext\struts\commons-validator-1.3.1.jar;C:\NetBeans\netbeans\enterprise\modules\ext\struts\jstl-1.0.2.jar;C:\NetBeans\netbeans\enterprise\modules\ext\struts\oro-2.0.8.jar;C:\NetBeans\netbeans\enterprise\modules\ext\struts\standard-1.0.6.jar;C:\NetBeans\netbeans\enterprise\modules\ext\struts\struts-core-1.3.10.jar;C:\NetBeans\netbeans\enterprise\modules\ext\struts\struts-el-1.3.10.jar;C:\NetBeans\netbeans\enterprise\modules\ext\struts\struts-extras-1.3.10.jar;C:\NetBeans\netbeans\enterprise\modules\ext\struts\struts-faces-1.3.10.jar;C:\NetBeans\netbeans\enterprise\modules\ext\struts\struts-mailreader-dao-1.3.10.jar;C:\NetBeans\netbeans\enterprise\modules\ext\struts\struts-scripting-1.3.10.jar;C:\NetBeans\netbeans\enterprise\modules\ext\struts\struts-taglib-1.3.10.jar;C:\NetBeans\netbeans\enterprise\modules\ext\struts\struts-tiles-1.3.10.jar" />
    <property name="netbeans.importclass" value="org.netbeans.upgrade.AutoUpgrade" />
    <property name="libs.PostgreSQLDriver.maven-pom" value="" />
    <property name="libs.absolutelayout.src" value="" />
    <property name="netbeans.autoupdate.version" value="1.23" />
    <property name="empty.dir" value="C:\Users\Zail3\Desktop\Biosphere\biosphere7\biosphere7\build\empty" />
    <property name="testng.mode" value="testng" />
    <property name="annotation.processing.enabled.in.editor" value="false" />
    <property name="netbeans.user" value="C:\Users\Zail3\AppData\Roaming\NetBeans\11.2" />
    <property name="javac.includes.binary" value="C:\Users\Zail3\Desktop\Biosphere\biosphere7\biosphere7\build\test\classes\biosphere7\JoueurBiosphere7Test.class" />
    <property name="file.separator" value="\" />
    <property name="java.vm.compressedOopsMode" value="32-bit" />
    <property name="line.separator" value="&#xd;&#xa;" />
    <property name="javadoc.additionalparam" value="" />
    <property name="jdk.lang.Process.allowAmbiguousCommands" value="true" />
    <property name="netbeans.productversion" value="Apache NetBeans IDE 11.2" />
    <property name="libs.restlib.maven-pom" value="" />
    <property name="javac.debug" value="true" />
    <property name="libs.testng.classpath" value="C:\NetBeans\netbeans\platform\modules\ext\testng-6.8.1-dist.jar" />
    <property name="mkdist.disabled" value="false" />
    <property name="libs.jsp-compiler.src" value="" />
    <property name="libs.javaee-web-api-6.0.javadoc" value="C:\NetBeans\netbeans\enterprise\docs\javaee-doc-api.jar" />
    <property name="user.name" value="Zail3" />
    <property name="build.classes.dir" value="build/classes" />
    <property name="libs.maven-dependencies.javadoc" value="C:\NetBeans\netbeans\enterprise\docs\javaee-doc-api.jar" />
    <property name="nb.junit.single" value="false" />
    <property name="javadoc.windowtitle" value="" />
    <property name="nb.internal.action.name" value="test.single" />
    <property name="libs.javaee-api-7.0.maven-pom" value="" />
    <property name="libs.groovy-all.classpath" value="C:\NetBeans\netbeans\groovy\modules\ext\groovy.jar;C:\NetBeans\netbeans\groovy\modules\ext\groovy-ant.jar" />
    <property name="libs.javaee-api-8.0.maven-pom" value="" />
    <property name="libs.absolutelayout.javadoc" value="" />
    <property name="libs.jaxws21.src" value="" />
    <property name="libs.jaxb.maven-pom" value="" />
    <property name="libs.maven-dependencies.classpath" value="C:\NetBeans\netbeans\enterprise\modules\ext\javaee6-endorsed\javax.annotation.jar;C:\NetBeans\netbeans\enterprise\modules\ext\javaee6-endorsed\jaxb-api-osgi.jar;C:\NetBeans\netbeans\enterprise\modules\ext\javaee6-endorsed\webservices-api-osgi.jar" />
    <property name="annotation.processing.processor.options" value="" />
    <property name="libs.javaee-api-6.0.maven-pom" value="" />
    <property name="dist.dir" value="dist" />
    <property name="jna.loaded" value="true" />
    <property name="build.dir" value="build" />
    <property name="netbeans.autoupdate.variant" value="" />
    <property name="libs.junit_5.maven-pom" value="" />
    <property name="libs.jpa20-persistence.javadoc" value="" />
    <property name="javadoc.version" value="false" />
    <property name="libs.metro.classpath" value="C:\NetBeans\netbeans\ide\modules\ext\jaxb\activation.jar;C:\NetBeans\netbeans\enterprise\modules\ext\metro\webservices-api.jar;C:\NetBeans\netbeans\enterprise\modules\ext\metro\webservices-extra-api.jar;C:\NetBeans\netbeans\enterprise\modules\ext\metro\webservices-extra.jar;C:\NetBeans\netbeans\enterprise\modules\ext\metro\webservices-rt.jar;C:\NetBeans\netbeans\enterprise\modules\ext\metro\webservices-tools.jar" />
    <property name="libs.metro.src" value="" />
    <property name="ant.junit.enabletestlistenerevents" value="true" />
    <property name="libs.JWSAntTasks.src" value="" />
    <property name="libs.CopyLibs.classpath" value="C:\NetBeans\netbeans\java\ant\extra\org-netbeans-modules-java-j2seproject-copylibstask.jar" />
    <property name="libs.spring-webmvc3.0.src" value="" />
    <property name="ant.home" value="C:\NetBeans\netbeans\extide\ant" />
    <property name="have.tests" value="true" />
    <property name="sun.os.patch.level" value="" />
    <property name="debug.test.classpath" value=":build/classes:C:\NetBeans\netbeans\platform\modules\ext\hamcrest-core-1.3.jar:C:\NetBeans\netbeans\platform\modules\ext\junit-4.12.jar:build/test/classes" />
    <property name="javac.external.vm" value="true" />
    <property name="testng.debug.mode" value="" />
    <property name="javac.target" value="1.8" />
    <property name="ant.version" value="Apache Ant(TM) version 1.10.4 compiled on June 19 2018" />
    <property name="libs.absolutelayout.maven-pom" value="" />
    <property name="javadoc.html5" value="false" />
    <property name="javac.test.processorpath" value=":build/classes:C:\NetBeans\netbeans\platform\modules\ext\hamcrest-core-1.3.jar:C:\NetBeans\netbeans\platform\modules\ext\junit-4.12.jar" />
    <property name="jdk.gtk.version" value="2.2" />
    <property name="libs.javaee-web-api-7.0.maven-pom" value="" />
    <property name="java.failonerror" value="true" />
    <property name="libs.javaee-web-api-8.0.maven-pom" value="" />
    <property name="netbeans.dirs" value="C:\NetBeans\netbeans\nb;C:\NetBeans\netbeans\ergonomics;C:\NetBeans\netbeans\ide;C:\NetBeans\netbeans\extide;C:\NetBeans\netbeans\java;C:\NetBeans\netbeans\apisupport;C:\NetBeans\netbeans\webcommon;C:\NetBeans\netbeans\websvccommon;C:\NetBeans\netbeans\enterprise;C:\NetBeans\netbeans\mobility;C:\NetBeans\netbeans\profiler;C:\NetBeans\netbeans\python;C:\NetBeans\netbeans\php;C:\NetBeans\netbeans\identity;C:\NetBeans\netbeans\harness;C:\NetBeans\netbeans\cnd;C:\NetBeans\netbeans\cndext;C:\NetBeans\netbeans\dlight;C:\NetBeans\netbeans\groovy;C:\NetBeans\netbeans\extra;C:\NetBeans\netbeans\javacard;C:\NetBeans\netbeans\javafx" />
    <property name="javac.modulepath" value="" />
    <property name="user.properties.file" value="C:\Users\Zail3\AppData\Roaming\NetBeans\11.2\build.properties" />
    <property name="libs.javaee-api-6.0.src" value="" />
    <property name="javac.includes" value="biosphere7/JoueurBiosphere7Test.java" />
    <property name="libs.hamcrest.maven-pom" value="" />
    <property name="netbeans.autoupdate.country" value="FR" />
    <property name="javac.processorpath" value="" />
    <property name="java.class.path" value="C:\Users\Zail3\Desktop\Biosphere\biosphere7\biosphere7\build\classes;C:\NetBeans\netbeans\platform\modules\ext\hamcrest-core-1.3.jar;C:\NetBeans\netbeans\platform\modules\ext\junit-4.12.jar;C:\Users\Zail3\Desktop\Biosphere\biosphere7\biosphere7\build\test\classes;C:\NetBeans\netbeans\extide\ant\lib\ant-launcher.jar;C:\NetBeans\netbeans\extide\ant\lib\ant.jar;C:\NetBeans\netbeans\extide\ant\lib\ant-junit.jar;C:\NetBeans\netbeans\extide\ant\lib\ant-junit4.jar" />
    <property name="libs.javaee-api-6.0.javadoc" value="C:\NetBeans\netbeans\enterprise\docs\javaee-doc-api.jar" />
    <property name="libs.javaee-web-api-6.0.maven-pom" value="" />
    <property name="libs.JWSAntTasks.maven-pom" value="" />
    <property name="java.vm.vendor" value="Oracle Corporation" />
    <property name="ap.supported.internal" value="true" />
    <property name="ant.file.Biosphere7" value="C:\Users\Zail3\Desktop\Biosphere\biosphere7\biosphere7\build.xml" />
    <property name="user.variant" value="" />
    <property name="netbeans.home+have.tests" value="true" />
    <property name="run.modulepath" value="" />
    <property name="test.binaryexcludes" value="" />
    <property name="do.archive+manifest.available" value="true" />
    <property name="javac.compilerargs" value="" />
    <property name="apple.laf.useScreenMenuBar" value="true" />
    <property name="libs.jstl.maven-pom" value="" />
    <property name="user.country" value="FR" />
    <property name="sun.java.launcher" value="SUN_STANDARD" />
    <property name="libs.restapi.javadoc" value="" />
    <property name="libs.jpa20-persistence.src" value="" />
    <property name="endorsed.classpath" value="" />
    <property name="javac.test.sourcepath" value="C:\Users\Zail3\Desktop\Biosphere\biosphere7\biosphere7\build\empty" />
    <property name="sun.cpu.endian" value="little" />
    <property name="libs.spring-webmvc3.0.maven-pom" value="" />
    <property name="libs.junit_4.src" value="C:\NetBeans\netbeans\platform\docs\junit-4.12-sources.jar" />
    <property name="user.language" value="fr" />
    <property name="copylibs.rebase" value="true" />
    <property name="libs.javaee-web-api-6.0.src" value="" />
    <property name="includes" value="**" />
    <property name="javadoc.nonavbar" value="false" />
    <property name="libs.javaee-api-8.0.src" value="" />
    <property name="ant.java.version" value="13" />
    <property name="libs.junit_4.classpath" value="C:\NetBeans\netbeans\platform\modules\ext\junit-4.12.jar" />
    <property name="libs.jsf12.javadoc" value="C:\NetBeans\netbeans\enterprise\docs\javaee-doc-api.jar" />
    <property name="libs.hamcrest.classpath" value="C:\NetBeans\netbeans\platform\modules\ext\hamcrest-core-1.3.jar" />
    <property name="jlink.launcher.name" value="Biosphere7" />
    <property name="javadoc.splitindex" value="true" />
    <property name="libs.JWSAntTasks.classpath" value="C:\NetBeans\netbeans\java\ant\extra\org-netbeans-modules-javawebstart-anttasks.jar" />
    <property name="junit.available" value="true" />
    <property name="test.binarytestincludes" value="" />
    <property name="sun.awt.keepWorkingSetOnMinimize" value="true" />
    <property name="libs.junit_4.maven-pom" value="" />
    <property name="javac.processormodulepath" value="" />
    <property name="libs.jsp-compiler.maven-pom" value="" />
    <property name="runtime.encoding" value="UTF-8" />
    <property name="javadoc.encoding" value="UTF-8" />
    <property name="javac.classpath" value="" />
    <property name="libs.jsp-compilation-syscp.maven-pom" value="" />
    <property name="netbeans.hash.code" value="unique=098e71342-7bec-4219-9269-288f3c193489_8b59b28b-6b8a-4158-bd5e-8232fa660db2" />
    <property name="libs.jstl.src" value="" />
    <property name="nb.junit.batch" value="true" />
    <property name="libs.spring-webmvc3.0.classpath" value="C:\NetBeans\netbeans\java\modules\ext\spring-3.0\spring-webmvc-3.2.7.RELEASE.jar" />
    <property name="build.test.classes.dir" value="build/test/classes" />
    <property name="java.runtime.name" value="Java(TM) SE Runtime Environment" />
    <property name="manifest.available" value="true" />
    <property name="libs.jaxb.javadoc" value="C:\NetBeans\netbeans\ide\docs\jaxb-api-2.2.5-javadoc.jar" />
    <property name="libs.spring-framework300.maven-pom" value="" />
    <property name="ant.project.invoked-targets" value="test-single" />
    <property name="run.jvmargs.ide" value="" />
    <property name="libs.jstl.classpath" value="C:\NetBeans\netbeans\enterprise\modules\ext\jstl-impl.jar;C:\NetBeans\netbeans\enterprise\modules\ext\jstl-api.jar" />
    <property name="ap.cmd.line.internal" value="" />
    <property name="libs.PostgreSQLDriver.src" value="" />
    <property name="ant.core.lib" value="C:\NetBeans\netbeans\extide\ant\lib\ant.jar" />
    <property name="java.vendor.url.bug" value="https://bugreport.java.com/bugreport/" />
    <property name="annotation.processing.source.output" value="build/generated-sources/ap-source-output" />
    <property name="libs.jsp-compilation.maven-pom" value="" />
    <property name="javac.profile.cmd.line.arg" value="" />
    <property name="user.dir" value="C:\Users\Zail3\Desktop\Biosphere\biosphere7\biosphere7" />
    <property name="platform.java" value="C:\Program Files\Java\jdk-13.0.1/bin/java" />
    <property name="&gt;&gt;&gt;&gt;&gt;&gt;&gt;" value="parent of b17c21e... erreur" />
    <property name="application.title" value="Biosphere7" />
    <property name="application.args" value="" />
    <property name="ignore.failing.tests" value="true" />
    <property name="javac.test.modulepath" value="" />
    <property name="org.xml.sax.driver" value="com.sun.org.apache.xerces.internal.jaxp.SAXParserImpl$JAXPSAXParser" />
    <property name="libs.PostgreSQLDriver.javadoc" value="" />
    <property name="libs.eclipselink.src" value="" />
    <property name="libs.jsp-compilation-syscp.classpath" value="C:\NetBeans\netbeans\extide\ant\lib\ant.jar;C:\NetBeans\netbeans\enterprise\modules\ext\servlet3.1-jsp2.3-api.jar;C:\NetBeans\netbeans\enterprise\modules\ext\glassfish-jspparser-4.0.jar;C:\NetBeans\netbeans\enterprise\modules\ext\jstl-impl.jar;C:\NetBeans\netbeans\enterprise\modules\ext\jsf-2_2\javax.faces.jar" />
    <property name="libs.jsp-compilation.classpath" value="C:\NetBeans\netbeans\extide\ant\lib\ant.jar;C:\NetBeans\netbeans\enterprise\modules\ext\servlet3.1-jsp2.3-api.jar;C:\NetBeans\netbeans\enterprise\modules\ext\glassfish-jspparser-4.0.jar;C:\NetBeans\netbeans\enterprise\modules\ext\jsf-2_2\javax.faces.jar;C:\NetBeans\netbeans\enterprise\modules\ext\jstl-api.jar;C:\NetBeans\netbeans\extide\ant\lib\ant-launcher.jar" />
    <property name="java.vm.version" value="13.0.1+9" />
    <property name="libs.metro.javadoc" value="C:\NetBeans\netbeans\enterprise\docs\webservices-api-javadoc.jar;C:\NetBeans\netbeans\enterprise\docs\webservices-extra-javadoc.jar;C:\NetBeans\netbeans\enterprise\docs\webservices-extra-api-javadoc.jar;C:\NetBeans\netbeans\enterprise\docs\webservices-rt-javadoc.jar;C:\NetBeans\netbeans\enterprise\docs\webservices-tools-javadoc.jar" />
    <property name="sun.awt.datatransfer.timeout" value="1000" />
    <property name="test.class" value="biosphere7.JoueurBiosphere7Test" />
    <property name="libs.javaee-web-api-7.0.src" value="" />
    <property name="junit.forkmode" value="perTest" />
    <property name="libs.jsp-compiler.classpath" value="C:\NetBeans\netbeans\enterprise\ant\extra\jspcompile.jar" />
    <property name="annotation.processing.run.all.processors" value="true" />
  </properties>
  <testcase classname="biosphere7.JoueurBiosphere7Test" name="testAjoutActionCouper" time="0.0" />
  <testcase classname="biosphere7.JoueurBiosphere7Test" name="testAjoutActionPommier" time="0.0" />
  <testcase classname="biosphere7.JoueurBiosphere7Test" name="testActionsPossibles" time="0.147" />
  <system-out><![CDATA[actionsPossibles : lancement le 30/11/2019 19:03:56.923
actionsPossibles : fin
actionsPossibles : lancement le 30/11/2019 19:03:56.923
actionsPossibles : fin
actionsPossibles : lancement le 30/11/2019 19:03:56.938
0
0
0
0
0
actionsPossibles : fin
actionsPossibles : lancement le 30/11/2019 19:03:56.938
actionsPossibles : fin
actionsPossibles : lancement le 30/11/2019 19:03:56.938
actionsPossibles : fin
[PaA,13,6, SaA,13,6, BaA,13,6, DaA,13,6, TaA,13,6, HaA,13,6, PaB,13,6, SaB,13,6, BaB,13,6, DaB,13,6, TaB,13,6, HaB,13,6, PaC,13,6, SaC,13,6, BaC,13,6, DaC,13,6, TaC,13,6, HaC,13,6, PaD,13,6, SaD,13,6, BaD,13,6, DaD,13,6, TaD,13,6, HaD,13,6, PaE,13,6, SaE,13,6, BaE,13,6, DaE,13,6, TaE,13,6, HaE,13,6, PaF,13,6, SaF,13,6, BaF,13,6, DaF,13,6, TaF,13,6, HaF,13,6, PaG,13,6, SaG,13,6, BaG,13,6, DaG,13,6, TaG,13,6, HaG,13,6, PaH,13,6, SaH,13,6, BaH,13,6, DaH,13,6, TaH,13,6, HaH,13,6, PaI,13,6, SaI,13,6, BaI,13,6, DaI,13,6, TaI,13,6, HaI,13,6, PaJ,13,6, SaJ,13,6, BaJ,13,6, DaJ,13,6, TaJ,13,6, HaJ,13,6, PaK,13,6, SaK,13,6, BaK,13,6, DaK,13,6, TaK,13,6, HaK,13,6, PaL,13,7, SaL,13,7, BaL,13,7, DaL,13,7, TaL,13,7, HaL,13,7, IaM,13,8, CaM,13,4, FaM,13,6, PaN,13,7, SaN,13,7, BaN,13,7, DaN,13,7, TaN,13,7, HaN,13,7, PbA,13,6, SbA,13,6, BbA,13,6, DbA,13,6, TbA,13,6, HbA,13,6, PbB,13,6, SbB,13,6, BbB,13,6, DbB,13,6, TbB,13,6, HbB,13,6, PbC,13,6, SbC,13,6, BbC,13,6, DbC,13,6, TbC,13,6, HbC,13,6, PbD,13,6, SbD,13,6, BbD,13,6, DbD,13,6, TbD,13,6, HbD,13,6, PbE,13,6, SbE,13,6, BbE,13,6, DbE,13,6, TbE,13,6, HbE,13,6, PbF,13,6, SbF,13,6, BbF,13,6, DbF,13,6, TbF,13,6, HbF,13,6, PbG,13,6, SbG,13,6, BbG,13,6, DbG,13,6, TbG,13,6, HbG,13,6, PbH,13,6, SbH,13,6, BbH,13,6, DbH,13,6, TbH,13,6, HbH,13,6, PbI,13,6, SbI,13,6, BbI,13,6, DbI,13,6, TbI,13,6, HbI,13,6, PbJ,13,6, SbJ,13,6, BbJ,13,6, DbJ,13,6, TbJ,13,6, HbJ,13,6, PbK,13,6, SbK,13,6, BbK,13,6, DbK,13,6, TbK,13,6, HbK,13,6, PbL,13,6, SbL,13,6, BbL,13,6, DbL,13,6, TbL,13,6, HbL,13,6, PbM,13,7, SbM,13,7, BbM,13,7, DbM,13,7, TbM,13,7, HbM,13,7, PbN,13,6, SbN,13,6, BbN,13,6, DbN,13,6, TbN,13,6, HbN,13,6, PcA,13,6, ScA,13,6, BcA,13,6, DcA,13,6, TcA,13,6, HcA,13,6, PcB,13,6, ScB,13,6, BcB,13,6, DcB,13,6, TcB,13,6, HcB,13,6, PcC,13,6, ScC,13,6, BcC,13,6, DcC,13,6, TcC,13,6, HcC,13,6, PcD,13,6, ScD,13,6, BcD,13,6, DcD,13,6, TcD,13,6, HcD,13,6, PcE,13,6, ScE,13,6, BcE,13,6, DcE,13,6, TcE,13,6, HcE,13,6, PcF,13,6, ScF,13,6, BcF,13,6, DcF,13,6, TcF,13,6, HcF,13,6, PcG,13,6, ScG,13,6, BcG,13,6, DcG,13,6, TcG,13,6, HcG,13,6, PcH,13,6, ScH,13,6, BcH,13,6, DcH,13,6, TcH,13,6, HcH,13,6, PcI,13,6, ScI,13,6, BcI,13,6, DcI,13,6, TcI,13,6, HcI,13,6, PcJ,13,6, ScJ,13,6, BcJ,13,6, DcJ,13,6, TcJ,13,6, HcJ,13,6, PcK,13,6, ScK,13,6, BcK,13,6, DcK,13,6, TcK,13,6, HcK,13,6, PcL,13,6, ScL,13,6, BcL,13,6, DcL,13,6, TcL,13,6, HcL,13,6, PcM,13,6, ScM,13,6, BcM,13,6, DcM,13,6, TcM,13,6, HcM,13,6, PcN,13,6, ScN,13,6, BcN,13,6, DcN,13,6, TcN,13,6, HcN,13,6, PdA,13,7, SdA,13,7, BdA,13,7, DdA,13,7, TdA,13,7, HdA,13,7, PdB,13,6, SdB,13,6, BdB,13,6, DdB,13,6, TdB,13,6, HdB,13,6, PdC,13,6, SdC,13,6, BdC,13,6, DdC,13,6, TdC,13,6, HdC,13,6, PdD,13,6, SdD,13,6, BdD,13,6, DdD,13,6, TdD,13,6, HdD,13,6, PdE,13,6, SdE,13,6, BdE,13,6, DdE,13,6, TdE,13,6, HdE,13,6, PdF,13,6, SdF,13,6, BdF,13,6, DdF,13,6, TdF,13,6, HdF,13,6, PdG,13,6, SdG,13,6, BdG,13,6, DdG,13,6, TdG,13,6, HdG,13,6, PdH,13,6, SdH,13,6, BdH,13,6, DdH,13,6, TdH,13,6, HdH,13,6, IdI,13,9, CdI,12,5, FdI,14,5, PdJ,13,6, SdJ,13,6, BdJ,13,6, DdJ,13,6, TdJ,13,6, HdJ,13,6, PdK,13,6, SdK,13,6, BdK,13,6, DdK,13,6, TdK,13,6, HdK,13,6, PdL,13,6, SdL,13,6, BdL,13,6, DdL,13,6, TdL,13,6, HdL,13,6, PdM,13,6, SdM,13,6, BdM,13,6, DdM,13,6, TdM,13,6, HdM,13,6, PdN,13,6, SdN,13,6, BdN,13,6, DdN,13,6, TdN,13,6, HdN,13,6, IeA,13,8, CeA,13,4, FeA,13,6, PeB,13,8, SeB,13,8, BeB,13,8, DeB,13,8, TeB,13,8, HeB,13,8, PeC,13,6, SeC,13,6, BeC,13,6, DeC,13,6, TeC,13,6, HeC,13,6, PeD,13,6, SeD,13,6, BeD,13,6, DeD,13,6, TeD,13,6, HeD,13,6, PeE,13,6, SeE,13,6, BeE,13,6, DeE,13,6, TeE,13,6, HeE,13,6, PeF,13,6, SeF,13,6, BeF,13,6, DeF,13,6, TeF,13,6, HeF,13,6, PeG,13,6, SeG,13,6, BeG,13,6, DeG,13,6, TeG,13,6, HeG,13,6, IeH,13,9, CeH,12,5, FeH,14,5, PeI,13,6, SeI,13,6, BeI,13,6, DeI,13,6, TeI,13,6, HeI,13,6, PeJ,13,6, SeJ,13,6, BeJ,13,6, DeJ,13,6, TeJ,13,6, HeJ,13,6, PeK,13,6, SeK,13,6, BeK,13,6, DeK,13,6, TeK,13,6, HeK,13,6, PeL,13,6, SeL,13,6, BeL,13,6, DeL,13,6, TeL,13,6, HeL,13,6, PeM,13,6, SeM,13,6, BeM,13,6, DeM,13,6, TeM,13,6, HeM,13,6, PeN,13,6, SeN,13,6, BeN,13,6, DeN,13,6, TeN,13,6, HeN,13,6, PfA,13,8, SfA,13,8, BfA,13,8, DfA,13,8, TfA,13,8, HfA,13,8, IfB,13,9, CfB,13,4, FfB,13,6, PfC,13,7, SfC,13,7, BfC,13,7, DfC,13,7, TfC,13,7, HfC,13,7, PfD,13,6, SfD,13,6, BfD,13,6, DfD,13,6, TfD,13,6, HfD,13,6, PfE,13,6, SfE,13,6, BfE,13,6, DfE,13,6, TfE,13,6, HfE,13,6, PfF,13,6, SfF,13,6, BfF,13,6, DfF,13,6, TfF,13,6, HfF,13,6, PfG,13,6, SfG,13,6, BfG,13,6, DfG,13,6, TfG,13,6, HfG,13,6, PfH,13,6, SfH,13,6, BfH,13,6, DfH,13,6, TfH,13,6, HfH,13,6, IfI,13,9, CfI,12,5, FfI,14,5, PfJ,13,6, SfJ,13,6, BfJ,13,6, DfJ,13,6, TfJ,13,6, HfJ,13,6, PfK,13,6, SfK,13,6, BfK,13,6, DfK,13,6, TfK,13,6, HfK,13,6, PfL,13,6, SfL,13,6, BfL,13,6, DfL,13,6, TfL,13,6, HfL,13,6, PfM,13,6, SfM,13,6, BfM,13,6, DfM,13,6, TfM,13,6, HfM,13,6, PfN,13,6, SfN,13,6, BfN,13,6, DfN,13,6, TfN,13,6, HfN,13,6, PgA,13,6, SgA,13,6, BgA,13,6, DgA,13,6, TgA,13,6, HgA,13,6, PgB,13,7, SgB,13,7, BgB,13,7, DgB,13,7, TgB,13,7, HgB,13,7, PgC,13,6, SgC,13,6, BgC,13,6, DgC,13,6, TgC,13,6, HgC,13,6, PgD,13,6, SgD,13,6, BgD,13,6, DgD,13,6, TgD,13,6, HgD,13,6, PgE,13,6, SgE,13,6, BgE,13,6, DgE,13,6, TgE,13,6, HgE,13,6, PgF,13,6, SgF,13,6, BgF,13,6, DgF,13,6, TgF,13,6, HgF,13,6, PgG,13,6, SgG,13,6, BgG,13,6, DgG,13,6, TgG,13,6, HgG,13,6, PgH,13,6, SgH,13,6, BgH,13,6, DgH,13,6, TgH,13,6, HgH,13,6, PgI,13,6, SgI,13,6, BgI,13,6, DgI,13,6, TgI,13,6, HgI,13,6, PgJ,13,6, SgJ,13,6, BgJ,13,6, DgJ,13,6, TgJ,13,6, HgJ,13,6, PgK,13,6, SgK,13,6, BgK,13,6, DgK,13,6, TgK,13,6, HgK,13,6, PgL,13,6, SgL,13,6, BgL,13,6, DgL,13,6, TgL,13,6, HgL,13,6, PgM,13,6, SgM,13,6, BgM,13,6, DgM,13,6, TgM,13,6, HgM,13,6, PgN,13,6, SgN,13,6, BgN,13,6, DgN,13,6, TgN,13,6, HgN,13,6, PhA,13,6, ShA,13,6, BhA,13,6, DhA,13,6, ThA,13,6, HhA,13,6, PhB,13,6, ShB,13,6, BhB,13,6, DhB,13,6, ThB,13,6, HhB,13,6, PhC,13,6, ShC,13,6, BhC,13,6, DhC,13,6, ThC,13,6, HhC,13,6, PhD,13,6, ShD,13,6, BhD,13,6, DhD,13,6, ThD,13,6, HhD,13,6, PhE,13,6, ShE,13,6, BhE,13,6, DhE,13,6, ThE,13,6, HhE,13,6, PhF,13,6, ShF,13,6, BhF,13,6, DhF,13,6, ThF,13,6, HhF,13,6, PhG,13,6, ShG,13,6, BhG,13,6, DhG,13,6, ThG,13,6, HhG,13,6, PhH,13,6, ShH,13,6, BhH,13,6, DhH,13,6, ThH,13,6, HhH,13,6, PhI,13,6, ShI,13,6, BhI,13,6, DhI,13,6, ThI,13,6, HhI,13,6, PhJ,13,6, ShJ,13,6, BhJ,13,6, DhJ,13,6, ThJ,13,6, HhJ,13,6, PhK,13,6, ShK,13,6, BhK,13,6, DhK,13,6, ThK,13,6, HhK,13,6, PhL,13,6, ShL,13,6, BhL,13,6, DhL,13,6, ThL,13,6, HhL,13,6, PhM,13,6, ShM,13,6, BhM,13,6, DhM,13,6, ThM,13,6, HhM,13,6, PhN,13,6, ShN,13,6, BhN,13,6, DhN,13,6, ThN,13,6, HhN,13,6, PiA,13,6, SiA,13,6, BiA,13,6, DiA,13,6, TiA,13,6, HiA,13,6, PiB,13,6, SiB,13,6, BiB,13,6, DiB,13,6, TiB,13,6, HiB,13,6, PiC,13,6, SiC,13,6, BiC,13,6, DiC,13,6, TiC,13,6, HiC,13,6, PiD,13,6, SiD,13,6, BiD,13,6, DiD,13,6, TiD,13,6, HiD,13,6, PiE,13,6, SiE,13,6, BiE,13,6, DiE,13,6, TiE,13,6, HiE,13,6, PiF,13,6, SiF,13,6, BiF,13,6, DiF,13,6, TiF,13,6, HiF,13,6, PiG,13,6, SiG,13,6, BiG,13,6, DiG,13,6, TiG,13,6, HiG,13,6, PiH,13,6, SiH,13,6, BiH,13,6, DiH,13,6, TiH,13,6, HiH,13,6, PiI,13,6, SiI,13,6, BiI,13,6, DiI,13,6, TiI,13,6, HiI,13,6, PiJ,13,6, SiJ,13,6, BiJ,13,6, DiJ,13,6, TiJ,13,6, HiJ,13,6, PiK,13,6, SiK,13,6, BiK,13,6, DiK,13,6, TiK,13,6, HiK,13,6, PiL,13,6, SiL,13,6, BiL,13,6, DiL,13,6, TiL,13,6, HiL,13,6, PiM,13,6, SiM,13,6, BiM,13,6, DiM,13,6, TiM,13,6, HiM,13,6, PiN,13,6, SiN,13,6, BiN,13,6, DiN,13,6, TiN,13,6, HiN,13,6, PjA,13,6, SjA,13,6, BjA,13,6, DjA,13,6, TjA,13,6, HjA,13,6, PjB,13,6, SjB,13,6, BjB,13,6, DjB,13,6, TjB,13,6, HjB,13,6, PjC,13,6, SjC,13,6, BjC,13,6, DjC,13,6, TjC,13,6, HjC,13,6, PjD,13,6, SjD,13,6, BjD,13,6, DjD,13,6, TjD,13,6, HjD,13,6, PjE,13,6, SjE,13,6, BjE,13,6, DjE,13,6, TjE,13,6, HjE,13,6, PjF,13,6, SjF,13,6, BjF,13,6, DjF,13,6, TjF,13,6, HjF,13,6, PjG,13,6, SjG,13,6, BjG,13,6, DjG,13,6, TjG,13,6, HjG,13,6, PjH,13,6, SjH,13,6, BjH,13,6, DjH,13,6, TjH,13,6, HjH,13,6, PjI,13,6, SjI,13,6, BjI,13,6, DjI,13,6, TjI,13,6, HjI,13,6, PjJ,13,6, SjJ,13,6, BjJ,13,6, DjJ,13,6, TjJ,13,6, HjJ,13,6, PjK,13,6, SjK,13,6, BjK,13,6, DjK,13,6, TjK,13,6, HjK,13,6, PjL,13,6, SjL,13,6, BjL,13,6, DjL,13,6, TjL,13,6, HjL,13,6, PjM,13,6, SjM,13,6, BjM,13,6, DjM,13,6, TjM,13,6, HjM,13,6, PjN,13,6, SjN,13,6, BjN,13,6, DjN,13,6, TjN,13,6, HjN,13,6, PkA,13,6, SkA,13,6, BkA,13,6, DkA,13,6, TkA,13,6, HkA,13,6, PkB,13,6, SkB,13,6, BkB,13,6, DkB,13,6, TkB,13,6, HkB,13,6, PkC,13,6, SkC,13,6, BkC,13,6, DkC,13,6, TkC,13,6, HkC,13,6, PkD,13,6, SkD,13,6, BkD,13,6, DkD,13,6, TkD,13,6, HkD,13,6, PkE,13,6, SkE,13,6, BkE,13,6, DkE,13,6, TkE,13,6, HkE,13,6, PkF,13,6, SkF,13,6, BkF,13,6, DkF,13,6, TkF,13,6, HkF,13,6, PkG,13,6, SkG,13,6, BkG,13,6, DkG,13,6, TkG,13,6, HkG,13,6, PkH,13,6, SkH,13,6, BkH,13,6, DkH,13,6, TkH,13,6, HkH,13,6, PkI,13,6, SkI,13,6, BkI,13,6, DkI,13,6, TkI,13,6, HkI,13,6, PkJ,13,6, SkJ,13,6, BkJ,13,6, DkJ,13,6, TkJ,13,6, HkJ,13,6, PkK,13,6, SkK,13,6, BkK,13,6, DkK,13,6, TkK,13,6, HkK,13,6, PkL,13,6, SkL,13,6, BkL,13,6, DkL,13,6, TkL,13,6, HkL,13,6, PkM,13,6, SkM,13,6, BkM,13,6, DkM,13,6, TkM,13,6, HkM,13,6, PkN,13,6, SkN,13,6, BkN,13,6, DkN,13,6, TkN,13,6, HkN,13,6, PlA,13,6, SlA,13,6, BlA,13,6, DlA,13,6, TlA,13,6, HlA,13,6, PlB,13,6, SlB,13,6, BlB,13,6, DlB,13,6, TlB,13,6, HlB,13,6, PlC,13,6, SlC,13,6, BlC,13,6, DlC,13,6, TlC,13,6, HlC,13,6, PlD,13,7, SlD,13,7, BlD,13,7, DlD,13,7, TlD,13,7, HlD,13,7, IlE,13,9, ClE,12,5, FlE,14,5, PlF,13,6, SlF,13,6, BlF,13,6, DlF,13,6, TlF,13,6, HlF,13,6, PlG,13,6, SlG,13,6, BlG,13,6, DlG,13,6, TlG,13,6, HlG,13,6, PlH,13,6, SlH,13,6, BlH,13,6, DlH,13,6, TlH,13,6, HlH,13,6, PlI,13,6, SlI,13,6, BlI,13,6, DlI,13,6, TlI,13,6, HlI,13,6, PlJ,13,6, SlJ,13,6, BlJ,13,6, DlJ,13,6, TlJ,13,6, HlJ,13,6, PlK,13,6, SlK,13,6, BlK,13,6, DlK,13,6, TlK,13,6, HlK,13,6, PlL,13,6, SlL,13,6, BlL,13,6, DlL,13,6, TlL,13,6, HlL,13,6, PlM,13,6, SlM,13,6, BlM,13,6, DlM,13,6, TlM,13,6, HlM,13,6, PlN,13,6, SlN,13,6, BlN,13,6, DlN,13,6, TlN,13,6, HlN,13,6, PmA,13,6, SmA,13,6, BmA,13,6, DmA,13,6, TmA,13,6, HmA,13,6, PmB,13,6, SmB,13,6, BmB,13,6, DmB,13,6, TmB,13,6, HmB,13,6, PmC,13,7, SmC,13,7, BmC,13,7, DmC,13,7, TmC,13,7, HmC,13,7, ImD,13,9, CmD,13,4, FmD,13,6, ImF,13,9, CmF,4,5, FmF,13,5, PmG,13,6, SmG,13,6, BmG,13,6, DmG,13,6, TmG,13,6, HmG,13,6, PmH,13,6, SmH,13,6, BmH,13,6, DmH,13,6, TmH,13,6, HmH,13,6, PmI,13,6, SmI,13,6, BmI,13,6, DmI,13,6, TmI,13,6, HmI,13,6, PmJ,13,6, SmJ,13,6, BmJ,13,6, DmJ,13,6, TmJ,13,6, HmJ,13,6, PmK,13,6, SmK,13,6, BmK,13,6, DmK,13,6, TmK,13,6, HmK,13,6, PmL,13,6, SmL,13,6, BmL,13,6, DmL,13,6, TmL,13,6, HmL,13,6, PmM,13,6, SmM,13,6, BmM,13,6, DmM,13,6, TmM,13,6, HmM,13,6, PmN,13,6, SmN,13,6, BmN,13,6, DmN,13,6, TmN,13,6, HmN,13,6, PnA,13,6, SnA,13,6, BnA,13,6, DnA,13,6, TnA,13,6, HnA,13,6, PnB,13,6, SnB,13,6, BnB,13,6, DnB,13,6, TnB,13,6, HnB,13,6, PnC,13,6, SnC,13,6, BnC,13,6, DnC,13,6, TnC,13,6, HnC,13,6, PnD,13,8, SnD,13,8, BnD,13,8, DnD,13,8, TnD,13,8, HnD,13,8, InE,13,8, CnE,13,4, FnE,13,6, PnF,13,7, SnF,13,7, BnF,13,7, DnF,13,7, TnF,13,7, HnF,13,7, PnG,13,6, SnG,13,6, BnG,13,6, DnG,13,6, TnG,13,6, HnG,13,6, PnH,13,6, SnH,13,6, BnH,13,6, DnH,13,6, TnH,13,6, HnH,13,6, PnI,13,6, SnI,13,6, BnI,13,6, DnI,13,6, TnI,13,6, HnI,13,6, PnJ,13,6, SnJ,13,6, BnJ,13,6, DnJ,13,6, TnJ,13,6, HnJ,13,6, PnK,13,6, SnK,13,6, BnK,13,6, DnK,13,6, TnK,13,6, HnK,13,6, PnL,13,6, SnL,13,6, BnL,13,6, DnL,13,6, TnL,13,6, HnL,13,6, PnM,13,6, SnM,13,6, BnM,13,6, DnM,13,6, TnM,13,6, HnM,13,6, PnN,13,6, SnN,13,6, BnN,13,6, DnN,13,6, TnN,13,6, HnN,13,6, O,13,5]
actionsPossibles : lancement le 30/11/2019 19:03:56.970
0
0
0
0
4
0
0
actionsPossibles : fin
actionsPossibles : lancement le 30/11/2019 19:03:56.970
0
0
0
0
4
0
0
actionsPossibles : fin
actionsPossibles : lancement le 30/11/2019 19:03:56.970
0
1
1
0
1
1
2
1
2
3
actionsPossibles : fin
actionsPossibles : lancement le 30/11/2019 19:03:56.970
actionsPossibles : fin
[PaA,0,1, SaA,0,1, BaA,0,1, DaA,0,1, TaA,0,1, HaA,0,1, PaB,0,1, SaB,0,1, BaB,0,1, DaB,0,1, TaB,0,1, HaB,0,1, PaC,0,1, SaC,0,1, BaC,0,1, DaC,0,1, TaC,0,1, HaC,0,1, PaD,0,1, SaD,0,1, BaD,0,1, DaD,0,1, TaD,0,1, HaD,0,1, PaE,0,1, SaE,0,1, BaE,0,1, DaE,0,1, TaE,0,1, HaE,0,1, PaF,0,1, SaF,0,1, BaF,0,1, DaF,0,1, TaF,0,1, HaF,0,1, PaG,0,1, SaG,0,1, BaG,0,1, DaG,0,1, TaG,0,1, HaG,0,1, PaH,0,1, SaH,0,1, BaH,0,1, DaH,0,1, TaH,0,1, HaH,0,1, PaI,0,1, SaI,0,1, BaI,0,1, DaI,0,1, TaI,0,1, HaI,0,1, PaJ,0,1, SaJ,0,1, BaJ,0,1, DaJ,0,1, TaJ,0,1, HaJ,0,1, PaK,0,1, SaK,0,1, BaK,0,1, DaK,0,1, TaK,0,1, HaK,0,1, PaL,0,1, SaL,0,1, BaL,0,1, DaL,0,1, TaL,0,1, HaL,0,1, PaM,0,1, SaM,0,1, BaM,0,1, DaM,0,1, TaM,0,1, HaM,0,1, PaN,0,1, SaN,0,1, BaN,0,1, DaN,0,1, TaN,0,1, HaN,0,1, PbA,0,1, SbA,0,1, BbA,0,1, DbA,0,1, TbA,0,1, HbA,0,1, PbB,0,1, SbB,0,1, BbB,0,1, DbB,0,1, TbB,0,1, HbB,0,1, PbC,0,1, SbC,0,1, BbC,0,1, DbC,0,1, TbC,0,1, HbC,0,1, PbD,0,1, SbD,0,1, BbD,0,1, DbD,0,1, TbD,0,1, HbD,0,1, PbE,0,1, SbE,0,1, BbE,0,1, DbE,0,1, TbE,0,1, HbE,0,1, PbF,0,1, SbF,0,1, BbF,0,1, DbF,0,1, TbF,0,1, HbF,0,1, PbG,0,1, SbG,0,1, BbG,0,1, DbG,0,1, TbG,0,1, HbG,0,1, PbH,0,1, SbH,0,1, BbH,0,1, DbH,0,1, TbH,0,1, HbH,0,1, PbI,0,1, SbI,0,1, BbI,0,1, DbI,0,1, TbI,0,1, HbI,0,1, PbJ,0,1, SbJ,0,1, BbJ,0,1, DbJ,0,1, TbJ,0,1, HbJ,0,1, PbK,0,1, SbK,0,1, BbK,0,1, DbK,0,1, TbK,0,1, HbK,0,1, PbL,0,1, SbL,0,1, BbL,0,1, DbL,0,1, TbL,0,1, HbL,0,1, PbM,0,1, SbM,0,1, BbM,0,1, DbM,0,1, TbM,0,1, HbM,0,1, PbN,0,1, SbN,0,1, BbN,0,1, DbN,0,1, TbN,0,1, HbN,0,1, PcA,0,1, ScA,0,1, BcA,0,1, DcA,0,1, TcA,0,1, HcA,0,1, PcB,0,1, ScB,0,1, BcB,0,1, DcB,0,1, TcB,0,1, HcB,0,1, PcC,0,1, ScC,0,1, BcC,0,1, DcC,0,1, TcC,0,1, HcC,0,1, PcD,0,1, ScD,0,1, BcD,0,1, DcD,0,1, TcD,0,1, HcD,0,1, PcE,0,1, ScE,0,1, BcE,0,1, DcE,0,1, TcE,0,1, HcE,0,1, PcF,0,1, ScF,0,1, BcF,0,1, DcF,0,1, TcF,0,1, HcF,0,1, PcG,0,1, ScG,0,1, BcG,0,1, DcG,0,1, TcG,0,1, HcG,0,1, PcH,0,1, ScH,0,1, BcH,0,1, DcH,0,1, TcH,0,1, HcH,0,1, PcI,0,1, ScI,0,1, BcI,0,1, DcI,0,1, TcI,0,1, HcI,0,1, PcJ,0,1, ScJ,0,1, BcJ,0,1, DcJ,0,1, TcJ,0,1, HcJ,0,1, PcK,0,1, ScK,0,1, BcK,0,1, DcK,0,1, TcK,0,1, HcK,0,1, PcL,0,1, ScL,0,1, BcL,0,1, DcL,0,1, TcL,0,1, HcL,0,1, PcM,0,1, ScM,0,1, BcM,0,1, DcM,0,1, TcM,0,1, HcM,0,1, PcN,0,1, ScN,0,1, BcN,0,1, DcN,0,1, TcN,0,1, HcN,0,1, PdA,0,1, SdA,0,1, BdA,0,1, DdA,0,1, TdA,0,1, HdA,0,1, PdB,0,1, SdB,0,1, BdB,0,1, DdB,0,1, TdB,0,1, HdB,0,1, PdC,0,1, SdC,0,1, BdC,0,1, DdC,0,1, TdC,0,1, HdC,0,1, PdD,0,1, SdD,0,1, BdD,0,1, DdD,0,1, TdD,0,1, HdD,0,1, PdE,0,1, SdE,0,1, BdE,0,1, DdE,0,1, TdE,0,1, HdE,0,1, PdF,0,1, SdF,0,1, BdF,0,1, DdF,0,1, TdF,0,1, HdF,0,1, PdG,0,1, SdG,0,1, BdG,0,1, DdG,0,1, TdG,0,1, HdG,0,1, PdH,0,1, SdH,0,1, BdH,0,1, DdH,0,1, TdH,0,1, HdH,0,1, PdI,0,1, SdI,0,1, BdI,0,1, DdI,0,1, TdI,0,1, HdI,0,1, PdJ,0,1, SdJ,0,1, BdJ,0,1, DdJ,0,1, TdJ,0,1, HdJ,0,1, PdK,0,1, SdK,0,1, BdK,0,1, DdK,0,1, TdK,0,1, HdK,0,1, PdL,0,1, SdL,0,1, BdL,0,1, DdL,0,1, TdL,0,1, HdL,0,1, PdM,0,1, SdM,0,1, BdM,0,1, DdM,0,1, TdM,0,1, HdM,0,1, PdN,0,1, SdN,0,1, BdN,0,1, DdN,0,1, TdN,0,1, HdN,0,1, PeA,0,1, SeA,0,1, BeA,0,1, DeA,0,1, TeA,0,1, HeA,0,1, PeB,0,1, SeB,0,1, BeB,0,1, DeB,0,1, TeB,0,1, HeB,0,1, PeC,0,1, SeC,0,1, BeC,0,1, DeC,0,1, TeC,0,1, HeC,0,1, PeD,0,1, SeD,0,1, BeD,0,1, DeD,0,1, TeD,0,1, HeD,0,1, PeE,0,1, SeE,0,1, BeE,0,1, DeE,0,1, TeE,0,1, HeE,0,1, PeF,0,1, SeF,0,1, BeF,0,1, DeF,0,1, TeF,0,1, HeF,0,1, PeG,0,1, SeG,0,1, BeG,0,1, DeG,0,1, TeG,0,1, HeG,0,1, PeH,0,1, SeH,0,1, BeH,0,1, DeH,0,1, TeH,0,1, HeH,0,1, PeI,0,1, SeI,0,1, BeI,0,1, DeI,0,1, TeI,0,1, HeI,0,1, PeJ,0,1, SeJ,0,1, BeJ,0,1, DeJ,0,1, TeJ,0,1, HeJ,0,1, PeK,0,1, SeK,0,1, BeK,0,1, DeK,0,1, TeK,0,1, HeK,0,1, PeL,0,1, SeL,0,1, BeL,0,1, DeL,0,1, TeL,0,1, HeL,0,1, PeM,0,1, SeM,0,1, BeM,0,1, DeM,0,1, TeM,0,1, HeM,0,1, PeN,0,1, SeN,0,1, BeN,0,1, DeN,0,1, TeN,0,1, HeN,0,1, PfA,0,1, SfA,0,1, BfA,0,1, DfA,0,1, TfA,0,1, HfA,0,1, PfB,0,1, SfB,0,1, BfB,0,1, DfB,0,1, TfB,0,1, HfB,0,1, PfC,0,1, SfC,0,1, BfC,0,1, DfC,0,1, TfC,0,1, HfC,0,1, PfD,0,1, SfD,0,1, BfD,0,1, DfD,0,1, TfD,0,1, HfD,0,1, PfE,0,1, SfE,0,1, BfE,0,1, DfE,0,1, TfE,0,1, HfE,0,1, PfF,0,1, SfF,0,1, BfF,0,1, DfF,0,1, TfF,0,1, HfF,0,1, PfG,0,1, SfG,0,1, BfG,0,1, DfG,0,1, TfG,0,1, HfG,0,1, PfH,0,1, SfH,0,1, BfH,0,1, DfH,0,1, TfH,0,1, HfH,0,1, PfI,0,1, SfI,0,1, BfI,0,1, DfI,0,1, TfI,0,1, HfI,0,1, PfJ,0,1, SfJ,0,1, BfJ,0,1, DfJ,0,1, TfJ,0,1, HfJ,0,1, PfK,0,1, SfK,0,1, BfK,0,1, DfK,0,1, TfK,0,1, HfK,0,1, PfL,0,1, SfL,0,1, BfL,0,1, DfL,0,1, TfL,0,1, HfL,0,1, PfM,0,1, SfM,0,1, BfM,0,1, DfM,0,1, TfM,0,1, HfM,0,1, PfN,0,1, SfN,0,1, BfN,0,1, DfN,0,1, TfN,0,1, HfN,0,1, PgA,0,1, SgA,0,1, BgA,0,1, DgA,0,1, TgA,0,1, HgA,0,1, PgB,0,1, SgB,0,1, BgB,0,1, DgB,0,1, TgB,0,1, HgB,0,1, PgC,0,1, SgC,0,1, BgC,0,1, DgC,0,1, TgC,0,1, HgC,0,1, PgD,0,1, SgD,0,1, BgD,0,1, DgD,0,1, TgD,0,1, HgD,0,1, PgE,0,1, SgE,0,1, BgE,0,1, DgE,0,1, TgE,0,1, HgE,0,1, PgF,0,1, SgF,0,1, BgF,0,1, DgF,0,1, TgF,0,1, HgF,0,1, PgG,0,1, SgG,0,1, BgG,0,1, DgG,0,1, TgG,0,1, HgG,0,1, PgH,0,1, SgH,0,1, BgH,0,1, DgH,0,1, TgH,0,1, HgH,0,1, PgI,0,1, SgI,0,1, BgI,0,1, DgI,0,1, TgI,0,1, HgI,0,1, PgJ,0,1, SgJ,0,1, BgJ,0,1, DgJ,0,1, TgJ,0,1, HgJ,0,1, PgK,0,1, SgK,0,1, BgK,0,1, DgK,0,1, TgK,0,1, HgK,0,1, PgL,0,1, SgL,0,1, BgL,0,1, DgL,0,1, TgL,0,1, HgL,0,1, PgM,0,1, SgM,0,1, BgM,0,1, DgM,0,1, TgM,0,1, HgM,0,1, PgN,0,1, SgN,0,1, BgN,0,1, DgN,0,1, TgN,0,1, HgN,0,1, PhA,0,1, ShA,0,1, BhA,0,1, DhA,0,1, ThA,0,1, HhA,0,1, PhB,0,1, ShB,0,1, BhB,0,1, DhB,0,1, ThB,0,1, HhB,0,1, PhC,0,1, ShC,0,1, BhC,0,1, DhC,0,1, ThC,0,1, HhC,0,1, PhD,0,1, ShD,0,1, BhD,0,1, DhD,0,1, ThD,0,1, HhD,0,1, PhE,0,1, ShE,0,1, BhE,0,1, DhE,0,1, ThE,0,1, HhE,0,1, PhF,0,1, ShF,0,1, BhF,0,1, DhF,0,1, ThF,0,1, HhF,0,1, PhG,0,1, ShG,0,1, BhG,0,1, DhG,0,1, ThG,0,1, HhG,0,1, PhH,0,1, ShH,0,1, BhH,0,1, DhH,0,1, ThH,0,1, HhH,0,1, PhI,0,1, ShI,0,1, BhI,0,1, DhI,0,1, ThI,0,1, HhI,0,1, PhJ,0,1, ShJ,0,1, BhJ,0,1, DhJ,0,1, ThJ,0,1, HhJ,0,1, PhK,0,1, ShK,0,1, BhK,0,1, DhK,0,1, ThK,0,1, HhK,0,1, PhL,0,1, ShL,0,1, BhL,0,1, DhL,0,1, ThL,0,1, HhL,0,1, PhM,0,1, ShM,0,1, BhM,0,1, DhM,0,1, ThM,0,1, HhM,0,1, PhN,0,1, ShN,0,1, BhN,0,1, DhN,0,1, ThN,0,1, HhN,0,1, PiA,0,1, SiA,0,1, BiA,0,1, DiA,0,1, TiA,0,1, HiA,0,1, PiB,0,1, SiB,0,1, BiB,0,1, DiB,0,1, TiB,0,1, HiB,0,1, PiC,0,1, SiC,0,1, BiC,0,1, DiC,0,1, TiC,0,1, HiC,0,1, PiD,0,1, SiD,0,1, BiD,0,1, DiD,0,1, TiD,0,1, HiD,0,1, PiE,0,1, SiE,0,1, BiE,0,1, DiE,0,1, TiE,0,1, HiE,0,1, PiF,0,1, SiF,0,1, BiF,0,1, DiF,0,1, TiF,0,1, HiF,0,1, PiG,0,1, SiG,0,1, BiG,0,1, DiG,0,1, TiG,0,1, HiG,0,1, PiH,0,1, SiH,0,1, BiH,0,1, DiH,0,1, TiH,0,1, HiH,0,1, PiI,0,1, SiI,0,1, BiI,0,1, DiI,0,1, TiI,0,1, HiI,0,1, PiJ,0,1, SiJ,0,1, BiJ,0,1, DiJ,0,1, TiJ,0,1, HiJ,0,1, PiK,0,1, SiK,0,1, BiK,0,1, DiK,0,1, TiK,0,1, HiK,0,1, PiL,0,1, SiL,0,1, BiL,0,1, DiL,0,1, TiL,0,1, HiL,0,1, PiM,0,1, SiM,0,1, BiM,0,1, DiM,0,1, TiM,0,1, HiM,0,1, PiN,0,1, SiN,0,1, BiN,0,1, DiN,0,1, TiN,0,1, HiN,0,1, PjA,0,1, SjA,0,1, BjA,0,1, DjA,0,1, TjA,0,1, HjA,0,1, PjB,0,1, SjB,0,1, BjB,0,1, DjB,0,1, TjB,0,1, HjB,0,1, PjC,0,1, SjC,0,1, BjC,0,1, DjC,0,1, TjC,0,1, HjC,0,1, PjD,0,1, SjD,0,1, BjD,0,1, DjD,0,1, TjD,0,1, HjD,0,1, PjE,0,1, SjE,0,1, BjE,0,1, DjE,0,1, TjE,0,1, HjE,0,1, PjF,0,1, SjF,0,1, BjF,0,1, DjF,0,1, TjF,0,1, HjF,0,1, PjG,0,1, SjG,0,1, BjG,0,1, DjG,0,1, TjG,0,1, HjG,0,1, PjH,0,1, SjH,0,1, BjH,0,1, DjH,0,1, TjH,0,1, HjH,0,1, PjI,0,1, SjI,0,1, BjI,0,1, DjI,0,1, TjI,0,1, HjI,0,1, PjJ,0,1, SjJ,0,1, BjJ,0,1, DjJ,0,1, TjJ,0,1, HjJ,0,1, PjK,0,1, SjK,0,1, BjK,0,1, DjK,0,1, TjK,0,1, HjK,0,1, PjL,0,1, SjL,0,1, BjL,0,1, DjL,0,1, TjL,0,1, HjL,0,1, PjM,0,1, SjM,0,1, BjM,0,1, DjM,0,1, TjM,0,1, HjM,0,1, PjN,0,1, SjN,0,1, BjN,0,1, DjN,0,1, TjN,0,1, HjN,0,1, PkA,0,1, SkA,0,1, BkA,0,1, DkA,0,1, TkA,0,1, HkA,0,1, PkB,0,1, SkB,0,1, BkB,0,1, DkB,0,1, TkB,0,1, HkB,0,1, PkC,0,1, SkC,0,1, BkC,0,1, DkC,0,1, TkC,0,1, HkC,0,1, PkD,0,1, SkD,0,1, BkD,0,1, DkD,0,1, TkD,0,1, HkD,0,1, PkE,0,1, SkE,0,1, BkE,0,1, DkE,0,1, TkE,0,1, HkE,0,1, PkF,0,1, SkF,0,1, BkF,0,1, DkF,0,1, TkF,0,1, HkF,0,1, PkG,0,1, SkG,0,1, BkG,0,1, DkG,0,1, TkG,0,1, HkG,0,1, PkH,0,1, SkH,0,1, BkH,0,1, DkH,0,1, TkH,0,1, HkH,0,1, PkI,0,1, SkI,0,1, BkI,0,1, DkI,0,1, TkI,0,1, HkI,0,1, PkJ,0,1, SkJ,0,1, BkJ,0,1, DkJ,0,1, TkJ,0,1, HkJ,0,1, PkK,0,1, SkK,0,1, BkK,0,1, DkK,0,1, TkK,0,1, HkK,0,1, PkL,0,1, SkL,0,1, BkL,0,1, DkL,0,1, TkL,0,1, HkL,0,1, PkM,0,1, SkM,0,1, BkM,0,1, DkM,0,1, TkM,0,1, HkM,0,1, PkN,0,1, SkN,0,1, BkN,0,1, DkN,0,1, TkN,0,1, HkN,0,1, PlA,0,1, SlA,0,1, BlA,0,1, DlA,0,1, TlA,0,1, HlA,0,1, PlB,0,1, SlB,0,1, BlB,0,1, DlB,0,1, TlB,0,1, HlB,0,1, PlC,0,1, SlC,0,1, BlC,0,1, DlC,0,1, TlC,0,1, HlC,0,1, PlD,0,1, SlD,0,1, BlD,0,1, DlD,0,1, TlD,0,1, HlD,0,1, PlE,0,1, SlE,0,1, BlE,0,1, DlE,0,1, TlE,0,1, HlE,0,1, PlF,0,1, SlF,0,1, BlF,0,1, DlF,0,1, TlF,0,1, HlF,0,1, PlG,0,1, SlG,0,1, BlG,0,1, DlG,0,1, TlG,0,1, HlG,0,1, PlH,0,1, SlH,0,1, BlH,0,1, DlH,0,1, TlH,0,1, HlH,0,1, PlI,0,1, SlI,0,1, BlI,0,1, DlI,0,1, TlI,0,1, HlI,0,1, PlJ,0,1, SlJ,0,1, BlJ,0,1, DlJ,0,1, TlJ,0,1, HlJ,0,1, PlK,0,1, SlK,0,1, BlK,0,1, DlK,0,1, TlK,0,1, HlK,0,1, PlL,0,1, SlL,0,1, BlL,0,1, DlL,0,1, TlL,0,1, HlL,0,1, PlM,0,1, SlM,0,1, BlM,0,1, DlM,0,1, TlM,0,1, HlM,0,1, PlN,0,1, SlN,0,1, BlN,0,1, DlN,0,1, TlN,0,1, HlN,0,1, PmA,0,1, SmA,0,1, BmA,0,1, DmA,0,1, TmA,0,1, HmA,0,1, PmB,0,1, SmB,0,1, BmB,0,1, DmB,0,1, TmB,0,1, HmB,0,1, PmC,0,1, SmC,0,1, BmC,0,1, DmC,0,1, TmC,0,1, HmC,0,1, PmD,0,1, SmD,0,1, BmD,0,1, DmD,0,1, TmD,0,1, HmD,0,1, PmE,0,1, SmE,0,1, BmE,0,1, DmE,0,1, TmE,0,1, HmE,0,1, PmF,0,1, SmF,0,1, BmF,0,1, DmF,0,1, TmF,0,1, HmF,0,1, PmG,0,1, SmG,0,1, BmG,0,1, DmG,0,1, TmG,0,1, HmG,0,1, PmH,0,1, SmH,0,1, BmH,0,1, DmH,0,1, TmH,0,1, HmH,0,1, PmI,0,1, SmI,0,1, BmI,0,1, DmI,0,1, TmI,0,1, HmI,0,1, PmJ,0,1, SmJ,0,1, BmJ,0,1, DmJ,0,1, TmJ,0,1, HmJ,0,1, PmK,0,1, SmK,0,1, BmK,0,1, DmK,0,1, TmK,0,1, HmK,0,1, PmL,0,1, SmL,0,1, BmL,0,1, DmL,0,1, TmL,0,1, HmL,0,1, PmM,0,1, SmM,0,1, BmM,0,1, DmM,0,1, TmM,0,1, HmM,0,1, PmN,0,1, SmN,0,1, BmN,0,1, DmN,0,1, TmN,0,1, HmN,0,1, PnA,0,1, SnA,0,1, BnA,0,1, DnA,0,1, TnA,0,1, HnA,0,1, PnB,0,1, SnB,0,1, BnB,0,1, DnB,0,1, TnB,0,1, HnB,0,1, PnC,0,1, SnC,0,1, BnC,0,1, DnC,0,1, TnC,0,1, HnC,0,1, PnD,0,1, SnD,0,1, BnD,0,1, DnD,0,1, TnD,0,1, HnD,0,1, PnE,0,1, SnE,0,1, BnE,0,1, DnE,0,1, TnE,0,1, HnE,0,1, PnF,0,1, SnF,0,1, BnF,0,1, DnF,0,1, TnF,0,1, HnF,0,1, PnG,0,1, SnG,0,1, BnG,0,1, DnG,0,1, TnG,0,1, HnG,0,1, PnH,0,1, SnH,0,1, BnH,0,1, DnH,0,1, TnH,0,1, HnH,0,1, PnI,0,1, SnI,0,1, BnI,0,1, DnI,0,1, TnI,0,1, HnI,0,1, PnJ,0,1, SnJ,0,1, BnJ,0,1, DnJ,0,1, TnJ,0,1, HnJ,0,1, PnK,0,1, SnK,0,1, BnK,0,1, DnK,0,1, TnK,0,1, HnK,0,1, PnL,0,1, SnL,0,1, BnL,0,1, DnL,0,1, TnL,0,1, HnL,0,1, PnM,0,1, SnM,0,1, BnM,0,1, DnM,0,1, TnM,0,1, HnM,0,1, PnN,0,1, SnN,0,1, BnN,0,1, DnN,0,1, TnN,0,1, HnN,0,1]
]]></system-out>
  <system-err><![CDATA[]]></system-err>
</testsuite>
