<?xml version="1.0" encoding="UTF-8" ?>
<testsuite errors="0" failures="1" hostname="info-305-09x.iut.bx1" name="biosphere7.JoueurBiosphere7Test" skipped="0" tests="9" time="0.132" timestamp="2019-11-28T19:27:55">
  <properties>
    <property name="libs.jsp-compiler.javadoc" value="" />
    <property name="netbeans.autoupdate.country" value="FR" />
    <property name="javac.test.classpath" value=":build/classes:/usr/local/netbeans-8.2/platform/modules/ext/hamcrest-core-1.3.jar:/usr/local/netbeans-8.2/platform/modules/ext/junit-4.12.jar" />
    <property name="libs.jsf20.maven-pom" value="" />
    <property name="libs.DataBindingME.src" value="/usr/local/netbeans-8.2/mobility/sources/netbeans_databindingme-src.zip" />
    <property name="javac.test.sourcepath" value="/mnt/roost/users/aclaveau/Documents/projet/Git/biosphere7/biosphere7/build/empty" />
    <property name="libs.spring-webmvc4.0.src" value="" />
    <property name="javac.includes" value="biosphere7/JoueurBiosphere7Test.java" />
    <property name="ant.core.lib" value="/usr/local/netbeans-8.2/extide/ant/lib/ant.jar" />
    <property name="javadoc.windowtitle" value="" />
    <property name="libs.jsp-compilation.javadoc" value="" />
    <property name="user.dir" value="/mnt/roost/users/aclaveau/Documents/projet/Git/biosphere7/biosphere7" />
    <property name="libs.javaee-api-7.0.src" value="" />
    <property name="java.vm.version" value="25.181-b13" />
    <property name="libs.DataBindingME.classpath" value="/usr/local/netbeans-8.2/mobility/modules/ext/netbeans_databindingme.jar" />
    <property name="libs.j2me_common_ant.src" value="" />
    <property name="libs.MySQLDriver.classpath" value="/usr/local/netbeans-8.2/ide/modules/ext/mysql-connector-java-5.1.23-bin.jar" />
    <property name="libs.eclipselinkmodelgen.src" value="" />
    <property name="javadoc.notree" value="false" />
    <property name="netbeans.autoupdate.version" value="1.23" />
    <property name="netbeans.running.environment" value="gnome" />
    <property name="libs.javaee-web-api-6.0.classpath" value="/usr/local/netbeans-8.2/enterprise/modules/ext/javaee-web-api-6.0.jar" />
    <property name="libs.DataBindingME-PIM.maven-pom" value="" />
    <property name="javac.profile.cmd.line.arg" value="" />
    <property name="jdk.home" value="/opt/oracle-jdk" />
    <property name="libs.javac-api.src" value="" />
    <property name="javadoc.noindex" value="false" />
    <property name="libs.jpa2-persistence.classpath" value="/usr/local/netbeans-8.2/java/modules/ext/hibernate4/hibernate-jpa-2.1-api-1.0.0.Final.jar" />
    <property name="sun.os.patch.level" value="unknown" />
    <property name="do.archive+manifest.available" value="true" />
    <property name="java.vm.specification.name" value="Java Virtual Machine Specification" />
    <property name="nb.show.statistics.ui" value="usageStatisticsEnabled" />
    <property name="netbeans.autoupdate.variant" value="" />
    <property name="have.tests" value="true" />
    <property name="addExports:java.desktop/com.sun.java.swing.plaf.gtk" value="ALL-UNNAMED" />
    <property name="org.xml.sax.driver" value="com.sun.org.apache.xerces.internal.jaxp.SAXParserImpl$JAXPSAXParser" />
    <property name="libs.hamcrest.classpath" value="/usr/local/netbeans-8.2/platform/modules/ext/hamcrest-core-1.3.jar" />
    <property name="libs.javac-api.javadoc" value="" />
    <property name="os.name" value="Linux" />
    <property name="test.class" value="biosphere7.JoueurBiosphere7Test" />
    <property name="libs.beans-binding.classpath" value="/usr/local/netbeans-8.2/java/modules/ext/beansbinding-1.2.1.jar" />
    <property name="libs.javaee-endorsed-api-7.0.maven-pom" value="" />
    <property name="ap.proc.none.internal" value="" />
    <property name="libs.DataBindingME-SVG.javadoc" value="/usr/local/netbeans-8.2/mobility/modules/docs/netbeans_databindingme_svg-api.zip" />
    <property name="libs.restapi.javadoc" value="" />
    <property name="libs.JWSAntTasks.maven-pom" value="" />
    <property name="libs.jstl.classpath" value="/usr/local/netbeans-8.2/enterprise/modules/ext/jstl-impl.jar:/usr/local/netbeans-8.2/enterprise/modules/ext/jstl-api.jar" />
    <property name="libs.testng.src" value="" />
    <property name="libs.spring-webmvc3.0.src" value="" />
    <property name="libs.restapi.classpath" value="/usr/local/netbeans-8.2/enterprise/modules/ext/jaxrs-2.0/javax.ws.rs-api-2.0.jar" />
    <property name="java.vendor.url.bug" value="http://bugreport.sun.com/bugreport/" />
    <property name="libs.jaxb.maven-pom" value="" />
    <property name="os.arch" value="amd64" />
    <property name="libs.eclipselink.src" value="" />
    <property name="user.name" value="aclaveau" />
    <property name="libs.jsf12.javadoc" value="/usr/local/netbeans-8.2/enterprise/docs/javaee-doc-api.jar" />
    <property name="copylibs.rebase" value="true" />
    <property name="libs.j2me_common_ant.maven-pom" value="" />
    <property name="libs.spring-webmvc3.0.maven-pom" value="" />
    <property name="libs.swing-layout.maven-pom" value="" />
    <property name="sun.java.command" value="org.apache.tools.ant.taskdefs.optional.junit.JUnitTestRunner biosphere7.JoueurBiosphere7Test skipNonTests=false filtertrace=true haltOnError=false haltOnFailure=false showoutput=true outputtoformatters=true logfailedtests=true threadid=0 logtestlistenerevents=true formatter=org.apache.tools.ant.taskdefs.optional.junit.BriefJUnitResultFormatter formatter=org.apache.tools.ant.taskdefs.optional.junit.XMLJUnitResultFormatter,/mnt/roost/users/aclaveau/Documents/projet/Git/biosphere7/biosphere7/build/test/results/TEST-biosphere7.JoueurBiosphere7Test.xml crashfile=/mnt/roost/users/aclaveau/Documents/projet/Git/biosphere7/biosphere7/build/junitvmwatcher6016287269684525029.properties propsfile=/mnt/roost/users/aclaveau/Documents/projet/Git/biosphere7/biosphere7/build/junit653702399970281894.properties" />
    <property name="build.classes.dir" value="build/classes" />
    <property name="netbeans.accept_license_class" value="org.netbeans.license.AcceptLicense" />
    <property name="build.sysclasspath" value="ignore" />
    <property name="manifest.encoding" value="UTF-8" />
    <property name="ap.supported.internal" value="true" />
    <property name="java.failonerror" value="true" />
    <property name="run.modulepath" value="" />
    <property name="libs.javaee-endorsed-api-7.0.javadoc" value="/usr/local/netbeans-8.2/enterprise/docs/javaee-doc-api.jar" />
    <property name="libs.jaxws21.javadoc" value="/usr/local/netbeans-8.2/java/docs/jaxws-api-doc.zip" />
    <property name="libs.spring-webmvc4.0.javadoc" value="" />
    <property name="includes" value="**" />
    <property name="user.country" value="FR" />
    <property name="manifest.file" value="manifest.mf" />
    <property name="addExports:java.desktop/sun.awt" value="ALL-UNNAMED" />
    <property name="javadoc.encoding" value="UTF-8" />
    <property name="javac.classpath" value="" />
    <property name="libs.jsp-compilation-syscp.src" value="" />
    <property name="libs.spring-framework400.classpath" value="/usr/local/netbeans-8.2/ide/modules/org-apache-commons-logging.jar:/usr/local/netbeans-8.2/java/modules/ext/cglib-2.2.jar:/usr/local/netbeans-8.2/java/modules/ext/spring-4/spring-aop-4.0.1.RELEASE.jar:/usr/local/netbeans-8.2/java/modules/ext/spring-4/spring-aspects-4.0.1.RELEASE.jar:/usr/local/netbeans-8.2/java/modules/ext/spring-4/spring-beans-4.0.1.RELEASE.jar:/usr/local/netbeans-8.2/java/modules/ext/spring-4/spring-build-src-4.0.1.RELEASE.jar:/usr/local/netbeans-8.2/java/modules/ext/spring-4/spring-context-4.0.1.RELEASE.jar:/usr/local/netbeans-8.2/java/modules/ext/spring-4/spring-context-support-4.0.1.RELEASE.jar:/usr/local/netbeans-8.2/java/modules/ext/spring-4/spring-core-4.0.1.RELEASE.jar:/usr/local/netbeans-8.2/java/modules/ext/spring-4/spring-expression-4.0.1.RELEASE.jar:/usr/local/netbeans-8.2/java/modules/ext/spring-4/spring-framework-bom-4.0.1.RELEASE.jar:/usr/local/netbeans-8.2/java/modules/ext/spring-4/spring-instrument-4.0.1.RELEASE.jar:/usr/local/netbeans-8.2/java/modules/ext/spring-4/spring-instrument-tomcat-4.0.1.RELEASE.jar:/usr/local/netbeans-8.2/java/modules/ext/spring-4/spring-jdbc-4.0.1.RELEASE.jar:/usr/local/netbeans-8.2/java/modules/ext/spring-4/spring-jms-4.0.1.RELEASE.jar:/usr/local/netbeans-8.2/java/modules/ext/spring-4/spring-messaging-4.0.1.RELEASE.jar:/usr/local/netbeans-8.2/java/modules/ext/spring-4/spring-orm-4.0.1.RELEASE.jar:/usr/local/netbeans-8.2/java/modules/ext/spring-4/spring-oxm-4.0.1.RELEASE.jar:/usr/local/netbeans-8.2/java/modules/ext/spring-4/spring-test-4.0.1.RELEASE.jar:/usr/local/netbeans-8.2/java/modules/ext/spring-4/spring-tx-4.0.1.RELEASE.jar:/usr/local/netbeans-8.2/java/modules/ext/spring-4/spring-web-4.0.1.RELEASE.jar:/usr/local/netbeans-8.2/java/modules/ext/spring-4/spring-webmvc-4.0.1.RELEASE.jar:/usr/local/netbeans-8.2/java/modules/ext/spring-4/spring-webmvc-portlet-4.0.1.RELEASE.jar:/usr/local/netbeans-8.2/java/modules/ext/spring-4/spring-websocket-4.0.1.RELEASE.jar" />
    <property name="debug-transport" value="dt_socket" />
    <property name="netbeans.home" value="/usr/local/netbeans-8.2/platform" />
    <property name="build.compiler.emacs" value="true" />
    <property name="libs.javaee-web-api-6.0.src" value="" />
    <property name="libs.jsp-compilation-syscp.classpath" value="/usr/local/netbeans-8.2/extide/ant/lib/ant.jar:/usr/local/netbeans-8.2/enterprise/modules/ext/servlet3.1-jsp2.3-api.jar:/usr/local/netbeans-8.2/enterprise/modules/ext/glassfish-jspparser-4.0.jar:/usr/local/netbeans-8.2/enterprise/modules/ext/jstl-impl.jar:/usr/local/netbeans-8.2/enterprise/modules/ext/jsf-2_2/javax.faces.jar" />
    <property name="javac.modulepath" value="" />
    <property name="java.endorsed.dirs" value="/opt/jdk1.8.0_181/jre/lib/endorsed" />
    <property name="libs.groovy-all.src" value="" />
    <property name="test.includes" value="biosphere7/JoueurBiosphere7Test.java" />
    <property name="netbeans.dynamic.classpath" value="/usr/local/netbeans-8.2/platform/core/core.jar:/usr/local/netbeans-8.2/platform/core/core-base.jar:/usr/local/netbeans-8.2/platform/core/org-netbeans-libs-asm.jar:/usr/local/netbeans-8.2/platform/core/org-openide-filesystems-compat8.jar:/usr/local/netbeans-8.2/platform/core/org-openide-filesystems.jar:/usr/local/netbeans-8.2/platform/core/asm-all-5.0.1.jar:/usr/local/netbeans-8.2/platform/core/locale/org-openide-filesystems-compat8_zh_CN.jar:/usr/local/netbeans-8.2/platform/core/locale/core-base_ru.jar:/usr/local/netbeans-8.2/platform/core/locale/org-openide-filesystems_ja.jar:/usr/local/netbeans-8.2/platform/core/locale/org-openide-filesystems_ru.jar:/usr/local/netbeans-8.2/platform/core/locale/core-base_zh_CN.jar:/usr/local/netbeans-8.2/platform/core/locale/core_ja.jar:/usr/local/netbeans-8.2/platform/core/locale/core_pt_BR.jar:/usr/local/netbeans-8.2/platform/core/locale/core-base_pt_BR.jar:/usr/local/netbeans-8.2/platform/core/locale/org-netbeans-libs-asm_pt_BR.jar:/usr/local/netbeans-8.2/platform/core/locale/org-openide-filesystems-compat8_ru.jar:/usr/local/netbeans-8.2/platform/core/locale/org-openide-filesystems-compat8_ja.jar:/usr/local/netbeans-8.2/platform/core/locale/org-openide-filesystems_zh_CN.jar:/usr/local/netbeans-8.2/platform/core/locale/org-openide-filesystems-compat8_pt_BR.jar:/usr/local/netbeans-8.2/platform/core/locale/core_zh_CN.jar:/usr/local/netbeans-8.2/platform/core/locale/org-netbeans-libs-asm_zh_CN.jar:/usr/local/netbeans-8.2/platform/core/locale/org-netbeans-libs-asm_ja.jar:/usr/local/netbeans-8.2/platform/core/locale/org-netbeans-libs-asm_ru.jar:/usr/local/netbeans-8.2/platform/core/locale/org-openide-filesystems_pt_BR.jar:/usr/local/netbeans-8.2/platform/core/locale/core-base_ja.jar:/usr/local/netbeans-8.2/platform/core/locale/core_ru.jar:/usr/local/netbeans-8.2/nb/core/org-netbeans-upgrader.jar:/usr/local/netbeans-8.2/nb/core/locale/org-netbeans-upgrader_pt_BR.jar:/usr/local/netbeans-8.2/nb/core/locale/core_nb.jar:/usr/local/netbeans-8.2/nb/core/locale/org-netbeans-upgrader_zh_CN.jar:/usr/local/netbeans-8.2/nb/core/locale/core_nb_pt_BR.jar:/usr/local/netbeans-8.2/nb/core/locale/core_nb_zh_CN.jar:/usr/local/netbeans-8.2/nb/core/locale/org-netbeans-upgrader_ja.jar:/usr/local/netbeans-8.2/nb/core/locale/org-netbeans-upgrader_ru.jar:/usr/local/netbeans-8.2/nb/core/locale/core_nb_ru.jar:/usr/local/netbeans-8.2/nb/core/locale/core_nb_ja.jar" />
    <property name="java.vm.specification.version" value="1.8" />
    <property name="libs.hibernate4-support.src" value="" />
    <property name="libs.primefaces.classpath" value="/usr/local/netbeans-8.2/enterprise/modules/ext/primefaces/primefaces-5.0.jar" />
    <property name="libs.javaee-api-6.0.classpath" value="/usr/local/netbeans-8.2/enterprise/modules/ext/javaee-api-6.0.jar" />
    <property name="libs.groovy-all.maven-pom" value="" />
    <property name="netbeans.productversion" value="NetBeans IDE 8.2 (Build 201609300101)" />
    <property name="libs.jaxws21.src" value="" />
    <property name="application.title" value="Biosphere7" />
    <property name="do.archive" value="true" />
    <property name="netbeans.autoupdate.language" value="fr" />
    <property name="ant.file.Biosphere7" value="/mnt/roost/users/aclaveau/Documents/projet/Git/biosphere7/biosphere7/build.xml" />
    <property name="java.vendor" value="Oracle Corporation" />
    <property name="libs.javaee-api-6.0.javadoc" value="/usr/local/netbeans-8.2/enterprise/docs/javaee-doc-api.jar" />
    <property name="sun.font.fontmanager" value="sun.awt.X11FontManager" />
    <property name="jar.index.metainf" value="false" />
    <property name="javac.debug" value="true" />
    <property name="javadoc.splitindex" value="true" />
    <property name="file.separator" value="/" />
    <property name="javac.includesfile.binary" value="/mnt/roost/users/aclaveau/Documents/projet/Git/biosphere7/biosphere7/null1871795339" />
    <property name="libs.junit_4.maven-pom" value="" />
    <property name="mkdist.disabled" value="false" />
    <property name="javac.test.processorpath" value=":build/classes:/usr/local/netbeans-8.2/platform/modules/ext/hamcrest-core-1.3.jar:/usr/local/netbeans-8.2/platform/modules/ext/junit-4.12.jar" />
    <property name="netbeans.buildnumber" value="201609300101" />
    <property name="libs.JWSAntTasks.javadoc" value="" />
    <property name="build.generated.sources.dir" value="build/generated-sources" />
    <property name="libs.eclipselinkmodelgen.classpath" value="/usr/local/netbeans-8.2/java/modules/ext/eclipselink/org.eclipse.persistence.jpa.modelgen_2.5.2.v20140319-9ad6abd.jar" />
    <property name="libs.javaee-endorsed-api-7.0.src" value="" />
    <property name="sun.java.launcher" value="SUN_STANDARD" />
    <property name="libs.hibernate4-persistencemodelgen.javadoc" value="" />
    <property name="libs.jaxb.javadoc" value="/usr/local/netbeans-8.2/ide/docs/jaxb-api-doc.zip" />
    <property name="libs.struts.classpath" value="/usr/local/netbeans-8.2/enterprise/modules/ext/struts/antlr-2.7.2.jar:/usr/local/netbeans-8.2/enterprise/modules/ext/struts/bsf-2.3.0.jar:/usr/local/netbeans-8.2/enterprise/modules/ext/struts/commons-beanutils-1.8.0.jar:/usr/local/netbeans-8.2/enterprise/modules/ext/struts/commons-chain-1.2.jar:/usr/local/netbeans-8.2/enterprise/modules/ext/struts/commons-digester-1.8.jar:/usr/local/netbeans-8.2/enterprise/modules/ext/struts/commons-fileupload-1.1.1.jar:/usr/local/netbeans-8.2/enterprise/modules/ext/struts/commons-io-1.1.jar:/usr/local/netbeans-8.2/enterprise/modules/ext/struts/commons-logging-1.0.4.jar:/usr/local/netbeans-8.2/enterprise/modules/ext/struts/commons-validator-1.3.1.jar:/usr/local/netbeans-8.2/enterprise/modules/ext/struts/jstl-1.0.2.jar:/usr/local/netbeans-8.2/enterprise/modules/ext/struts/oro-2.0.8.jar:/usr/local/netbeans-8.2/enterprise/modules/ext/struts/standard-1.0.6.jar:/usr/local/netbeans-8.2/enterprise/modules/ext/struts/struts-core-1.3.10.jar:/usr/local/netbeans-8.2/enterprise/modules/ext/struts/struts-el-1.3.10.jar:/usr/local/netbeans-8.2/enterprise/modules/ext/struts/struts-extras-1.3.10.jar:/usr/local/netbeans-8.2/enterprise/modules/ext/struts/struts-faces-1.3.10.jar:/usr/local/netbeans-8.2/enterprise/modules/ext/struts/struts-mailreader-dao-1.3.10.jar:/usr/local/netbeans-8.2/enterprise/modules/ext/struts/struts-scripting-1.3.10.jar:/usr/local/netbeans-8.2/enterprise/modules/ext/struts/struts-taglib-1.3.10.jar:/usr/local/netbeans-8.2/enterprise/modules/ext/struts/struts-tiles-1.3.10.jar" />
    <property name="javac.includes.binary" value="/mnt/roost/users/aclaveau/Documents/projet/Git/biosphere7/biosphere7/build/test/classes/biosphere7/JoueurBiosphere7Test.class" />
    <property name="ant.home" value="/usr/local/netbeans-8.2/extide/ant" />
    <property name="libs.junit_4.src" value="/usr/local/netbeans-8.2/platform/docs/junit-4.12-sources.jar" />
    <property name="libs.testng.classpath" value="/usr/local/netbeans-8.2/platform/modules/ext/testng-6.8.1-dist.jar" />
    <property name="libs.absolutelayout.maven-pom" value="" />
    <property name="ant.java.version" value="1.8" />
    <property name="java.library.path" value="/opt/oracle-jdk/jre/lib/amd64:/opt/oracle-jdk/jre/lib/i386::/usr/java/packages/lib/amd64:/usr/lib64:/lib64:/lib:/usr/lib" />
    <property name="javadoc.author" value="false" />
    <property name="libs.metro.maven-pom" value="" />
    <property name="java.util.logging.config.class" value="org.netbeans.core.startup.TopLogging" />
    <property name="libs.spring-framework400.src" value="" />
    <property name="libs.PostgreSQLDriver.src" value="" />
    <property name="sun.arch.data.model" value="64" />
    <property name="basedir" value="/mnt/roost/users/aclaveau/Documents/projet/Git/biosphere7/biosphere7" />
    <property name="libs.jpa20-persistence.maven-pom" value="" />
    <property name="jar.compress" value="false" />
    <property name="libs.javaee-web-api-7.0.classpath" value="/usr/local/netbeans-8.2/enterprise/modules/ext/javaee-web-api-7.0.jar" />
    <property name="path.separator" value=":" />
    <property name="libs.javaee-web-api-6.0.javadoc" value="/usr/local/netbeans-8.2/enterprise/docs/javaee-doc-api.jar" />
    <property name="ant.junit.enabletestlistenerevents" value="true" />
    <property name="sun.io.unicode.encoding" value="UnicodeLittle" />
    <property name="libs.jaxws21.classpath" value="/usr/local/netbeans-8.2/ide/modules/ext/jaxb/jaxb-impl.jar:/usr/local/netbeans-8.2/ide/modules/ext/jaxb/jaxb-xjc.jar:/usr/local/netbeans-8.2/java/modules/ext/jaxws22/FastInfoset.jar:/usr/local/netbeans-8.2/java/modules/ext/jaxws22/gmbal-api-only.jar:/usr/local/netbeans-8.2/java/modules/ext/jaxws22/ha-api.jar:/usr/local/netbeans-8.2/java/modules/ext/jaxws22/javax.mail_1.4.jar:/usr/local/netbeans-8.2/java/modules/ext/jaxws22/jaxws-rt.jar:/usr/local/netbeans-8.2/java/modules/ext/jaxws22/jaxws-tools.jar:/usr/local/netbeans-8.2/java/modules/ext/jaxws22/management-api.jar:/usr/local/netbeans-8.2/java/modules/ext/jaxws22/mimepull.jar:/usr/local/netbeans-8.2/java/modules/ext/jaxws22/policy.jar:/usr/local/netbeans-8.2/java/modules/ext/jaxws22/saaj-impl.jar:/usr/local/netbeans-8.2/java/modules/ext/jaxws22/stax-ex.jar:/usr/local/netbeans-8.2/java/modules/ext/jaxws22/stax2-api.jar:/usr/local/netbeans-8.2/java/modules/ext/jaxws22/streambuffer.jar:/usr/local/netbeans-8.2/java/modules/ext/jaxws22/woodstox-core-asl.jar:/usr/local/netbeans-8.2/java/modules/ext/jaxws22/api/jaxws-api.jar:/usr/local/netbeans-8.2/java/modules/ext/jaxws22/api/jsr181-api.jar:/usr/local/netbeans-8.2/java/modules/ext/jaxws22/api/javax.annotation.jar:/usr/local/netbeans-8.2/java/modules/ext/jaxws22/api/saaj-api.jar:/usr/local/netbeans-8.2/ide/modules/ext/jaxb/activation.jar:/usr/local/netbeans-8.2/ide/modules/ext/jaxb/api/jaxb-api.jar:/usr/local/netbeans-8.2/ide/modules/ext/jaxb/api/jsr173_1.0_api.jar" />
    <property name="libs.struts.src" value="" />
    <property name="apple.awt.graphics.UseQuartz" value="true" />
    <property name="addExports:java.desktop/sun.awt.im" value="ALL-UNNAMED" />
    <property name="user.language" value="fr" />
    <property name="testng.mode" value="testng" />
    <property name="libs.JAXB-ENDORSED.maven-pom" value="" />
    <property name="libs.eclipselink.maven-pom" value="" />
    <property name="application.vendor" value="ogauwin" />
    <property name="test.binaryincludes" value="&lt;nothing&gt;" />
    <property name="manifest.available" value="true" />
    <property name="libs.primefaces.javadoc" value="" />
    <property name="libs.spring-framework300.maven-pom" value="" />
    <property name="run.test.classpath" value=":build/classes:/usr/local/netbeans-8.2/platform/modules/ext/hamcrest-core-1.3.jar:/usr/local/netbeans-8.2/platform/modules/ext/junit-4.12.jar:build/test/classes" />
    <property name="ant.project.invoked-targets" value="test-single" />
    <property name="test.binaryexcludes" value="" />
    <property name="libs.swing-layout.javadoc" value="/usr/local/netbeans-8.2/platform/docs/swing-layout-1.0.4-doc.zip" />
    <property name="sun.java2d.dpiaware" value="true" />
    <property name="libs.hibernate4-persistence.maven-pom" value="" />
    <property name="addExports:java.base/jdk.internal.jrtfs" value="ALL-UNNAMED" />
    <property name="libs.DataBindingME-SVG.classpath" value="/usr/local/netbeans-8.2/mobility/modules/ext/netbeans_databindingme_svg.jar" />
    <property name="https.nonProxyHosts" value="localhost|127.0.0.1|info-305-09x.iut.bx1" />
    <property name="libs.PostgreSQLDriver.maven-pom" value="" />
    <property name="java.class.version" value="52.0" />
    <property name="libs.hibernate4-persistencemodelgen.maven-pom" value="" />
    <property name="libs.javaee-endorsed-api-6.0.src" value="" />
    <property name="libs.eclipselink.javadoc" value="/usr/local/netbeans-8.2/java/modules/ext/docs/javax.persistence-2.1.0-doc.zip" />
    <property name="libs.jsp-compilation.maven-pom" value="" />
    <property name="user.properties.file" value="/mnt/roost/users/aclaveau/.netbeans/8.2/build.properties" />
    <property name="runtime.encoding" value="UTF-8" />
    <property name="libs.javac-api.maven-pom" value="" />
    <property name="file.encoding.pkg" value="sun.io" />
    <property name="sun.cpu.endian" value="little" />
    <property name="libs.JAXB-ENDORSED.javadoc" value="" />
    <property name="libs.JWSAntTasks.classpath" value="/usr/local/netbeans-8.2/java/ant/extra/org-netbeans-modules-javawebstart-anttasks.jar" />
    <property name="libs.spring-webmvc4.0.maven-pom" value="" />
    <property name="libs.spring-framework300.src" value="" />
    <property name="libs.jstl.src" value="" />
    <property name="empty.dir" value="/mnt/roost/users/aclaveau/Documents/projet/Git/biosphere7/biosphere7/build/empty" />
    <property name="test.binarytestincludes" value="" />
    <property name="libs.hibernate4-persistencemodelgen.src" value="" />
    <property name="javadoc.preview" value="true" />
    <property name="libs.jpa20-persistence.javadoc" value="/usr/local/netbeans-8.2/java/modules/ext/docs/javax.persistence-2.1.0-doc.zip" />
    <property name="java.home" value="/opt/jdk1.8.0_181/jre" />
    <property name="libs.jsp-compilation.src" value="" />
    <property name="debug.test.classpath" value=":build/classes:/usr/local/netbeans-8.2/platform/modules/ext/hamcrest-core-1.3.jar:/usr/local/netbeans-8.2/platform/modules/ext/junit-4.12.jar:build/test/classes" />
    <property name="libs.javaee-endorsed-api-6.0.classpath" value="/usr/local/netbeans-8.2/enterprise/modules/ext/javaee6-endorsed/javax.annotation.jar:/usr/local/netbeans-8.2/enterprise/modules/ext/javaee6-endorsed/jaxb-api-osgi.jar:/usr/local/netbeans-8.2/enterprise/modules/ext/javaee6-endorsed/webservices-api-osgi.jar" />
    <property name="libs.javaee-api-6.0.src" value="" />
    <property name="netbeans.importclass" value="org.netbeans.upgrade.AutoUpgrade" />
    <property name="ant.project.default-target" value="default" />
    <property name="annotation.processing.run.all.processors" value="true" />
    <property name="libs.DataBindingME.maven-pom" value="" />
    <property name="libs.PostgreSQLDriver.javadoc" value="" />
    <property name="libs.restlib.classpath" value="/usr/local/netbeans-8.2/enterprise/modules/ext/jersey2/ext/asm-all-repackaged-2.2.0-b21.jar:/usr/local/netbeans-8.2/enterprise/modules/ext/jersey2/ext/cglib-2.2.0-b21.jar:/usr/local/netbeans-8.2/enterprise/modules/ext/jersey2/ext/guava-14.0.1.jar:/usr/local/netbeans-8.2/enterprise/modules/ext/jersey2/ext/hk2-api-2.2.0-b21.jar:/usr/local/netbeans-8.2/enterprise/modules/ext/jersey2/ext/hk2-locator-2.2.0-b21.jar:/usr/local/netbeans-8.2/enterprise/modules/ext/jersey2/ext/hk2-utils-2.2.0-b21.jar:/usr/local/netbeans-8.2/enterprise/modules/ext/jersey2/ext/javax.annotation-api-1.2.jar:/usr/local/netbeans-8.2/enterprise/modules/ext/jersey2/ext/javax.inject-2.2.0-b21.jar:/usr/local/netbeans-8.2/enterprise/modules/ext/jersey2/ext/javax.servlet-api-3.0.1.jar:/usr/local/netbeans-8.2/enterprise/modules/ext/jersey2/ext/jaxb-api-2.2.7.jar:/usr/local/netbeans-8.2/enterprise/modules/ext/jersey2/ext/jersey-entity-filtering-2.5.1.jar:/usr/local/netbeans-8.2/enterprise/modules/ext/jersey2/ext/jersey-media-moxy-2.5.1.jar:/usr/local/netbeans-8.2/enterprise/modules/ext/jersey2/ext/org.osgi.core-4.2.0.jar:/usr/local/netbeans-8.2/enterprise/modules/ext/jersey2/ext/osgi-resource-locator-1.0.1.jar:/usr/local/netbeans-8.2/enterprise/modules/ext/jersey2/ext/persistence-api-1.0.jar:/usr/local/netbeans-8.2/enterprise/modules/ext/jersey2/ext/validation-api-1.1.0.Final.jar:/usr/local/netbeans-8.2/enterprise/modules/ext/jersey2/jersey-client.jar:/usr/local/netbeans-8.2/enterprise/modules/ext/jersey2/jersey-common.jar:/usr/local/netbeans-8.2/enterprise/modules/ext/jersey2/jersey-container-servlet.jar:/usr/local/netbeans-8.2/enterprise/modules/ext/jersey2/jersey-container-servlet-core.jar:/usr/local/netbeans-8.2/enterprise/modules/ext/jersey2/jersey-server.jar:/usr/local/netbeans-8.2/java/modules/ext/eclipselink/eclipselink.jar" />
    <property name="libs.MySQLDriver.maven-pom" value="" />
    <property name="libs.hibernate4-persistence.javadoc" value="/usr/local/netbeans-8.2/java/modules/ext/docs/javax.persistence-2.1.0-doc.zip" />
    <property name="http.nonProxyHosts" value="localhost|127.0.0.1|info-305-09x.iut.bx1" />
    <property name="libs.junit_4.javadoc" value="/usr/local/netbeans-8.2/platform/docs/junit-4.12-javadoc.jar" />
    <property name="javac.test.modulepath" value="" />
    <property name="libs.javaee-web-api-6.0.maven-pom" value="" />
    <property name="run.classpath" value=":build/classes" />
    <property name="jna.boot.library.name" value="jnidispatch-422" />
    <property name="libs.javaee-endorsed-api-6.0.javadoc" value="/usr/local/netbeans-8.2/enterprise/docs/javaee-doc-api.jar" />
    <property name="libs.javaee-api-7.0.classpath" value="/usr/local/netbeans-8.2/enterprise/modules/ext/javaee-api-7.0.jar" />
    <property name="sun.awt.datatransfer.timeout" value="1000" />
    <property name="libs.spring-webmvc3.0.javadoc" value="" />
    <property name="libs.jpa2-persistence.maven-pom" value="" />
    <property name="annotation.processing.enabled.in.editor" value="false" />
    <property name="libs.hibernate4-support.classpath" value="/usr/local/netbeans-8.2/java/modules/ext/hibernate4/antlr-2.7.7.jar:/usr/local/netbeans-8.2/java/modules/ext/hibernate4/c3p0-0.9.2.1.jar:/usr/local/netbeans-8.2/java/modules/ext/hibernate4/hibernate-c3p0-4.3.1.Final.jar:/usr/local/netbeans-8.2/java/modules/ext/hibernate4/mchange-commons-java-0.2.3.4.jar:/usr/local/netbeans-8.2/java/modules/ext/hibernate4/dom4j-1.6.1.jar:/usr/local/netbeans-8.2/java/modules/ext/hibernate4/ehcache-core-2.4.3.jar:/usr/local/netbeans-8.2/java/modules/ext/hibernate4/hibernate-ehcache-4.3.1.Final.jar:/usr/local/netbeans-8.2/java/modules/ext/hibernate4/hibernate-core-4.3.1.Final.jar:/usr/local/netbeans-8.2/java/modules/ext/hibernate4/jboss-logging-3.1.3.GA.jar:/usr/local/netbeans-8.2/java/modules/ext/hibernate4/hibernate-commons-annotations-4.0.4.Final.jar:/usr/local/netbeans-8.2/java/modules/ext/hibernate4/hibernate-entitymanager-4.3.1.Final.jar:/usr/local/netbeans-8.2/java/modules/ext/hibernate4/javassist-3.18.1-GA.jar:/usr/local/netbeans-8.2/java/modules/ext/hibernate4/jboss-transaction-api_1.2_spec-1.0.0.Final.jar:/usr/local/netbeans-8.2/java/modules/ext/hibernate4/slf4j-api-1.6.1.jar:/usr/local/netbeans-8.2/java/modules/ext/hibernate4/slf4j-simple-1.6.1.jar" />
    <property name="ant.file.type.Biosphere7" value="file" />
    <property name="nb.native.filechooser" value="false" />
    <property name="libs.restapi.src" value="" />
    <property name="sun.management.compiler" value="HotSpot 64-Bit Tiered Compilers" />
    <property name="libs.j2me_common_ant.javadoc" value="" />
    <property name="javac.deprecation" value="false" />
    <property name="javadoc.use" value="true" />
    <property name="sun.java2d.noddraw" value="true" />
    <property name="libs.jsp-compiler.classpath" value="/usr/local/netbeans-8.2/enterprise/ant/extra/jspcompile.jar" />
    <property name="javac.processorpath" value="" />
    <property name="libs.hamcrest.maven-pom" value="" />
    <property name="javac.compilerargs" value="" />
    <property name="ant.file" value="/mnt/roost/users/aclaveau/Documents/projet/Git/biosphere7/biosphere7/build.xml" />
    <property name="libs.beans-binding.maven-pom" value="" />
    <property name="libs.hibernate4-support.javadoc" value="/usr/local/netbeans-8.2/java/modules/ext/docs/javax.persistence-2.1.0-doc.zip" />
    <property name="libs.jsf12.classpath" value="/usr/local/netbeans-8.2/enterprise/modules/ext/jsf-1_2/commons-beanutils.jar:/usr/local/netbeans-8.2/enterprise/modules/ext/jsf-1_2/commons-collections.jar:/usr/local/netbeans-8.2/enterprise/modules/ext/jsf-1_2/commons-digester.jar:/usr/local/netbeans-8.2/enterprise/modules/ext/jsf-1_2/commons-logging.jar:/usr/local/netbeans-8.2/enterprise/modules/ext/jsf-1_2/jsf-api.jar:/usr/local/netbeans-8.2/enterprise/modules/ext/jsf-1_2/jsf-impl.jar" />
    <property name="libs.jstl.maven-pom" value="" />
    <property name="libs.restapi.maven-pom" value="" />
    <property name="libs.beans-binding.src" value="" />
    <property name="java.vm.specification.vendor" value="Oracle Corporation" />
    <property name="libs.DataBindingME-PIM.javadoc" value="/usr/local/netbeans-8.2/mobility/modules/docs/netbeans_databindingme_pim-api.zip" />
    <property name="libs.swing-layout.src" value="/usr/local/netbeans-8.2/platform/docs/swing-layout-1.0.4-src.zip" />
    <property name="org.openide.major.version" value="IDE/1" />
    <property name="java.vm.name" value="Java HotSpot(TM) 64-Bit Server VM" />
    <property name="netbeans.user" value="/mnt/roost/users/aclaveau/.netbeans/8.2" />
    <property name="javadoc.additionalparam" value="" />
    <property name="java.io.tmpdir" value="/tmp" />
    <property name="java.vendor.url" value="http://java.oracle.com/" />
    <property name="endorsed.classpath.cmd.line.arg" value="" />
    <property name="jna.loaded" value="true" />
    <property name="junit.available" value="true" />
    <property name="libs.jsp-compiler.src" value="" />
    <property name="sun.boot.library.path" value="/opt/jdk1.8.0_181/jre/lib/amd64" />
    <property name="have.sources" value="true" />
    <property name="libs.hamcrest.javadoc" value="" />
    <property name="debug.classpath" value=":build/classes" />
    <property name="javac.external.vm" value="true" />
    <property name="javadoc.private" value="false" />
    <property name="test.src.dir" value="test" />
    <property name="libs.jsf20.classpath" value="/usr/local/netbeans-8.2/enterprise/modules/ext/jsf-2_2/javax.faces.jar" />
    <property name="ap.processors.internal" value="" />
    <property name="meta.inf.dir" value="src/META-INF" />
    <property name="javadoc.encoding.used" value="UTF-8" />
    <property name="libs.DataBindingME-SVG.src" value="/usr/local/netbeans-8.2/mobility/sources/netbeans_databindingme_svg-src.zip" />
    <property name="dist.jar" value="dist/Biosphere7.jar" />
    <property name="libs.spring-framework400.maven-pom" value="" />
    <property name="java.runtime.name" value="Java(TM) SE Runtime Environment" />
    <property name="debug.test.modulepath" value="" />
    <property name="ant.project.name" value="Biosphere7" />
    <property name="netbeans.hash.code" value="unique=NB_CND_EXTIDE_GFMOD_GROOVY_JAVA_MOB_PHP_TOMCAT_WEBCOMMON_WEBEE0991031cf-26f5-48ce-8e8a-f5c293cec9bc_0c95a0ee-1a37-4920-a011-8e29066b868a" />
    <property name="netbeans.default_userdir_root" value="/mnt/roost/users/aclaveau/.netbeans" />
    <property name="libs.jsp-compilation-syscp.maven-pom" value="" />
    <property name="sun.cpu.isalist" value="" />
    <property name="libs.spring-framework400.javadoc" value="" />
    <property name="libs.CopyLibs.javadoc" value="" />
    <property name="javadoc.html5" value="false" />
    <property name="org.openide.specification.version" value="6.2" />
    <property name="libs.DataBindingME-PIM.classpath" value="/usr/local/netbeans-8.2/mobility/modules/ext/netbeans_databindingme_pim.jar" />
    <property name="user.home" value="/mnt/roost/users/aclaveau" />
    <property name="annotation.processing.processors.list" value="" />
    <property name="libs.primefaces.maven-pom" value="" />
    <property name="libs.javaee-api-6.0.maven-pom" value="" />
    <property name="libs.JWSAntTasks.src" value="" />
    <property name="jar.index" value="false" />
    <property name="libs.CopyLibs.maven-pom" value="" />
    <property name="libs.spring-framework300.javadoc" value="" />
    <property name="libs.absolutelayout.javadoc" value="" />
    <property name="java.specification.name" value="Java Platform API Specification" />
    <property name="java.specification.vendor" value="Oracle Corporation" />
    <property name="libs.javac-api.classpath" value="/usr/local/netbeans-8.2/java/modules/ext/nb-javac-api.jar" />
    <property name="java.version" value="1.8.0_181" />
    <property name="run.jvmargs.ide" value="" />
    <property name="javadoc.version" value="false" />
    <property name="javac.processormodulepath" value="" />
    <property name="libs.MySQLDriver.javadoc" value="" />
    <property name="org.openide.version" value="deprecated" />
    <property name="source.encoding" value="UTF-8" />
    <property name="platform.java" value="/opt/jdk1.8.0_181/jre/bin/java" />
    <property name="ap.cmd.line.internal" value="" />
    <property name="libs.eclipselinkmodelgen.maven-pom" value="" />
    <property name="libs.jsp-compilation-syscp.javadoc" value="" />
    <property name="libs.eclipselinkmodelgen.javadoc" value="" />
    <property name="libs.javaee-endorsed-api-7.0.classpath" value="/usr/local/netbeans-8.2/enterprise/modules/ext/javaee7-endorsed/javax.annotation-api.jar:/usr/local/netbeans-8.2/enterprise/modules/ext/javaee7-endorsed/javax.xml.soap-api.jar:/usr/local/netbeans-8.2/enterprise/modules/ext/javaee7-endorsed/jaxb-api-osgi.jar:/usr/local/netbeans-8.2/enterprise/modules/ext/javaee7-endorsed/jaxws-api.jar:/usr/local/netbeans-8.2/enterprise/modules/ext/javaee7-endorsed/jsr181-api.jar" />
    <property name="libs.metro.javadoc" value="/usr/local/netbeans-8.2/enterprise/docs/metro-1.4-doc.zip" />
    <property name="libs.struts.maven-pom" value="" />
    <property name="netbeans.home+have.tests" value="true" />
    <property name="annotation.processing.processor.options" value="" />
    <property name="libs.testng.maven-pom" value="" />
    <property name="libs.jaxb.src" value="" />
    <property name="work.dir" value="/mnt/roost/users/aclaveau/Documents/projet/Git/biosphere7/biosphere7" />
    <property name="libs.jaxb.classpath" value="/usr/local/netbeans-8.2/ide/modules/ext/jaxb/jaxb-impl.jar:/usr/local/netbeans-8.2/ide/modules/ext/jaxb/jaxb-xjc.jar:/usr/local/netbeans-8.2/ide/modules/ext/jaxb/jaxb1-impl.jar:/usr/local/netbeans-8.2/ide/modules/ext/jaxb/activation.jar:/usr/local/netbeans-8.2/ide/modules/ext/jaxb/api/jaxb-api.jar:/usr/local/netbeans-8.2/ide/modules/ext/jaxb/api/jsr173_1.0_api.jar" />
    <property name="do.depend" value="false" />
    <property name="libs.j2me_common_ant.classpath" value="/usr/local/netbeans-8.2/mobility/modules/org-netbeans-modules-j2me-common-ant.jar:/usr/local/netbeans-8.2/java/modules/org-netbeans-modules-classfile.jar" />
    <property name="dist.javadoc.dir" value="dist/javadoc" />
    <property name="libs.spring-webmvc3.0.classpath" value="/usr/local/netbeans-8.2/java/modules/ext/spring-3.0/spring-webmvc-3.2.7.RELEASE.jar" />
    <property name="libs.swing-layout.classpath" value="/usr/local/netbeans-8.2/platform/modules/ext/swing-layout-1.0.4.jar" />
    <property name="libs.javaee-web-api-7.0.maven-pom" value="" />
    <property name="libs.restlib.src" value="" />
    <property name="javac.source" value="1.8" />
    <property name="build.generated.dir" value="build/generated" />
    <property name="line.separator" value="&#xa;" />
    <property name="java.specification.version" value="1.8" />
    <property name="java.vm.info" value="mixed mode" />
    <property name="libs.jaxws21.maven-pom" value="" />
    <property name="nb.laf.forced" value="javax.swing.plaf.metal.MetalLookAndFeel" />
    <property name="nb.junit.batch" value="true" />
    <property name="junit.forkmode" value="perTest" />
    <property name="addExports:java.management/sun.management" value="ALL-UNNAMED" />
    <property name="sun.boot.class.path" value="/opt/jdk1.8.0_181/jre/lib/resources.jar:/opt/jdk1.8.0_181/jre/lib/rt.jar:/opt/jdk1.8.0_181/jre/lib/sunrsasign.jar:/opt/jdk1.8.0_181/jre/lib/jsse.jar:/opt/jdk1.8.0_181/jre/lib/jce.jar:/opt/jdk1.8.0_181/jre/lib/charsets.jar:/opt/jdk1.8.0_181/jre/lib/jfr.jar:/opt/jdk1.8.0_181/jre/classes" />
    <property name="javac.target" value="1.8" />
    <property name="built-jar.properties" value="/mnt/roost/users/aclaveau/Documents/projet/Git/biosphere7/biosphere7/build/built-jar.properties" />
    <property name="build.test.classes.dir" value="build/test/classes" />
    <property name="src.dir" value="src" />
    <property name="javac.test.compilerargs" value="" />
    <property name="annotation.processing.enabled" value="true" />
    <property name="libs.jpa2-persistence.src" value="" />
    <property name="libs.jsf20.src" value="" />
    <property name="libs.jpa20-persistence.src" value="" />
    <property name="ant.file.Biosphere7-impl" value="/mnt/roost/users/aclaveau/Documents/projet/Git/biosphere7/biosphere7/nbproject/build-impl.xml" />
    <property name="libs.DataBindingME-SVG.maven-pom" value="" />
    <property name="libs.jsf12.src" value="" />
    <property name="libs.struts.javadoc" value="/usr/local/netbeans-8.2/enterprise/docs/struts-1.3.10-javadoc.zip" />
    <property name="ignore.failing.tests" value="true" />
    <property name="libs.javaee-web-api-7.0.src" value="" />
    <property name="libs.primefaces.src" value="" />
    <property name="dist.dir" value="dist" />
    <property name="libs.groovy-all.javadoc" value="" />
    <property name="jlink.launcher" value="false" />
    <property name="testng.debug.mode" value="" />
    <property name="libs.groovy-all.classpath" value="/usr/local/netbeans-8.2/groovy/modules/ext/groovy-all.jar" />
    <property name="javac.fork" value="true" />
    <property name="java.awt.printerjob" value="sun.print.PSPrinterJob" />
    <property name="default.javac.source" value="1.8" />
    <property name="debug-transport-by-os" value="dt_socket" />
    <property name="libs.MySQLDriver.src" value="" />
    <property name="sun.jnu.encoding" value="UTF-8" />
    <property name="run.test.jvmargs" value="" />
    <property name="java.runtime.version" value="1.8.0_181-b13" />
    <property name="build.test.results.dir" value="build/test/results" />
    <property name="jna.platform.library.path" value="/usr/lib/x86_64-linux-gnu:/lib/x86_64-linux-gnu:/usr/lib64:/lib64:/usr/lib:/lib:/libx32:/lib32:/usr/libx32:/usr/lib32:/usr/lib/x86_64-linux-gnu/libfakeroot" />
    <property name="default.javac.target" value="1.8" />
    <property name="libs.junit_4.classpath" value="/usr/local/netbeans-8.2/platform/modules/ext/junit-4.12.jar" />
    <property name="user.timezone" value="" />
    <property name="nb.junit.single" value="false" />
    <property name="libs.javaee-endorsed-api-6.0.maven-pom" value="" />
    <property name="netbeans.dirs" value="/usr/local/netbeans-8.2/nb:/usr/local/netbeans-8.2/ergonomics:/usr/local/netbeans-8.2/ide:/usr/local/netbeans-8.2/extide:/usr/local/netbeans-8.2/java:/usr/local/netbeans-8.2/apisupport:/usr/local/netbeans-8.2/webcommon:/usr/local/netbeans-8.2/websvccommon:/usr/local/netbeans-8.2/enterprise:/usr/local/netbeans-8.2/mobility:/usr/local/netbeans-8.2/profiler:/usr/local/netbeans-8.2/python:/usr/local/netbeans-8.2/php:/usr/local/netbeans-8.2/identity:/usr/local/netbeans-8.2/harness:/usr/local/netbeans-8.2/cnd:/usr/local/netbeans-8.2/cndext:/usr/local/netbeans-8.2/dlight:/usr/local/netbeans-8.2/groovy:/usr/local/netbeans-8.2/extra:/usr/local/netbeans-8.2/javacard:/usr/local/netbeans-8.2/javafx:" />
    <property name="libs.jsf20.javadoc" value="/usr/local/netbeans-8.2/enterprise/docs/javaee-doc-api.jar" />
    <property name="libs.jstl.javadoc" value="/usr/local/netbeans-8.2/enterprise/docs/javaee-doc-api.jar" />
    <property name="java.ext.dirs" value="/opt/jdk1.8.0_181/jre/lib/ext:/usr/java/packages/lib/ext" />
    <property name="libs.metro.src" value="" />
    <property name="endorsed.classpath" value="" />
    <property name="libs.absolutelayout.classpath" value="/usr/local/netbeans-8.2/java/modules/ext/AbsoluteLayout.jar" />
    <property name="excludes" value="" />
    <property name="libs.metro.classpath" value="/usr/local/netbeans-8.2/ide/modules/ext/jaxb/activation.jar:/usr/local/netbeans-8.2/enterprise/modules/ext/metro/webservices-api.jar:/usr/local/netbeans-8.2/enterprise/modules/ext/metro/webservices-extra-api.jar:/usr/local/netbeans-8.2/enterprise/modules/ext/metro/webservices-extra.jar:/usr/local/netbeans-8.2/enterprise/modules/ext/metro/webservices-rt.jar:/usr/local/netbeans-8.2/enterprise/modules/ext/metro/webservices-tools.jar" />
    <property name="libs.restlib.maven-pom" value="" />
    <property name="libs.jpa2-persistence.javadoc" value="/usr/local/netbeans-8.2/java/modules/ext/docs/javax.persistence-2.1.0-doc.zip" />
    <property name="libs.DataBindingME.javadoc" value="/usr/local/netbeans-8.2/mobility/modules/docs/netbeans_databindingme-api.zip" />
    <property name="java.class.path" value="/mnt/roost/users/aclaveau/Documents/projet/Git/biosphere7/biosphere7/build/classes:/usr/local/netbeans-8.2/platform/modules/ext/hamcrest-core-1.3.jar:/usr/local/netbeans-8.2/platform/modules/ext/junit-4.12.jar:/mnt/roost/users/aclaveau/Documents/projet/Git/biosphere7/biosphere7/build/test/classes:/usr/local/netbeans-8.2/extide/ant/lib/ant-launcher.jar:/usr/local/netbeans-8.2/extide/ant/lib/ant.jar:/usr/local/netbeans-8.2/extide/ant/lib/ant-junit.jar:/usr/local/netbeans-8.2/extide/ant/lib/ant-junit4.jar" />
    <property name="apple.laf.useScreenMenuBar" value="true" />
    <property name="addExports:java.desktop/java.awt.peer" value="ALL-UNNAMED" />
    <property name="addExports:java.desktop/com.sun.beans.editors" value="ALL-UNNAMED" />
    <property name="libs.absolutelayout.src" value="" />
    <property name="libs.jpa20-persistence.classpath" value="/usr/local/netbeans-8.2/java/modules/ext/eclipselink/javax.persistence_2.1.0.v201304241213.jar" />
    <property name="os.version" value="4.19.0-0.bpo.5-amd64" />
    <property name="application.args" value="" />
    <property name="ant.file.type.Biosphere7-impl" value="file" />
    <property name="libs.javaee-api-7.0.maven-pom" value="" />
    <property name="sun.awt.enableExtraMouseButtons" value="true" />
    <property name="sun.desktop" value="gnome" />
    <property name="jlink.launcher.name" value="Biosphere7" />
    <property name="libs.hibernate4-persistence.src" value="" />
    <property name="libs.hibernate4-support.maven-pom" value="" />
    <property name="libs.restlib.javadoc" value="" />
    <property name="libs.JAXB-ENDORSED.classpath" value="/usr/local/netbeans-8.2/ide/modules/ext/jaxb/api/jaxb-api.jar" />
    <property name="run.test.modulepath" value="" />
    <property name="nb.internal.action.name" value="test.single" />
    <property name="libs.javaee-api-7.0.javadoc" value="/usr/local/netbeans-8.2/enterprise/docs/javaee-doc-api.jar" />
    <property name="libs.eclipselink.classpath" value="/usr/local/netbeans-8.2/java/modules/ext/eclipselink/eclipselink.jar:/usr/local/netbeans-8.2/java/modules/ext/eclipselink/javax.persistence_2.1.0.v201304241213.jar:/usr/local/netbeans-8.2/java/modules/ext/eclipselink/org.eclipse.persistence.jpa.jpql_2.5.2.v20140319-9ad6abd.jar" />
    <property name="libs.beans-binding.javadoc" value="/usr/local/netbeans-8.2/java/docs/beansbinding-1.2.1-doc.zip" />
    <property name="java.awt.graphicsenv" value="sun.awt.X11GraphicsEnvironment" />
    <property name="java.vm.vendor" value="Oracle Corporation" />
    <property name="libs.CopyLibs.classpath" value="/usr/local/netbeans-8.2/java/ant/extra/org-netbeans-modules-java-j2seproject-copylibstask.jar" />
    <property name="libs.spring-framework300.classpath" value="/usr/local/netbeans-8.2/ide/modules/org-apache-commons-logging.jar:/usr/local/netbeans-8.2/java/modules/ext/cglib-2.2.jar:/usr/local/netbeans-8.2/java/modules/ext/spring-3.0/spring-aop-3.2.7.RELEASE.jar:/usr/local/netbeans-8.2/java/modules/ext/spring-3.0/spring-aspects-3.2.7.RELEASE.jar:/usr/local/netbeans-8.2/java/modules/ext/spring-3.0/spring-beans-3.2.7.RELEASE.jar:/usr/local/netbeans-8.2/java/modules/ext/spring-3.0/spring-build-src-3.2.7.RELEASE.jar:/usr/local/netbeans-8.2/java/modules/ext/spring-3.0/spring-context-3.2.7.RELEASE.jar:/usr/local/netbeans-8.2/java/modules/ext/spring-3.0/spring-context-support-3.2.7.RELEASE.jar:/usr/local/netbeans-8.2/java/modules/ext/spring-3.0/spring-core-3.2.7.RELEASE.jar:/usr/local/netbeans-8.2/java/modules/ext/spring-3.0/spring-expression-3.2.7.RELEASE.jar:/usr/local/netbeans-8.2/java/modules/ext/spring-3.0/spring-framework-bom-3.2.7.RELEASE.jar:/usr/local/netbeans-8.2/java/modules/ext/spring-3.0/spring-instrument-3.2.7.RELEASE.jar:/usr/local/netbeans-8.2/java/modules/ext/spring-3.0/spring-instrument-tomcat-3.2.7.RELEASE.jar:/usr/local/netbeans-8.2/java/modules/ext/spring-3.0/spring-jdbc-3.2.7.RELEASE.jar:/usr/local/netbeans-8.2/java/modules/ext/spring-3.0/spring-jms-3.2.7.RELEASE.jar:/usr/local/netbeans-8.2/java/modules/ext/spring-3.0/spring-orm-3.2.7.RELEASE.jar:/usr/local/netbeans-8.2/java/modules/ext/spring-3.0/spring-oxm-3.2.7.RELEASE.jar:/usr/local/netbeans-8.2/java/modules/ext/spring-3.0/spring-struts-3.2.7.RELEASE.jar:/usr/local/netbeans-8.2/java/modules/ext/spring-3.0/spring-test-3.2.7.RELEASE.jar:/usr/local/netbeans-8.2/java/modules/ext/spring-3.0/spring-tx-3.2.7.RELEASE.jar:/usr/local/netbeans-8.2/java/modules/ext/spring-3.0/spring-web-3.2.7.RELEASE.jar:/usr/local/netbeans-8.2/java/modules/ext/spring-3.0/spring-webmvc-3.2.7.RELEASE.jar:/usr/local/netbeans-8.2/java/modules/ext/spring-3.0/spring-webmvc-portlet-3.2.7.RELEASE.jar" />
    <property name="libs.jsp-compiler.maven-pom" value="" />
    <property name="libs.hamcrest.src" value="" />
    <property name="run.jvmargs" value="" />
    <property name="libs.hibernate4-persistence.classpath" value="/usr/local/netbeans-8.2/java/modules/ext/hibernate4/antlr-2.7.7.jar:/usr/local/netbeans-8.2/java/modules/ext/hibernate4/c3p0-0.9.2.1.jar:/usr/local/netbeans-8.2/java/modules/ext/hibernate4/hibernate-c3p0-4.3.1.Final.jar:/usr/local/netbeans-8.2/java/modules/ext/hibernate4/mchange-commons-java-0.2.3.4.jar:/usr/local/netbeans-8.2/java/modules/ext/hibernate4/dom4j-1.6.1.jar:/usr/local/netbeans-8.2/java/modules/ext/hibernate4/ehcache-core-2.4.3.jar:/usr/local/netbeans-8.2/java/modules/ext/hibernate4/hibernate-ehcache-4.3.1.Final.jar:/usr/local/netbeans-8.2/java/modules/ext/hibernate4/hibernate-core-4.3.1.Final.jar:/usr/local/netbeans-8.2/java/modules/ext/hibernate4/jboss-logging-3.1.3.GA.jar:/usr/local/netbeans-8.2/java/modules/ext/hibernate4/hibernate-commons-annotations-4.0.4.Final.jar:/usr/local/netbeans-8.2/java/modules/ext/hibernate4/hibernate-entitymanager-4.3.1.Final.jar:/usr/local/netbeans-8.2/java/modules/ext/hibernate4/javassist-3.18.1-GA.jar:/usr/local/netbeans-8.2/java/modules/ext/hibernate4/jboss-transaction-api_1.2_spec-1.0.0.Final.jar:/usr/local/netbeans-8.2/java/modules/ext/hibernate4/slf4j-api-1.6.1.jar:/usr/local/netbeans-8.2/java/modules/ext/hibernate4/slf4j-simple-1.6.1.jar:/usr/local/netbeans-8.2/java/modules/ext/hibernate4/hibernate-jpa-2.1-api-1.0.0.Final.jar" />
    <property name="libs.JAXB-ENDORSED.src" value="" />
    <property name="dist.archive.excludes" value="" />
    <property name="libs.testng.javadoc" value="/usr/local/netbeans-8.2/platform/docs/testng-6.8.1-javadoc.zip" />
    <property name="libs.DataBindingME-PIM.src" value="/usr/local/netbeans-8.2/mobility/sources/netbeans_databindingme_pim-src.zip" />
    <property name="libs.PostgreSQLDriver.classpath" value="/usr/local/netbeans-8.2/ide/modules/ext/postgresql-9.4.1209.jar" />
    <property name="libs.jsf12.maven-pom" value="" />
    <property name="libs.hibernate4-persistencemodelgen.classpath" value="/usr/local/netbeans-8.2/java/modules/ext/hibernate4/hibernate-jpamodelgen-4.3.1.Final.jar" />
    <property name="annotation.processing.source.output" value="build/generated-sources/ap-source-output" />
    <property name="main.class" value="" />
    <property name="build.dir" value="build" />
    <property name="libs.CopyLibs.src" value="" />
    <property name="libs.jsp-compilation.classpath" value="/usr/local/netbeans-8.2/extide/ant/lib/ant.jar:/usr/local/netbeans-8.2/enterprise/modules/ext/servlet3.1-jsp2.3-api.jar:/usr/local/netbeans-8.2/enterprise/modules/ext/glassfish-jspparser-4.0.jar:/usr/local/netbeans-8.2/enterprise/modules/ext/jsf-2_2/javax.faces.jar:/usr/local/netbeans-8.2/enterprise/modules/ext/jstl-api.jar:/usr/local/netbeans-8.2/extide/ant/lib/ant-launcher.jar" />
    <property name="debug.modulepath" value="" />
    <property name="ant.version" value="Apache Ant(TM) version 1.9.7 compiled on April 9 2016" />
    <property name="file.encoding" value="UTF-8" />
    <property name="build.classes.excludes" value="**/*.java,**/*.form" />
    <property name="jdkBug6558476" value="false" />
    <property name="javadoc.nonavbar" value="false" />
    <property name="libs.spring-webmvc4.0.classpath" value="/usr/local/netbeans-8.2/java/modules/ext/spring-4/spring-webmvc-4.0.1.RELEASE.jar" />
    <property name="platform.active" value="default_platform" />
    <property name="awt.toolkit" value="sun.awt.X11.XToolkit" />
    <property name="libs.javaee-web-api-7.0.javadoc" value="/usr/local/netbeans-8.2/enterprise/docs/javaee-doc-api.jar" />
  </properties>
  <testcase classname="biosphere7.JoueurBiosphere7Test" name="testEtouffe" time="0.003" />
  <testcase classname="biosphere7.JoueurBiosphere7Test" name="testSymbiose" time="0.001" />
  <testcase classname="biosphere7.JoueurBiosphere7Test" name="testArbresVoisins" time="0.001" />
  <testcase classname="biosphere7.JoueurBiosphere7Test" name="testTest" time="0.0" />
  <testcase classname="biosphere7.JoueurBiosphere7Test" name="testAjoutVitalite" time="0.0" />
  <testcase classname="biosphere7.JoueurBiosphere7Test" name="testAjoutActionCouper" time="0.0" />
  <testcase classname="biosphere7.JoueurBiosphere7Test" name="testAjoutActionPommier" time="0.0" />
  <testcase classname="biosphere7.JoueurBiosphere7Test" name="testActionsPossibles" time="0.061">
    <failure type="junit.framework.AssertionFailedError">junit.framework.AssertionFailedError
	at biosphere7.JoueurBiosphere7Test.testActionsPossibles(JoueurBiosphere7Test.java:143)
</failure>
  </testcase>
  <testcase classname="biosphere7.JoueurBiosphere7Test" name="testRegardeSiArbre" time="0.0" />
  <system-out><![CDATA[0
actionsPossibles : lancement le 28/11/2019 20:27:55.404
actionsPossibles : fin
actionsPossibles : lancement le 28/11/2019 20:27:55.451
actionsPossibles : fin
actionsPossibles : lancement le 28/11/2019 20:27:55.454
actionsPossibles : fin
[PaA,16,8, SaA,16,8, BaA,16,8, DaA,16,8, TaA,16,8, HaA,16,8, PaB,16,8, SaB,16,8, BaB,16,8, DaB,16,8, TaB,16,8, HaB,16,8, PaC,16,8, SaC,16,8, BaC,16,8, DaC,16,8, TaC,16,8, HaC,16,8, PaD,16,8, SaD,16,8, BaD,16,8, DaD,16,8, TaD,16,8, HaD,16,8, PaE,16,8, SaE,16,8, BaE,16,8, DaE,16,8, TaE,16,8, HaE,16,8, PaF,16,8, SaF,16,8, BaF,16,8, DaF,16,8, TaF,16,8, HaF,16,8, PaG,16,8, SaG,16,8, BaG,16,8, DaG,16,8, TaG,16,8, HaG,16,8, PaH,16,8, SaH,16,8, BaH,16,8, DaH,16,8, TaH,16,8, HaH,16,8, PaI,16,8, SaI,16,8, BaI,16,8, DaI,16,8, TaI,16,8, HaI,16,8, PaJ,16,8, SaJ,16,8, BaJ,16,8, DaJ,16,8, TaJ,16,8, HaJ,16,8, PaK,16,8, SaK,16,8, BaK,16,8, DaK,16,8, TaK,16,8, HaK,16,8, PaL,16,8, SaL,16,8, BaL,16,8, DaL,16,8, TaL,16,8, HaL,16,8, CaM,16,7, FaM,16,8, CaN,16,7, FaN,16,8, PbA,16,8, SbA,16,8, BbA,16,8, DbA,16,8, TbA,16,8, HbA,16,8, CbB,15,7, FbB,17,7, PbC,16,8, SbC,16,8, BbC,16,8, DbC,16,8, TbC,16,8, HbC,16,8, PbD,16,8, SbD,16,8, BbD,16,8, DbD,16,8, TbD,16,8, HbD,16,8, PbE,16,8, SbE,16,8, BbE,16,8, DbE,16,8, TbE,16,8, HbE,16,8, PbF,16,8, SbF,16,8, BbF,16,8, DbF,16,8, TbF,16,8, HbF,16,8, PbG,16,8, SbG,16,8, BbG,16,8, DbG,16,8, TbG,16,8, HbG,16,8, PbH,16,8, SbH,16,8, BbH,16,8, DbH,16,8, TbH,16,8, HbH,16,8, PbI,16,8, SbI,16,8, BbI,16,8, DbI,16,8, TbI,16,8, HbI,16,8, PbJ,16,8, SbJ,16,8, BbJ,16,8, DbJ,16,8, TbJ,16,8, HbJ,16,8, PbK,16,8, SbK,16,8, BbK,16,8, DbK,16,8, TbK,16,8, HbK,16,8, PbL,16,8, SbL,16,8, BbL,16,8, DbL,16,8, TbL,16,8, HbL,16,8, PbM,16,8, SbM,16,8, BbM,16,8, DbM,16,8, TbM,16,8, HbM,16,8, PbN,16,8, SbN,16,8, BbN,16,8, DbN,16,8, TbN,16,8, HbN,16,8, PcA,16,8, ScA,16,8, BcA,16,8, DcA,16,8, TcA,16,8, HcA,16,8, PcB,16,8, ScB,16,8, BcB,16,8, DcB,16,8, TcB,16,8, HcB,16,8, PcC,16,8, ScC,16,8, BcC,16,8, DcC,16,8, TcC,16,8, HcC,16,8, PcD,16,8, ScD,16,8, BcD,16,8, DcD,16,8, TcD,16,8, HcD,16,8, PcE,16,8, ScE,16,8, BcE,16,8, DcE,16,8, TcE,16,8, HcE,16,8, PcF,16,8, ScF,16,8, BcF,16,8, DcF,16,8, TcF,16,8, HcF,16,8, PcG,16,8, ScG,16,8, BcG,16,8, DcG,16,8, TcG,16,8, HcG,16,8, PcH,16,8, ScH,16,8, BcH,16,8, DcH,16,8, TcH,16,8, HcH,16,8, PcI,16,8, ScI,16,8, BcI,16,8, DcI,16,8, TcI,16,8, HcI,16,8, PcJ,16,8, ScJ,16,8, BcJ,16,8, DcJ,16,8, TcJ,16,8, HcJ,16,8, PcK,16,8, ScK,16,8, BcK,16,8, DcK,16,8, TcK,16,8, HcK,16,8, PcL,16,8, ScL,16,8, BcL,16,8, DcL,16,8, TcL,16,8, HcL,16,8, PcM,16,8, ScM,16,8, BcM,16,8, DcM,16,8, TcM,16,8, HcM,16,8, PcN,16,8, ScN,16,8, BcN,16,8, DcN,16,8, TcN,16,8, HcN,16,8, PdA,16,8, SdA,16,8, BdA,16,8, DdA,16,8, TdA,16,8, HdA,16,8, PdB,16,8, SdB,16,8, BdB,16,8, DdB,16,8, TdB,16,8, HdB,16,8, PdC,16,8, SdC,16,8, BdC,16,8, DdC,16,8, TdC,16,8, HdC,16,8, PdD,16,8, SdD,16,8, BdD,16,8, DdD,16,8, TdD,16,8, HdD,16,8, PdE,16,8, SdE,16,8, BdE,16,8, DdE,16,8, TdE,16,8, HdE,16,8, PdF,16,8, SdF,16,8, BdF,16,8, DdF,16,8, TdF,16,8, HdF,16,8, PdG,16,8, SdG,16,8, BdG,16,8, DdG,16,8, TdG,16,8, HdG,16,8, PdH,16,8, SdH,16,8, BdH,16,8, DdH,16,8, TdH,16,8, HdH,16,8, CdI,16,7, FdI,17,7, PdJ,16,8, SdJ,16,8, BdJ,16,8, DdJ,16,8, TdJ,16,8, HdJ,16,8, PdK,16,8, SdK,16,8, BdK,16,8, DdK,16,8, TdK,16,8, HdK,16,8, PdL,16,8, SdL,16,8, BdL,16,8, DdL,16,8, TdL,16,8, HdL,16,8, PdM,16,8, SdM,16,8, BdM,16,8, DdM,16,8, TdM,16,8, HdM,16,8, PdN,16,8, SdN,16,8, BdN,16,8, DdN,16,8, TdN,16,8, HdN,16,8, CeA,17,6, FeA,16,8, PeB,16,8, SeB,16,8, BeB,16,8, DeB,16,8, TeB,16,8, HeB,16,8, PeC,16,8, SeC,16,8, BeC,16,8, DeC,16,8, TeC,16,8, HeC,16,8, PeD,16,8, SeD,16,8, BeD,16,8, DeD,16,8, TeD,16,8, HeD,16,8, PeE,16,8, SeE,16,8, BeE,16,8, DeE,16,8, TeE,16,8, HeE,16,8, PeF,16,8, SeF,16,8, BeF,16,8, DeF,16,8, TeF,16,8, HeF,16,8, PeG,16,8, SeG,16,8, BeG,16,8, DeG,16,8, TeG,16,8, HeG,16,8, CeH,16,7, FeH,17,7, CeI,18,7, FeI,17,7, PeJ,16,8, SeJ,16,8, BeJ,16,8, DeJ,16,8, TeJ,16,8, HeJ,16,8, PeK,16,8, SeK,16,8, BeK,16,8, DeK,16,8, TeK,16,8, HeK,16,8, PeL,16,8, SeL,16,8, BeL,16,8, DeL,16,8, TeL,16,8, HeL,16,8, PeM,16,8, SeM,16,8, BeM,16,8, DeM,16,8, TeM,16,8, HeM,16,8, PeN,16,8, SeN,16,8, BeN,16,8, DeN,16,8, TeN,16,8, HeN,16,8, CfA,15,9, FfA,17,7, CfB,17,6, FfB,16,8, PfC,16,8, SfC,16,8, BfC,16,8, DfC,16,8, TfC,16,8, HfC,16,8, PfD,16,8, SfD,16,8, BfD,16,8, DfD,16,8, TfD,16,8, HfD,16,8, PfE,16,8, SfE,16,8, BfE,16,8, DfE,16,8, TfE,16,8, HfE,16,8, PfF,16,8, SfF,16,8, BfF,16,8, DfF,16,8, TfF,16,8, HfF,16,8, PfG,16,8, SfG,16,8, BfG,16,8, DfG,16,8, TfG,16,8, HfG,16,8, PfH,16,8, SfH,16,8, BfH,16,8, DfH,16,8, TfH,16,8, HfH,16,8, CfI,16,7, FfI,17,7, PfJ,16,8, SfJ,16,8, BfJ,16,8, DfJ,16,8, TfJ,16,8, HfJ,16,8, PfK,16,8, SfK,16,8, BfK,16,8, DfK,16,8, TfK,16,8, HfK,16,8, PfL,16,8, SfL,16,8, BfL,16,8, DfL,16,8, TfL,16,8, HfL,16,8, PfM,16,8, SfM,16,8, BfM,16,8, DfM,16,8, TfM,16,8, HfM,16,8, PfN,16,8, SfN,16,8, BfN,16,8, DfN,16,8, TfN,16,8, HfN,16,8, PgA,16,8, SgA,16,8, BgA,16,8, DgA,16,8, TgA,16,8, HgA,16,8, PgB,16,8, SgB,16,8, BgB,16,8, DgB,16,8, TgB,16,8, HgB,16,8, PgC,16,8, SgC,16,8, BgC,16,8, DgC,16,8, TgC,16,8, HgC,16,8, PgD,16,8, SgD,16,8, BgD,16,8, DgD,16,8, TgD,16,8, HgD,16,8, PgE,16,8, SgE,16,8, BgE,16,8, DgE,16,8, TgE,16,8, HgE,16,8, PgF,16,8, SgF,16,8, BgF,16,8, DgF,16,8, TgF,16,8, HgF,16,8, PgG,16,8, SgG,16,8, BgG,16,8, DgG,16,8, TgG,16,8, HgG,16,8, PgH,16,8, SgH,16,8, BgH,16,8, DgH,16,8, TgH,16,8, HgH,16,8, PgI,16,8, SgI,16,8, BgI,16,8, DgI,16,8, TgI,16,8, HgI,16,8, PgJ,16,8, SgJ,16,8, BgJ,16,8, DgJ,16,8, TgJ,16,8, HgJ,16,8, PgK,16,8, SgK,16,8, BgK,16,8, DgK,16,8, TgK,16,8, HgK,16,8, PgL,16,8, SgL,16,8, BgL,16,8, DgL,16,8, TgL,16,8, HgL,16,8, PgM,16,8, SgM,16,8, BgM,16,8, DgM,16,8, TgM,16,8, HgM,16,8, PgN,16,8, SgN,16,8, BgN,16,8, DgN,16,8, TgN,16,8, HgN,16,8, PhA,16,8, ShA,16,8, BhA,16,8, DhA,16,8, ThA,16,8, HhA,16,8, PhB,16,8, ShB,16,8, BhB,16,8, DhB,16,8, ThB,16,8, HhB,16,8, PhC,16,8, ShC,16,8, BhC,16,8, DhC,16,8, ThC,16,8, HhC,16,8, PhD,16,8, ShD,16,8, BhD,16,8, DhD,16,8, ThD,16,8, HhD,16,8, PhE,16,8, ShE,16,8, BhE,16,8, DhE,16,8, ThE,16,8, HhE,16,8, PhF,16,8, ShF,16,8, BhF,16,8, DhF,16,8, ThF,16,8, HhF,16,8, PhG,16,8, ShG,16,8, BhG,16,8, DhG,16,8, ThG,16,8, HhG,16,8, PhH,16,8, ShH,16,8, BhH,16,8, DhH,16,8, ThH,16,8, HhH,16,8, PhI,16,8, ShI,16,8, BhI,16,8, DhI,16,8, ThI,16,8, HhI,16,8, PhJ,16,8, ShJ,16,8, BhJ,16,8, DhJ,16,8, ThJ,16,8, HhJ,16,8, PhK,16,8, ShK,16,8, BhK,16,8, DhK,16,8, ThK,16,8, HhK,16,8, PhL,16,8, ShL,16,8, BhL,16,8, DhL,16,8, ThL,16,8, HhL,16,8, PhM,16,8, ShM,16,8, BhM,16,8, DhM,16,8, ThM,16,8, HhM,16,8, PhN,16,8, ShN,16,8, BhN,16,8, DhN,16,8, ThN,16,8, HhN,16,8, PiA,16,8, SiA,16,8, BiA,16,8, DiA,16,8, TiA,16,8, HiA,16,8, PiB,16,8, SiB,16,8, BiB,16,8, DiB,16,8, TiB,16,8, HiB,16,8, PiC,16,8, SiC,16,8, BiC,16,8, DiC,16,8, TiC,16,8, HiC,16,8, PiD,16,8, SiD,16,8, BiD,16,8, DiD,16,8, TiD,16,8, HiD,16,8, PiE,16,8, SiE,16,8, BiE,16,8, DiE,16,8, TiE,16,8, HiE,16,8, PiF,16,8, SiF,16,8, BiF,16,8, DiF,16,8, TiF,16,8, HiF,16,8, PiG,16,8, SiG,16,8, BiG,16,8, DiG,16,8, TiG,16,8, HiG,16,8, PiH,16,8, SiH,16,8, BiH,16,8, DiH,16,8, TiH,16,8, HiH,16,8, PiI,16,8, SiI,16,8, BiI,16,8, DiI,16,8, TiI,16,8, HiI,16,8, PiJ,16,8, SiJ,16,8, BiJ,16,8, DiJ,16,8, TiJ,16,8, HiJ,16,8, PiK,16,8, SiK,16,8, BiK,16,8, DiK,16,8, TiK,16,8, HiK,16,8, PiL,16,8, SiL,16,8, BiL,16,8, DiL,16,8, TiL,16,8, HiL,16,8, PiM,16,8, SiM,16,8, BiM,16,8, DiM,16,8, TiM,16,8, HiM,16,8, PiN,16,8, SiN,16,8, BiN,16,8, DiN,16,8, TiN,16,8, HiN,16,8, PjA,16,8, SjA,16,8, BjA,16,8, DjA,16,8, TjA,16,8, HjA,16,8, PjB,16,8, SjB,16,8, BjB,16,8, DjB,16,8, TjB,16,8, HjB,16,8, PjC,16,8, SjC,16,8, BjC,16,8, DjC,16,8, TjC,16,8, HjC,16,8, PjD,16,8, SjD,16,8, BjD,16,8, DjD,16,8, TjD,16,8, HjD,16,8, PjE,16,8, SjE,16,8, BjE,16,8, DjE,16,8, TjE,16,8, HjE,16,8, PjF,16,8, SjF,16,8, BjF,16,8, DjF,16,8, TjF,16,8, HjF,16,8, PjG,16,8, SjG,16,8, BjG,16,8, DjG,16,8, TjG,16,8, HjG,16,8, PjH,16,8, SjH,16,8, BjH,16,8, DjH,16,8, TjH,16,8, HjH,16,8, PjI,16,8, SjI,16,8, BjI,16,8, DjI,16,8, TjI,16,8, HjI,16,8, PjJ,16,8, SjJ,16,8, BjJ,16,8, DjJ,16,8, TjJ,16,8, HjJ,16,8, PjK,16,8, SjK,16,8, BjK,16,8, DjK,16,8, TjK,16,8, HjK,16,8, PjL,16,8, SjL,16,8, BjL,16,8, DjL,16,8, TjL,16,8, HjL,16,8, PjM,16,8, SjM,16,8, BjM,16,8, DjM,16,8, TjM,16,8, HjM,16,8, PjN,16,8, SjN,16,8, BjN,16,8, DjN,16,8, TjN,16,8, HjN,16,8, PkA,16,8, SkA,16,8, BkA,16,8, DkA,16,8, TkA,16,8, HkA,16,8, PkB,16,8, SkB,16,8, BkB,16,8, DkB,16,8, TkB,16,8, HkB,16,8, PkC,16,8, SkC,16,8, BkC,16,8, DkC,16,8, TkC,16,8, HkC,16,8, PkD,16,8, SkD,16,8, BkD,16,8, DkD,16,8, TkD,16,8, HkD,16,8, PkE,16,8, SkE,16,8, BkE,16,8, DkE,16,8, TkE,16,8, HkE,16,8, PkF,16,8, SkF,16,8, BkF,16,8, DkF,16,8, TkF,16,8, HkF,16,8, PkG,16,8, SkG,16,8, BkG,16,8, DkG,16,8, TkG,16,8, HkG,16,8, PkH,16,8, SkH,16,8, BkH,16,8, DkH,16,8, TkH,16,8, HkH,16,8, PkI,16,8, SkI,16,8, BkI,16,8, DkI,16,8, TkI,16,8, HkI,16,8, PkJ,16,8, SkJ,16,8, BkJ,16,8, DkJ,16,8, TkJ,16,8, HkJ,16,8, PkK,16,8, SkK,16,8, BkK,16,8, DkK,16,8, TkK,16,8, HkK,16,8, PkL,16,8, SkL,16,8, BkL,16,8, DkL,16,8, TkL,16,8, HkL,16,8, PkM,16,8, SkM,16,8, BkM,16,8, DkM,16,8, TkM,16,8, HkM,16,8, PkN,16,8, SkN,16,8, BkN,16,8, DkN,16,8, TkN,16,8, HkN,16,8, PlA,16,8, SlA,16,8, BlA,16,8, DlA,16,8, TlA,16,8, HlA,16,8, PlB,16,8, SlB,16,8, BlB,16,8, DlB,16,8, TlB,16,8, HlB,16,8, PlC,16,8, SlC,16,8, BlC,16,8, DlC,16,8, TlC,16,8, HlC,16,8, PlD,16,8, SlD,16,8, BlD,16,8, DlD,16,8, TlD,16,8, HlD,16,8, ClE,15,8, FlE,17,7, PlF,16,8, SlF,16,8, BlF,16,8, DlF,16,8, TlF,16,8, HlF,16,8, PlG,16,8, SlG,16,8, BlG,16,8, DlG,16,8, TlG,16,8, HlG,16,8, PlH,16,8, SlH,16,8, BlH,16,8, DlH,16,8, TlH,16,8, HlH,16,8, PlI,16,8, SlI,16,8, BlI,16,8, DlI,16,8, TlI,16,8, HlI,16,8, PlJ,16,8, SlJ,16,8, BlJ,16,8, DlJ,16,8, TlJ,16,8, HlJ,16,8, PlK,16,8, SlK,16,8, BlK,16,8, DlK,16,8, TlK,16,8, HlK,16,8, PlL,16,8, SlL,16,8, BlL,16,8, DlL,16,8, TlL,16,8, HlL,16,8, PlM,16,8, SlM,16,8, BlM,16,8, DlM,16,8, TlM,16,8, HlM,16,8, PlN,16,8, SlN,16,8, BlN,16,8, DlN,16,8, TlN,16,8, HlN,16,8, PmA,16,8, SmA,16,8, BmA,16,8, DmA,16,8, TmA,16,8, HmA,16,8, PmB,16,8, SmB,16,8, BmB,16,8, DmB,16,8, TmB,16,8, HmB,16,8, PmC,16,8, SmC,16,8, BmC,16,8, DmC,16,8, TmC,16,8, HmC,16,8, CmD,16,7, FmD,16,8, CmE,17,8, FmE,16,8, CmF,7,8, FmF,16,7, PmG,16,8, SmG,16,8, BmG,16,8, DmG,16,8, TmG,16,8, HmG,16,8, PmH,16,8, SmH,16,8, BmH,16,8, DmH,16,8, TmH,16,8, HmH,16,8, PmI,16,8, SmI,16,8, BmI,16,8, DmI,16,8, TmI,16,8, HmI,16,8, PmJ,16,8, SmJ,16,8, BmJ,16,8, DmJ,16,8, TmJ,16,8, HmJ,16,8, PmK,16,8, SmK,16,8, BmK,16,8, DmK,16,8, TmK,16,8, HmK,16,8, PmL,16,8, SmL,16,8, BmL,16,8, DmL,16,8, TmL,16,8, HmL,16,8, PmM,16,8, SmM,16,8, BmM,16,8, DmM,16,8, TmM,16,8, HmM,16,8, PmN,16,8, SmN,16,8, BmN,16,8, DmN,16,8, TmN,16,8, HmN,16,8, PnA,16,8, SnA,16,8, BnA,16,8, DnA,16,8, TnA,16,8, HnA,16,8, PnB,16,8, SnB,16,8, BnB,16,8, DnB,16,8, TnB,16,8, HnB,16,8, PnC,16,8, SnC,16,8, BnC,16,8, DnC,16,8, TnC,16,8, HnC,16,8, PnD,16,8, SnD,16,8, BnD,16,8, DnD,16,8, TnD,16,8, HnD,16,8, CnE,16,7, FnE,16,8, PnF,16,8, SnF,16,8, BnF,16,8, DnF,16,8, TnF,16,8, HnF,16,8, PnG,16,8, SnG,16,8, BnG,16,8, DnG,16,8, TnG,16,8, HnG,16,8, PnH,16,8, SnH,16,8, BnH,16,8, DnH,16,8, TnH,16,8, HnH,16,8, PnI,16,8, SnI,16,8, BnI,16,8, DnI,16,8, TnI,16,8, HnI,16,8, PnJ,16,8, SnJ,16,8, BnJ,16,8, DnJ,16,8, TnJ,16,8, HnJ,16,8, PnK,16,8, SnK,16,8, BnK,16,8, DnK,16,8, TnK,16,8, HnK,16,8, PnL,16,8, SnL,16,8, BnL,16,8, DnL,16,8, TnL,16,8, HnL,16,8, PnM,16,8, SnM,16,8, BnM,16,8, DnM,16,8, TnM,16,8, HnM,16,8, PnN,16,8, SnN,16,8, BnN,16,8, DnN,16,8, TnN,16,8, HnN,16,8]
actionsPossibles : lancement le 28/11/2019 20:27:55.456
actionsPossibles : fin
actionsPossibles : lancement le 28/11/2019 20:27:55.458
actionsPossibles : fin
]]></system-out>
  <system-err><![CDATA[]]></system-err>
</testsuite>
