<?xml version="1.0" encoding="UTF-8" ?>
<testsuite errors="0" failures="0" hostname="MSI" name="biosphere7.JoueurBiosphere7Test" skipped="0" tests="3" time="0.401" timestamp="2019-12-03T20:10:30">
  <properties>
    <property name="" value="======" />
    <property name="libs.javaee-api-6.0.classpath" value="C:\NetBeans\netbeans\enterprise\modules\ext\javaee-api-6.0.jar" />
    <property name="libs.spring-framework300.classpath" value="C:\NetBeans\netbeans\ide\modules\org-apache-commons-logging.jar;C:\NetBeans\netbeans\java\modules\ext\cglib-2.2.jar;C:\NetBeans\netbeans\java\modules\ext\spring-3.0\spring-aop-3.2.7.RELEASE.jar;C:\NetBeans\netbeans\java\modules\ext\spring-3.0\spring-aspects-3.2.7.RELEASE.jar;C:\NetBeans\netbeans\java\modules\ext\spring-3.0\spring-beans-3.2.7.RELEASE.jar;C:\NetBeans\netbeans\java\modules\ext\spring-3.0\spring-build-src-3.2.7.RELEASE.jar;C:\NetBeans\netbeans\java\modules\ext\spring-3.0\spring-context-3.2.7.RELEASE.jar;C:\NetBeans\netbeans\java\modules\ext\spring-3.0\spring-context-support-3.2.7.RELEASE.jar;C:\NetBeans\netbeans\java\modules\ext\spring-3.0\spring-core-3.2.7.RELEASE.jar;C:\NetBeans\netbeans\java\modules\ext\spring-3.0\spring-expression-3.2.7.RELEASE.jar;C:\NetBeans\netbeans\java\modules\ext\spring-3.0\spring-framework-bom-3.2.7.RELEASE.jar;C:\NetBeans\netbeans\java\modules\ext\spring-3.0\spring-instrument-3.2.7.RELEASE.jar;C:\NetBeans\netbeans\java\modules\ext\spring-3.0\spring-instrument-tomcat-3.2.7.RELEASE.jar;C:\NetBeans\netbeans\java\modules\ext\spring-3.0\spring-jdbc-3.2.7.RELEASE.jar;C:\NetBeans\netbeans\java\modules\ext\spring-3.0\spring-jms-3.2.7.RELEASE.jar;C:\NetBeans\netbeans\java\modules\ext\spring-3.0\spring-orm-3.2.7.RELEASE.jar;C:\NetBeans\netbeans\java\modules\ext\spring-3.0\spring-oxm-3.2.7.RELEASE.jar;C:\NetBeans\netbeans\java\modules\ext\spring-3.0\spring-struts-3.2.7.RELEASE.jar;C:\NetBeans\netbeans\java\modules\ext\spring-3.0\spring-test-3.2.7.RELEASE.jar;C:\NetBeans\netbeans\java\modules\ext\spring-3.0\spring-tx-3.2.7.RELEASE.jar;C:\NetBeans\netbeans\java\modules\ext\spring-3.0\spring-web-3.2.7.RELEASE.jar;C:\NetBeans\netbeans\java\modules\ext\spring-3.0\spring-webmvc-3.2.7.RELEASE.jar;C:\NetBeans\netbeans\java\modules\ext\spring-3.0\spring-webmvc-portlet-3.2.7.RELEASE.jar" />
    <property name="javac.test.classpath" value=":build/classes:C:\NetBeans\netbeans\platform\modules\ext\hamcrest-core-1.3.jar:C:\NetBeans\netbeans\platform\modules\ext\junit-4.12.jar" />
    <property name="javac.includesfile.binary" value="C:\Users\Zail3\Desktop\Biosphere\biosphere7\biosphere7\null151865270" />
    <property name="java.specification.version" value="13" />
    <property name="libs.javaee-api-7.0.classpath" value="C:\NetBeans\netbeans\enterprise\modules\ext\javaee-api-7.0.jar" />
    <property name="sun.cpu.isalist" value="amd64" />
    <property name="libs.restapi.maven-pom" value="" />
    <property name="jar.index.metainf" value="false" />
    <property name="javadoc.preview" value="true" />
    <property name="do.depend" value="false" />
    <property name="libs.spring-webmvc4.0.javadoc" value="" />
    <property name="libs.spring-framework400.classpath" value="C:\NetBeans\netbeans\ide\modules\org-apache-commons-logging.jar;C:\NetBeans\netbeans\java\modules\ext\cglib-2.2.jar;C:\NetBeans\netbeans\java\modules\ext\spring-4\spring-aop-4.0.1.RELEASE.jar;C:\NetBeans\netbeans\java\modules\ext\spring-4\spring-aspects-4.0.1.RELEASE.jar;C:\NetBeans\netbeans\java\modules\ext\spring-4\spring-beans-4.0.1.RELEASE.jar;C:\NetBeans\netbeans\java\modules\ext\spring-4\spring-build-src-4.0.1.RELEASE.jar;C:\NetBeans\netbeans\java\modules\ext\spring-4\spring-context-4.0.1.RELEASE.jar;C:\NetBeans\netbeans\java\modules\ext\spring-4\spring-context-support-4.0.1.RELEASE.jar;C:\NetBeans\netbeans\java\modules\ext\spring-4\spring-core-4.0.1.RELEASE.jar;C:\NetBeans\netbeans\java\modules\ext\spring-4\spring-expression-4.0.1.RELEASE.jar;C:\NetBeans\netbeans\java\modules\ext\spring-4\spring-framework-bom-4.0.1.RELEASE.jar;C:\NetBeans\netbeans\java\modules\ext\spring-4\spring-instrument-4.0.1.RELEASE.jar;C:\NetBeans\netbeans\java\modules\ext\spring-4\spring-instrument-tomcat-4.0.1.RELEASE.jar;C:\NetBeans\netbeans\java\modules\ext\spring-4\spring-jdbc-4.0.1.RELEASE.jar;C:\NetBeans\netbeans\java\modules\ext\spring-4\spring-jms-4.0.1.RELEASE.jar;C:\NetBeans\netbeans\java\modules\ext\spring-4\spring-messaging-4.0.1.RELEASE.jar;C:\NetBeans\netbeans\java\modules\ext\spring-4\spring-orm-4.0.1.RELEASE.jar;C:\NetBeans\netbeans\java\modules\ext\spring-4\spring-oxm-4.0.1.RELEASE.jar;C:\NetBeans\netbeans\java\modules\ext\spring-4\spring-test-4.0.1.RELEASE.jar;C:\NetBeans\netbeans\java\modules\ext\spring-4\spring-tx-4.0.1.RELEASE.jar;C:\NetBeans\netbeans\java\modules\ext\spring-4\spring-web-4.0.1.RELEASE.jar;C:\NetBeans\netbeans\java\modules\ext\spring-4\spring-webmvc-4.0.1.RELEASE.jar;C:\NetBeans\netbeans\java\modules\ext\spring-4\spring-webmvc-portlet-4.0.1.RELEASE.jar;C:\NetBeans\netbeans\java\modules\ext\spring-4\spring-websocket-4.0.1.RELEASE.jar" />
    <property name="test.binaryincludes" value="&lt;nothing&gt;" />
    <property name="sun.arch.data.model" value="64" />
    <property name="nb.show.statistics.ui" value="usageStatisticsEnabled" />
    <property name="libs.javaee-endorsed-api-7.0.src" value="" />
    <property name="debug-transport" value="dt_shmem" />
    <property name="libs.javaee-web-api-8.0.src" value="" />
    <property name="java.vendor.url" value="https://java.oracle.com/" />
    <property name="annotation.processing.enabled" value="true" />
    <property name="libs.junit_5.src" value="C:\NetBeans\netbeans\platform\docs\junit-jupiter-api-5.3.1-sources.jar;C:\NetBeans\netbeans\platform\docs\junit-jupiter-params-5.3.1-sources.jar;C:\NetBeans\netbeans\platform\docs\junit-jupiter-engine-5.3.1-sources.jar" />
    <property name="libs.jaxb.classpath" value="C:\NetBeans\netbeans\ide\modules\ext\jaxb\jaxb-impl-2.2.5-2.jar;C:\NetBeans\netbeans\ide\modules\ext\jaxb\jaxb-xjc-2.2.5-2.jar;C:\NetBeans\netbeans\ide\modules\ext\jaxb\jaxb1-impl-2.2.5-2.jar;C:\NetBeans\netbeans\ide\modules\ext\jaxb\activation.jar;C:\NetBeans\netbeans\ide\modules\ext\jaxb\api\jaxb-api.jar" />
    <property name="debug.modulepath" value="" />
    <property name="libs.eclipselink.javadoc" value="" />
    <property name="libs.jsp-compilation.src" value="" />
    <property name="libs.javaee-api-8.0.classpath" value="C:\NetBeans\netbeans\enterprise\modules\ext\javaee-api-8.0.jar" />
    <property name="libs.JWSAntTasks.javadoc" value="" />
    <property name="sun.boot.library.path" value="C:\Program Files\Java\jdk-13.0.1\bin" />
    <property name="libs.CopyLibs.src" value="" />
    <property name="sun.java.command" value="org.apache.tools.ant.taskdefs.optional.junit.JUnitTestRunner biosphere7.JoueurBiosphere7Test skipNonTests=false filtertrace=true haltOnError=false haltOnFailure=false showoutput=true outputtoformatters=true logfailedtests=true threadid=0 logtestlistenerevents=true formatter=org.apache.tools.ant.taskdefs.optional.junit.BriefJUnitResultFormatter formatter=org.apache.tools.ant.taskdefs.optional.junit.XMLJUnitResultFormatter,C:\Users\Zail3\Desktop\Biosphere\biosphere7\biosphere7\build\test\results\TEST-biosphere7.JoueurBiosphere7Test.xml crashfile=C:\Users\Zail3\Desktop\Biosphere\biosphere7\biosphere7\build\junitvmwatcher4229355819814566569.properties propsfile=C:\Users\Zail3\Desktop\Biosphere\biosphere7\biosphere7\build\junit5186875902665719810.properties" />
    <property name="jdk.debug" value="release" />
    <property name="libs.spring-framework300.src" value="" />
    <property name="java.specification.vendor" value="Oracle Corporation" />
    <property name="javac.source" value="1.8" />
    <property name="javadoc.use" value="true" />
    <property name="libs.javac-api.maven-pom" value="" />
    <property name="java.version.date" value="2019-10-15" />
    <property name="javadoc.notree" value="false" />
    <property name="java.home" value="C:\Program Files\Java\jdk-13.0.1" />
    <property name="basedir" value="C:\Users\Zail3\Desktop\Biosphere\biosphere7\biosphere7" />
    <property name="application.vendor" value="ogauwin" />
    <property name="work.dir" value="C:\Users\Zail3\Desktop\Biosphere\biosphere7\biosphere7" />
    <property name="javac.test.compilerargs" value="" />
    <property name="jna.boot.library.name" value="jnidispatch-nb" />
    <property name="java.vm.specification.vendor" value="Oracle Corporation" />
    <property name="java.specification.name" value="Java Platform API Specification" />
    <property name="libs.PostgreSQLDriver.classpath" value="C:\NetBeans\netbeans\ide\modules\ext\postgresql-42.2.5.jar" />
    <property name="libs.javac-api.javadoc" value="" />
    <property name="libs.spring-webmvc3.0.javadoc" value="" />
    <property name="libs.JAXB-ENDORSED.src" value="" />
    <property name="libs.jsf20.classpath" value="C:\NetBeans\netbeans\enterprise\modules\ext\jsf-2_2\javax.faces.jar" />
    <property name="netbeans.extbrowser.manual_chrome_plugin_install" value="yes" />
    <property name="user.script" value="" />
    <property name="manifest.encoding" value="UTF-8" />
    <property name="netbeans.default_userdir_root" value="C:\Users\Zail3\AppData\Roaming\NetBeans" />
    <property name="sun.management.compiler" value="HotSpot 64-Bit Tiered Compilers" />
    <property name="libs.spring-framework400.src" value="" />
    <property name="libs.jsp-compilation-syscp.src" value="" />
    <property name="jdk.home" value="C:\Program Files\Java\jdk-13.0.1" />
    <property name="run.test.modulepath" value="" />
    <property name="java.runtime.version" value="13.0.1+9" />
    <property name="libs.maven-dependencies.src" value="" />
    <property name="libs.eclipselink.maven-pom" value="" />
    <property name="libs.javaee-web-api-6.0.classpath" value="C:\NetBeans\netbeans\enterprise\modules\ext\javaee-web-api-6.0.jar" />
    <property name="libs.jsp-compiler.javadoc" value="" />
    <property name="libs.metro.maven-pom" value="" />
    <property name="libs.JAXB-ENDORSED.javadoc" value="" />
    <property name="debug.test.modulepath" value="" />
    <property name="libs.javaee-web-api-7.0.classpath" value="C:\NetBeans\netbeans\enterprise\modules\ext\javaee-web-api-7.0.jar" />
    <property name="file.encoding" value="Cp1252" />
    <property name="sun.java2d.noddraw" value="true" />
    <property name="sun.zip.disableMemoryMapping" value="true" />
    <property name="java.util.logging.config.class" value="org.netbeans.core.startup.TopLogging" />
    <property name="libs.maven-dependencies.maven-pom" value="" />
    <property name="jnidispatch.path" value="C:\Users\Zail3\AppData\Local\Temp\jna-86110921\jna3745266171226702507.dll" />
    <property name="libs.jsf12.src" value="" />
    <property name="libs.primefaces.javadoc" value="" />
    <property name="libs.jsp-compilation.javadoc" value="" />
    <property name="https.nonProxyHosts" value="localhost|127.0.0.1|MSI" />
    <property name="libs.restlib.javadoc" value="" />
    <property name="libs.groovy-all.maven-pom" value="" />
    <property name="libs.restapi.src" value="" />
    <property name="libs.junit_5.javadoc" value="C:\NetBeans\netbeans\platform\docs\junit-jupiter-api-5.3.1-javadoc.jar;C:\NetBeans\netbeans\platform\docs\junit-jupiter-params-5.3.1-javadoc.jar;C:\NetBeans\netbeans\platform\docs\junit-jupiter-engine-5.3.1-javadoc.jar" />
    <property name="libs.absolutelayout.classpath" value="C:\NetBeans\netbeans\java\modules\ext\AbsoluteLayout.jar" />
    <property name="dist.archive.excludes" value="" />
    <property name="java.io.tmpdir" value="C:\Users\Zail3\AppData\Local\Temp\" />
    <property name="do.archive" value="true" />
    <property name="java.version" value="13.0.1" />
    <property name="libs.struts.maven-pom" value="" />
    <property name="java.vm.specification.name" value="Java Virtual Machine Specification" />
    <property name="built-jar.properties" value="C:\Users\Zail3\Desktop\Biosphere\biosphere7\biosphere7\build\built-jar.properties" />
    <property name="nb.native.filechooser" value="false" />
    <property name="libs.testng.src" value="" />
    <property name="platform.active" value="default_platform" />
    <property name="ant.file.type.Biosphere7" value="file" />
    <property name="java.library.path" value="C:\Program Files\Java\jdk-13.0.1\bin;C:\WINDOWS\Sun\Java\bin;C:\WINDOWS\system32;C:\WINDOWS;C:\ProgramData\Oracle\Java\javapath;C:\Program Files (x86)\Common Files\Intel\Shared Libraries\redist\intel64\compiler;C:\Program Files (x86)\Intel\iCLS Client\;C:\Program Files\Intel\iCLS Client\;C:\Windows\system32;C:\Windows;C:\Windows\System32\Wbem;C:\Windows\System32\WindowsPowerShell\v1.0\;C:\Program Files (x86)\NVIDIA Corporation\PhysX\Common;C:\Program Files (x86)\Intel\Intel(R) Management Engine Components\DAL;C:\Program Files\Intel\Intel(R) Management Engine Components\DAL;C:\Program Files (x86)\Intel\Intel(R) Management Engine Components\IPT;C:\Program Files\Intel\Intel(R) Management Engine Components\IPT;&quot;C:\WINDOWS\system32;C:\Python&quot;;C:\WINDOWS;C:\WINDOWS\System32\Wbem;C:\WINDOWS\System32\WindowsPowerShell\v1.0\;C:\WINDOWS\System32\OpenSSH\;C:\Users\Zail3\AppData\Local\Programs\Python\Python37-32;C:\WINDOWS\system32;C:\Program Files\Git\cmd;C:\Users\Zail3\AppData\Roaming\Dashlane\6.1907.0.17833\bin\Firefox_Extension\{442718d9-475e-452a-b3e1-fb1ee16b8e9f}\components;C:\Users\Zail3\AppData\Roaming\Dashlane\6.1907.0.17833\ucrt;C:\Users\Zail3\AppData\Roaming\Dashlane\6.1907.0.17833\bin\Qt;C:\Users\Zail3\AppData\Roaming\Dashlane\6.1907.0.17833\bin\Ssl;C:\Users\Zail3\AppData\Local\Microsoft\WindowsApps;C:\Users\Zail3\AppData\Local\GitHubDesktop\bin;C:\Users\Zail3\AppData\Local\Programs\Microsoft VS Code\bin;." />
    <property name="libs.javaee-web-api-8.0.classpath" value="C:\NetBeans\netbeans\enterprise\modules\ext\javaee-web-api-8.0.jar" />
    <property name="libs.hamcrest.src" value="" />
    <property name="java.vendor" value="Oracle Corporation" />
    <property name="manifest.file" value="manifest.mf" />
    <property name="libs.groovy-all.src" value="" />
    <property name="libs.testng.javadoc" value="C:\NetBeans\netbeans\platform\docs\testng-6.8.1-javadoc.zip" />
    <property name="meta.inf.dir" value="src/META-INF" />
    <property name="sun.io.unicode.encoding" value="UnicodeLittle" />
    <property name="libs.testng.maven-pom" value="" />
    <property name="&lt;&lt;&lt;&lt;&lt;&lt;&lt;" value="HEAD" />
    <property name="libs.struts.javadoc" value="C:\NetBeans\netbeans\enterprise\docs\struts-1.3.10-javadoc.zip" />
    <property name="org.openide.version" value="deprecated" />
    <property name="default.javac.source" value="13" />
    <property name="test.includes" value="biosphere7/JoueurBiosphere7Test.java" />
    <property name="netbeans.dynamic.classpath" value="C:\NetBeans\netbeans\platform\core\asm-all-5.0.1.jar;C:\NetBeans\netbeans\platform\core\core-base.jar;C:\NetBeans\netbeans\platform\core\core.jar;C:\NetBeans\netbeans\platform\core\org-netbeans-libs-asm.jar;C:\NetBeans\netbeans\platform\core\org-openide-filesystems-compat8.jar;C:\NetBeans\netbeans\platform\core\org-openide-filesystems.jar;C:\NetBeans\netbeans\nb\core\org-netbeans-upgrader.jar;C:\NetBeans\netbeans\nb\core\locale\core_nb.jar" />
    <property name="libs.javaee-web-api-8.0.javadoc" value="C:\NetBeans\netbeans\enterprise\docs\javaee-doc-api.jar" />
    <property name="run.classpath" value=":build/classes" />
    <property name="libs.jaxb.src" value="" />
    <property name="libs.eclipselinkmodelgen.classpath" value="C:\NetBeans\netbeans\java\modules\ext\eclipselink\org.eclipse.persistence.jpa.modelgen.processor-2.5.2.jar" />
    <property name="sun.awt.enableExtraMouseButtons" value="true" />
    <property name="test.src.dir" value="test" />
    <property name="org.openide.major.version" value="IDE/1" />
    <property name="libs.spring-framework300.javadoc" value="" />
    <property name="netbeans.buildnumber" value="11.2-d04fb24027334c4b6fd8397b5d0cdd33187a8f54" />
    <property name="ap.proc.none.internal" value="" />
    <property name="endorsed.classpath.cmd.line.arg" value="" />
    <property name="org.openide.specification.version" value="6.2" />
    <property name="user.timezone" value="Europe/Paris" />
    <property name="libs.jpa20-persistence.maven-pom" value="" />
    <property name="jar.index" value="false" />
    <property name="libs.jpa20-persistence.classpath" value="C:\NetBeans\netbeans\java\modules\ext\eclipselink\javax.persistence-2.1.0.jar" />
    <property name="libs.eclipselinkmodelgen.javadoc" value="" />
    <property name="os.name" value="Windows 10" />
    <property name="libs.CopyLibs.maven-pom" value="" />
    <property name="libs.junit_5.classpath" value="C:\NetBeans\netbeans\platform\modules\ext\junit-jupiter-api-5.3.1.jar;C:\NetBeans\netbeans\platform\modules\ext\junit-jupiter-params-5.3.1.jar;C:\NetBeans\netbeans\platform\modules\ext\junit-jupiter-engine-5.3.1.jar" />
    <property name="java.vm.specification.version" value="13" />
    <property name="build.sysclasspath" value="ignore" />
    <property name="javadoc.noindex" value="false" />
    <property name="jdkBug6558476" value="false" />
    <property name="javadoc.private" value="false" />
    <property name="libs.spring-webmvc4.0.maven-pom" value="" />
    <property name="ant.file.type.Biosphere7-impl" value="file" />
    <property name="javadoc.author" value="false" />
    <property name="http.nonProxyHosts" value="localhost|127.0.0.1|MSI" />
    <property name="main.class" value="" />
    <property name="libs.JAXB-ENDORSED.maven-pom" value="" />
    <property name="libs.jsp-compilation-syscp.javadoc" value="" />
    <property name="user.home" value="C:\Users\Zail3" />
    <property name="source.encoding" value="UTF-8" />
    <property name="libs.eclipselinkmodelgen.maven-pom" value="" />
    <property name="jar.compress" value="false" />
    <property name="have.sources" value="true" />
    <property name="libs.javaee-api-7.0.javadoc" value="C:\NetBeans\netbeans\enterprise\docs\javaee-doc-api.jar" />
    <property name="annotation.processing.processors.list" value="" />
    <property name="javac.deprecation" value="false" />
    <property name="jlink.launcher" value="false" />
    <property name="libs.jsf20.maven-pom" value="" />
    <property name="libs.restlib.classpath" value="C:\NetBeans\netbeans\enterprise\modules\ext\jersey2\ext\asm-all-repackaged-2.2.0-b21.jar;C:\NetBeans\netbeans\enterprise\modules\ext\jersey2\ext\cglib-2.2.0-b21.jar;C:\NetBeans\netbeans\enterprise\modules\ext\jersey2\ext\guava-14.0.1.jar;C:\NetBeans\netbeans\enterprise\modules\ext\jersey2\ext\hk2-api-2.2.0-b21.jar;C:\NetBeans\netbeans\enterprise\modules\ext\jersey2\ext\hk2-locator-2.2.0-b21.jar;C:\NetBeans\netbeans\enterprise\modules\ext\jersey2\ext\hk2-utils-2.2.0-b21.jar;C:\NetBeans\netbeans\enterprise\modules\ext\jersey2\ext\javax.annotation-api-1.2.jar;C:\NetBeans\netbeans\enterprise\modules\ext\jersey2\ext\javax.inject-2.2.0-b21.jar;C:\NetBeans\netbeans\enterprise\modules\ext\jersey2\ext\javax.servlet-api-3.0.1.jar;C:\NetBeans\netbeans\enterprise\modules\ext\jersey2\ext\jaxb-api-2.2.7.jar;C:\NetBeans\netbeans\enterprise\modules\ext\jersey2\ext\jersey-entity-filtering-2.5.1.jar;C:\NetBeans\netbeans\enterprise\modules\ext\jersey2\ext\jersey-media-moxy-2.5.1.jar;C:\NetBeans\netbeans\enterprise\modules\ext\jersey2\ext\org.osgi.core-4.2.0.jar;C:\NetBeans\netbeans\enterprise\modules\ext\jersey2\ext\osgi-resource-locator-1.0.1.jar;C:\NetBeans\netbeans\enterprise\modules\ext\jersey2\ext\persistence-api-1.0.jar;C:\NetBeans\netbeans\enterprise\modules\ext\jersey2\ext\validation-api-1.1.0.Final.jar;C:\NetBeans\netbeans\enterprise\modules\ext\jersey2\jersey-client.jar;C:\NetBeans\netbeans\enterprise\modules\ext\jersey2\jersey-common.jar;C:\NetBeans\netbeans\enterprise\modules\ext\jersey2\jersey-container-servlet.jar;C:\NetBeans\netbeans\enterprise\modules\ext\jersey2\jersey-container-servlet-core.jar;C:\NetBeans\netbeans\enterprise\modules\ext\jersey2\jersey-server.jar" />
    <property name="build.generated.sources.dir" value="build/generated-sources" />
    <property name="apple.awt.graphics.UseQuartz" value="true" />
    <property name="plugin.manager.check.updates" value="false" />
    <property name="run.jvmargs" value="" />
    <property name="libs.primefaces.src" value="" />
    <property name="netbeans.autoupdate.language" value="fr" />
    <property name="build.compiler.emacs" value="true" />
    <property name="libs.eclipselinkmodelgen.src" value="" />
    <property name="build.classes.excludes" value="**/*.java,**/*.form" />
    <property name="dist.jar" value="dist/Biosphere7.jar" />
    <property name="ant.file" value="C:\Users\Zail3\Desktop\Biosphere\biosphere7\biosphere7\build.xml" />
    <property name="libs.struts.src" value="" />
    <property name="libs.spring-webmvc4.0.classpath" value="C:\NetBeans\netbeans\java\modules\ext\spring-4\spring-webmvc-4.0.1.RELEASE.jar" />
    <property name="path.separator" value=";" />
    <property name="libs.javaee-endorsed-api-7.0.javadoc" value="C:\NetBeans\netbeans\enterprise\docs\javaee-doc-api.jar" />
    <property name="os.version" value="10.0" />
    <property name="libs.JAXB-ENDORSED.classpath" value="C:\NetBeans\netbeans\ide\modules\ext\jaxb\api\jaxb-api.jar" />
    <property name="netbeans.home" value="C:\NetBeans\netbeans\platform" />
    <property name="libs.restlib.src" value="" />
    <property name="libs.CopyLibs.javadoc" value="" />
    <property name="debug-transport-by-os" value="dt_shmem" />
    <property name="build.test.results.dir" value="build/test/results" />
    <property name="libs.jsf20.src" value="" />
    <property name="libs.javaee-api-8.0.javadoc" value="C:\NetBeans\netbeans\enterprise\docs\javaee-doc-api.jar" />
    <property name="libs.jaxws21.javadoc" value="C:\NetBeans\netbeans\java\docs\jaxws-api-doc.zip" />
    <property name="libs.spring-framework400.maven-pom" value="" />
    <property name="ap.processors.internal" value="" />
    <property name="java.vm.name" value="Java HotSpot(TM) 64-Bit Server VM" />
    <property name="libs.jstl.javadoc" value="C:\NetBeans\netbeans\enterprise\docs\javaee-doc-api.jar" />
    <property name="libs.javaee-endorsed-api-7.0.maven-pom" value="" />
    <property name="libs.jsf12.classpath" value="C:\NetBeans\netbeans\enterprise\modules\ext\jsf-1_2\jsf-api.jar;C:\NetBeans\netbeans\enterprise\modules\ext\jsf-1_2\jsf-impl.jar" />
    <property name="libs.jaxws21.classpath" value="C:\NetBeans\netbeans\java\modules\ext\jaxws22\FastInfoset.jar;C:\NetBeans\netbeans\java\modules\ext\jaxws22\gmbal-api-only.jar;C:\NetBeans\netbeans\java\modules\ext\jaxws22\ha-api.jar;C:\NetBeans\netbeans\java\modules\ext\jaxws22\javax.mail_1.4.jar;C:\NetBeans\netbeans\java\modules\ext\jaxws22\jaxws-rt.jar;C:\NetBeans\netbeans\java\modules\ext\jaxws22\jaxws-tools.jar;C:\NetBeans\netbeans\java\modules\ext\jaxws22\management-api.jar;C:\NetBeans\netbeans\java\modules\ext\jaxws22\mimepull.jar;C:\NetBeans\netbeans\java\modules\ext\jaxws22\policy.jar;C:\NetBeans\netbeans\java\modules\ext\jaxws22\saaj-impl.jar;C:\NetBeans\netbeans\java\modules\ext\jaxws22\stax-ex.jar;C:\NetBeans\netbeans\java\modules\ext\jaxws22\stax2-api.jar;C:\NetBeans\netbeans\java\modules\ext\jaxws22\streambuffer.jar;C:\NetBeans\netbeans\java\modules\ext\jaxws22\woodstox-core-asl.jar;C:\NetBeans\netbeans\java\modules\ext\jaxws22\api\jaxws-api.jar;C:\NetBeans\netbeans\java\modules\ext\jaxws22\api\jsr181-api.jar;C:\NetBeans\netbeans\java\modules\ext\jaxws22\api\javax.annotation.jar;C:\NetBeans\netbeans\java\modules\ext\jaxws22\api\saaj-api.jar;C:\NetBeans\netbeans\ide\modules\ext\jaxb\activation.jar;C:\NetBeans\netbeans\ide\modules\ext\jaxb\api\jaxb-api.jar" />
    <property name="libs.restapi.classpath" value="C:\NetBeans\netbeans\enterprise\modules\ext\jaxrs-2.0\javax.ws.rs-api-2.0.jar" />
    <property name="os.arch" value="amd64" />
    <property name="libs.spring-framework400.javadoc" value="" />
    <property name="libs.hamcrest.javadoc" value="" />
    <property name="build.generated.dir" value="build/generated" />
    <property name="libs.javac-api.src" value="" />
    <property name="ant.file.Biosphere7-impl" value="C:\Users\Zail3\Desktop\Biosphere\biosphere7\biosphere7\nbproject\build-impl.xml" />
    <property name="libs.groovy-all.javadoc" value="" />
    <property name="libs.javaee-web-api-7.0.javadoc" value="C:\NetBeans\netbeans\enterprise\docs\javaee-doc-api.jar" />
    <property name="java.vm.info" value="mixed mode, sharing" />
    <property name="libs.primefaces.classpath" value="C:\NetBeans\netbeans\enterprise\modules\ext\primefaces\primefaces-5.0.jar" />
    <property name="libs.jaxws21.maven-pom" value="" />
    <property name="run.test.classpath" value=":build/classes:C:\NetBeans\netbeans\platform\modules\ext\hamcrest-core-1.3.jar:C:\NetBeans\netbeans\platform\modules\ext\junit-4.12.jar:build/test/classes" />
    <property name="libs.jsf12.maven-pom" value="" />
    <property name="libs.javaee-endorsed-api-7.0.classpath" value="C:\NetBeans\netbeans\enterprise\modules\ext\javaee7-endorsed\javax.annotation-api.jar;C:\NetBeans\netbeans\enterprise\modules\ext\javaee7-endorsed\javax.xml.soap-api.jar;C:\NetBeans\netbeans\enterprise\modules\ext\javaee7-endorsed\jaxb-api-osgi.jar;C:\NetBeans\netbeans\enterprise\modules\ext\javaee7-endorsed\jaxws-api.jar;C:\NetBeans\netbeans\enterprise\modules\ext\javaee7-endorsed\jsr181-api.jar" />
    <property name="java.class.version" value="57.0" />
    <property name="javadoc.encoding.used" value="UTF-8" />
    <property name="src.dir" value="src" />
    <property name="org.netbeans.io.suspend" value="0" />
    <property name="libs.primefaces.maven-pom" value="" />
    <property name="debug.classpath" value=":build/classes" />
    <property name="ant.project.default-target" value="default" />
    <property name="excludes" value="" />
    <property name="libs.javaee-api-7.0.src" value="" />
    <property name="ant.project.name" value="Biosphere7" />
    <property name="dist.javadoc.dir" value="dist/javadoc" />
    <property name="sun.jnu.encoding" value="Cp1252" />
    <property name="run.test.jvmargs" value="" />
    <property name="libs.junit_4.javadoc" value="C:\NetBeans\netbeans\platform\docs\junit-4.12-javadoc.jar" />
    <property name="default.javac.target" value="13" />
    <property name="javac.fork" value="true" />
    <property name="libs.spring-webmvc4.0.src" value="" />
    <property name="sun.java2d.dpiaware" value="true" />
    <property name="libs.eclipselink.classpath" value="C:\NetBeans\netbeans\java\modules\ext\eclipselink\org.eclipse.persistence.core-2.5.2.jar;C:\NetBeans\netbeans\java\modules\ext\eclipselink\org.eclipse.persistence.asm-2.5.2.jar;C:\NetBeans\netbeans\java\modules\ext\eclipselink\org.eclipse.persistence.antlr-2.5.2.jar;C:\NetBeans\netbeans\java\modules\ext\eclipselink\org.eclipse.persistence.jpa-2.5.2.jar;C:\NetBeans\netbeans\java\modules\ext\eclipselink\org.eclipse.persistence.jpa.jpql-2.5.2.jar;C:\NetBeans\netbeans\java\modules\ext\eclipselink\javax.persistence-2.1.0.jar" />
    <property name="libs.javac-api.classpath" value="" />
    <property name="libs.jsf20.javadoc" value="C:\NetBeans\netbeans\enterprise\docs\javaee-doc-api.jar" />
    <property name="libs.struts.classpath" value="C:\NetBeans\netbeans\enterprise\modules\ext\struts\antlr-2.7.2.jar;C:\NetBeans\netbeans\enterprise\modules\ext\struts\bsf-2.3.0.jar;C:\NetBeans\netbeans\enterprise\modules\ext\struts\commons-beanutils-1.8.0.jar;C:\NetBeans\netbeans\enterprise\modules\ext\struts\commons-chain-1.2.jar;C:\NetBeans\netbeans\enterprise\modules\ext\struts\commons-digester-1.8.jar;C:\NetBeans\netbeans\enterprise\modules\ext\struts\commons-fileupload-1.1.1.jar;C:\NetBeans\netbeans\enterprise\modules\ext\struts\commons-io-1.1.jar;C:\NetBeans\netbeans\enterprise\modules\ext\struts\commons-logging-1.0.4.jar;C:\NetBeans\netbeans\enterprise\modules\ext\struts\commons-validator-1.3.1.jar;C:\NetBeans\netbeans\enterprise\modules\ext\struts\jstl-1.0.2.jar;C:\NetBeans\netbeans\enterprise\modules\ext\struts\oro-2.0.8.jar;C:\NetBeans\netbeans\enterprise\modules\ext\struts\standard-1.0.6.jar;C:\NetBeans\netbeans\enterprise\modules\ext\struts\struts-core-1.3.10.jar;C:\NetBeans\netbeans\enterprise\modules\ext\struts\struts-el-1.3.10.jar;C:\NetBeans\netbeans\enterprise\modules\ext\struts\struts-extras-1.3.10.jar;C:\NetBeans\netbeans\enterprise\modules\ext\struts\struts-faces-1.3.10.jar;C:\NetBeans\netbeans\enterprise\modules\ext\struts\struts-mailreader-dao-1.3.10.jar;C:\NetBeans\netbeans\enterprise\modules\ext\struts\struts-scripting-1.3.10.jar;C:\NetBeans\netbeans\enterprise\modules\ext\struts\struts-taglib-1.3.10.jar;C:\NetBeans\netbeans\enterprise\modules\ext\struts\struts-tiles-1.3.10.jar" />
    <property name="netbeans.importclass" value="org.netbeans.upgrade.AutoUpgrade" />
    <property name="libs.PostgreSQLDriver.maven-pom" value="" />
    <property name="libs.absolutelayout.src" value="" />
    <property name="netbeans.autoupdate.version" value="1.23" />
    <property name="empty.dir" value="C:\Users\Zail3\Desktop\Biosphere\biosphere7\biosphere7\build\empty" />
    <property name="testng.mode" value="testng" />
    <property name="annotation.processing.enabled.in.editor" value="false" />
    <property name="netbeans.user" value="C:\Users\Zail3\AppData\Roaming\NetBeans\11.2" />
    <property name="javac.includes.binary" value="C:\Users\Zail3\Desktop\Biosphere\biosphere7\biosphere7\build\test\classes\biosphere7\JoueurBiosphere7Test.class" />
    <property name="file.separator" value="\" />
    <property name="java.vm.compressedOopsMode" value="32-bit" />
    <property name="line.separator" value="&#xd;&#xa;" />
    <property name="javadoc.additionalparam" value="" />
    <property name="jdk.lang.Process.allowAmbiguousCommands" value="true" />
    <property name="netbeans.productversion" value="Apache NetBeans IDE 11.2" />
    <property name="libs.restlib.maven-pom" value="" />
    <property name="javac.debug" value="true" />
    <property name="libs.testng.classpath" value="C:\NetBeans\netbeans\platform\modules\ext\testng-6.8.1-dist.jar" />
    <property name="mkdist.disabled" value="false" />
    <property name="libs.jsp-compiler.src" value="" />
    <property name="libs.javaee-web-api-6.0.javadoc" value="C:\NetBeans\netbeans\enterprise\docs\javaee-doc-api.jar" />
    <property name="user.name" value="Zail3" />
    <property name="build.classes.dir" value="build/classes" />
    <property name="libs.maven-dependencies.javadoc" value="C:\NetBeans\netbeans\enterprise\docs\javaee-doc-api.jar" />
    <property name="nb.junit.single" value="false" />
    <property name="javadoc.windowtitle" value="" />
    <property name="nb.internal.action.name" value="test.single" />
    <property name="libs.javaee-api-7.0.maven-pom" value="" />
    <property name="libs.groovy-all.classpath" value="C:\NetBeans\netbeans\groovy\modules\ext\groovy.jar;C:\NetBeans\netbeans\groovy\modules\ext\groovy-ant.jar" />
    <property name="libs.javaee-api-8.0.maven-pom" value="" />
    <property name="libs.absolutelayout.javadoc" value="" />
    <property name="libs.jaxws21.src" value="" />
    <property name="libs.jaxb.maven-pom" value="" />
    <property name="libs.maven-dependencies.classpath" value="C:\NetBeans\netbeans\enterprise\modules\ext\javaee6-endorsed\javax.annotation.jar;C:\NetBeans\netbeans\enterprise\modules\ext\javaee6-endorsed\jaxb-api-osgi.jar;C:\NetBeans\netbeans\enterprise\modules\ext\javaee6-endorsed\webservices-api-osgi.jar" />
    <property name="annotation.processing.processor.options" value="" />
    <property name="libs.javaee-api-6.0.maven-pom" value="" />
    <property name="dist.dir" value="dist" />
    <property name="jna.loaded" value="true" />
    <property name="build.dir" value="build" />
    <property name="netbeans.autoupdate.variant" value="" />
    <property name="libs.junit_5.maven-pom" value="" />
    <property name="libs.jpa20-persistence.javadoc" value="" />
    <property name="javadoc.version" value="false" />
    <property name="libs.metro.classpath" value="C:\NetBeans\netbeans\ide\modules\ext\jaxb\activation.jar;C:\NetBeans\netbeans\enterprise\modules\ext\metro\webservices-api.jar;C:\NetBeans\netbeans\enterprise\modules\ext\metro\webservices-extra-api.jar;C:\NetBeans\netbeans\enterprise\modules\ext\metro\webservices-extra.jar;C:\NetBeans\netbeans\enterprise\modules\ext\metro\webservices-rt.jar;C:\NetBeans\netbeans\enterprise\modules\ext\metro\webservices-tools.jar" />
    <property name="libs.metro.src" value="" />
    <property name="ant.junit.enabletestlistenerevents" value="true" />
    <property name="libs.JWSAntTasks.src" value="" />
    <property name="libs.CopyLibs.classpath" value="C:\NetBeans\netbeans\java\ant\extra\org-netbeans-modules-java-j2seproject-copylibstask.jar" />
    <property name="libs.spring-webmvc3.0.src" value="" />
    <property name="ant.home" value="C:\NetBeans\netbeans\extide\ant" />
    <property name="have.tests" value="true" />
    <property name="sun.os.patch.level" value="" />
    <property name="debug.test.classpath" value=":build/classes:C:\NetBeans\netbeans\platform\modules\ext\hamcrest-core-1.3.jar:C:\NetBeans\netbeans\platform\modules\ext\junit-4.12.jar:build/test/classes" />
    <property name="javac.external.vm" value="true" />
    <property name="testng.debug.mode" value="" />
    <property name="javac.target" value="1.8" />
    <property name="ant.version" value="Apache Ant(TM) version 1.10.4 compiled on June 19 2018" />
    <property name="libs.absolutelayout.maven-pom" value="" />
    <property name="javadoc.html5" value="false" />
    <property name="javac.test.processorpath" value=":build/classes:C:\NetBeans\netbeans\platform\modules\ext\hamcrest-core-1.3.jar:C:\NetBeans\netbeans\platform\modules\ext\junit-4.12.jar" />
    <property name="jdk.gtk.version" value="2.2" />
    <property name="libs.javaee-web-api-7.0.maven-pom" value="" />
    <property name="java.failonerror" value="true" />
    <property name="libs.javaee-web-api-8.0.maven-pom" value="" />
    <property name="netbeans.dirs" value="C:\NetBeans\netbeans\nb;C:\NetBeans\netbeans\ergonomics;C:\NetBeans\netbeans\ide;C:\NetBeans\netbeans\extide;C:\NetBeans\netbeans\java;C:\NetBeans\netbeans\apisupport;C:\NetBeans\netbeans\webcommon;C:\NetBeans\netbeans\websvccommon;C:\NetBeans\netbeans\enterprise;C:\NetBeans\netbeans\mobility;C:\NetBeans\netbeans\profiler;C:\NetBeans\netbeans\python;C:\NetBeans\netbeans\php;C:\NetBeans\netbeans\identity;C:\NetBeans\netbeans\harness;C:\NetBeans\netbeans\cnd;C:\NetBeans\netbeans\cndext;C:\NetBeans\netbeans\dlight;C:\NetBeans\netbeans\groovy;C:\NetBeans\netbeans\extra;C:\NetBeans\netbeans\javacard;C:\NetBeans\netbeans\javafx" />
    <property name="javac.modulepath" value="" />
    <property name="user.properties.file" value="C:\Users\Zail3\AppData\Roaming\NetBeans\11.2\build.properties" />
    <property name="libs.javaee-api-6.0.src" value="" />
    <property name="javac.includes" value="biosphere7/JoueurBiosphere7Test.java" />
    <property name="libs.hamcrest.maven-pom" value="" />
    <property name="netbeans.autoupdate.country" value="FR" />
    <property name="javac.processorpath" value="" />
    <property name="java.class.path" value="C:\Users\Zail3\Desktop\Biosphere\biosphere7\biosphere7\build\classes;C:\NetBeans\netbeans\platform\modules\ext\hamcrest-core-1.3.jar;C:\NetBeans\netbeans\platform\modules\ext\junit-4.12.jar;C:\Users\Zail3\Desktop\Biosphere\biosphere7\biosphere7\build\test\classes;C:\NetBeans\netbeans\extide\ant\lib\ant-launcher.jar;C:\NetBeans\netbeans\extide\ant\lib\ant.jar;C:\NetBeans\netbeans\extide\ant\lib\ant-junit.jar;C:\NetBeans\netbeans\extide\ant\lib\ant-junit4.jar" />
    <property name="libs.javaee-api-6.0.javadoc" value="C:\NetBeans\netbeans\enterprise\docs\javaee-doc-api.jar" />
    <property name="libs.javaee-web-api-6.0.maven-pom" value="" />
    <property name="libs.JWSAntTasks.maven-pom" value="" />
    <property name="java.vm.vendor" value="Oracle Corporation" />
    <property name="ap.supported.internal" value="true" />
    <property name="ant.file.Biosphere7" value="C:\Users\Zail3\Desktop\Biosphere\biosphere7\biosphere7\build.xml" />
    <property name="user.variant" value="" />
    <property name="netbeans.home+have.tests" value="true" />
    <property name="run.modulepath" value="" />
    <property name="test.binaryexcludes" value="" />
    <property name="do.archive+manifest.available" value="true" />
    <property name="javac.compilerargs" value="" />
    <property name="apple.laf.useScreenMenuBar" value="true" />
    <property name="libs.jstl.maven-pom" value="" />
    <property name="user.country" value="FR" />
    <property name="sun.java.launcher" value="SUN_STANDARD" />
    <property name="libs.restapi.javadoc" value="" />
    <property name="libs.jpa20-persistence.src" value="" />
    <property name="endorsed.classpath" value="" />
    <property name="javac.test.sourcepath" value="C:\Users\Zail3\Desktop\Biosphere\biosphere7\biosphere7\build\empty" />
    <property name="sun.cpu.endian" value="little" />
    <property name="libs.spring-webmvc3.0.maven-pom" value="" />
    <property name="libs.junit_4.src" value="C:\NetBeans\netbeans\platform\docs\junit-4.12-sources.jar" />
    <property name="user.language" value="fr" />
    <property name="copylibs.rebase" value="true" />
    <property name="libs.javaee-web-api-6.0.src" value="" />
    <property name="includes" value="**" />
    <property name="javadoc.nonavbar" value="false" />
    <property name="libs.javaee-api-8.0.src" value="" />
    <property name="ant.java.version" value="13" />
    <property name="libs.junit_4.classpath" value="C:\NetBeans\netbeans\platform\modules\ext\junit-4.12.jar" />
    <property name="libs.jsf12.javadoc" value="C:\NetBeans\netbeans\enterprise\docs\javaee-doc-api.jar" />
    <property name="libs.hamcrest.classpath" value="C:\NetBeans\netbeans\platform\modules\ext\hamcrest-core-1.3.jar" />
    <property name="jlink.launcher.name" value="Biosphere7" />
    <property name="javadoc.splitindex" value="true" />
    <property name="libs.JWSAntTasks.classpath" value="C:\NetBeans\netbeans\java\ant\extra\org-netbeans-modules-javawebstart-anttasks.jar" />
    <property name="junit.available" value="true" />
    <property name="test.binarytestincludes" value="" />
    <property name="sun.awt.keepWorkingSetOnMinimize" value="true" />
    <property name="libs.junit_4.maven-pom" value="" />
    <property name="javac.processormodulepath" value="" />
    <property name="libs.jsp-compiler.maven-pom" value="" />
    <property name="runtime.encoding" value="UTF-8" />
    <property name="javadoc.encoding" value="UTF-8" />
    <property name="javac.classpath" value="" />
    <property name="libs.jsp-compilation-syscp.maven-pom" value="" />
    <property name="netbeans.hash.code" value="unique=098e71342-7bec-4219-9269-288f3c193489_8b59b28b-6b8a-4158-bd5e-8232fa660db2" />
    <property name="libs.jstl.src" value="" />
    <property name="nb.junit.batch" value="true" />
    <property name="libs.spring-webmvc3.0.classpath" value="C:\NetBeans\netbeans\java\modules\ext\spring-3.0\spring-webmvc-3.2.7.RELEASE.jar" />
    <property name="build.test.classes.dir" value="build/test/classes" />
    <property name="java.runtime.name" value="Java(TM) SE Runtime Environment" />
    <property name="manifest.available" value="true" />
    <property name="libs.jaxb.javadoc" value="C:\NetBeans\netbeans\ide\docs\jaxb-api-2.2.5-javadoc.jar" />
    <property name="libs.spring-framework300.maven-pom" value="" />
    <property name="ant.project.invoked-targets" value="test-single" />
    <property name="run.jvmargs.ide" value="" />
    <property name="libs.jstl.classpath" value="C:\NetBeans\netbeans\enterprise\modules\ext\jstl-impl.jar;C:\NetBeans\netbeans\enterprise\modules\ext\jstl-api.jar" />
    <property name="ap.cmd.line.internal" value="" />
    <property name="libs.PostgreSQLDriver.src" value="" />
    <property name="ant.core.lib" value="C:\NetBeans\netbeans\extide\ant\lib\ant.jar" />
    <property name="java.vendor.url.bug" value="https://bugreport.java.com/bugreport/" />
    <property name="annotation.processing.source.output" value="build/generated-sources/ap-source-output" />
    <property name="libs.jsp-compilation.maven-pom" value="" />
    <property name="javac.profile.cmd.line.arg" value="" />
    <property name="user.dir" value="C:\Users\Zail3\Desktop\Biosphere\biosphere7\biosphere7" />
    <property name="platform.java" value="C:\Program Files\Java\jdk-13.0.1/bin/java" />
    <property name="&gt;&gt;&gt;&gt;&gt;&gt;&gt;" value="parent of b17c21e... erreur" />
    <property name="application.title" value="Biosphere7" />
    <property name="application.args" value="" />
    <property name="ignore.failing.tests" value="true" />
    <property name="javac.test.modulepath" value="" />
    <property name="org.xml.sax.driver" value="com.sun.org.apache.xerces.internal.jaxp.SAXParserImpl$JAXPSAXParser" />
    <property name="libs.PostgreSQLDriver.javadoc" value="" />
    <property name="libs.eclipselink.src" value="" />
    <property name="libs.jsp-compilation-syscp.classpath" value="C:\NetBeans\netbeans\extide\ant\lib\ant.jar;C:\NetBeans\netbeans\enterprise\modules\ext\servlet3.1-jsp2.3-api.jar;C:\NetBeans\netbeans\enterprise\modules\ext\glassfish-jspparser-4.0.jar;C:\NetBeans\netbeans\enterprise\modules\ext\jstl-impl.jar;C:\NetBeans\netbeans\enterprise\modules\ext\jsf-2_2\javax.faces.jar" />
    <property name="libs.jsp-compilation.classpath" value="C:\NetBeans\netbeans\extide\ant\lib\ant.jar;C:\NetBeans\netbeans\enterprise\modules\ext\servlet3.1-jsp2.3-api.jar;C:\NetBeans\netbeans\enterprise\modules\ext\glassfish-jspparser-4.0.jar;C:\NetBeans\netbeans\enterprise\modules\ext\jsf-2_2\javax.faces.jar;C:\NetBeans\netbeans\enterprise\modules\ext\jstl-api.jar;C:\NetBeans\netbeans\extide\ant\lib\ant-launcher.jar" />
    <property name="java.vm.version" value="13.0.1+9" />
    <property name="libs.metro.javadoc" value="C:\NetBeans\netbeans\enterprise\docs\webservices-api-javadoc.jar;C:\NetBeans\netbeans\enterprise\docs\webservices-extra-javadoc.jar;C:\NetBeans\netbeans\enterprise\docs\webservices-extra-api-javadoc.jar;C:\NetBeans\netbeans\enterprise\docs\webservices-rt-javadoc.jar;C:\NetBeans\netbeans\enterprise\docs\webservices-tools-javadoc.jar" />
    <property name="sun.awt.datatransfer.timeout" value="1000" />
    <property name="test.class" value="biosphere7.JoueurBiosphere7Test" />
    <property name="libs.javaee-web-api-7.0.src" value="" />
    <property name="junit.forkmode" value="perTest" />
    <property name="libs.jsp-compiler.classpath" value="C:\NetBeans\netbeans\enterprise\ant\extra\jspcompile.jar" />
    <property name="annotation.processing.run.all.processors" value="true" />
  </properties>
  <testcase classname="biosphere7.JoueurBiosphere7Test" name="testAjoutAction" time="0.0" />
  <testcase classname="biosphere7.JoueurBiosphere7Test" name="testAjoutActionCouper" time="0.0" />
  <testcase classname="biosphere7.JoueurBiosphere7Test" name="testActionsPossibles" time="0.316" />
  <system-out><![CDATA[actionsPossibles : lancement le 03/12/2019 21:10:30.082
1
0
1
0
1
0
1
0
actionsPossibles : fin
actionsPossibles : lancement le 03/12/2019 21:10:30.098
1
0
1
0
1
0
1
0
actionsPossibles : fin
actionsPossibles : lancement le 03/12/2019 21:10:30.113
2
0
1
2
0
1
1
0
4
0
1
2
3
3
0
1
2
4
0
1
2
3
4
0
1
2
3
3
0
1
2
3
0
1
2
4
0
1
2
3
5
0
1
2
3
4
5
0
1
2
3
4
5
0
1
2
3
4
5
0
1
2
3
4
5
0
1
2
3
4
actionsPossibles : fin
actionsPossibles : lancement le 03/12/2019 21:10:30.113
1
0
1
0
1
0
1
0
1
0
1
0
1
0
1
0
1
0
1
0
actionsPossibles : fin
actionsPossibles : lancement le 03/12/2019 21:10:30.129
1
0
1
0
1
0
1
0
1
0
1
0
1
0
1
0
1
0
1
0
actionsPossibles : fin
actionsPossibles : lancement le 03/12/2019 21:10:30.129
1
0
5
0
1
2
3
4
5
0
1
2
3
4
5
0
1
2
3
4
5
0
1
2
3
4
1
0
5
0
1
2
3
4
1
0
1
0
1
0
1
0
1
0
10
0
1
2
3
4
5
6
7
8
9
1
0
10
0
1
2
3
4
5
6
7
8
9
10
0
1
2
3
4
5
6
7
8
9
10
0
1
2
3
4
5
6
7
8
9
10
0
1
2
3
4
5
6
7
8
9
10
0
1
2
3
4
5
6
7
8
9
10
0
1
2
3
4
5
6
7
8
9
10
0
1
2
3
4
5
6
7
8
9
10
0
1
2
3
4
5
6
7
8
9
10
0
1
2
3
4
5
6
7
8
9
actionsPossibles : fin
[PaA,21,12, SaA,21,12, BaA,21,12, DaA,21,12, TaA,21,12, HaA,21,12, PaB,21,12, SaB,21,12, BaB,21,12, DaB,21,12, TaB,21,12, HaB,21,12, PaC,21,12, SaC,21,12, BaC,21,12, DaC,21,12, TaC,21,12, HaC,21,12, PaD,21,12, SaD,21,12, BaD,21,12, DaD,21,12, TaD,21,12, HaD,21,12, PaE,21,12, SaE,21,12, BaE,21,12, DaE,21,12, TaE,21,12, HaE,21,12, PaF,21,12, SaF,21,12, BaF,21,12, DaF,21,12, TaF,21,12, HaF,21,12, PaG,21,12, SaG,21,12, BaG,21,12, DaG,21,12, TaG,21,12, HaG,21,12, PaH,21,12, SaH,21,12, BaH,21,12, DaH,21,12, TaH,21,12, HaH,21,12, PaI,21,12, SaI,21,12, BaI,21,12, DaI,21,12, TaI,21,12, HaI,21,12, PaJ,21,12, SaJ,21,12, BaJ,21,12, DaJ,21,12, TaJ,21,12, HaJ,21,12, PaK,21,12, SaK,21,12, BaK,21,12, DaK,21,12, TaK,21,12, HaK,21,12, PaL,21,12, SaL,21,12, BaL,21,12, DaL,21,12, TaL,21,12, HaL,21,12, IaM,23,12, CaM,20,11, FaM,20,13, AaM,20,12, PaN,21,12, SaN,21,12, BaN,21,12, DaN,21,12, TaN,21,12, HaN,21,12, PbA,21,12, SbA,21,12, BbA,21,12, DbA,21,12, TbA,21,12, HbA,21,12, PbB,21,12, SbB,21,12, BbB,21,12, DbB,21,12, TbB,21,12, HbB,21,12, PbC,21,12, SbC,21,12, BbC,21,12, DbC,21,12, TbC,21,12, HbC,21,12, PbD,21,12, SbD,21,12, BbD,21,12, DbD,21,12, TbD,21,12, HbD,21,12, PbE,21,12, SbE,21,12, BbE,21,12, DbE,21,12, TbE,21,12, HbE,21,12, PbF,21,12, SbF,21,12, BbF,21,12, DbF,21,12, TbF,21,12, HbF,21,12, PbG,21,12, SbG,21,12, BbG,21,12, DbG,21,12, TbG,21,12, HbG,21,12, PbH,21,12, SbH,21,12, BbH,21,12, DbH,21,12, TbH,21,12, HbH,21,12, PbI,21,12, SbI,21,12, BbI,21,12, DbI,21,12, TbI,21,12, HbI,21,12, PbJ,21,12, SbJ,21,12, BbJ,21,12, DbJ,21,12, TbJ,21,12, HbJ,21,12, PbK,21,12, SbK,21,12, BbK,21,12, DbK,21,12, TbK,21,12, HbK,21,12, PbL,21,12, SbL,21,12, BbL,21,12, DbL,21,12, TbL,21,12, HbL,21,12, PbM,21,12, SbM,21,12, BbM,21,12, DbM,21,12, TbM,21,12, HbM,21,12, PbN,21,12, SbN,21,12, BbN,21,12, DbN,21,12, TbN,21,12, HbN,21,12, PcA,21,12, ScA,21,12, BcA,21,12, DcA,21,12, TcA,21,12, HcA,21,12, PcB,21,12, ScB,21,12, BcB,21,12, DcB,21,12, TcB,21,12, HcB,21,12, PcC,21,12, ScC,21,12, BcC,21,12, DcC,21,12, TcC,21,12, HcC,21,12, PcD,21,12, ScD,21,12, BcD,21,12, DcD,21,12, TcD,21,12, HcD,21,12, PcE,21,12, ScE,21,12, BcE,21,12, DcE,21,12, TcE,21,12, HcE,21,12, PcF,21,12, ScF,21,12, BcF,21,12, DcF,21,12, TcF,21,12, HcF,21,12, PcG,21,12, ScG,21,12, BcG,21,12, DcG,21,12, TcG,21,12, HcG,21,12, PcH,21,12, ScH,21,12, BcH,21,12, DcH,21,12, TcH,21,12, HcH,21,12, IcI,23,12, CcI,21,11, FcI,20,13, AcI,20,12, PcJ,21,12, ScJ,21,12, BcJ,21,12, DcJ,21,12, TcJ,21,12, HcJ,21,12, PcK,21,12, ScK,21,12, BcK,21,12, DcK,21,12, TcK,21,12, HcK,21,12, PcL,21,12, ScL,21,12, BcL,21,12, DcL,21,12, TcL,21,12, HcL,21,12, PcM,21,12, ScM,21,12, BcM,21,12, DcM,21,12, TcM,21,12, HcM,21,12, PcN,21,12, ScN,21,12, BcN,21,12, DcN,21,12, TcN,21,12, HcN,21,12, PdA,21,12, SdA,21,12, BdA,21,12, DdA,21,12, TdA,21,12, HdA,21,12, PdB,21,12, SdB,21,12, BdB,21,12, DdB,21,12, TdB,21,12, HdB,21,12, PdC,21,12, SdC,21,12, BdC,21,12, DdC,21,12, TdC,21,12, HdC,21,12, PdD,21,12, SdD,21,12, BdD,21,12, DdD,21,12, TdD,21,12, HdD,21,12, PdE,21,12, SdE,21,12, BdE,21,12, DdE,21,12, TdE,21,12, HdE,21,12, PdF,21,12, SdF,21,12, BdF,21,12, DdF,21,12, TdF,21,12, HdF,21,12, PdG,21,12, SdG,21,12, BdG,21,12, DdG,21,12, TdG,21,12, HdG,21,12, IdH,22,12, CdH,22,11, FdH,20,13, AdH,20,12, IdI,21,12, CdI,19,15, FdI,21,12, AdI,20,12, RBdI,22,12, RDdI,22,12, RTdI,22,12, RHdI,22,12, IdJ,23,12, CdJ,21,11, FdJ,20,13, AdJ,20,12, PdK,21,12, SdK,21,12, BdK,21,12, DdK,21,12, TdK,21,12, HdK,21,12, PdL,21,12, SdL,21,12, BdL,21,12, DdL,21,12, TdL,21,12, HdL,21,12, PdM,21,12, SdM,21,12, BdM,21,12, DdM,21,12, TdM,21,12, HdM,21,12, PdN,21,12, SdN,21,12, BdN,21,12, DdN,21,12, TdN,21,12, HdN,21,12, IeA,23,12, CeA,20,11, FeA,20,13, AeA,20,12, PeB,21,12, SeB,21,12, BeB,21,12, DeB,21,12, TeB,21,12, HeB,21,12, PeC,21,12, SeC,21,12, BeC,21,12, DeC,21,12, TeC,21,12, HeC,21,12, PeD,21,12, SeD,21,12, BeD,21,12, DeD,21,12, TeD,21,12, HeD,21,12, PeE,21,12, SeE,21,12, BeE,21,12, DeE,21,12, TeE,21,12, HeE,21,12, PeF,21,12, SeF,21,12, BeF,21,12, DeF,21,12, TeF,21,12, HeF,21,12, PeG,22,12, SeG,22,12, BeG,22,12, DeG,22,12, TeG,22,12, HeG,22,12, IeH,23,12, CeH,19,13, FeH,21,12, AeH,20,12, RBeH,22,12, RDeH,22,12, RTeH,22,12, RHeH,22,12, PeI,23,12, SeI,23,12, BeI,23,12, DeI,23,12, TeI,23,12, HeI,23,12, PeJ,21,12, SeJ,21,12, BeJ,21,12, DeJ,21,12, TeJ,21,12, HeJ,21,12, PeK,21,12, SeK,21,12, BeK,21,12, DeK,21,12, TeK,21,12, HeK,21,12, PeL,21,12, SeL,21,12, BeL,21,12, DeL,21,12, TeL,21,12, HeL,21,12, PeM,21,12, SeM,21,12, BeM,21,12, DeM,21,12, TeM,21,12, HeM,21,12, PeN,21,12, SeN,21,12, BeN,21,12, DeN,21,12, TeN,21,12, HeN,21,12, PfA,21,12, SfA,21,12, BfA,21,12, DfA,21,12, TfA,21,12, HfA,21,12, IfB,24,12, CfB,20,11, FfB,20,13, AfB,20,12, PfC,21,12, SfC,21,12, BfC,21,12, DfC,21,12, TfC,21,12, HfC,21,12, PfD,21,12, SfD,21,12, BfD,21,12, DfD,21,12, TfD,21,12, HfD,21,12, PfE,21,12, SfE,21,12, BfE,21,12, DfE,21,12, TfE,21,12, HfE,21,12, PfF,21,12, SfF,21,12, BfF,21,12, DfF,21,12, TfF,21,12, HfF,21,12, PfG,21,12, SfG,21,12, BfG,21,12, DfG,21,12, TfG,21,12, HfG,21,12, PfH,23,12, SfH,23,12, BfH,23,12, DfH,23,12, TfH,23,12, HfH,23,12, IfI,24,12, CfI,19,12, FfI,21,12, AfI,20,12, RBfI,22,12, RDfI,22,12, RTfI,22,12, RHfI,22,12, PfJ,22,12, SfJ,22,12, BfJ,22,12, DfJ,22,12, TfJ,22,12, HfJ,22,12, PfK,21,12, SfK,21,12, BfK,21,12, DfK,21,12, TfK,21,12, HfK,21,12, PfL,21,12, SfL,21,12, BfL,21,12, DfL,21,12, TfL,21,12, HfL,21,12, PfM,21,12, SfM,21,12, BfM,21,12, DfM,21,12, TfM,21,12, HfM,21,12, PfN,21,12, SfN,21,12, BfN,21,12, DfN,21,12, TfN,21,12, HfN,21,12, PgA,21,12, SgA,21,12, BgA,21,12, DgA,21,12, TgA,21,12, HgA,21,12, PgB,21,12, SgB,21,12, BgB,21,12, DgB,21,12, TgB,21,12, HgB,21,12, PgC,21,12, SgC,21,12, BgC,21,12, DgC,21,12, TgC,21,12, HgC,21,12, PgD,21,12, SgD,21,12, BgD,21,12, DgD,21,12, TgD,21,12, HgD,21,12, PgE,21,12, SgE,21,12, BgE,21,12, DgE,21,12, TgE,21,12, HgE,21,12, PgF,21,12, SgF,21,12, BgF,21,12, DgF,21,12, TgF,21,12, HgF,21,12, PgG,21,12, SgG,21,12, BgG,21,12, DgG,21,12, TgG,21,12, HgG,21,12, PgH,21,12, SgH,21,12, BgH,21,12, DgH,21,12, TgH,21,12, HgH,21,12, PgI,22,12, SgI,22,12, BgI,22,12, DgI,22,12, TgI,22,12, HgI,22,12, PgJ,21,12, SgJ,21,12, BgJ,21,12, DgJ,21,12, TgJ,21,12, HgJ,21,12, PgK,21,12, SgK,21,12, BgK,21,12, DgK,21,12, TgK,21,12, HgK,21,12, PgL,21,12, SgL,21,12, BgL,21,12, DgL,21,12, TgL,21,12, HgL,21,12, PgM,21,12, SgM,21,12, BgM,21,12, DgM,21,12, TgM,21,12, HgM,21,12, PgN,21,12, SgN,21,12, BgN,21,12, DgN,21,12, TgN,21,12, HgN,21,12, PhA,21,12, ShA,21,12, BhA,21,12, DhA,21,12, ThA,21,12, HhA,21,12, PhB,21,12, ShB,21,12, BhB,21,12, DhB,21,12, ThB,21,12, HhB,21,12, PhC,21,12, ShC,21,12, BhC,21,12, DhC,21,12, ThC,21,12, HhC,21,12, PhD,21,12, ShD,21,12, BhD,21,12, DhD,21,12, ThD,21,12, HhD,21,12, PhE,21,12, ShE,21,12, BhE,21,12, DhE,21,12, ThE,21,12, HhE,21,12, PhF,21,12, ShF,21,12, BhF,21,12, DhF,21,12, ThF,21,12, HhF,21,12, PhG,21,12, ShG,21,12, BhG,21,12, DhG,21,12, ThG,21,12, HhG,21,12, PhH,21,12, ShH,21,12, BhH,21,12, DhH,21,12, ThH,21,12, HhH,21,12, PhI,21,12, ShI,21,12, BhI,21,12, DhI,21,12, ThI,21,12, HhI,21,12, PhJ,21,12, ShJ,21,12, BhJ,21,12, DhJ,21,12, ThJ,21,12, HhJ,21,12, PhK,21,12, ShK,21,12, BhK,21,12, DhK,21,12, ThK,21,12, HhK,21,12, PhL,21,12, ShL,21,12, BhL,21,12, DhL,21,12, ThL,21,12, HhL,21,12, PhM,21,12, ShM,21,12, BhM,21,12, DhM,21,12, ThM,21,12, HhM,21,12, PhN,21,12, ShN,21,12, BhN,21,12, DhN,21,12, ThN,21,12, HhN,21,12, PiA,21,12, SiA,21,12, BiA,21,12, DiA,21,12, TiA,21,12, HiA,21,12, PiB,21,12, SiB,21,12, BiB,21,12, DiB,21,12, TiB,21,12, HiB,21,12, PiC,21,12, SiC,21,12, BiC,21,12, DiC,21,12, TiC,21,12, HiC,21,12, PiD,21,12, SiD,21,12, BiD,21,12, DiD,21,12, TiD,21,12, HiD,21,12, PiE,21,12, SiE,21,12, BiE,21,12, DiE,21,12, TiE,21,12, HiE,21,12, PiF,21,12, SiF,21,12, BiF,21,12, DiF,21,12, TiF,21,12, HiF,21,12, PiG,21,12, SiG,21,12, BiG,21,12, DiG,21,12, TiG,21,12, HiG,21,12, PiH,21,12, SiH,21,12, BiH,21,12, DiH,21,12, TiH,21,12, HiH,21,12, PiI,21,12, SiI,21,12, BiI,21,12, DiI,21,12, TiI,21,12, HiI,21,12, PiJ,21,12, SiJ,21,12, BiJ,21,12, DiJ,21,12, TiJ,21,12, HiJ,21,12, IiK,24,12, CiK,20,11, FiK,20,13, AiK,20,12, PiL,21,12, SiL,21,12, BiL,21,12, DiL,21,12, TiL,21,12, HiL,21,12, PiM,21,12, SiM,21,12, BiM,21,12, DiM,21,12, TiM,21,12, HiM,21,12, PiN,21,12, SiN,21,12, BiN,21,12, DiN,21,12, TiN,21,12, HiN,21,12, PjA,21,12, SjA,21,12, BjA,21,12, DjA,21,12, TjA,21,12, HjA,21,12, PjB,21,12, SjB,21,12, BjB,21,12, DjB,21,12, TjB,21,12, HjB,21,12, PjC,21,12, SjC,21,12, BjC,21,12, DjC,21,12, TjC,21,12, HjC,21,12, PjD,21,12, SjD,21,12, BjD,21,12, DjD,21,12, TjD,21,12, HjD,21,12, PjE,22,12, SjE,22,12, BjE,22,12, DjE,22,12, TjE,22,12, HjE,22,12, PjF,21,12, SjF,21,12, BjF,21,12, DjF,21,12, TjF,21,12, HjF,21,12, PjG,21,12, SjG,21,12, BjG,21,12, DjG,21,12, TjG,21,12, HjG,21,12, PjH,21,12, SjH,21,12, BjH,21,12, DjH,21,12, TjH,21,12, HjH,21,12, PjI,21,12, SjI,21,12, BjI,21,12, DjI,21,12, TjI,21,12, HjI,21,12, IjJ,24,12, CjJ,20,11, FjJ,20,13, AjJ,20,12, IjL,24,12, CjL,20,11, FjL,20,13, AjL,20,12, PjM,21,12, SjM,21,12, BjM,21,12, DjM,21,12, TjM,21,12, HjM,21,12, PjN,21,12, SjN,21,12, BjN,21,12, DjN,21,12, TjN,21,12, HjN,21,12, PkA,21,12, SkA,21,12, BkA,21,12, DkA,21,12, TkA,21,12, HkA,21,12, PkB,21,12, SkB,21,12, BkB,21,12, DkB,21,12, TkB,21,12, HkB,21,12, PkC,21,12, SkC,21,12, BkC,21,12, DkC,21,12, TkC,21,12, HkC,21,12, PkD,23,12, SkD,23,12, BkD,23,12, DkD,23,12, TkD,23,12, HkD,23,12, IkE,23,12, CkE,20,12, FkE,21,12, AkE,15,12, RBkE,23,12, RDkE,23,12, RTkE,23,12, RHkE,23,12, PkF,23,12, SkF,23,12, BkF,23,12, DkF,23,12, TkF,23,12, HkF,23,12, PkG,21,12, SkG,21,12, BkG,21,12, DkG,21,12, TkG,21,12, HkG,21,12, PkH,21,12, SkH,21,12, BkH,21,12, DkH,21,12, TkH,21,12, HkH,21,12, PkI,21,12, SkI,21,12, BkI,21,12, DkI,21,12, TkI,21,12, HkI,21,12, PkJ,21,12, SkJ,21,12, BkJ,21,12, DkJ,21,12, TkJ,21,12, HkJ,21,12, IkK,24,12, CkK,20,11, FkK,20,13, AkK,20,12, PkL,21,12, SkL,21,12, BkL,21,12, DkL,21,12, TkL,21,12, HkL,21,12, PkM,21,12, SkM,21,12, BkM,21,12, DkM,21,12, TkM,21,12, HkM,21,12, PkN,21,12, SkN,21,12, BkN,21,12, DkN,21,12, TkN,21,12, HkN,21,12, PlA,21,12, SlA,21,12, BlA,21,12, DlA,21,12, TlA,21,12, HlA,21,12, PlB,21,12, SlB,21,12, BlB,21,12, DlB,21,12, TlB,21,12, HlB,21,12, PlC,23,12, SlC,23,12, BlC,23,12, DlC,23,12, TlC,23,12, HlC,23,12, IlD,22,12, ClD,20,13, FlD,21,12, AlD,15,12, RBlD,23,12, RDlD,23,12, RTlD,23,12, RHlD,23,12, IlE,21,12, ClE,22,12, FlE,21,12, AlE,15,12, RBlE,25,12, RDlE,25,12, RTlE,25,12, RHlE,25,12, IlF,22,12, ClF,20,12, FlF,21,12, AlF,15,12, RBlF,24,12, RDlF,24,12, RTlF,24,12, RHlF,24,12, PlG,23,12, SlG,23,12, BlG,23,12, DlG,23,12, TlG,23,12, HlG,23,12, PlH,21,12, SlH,21,12, BlH,21,12, DlH,21,12, TlH,21,12, HlH,21,12, PlI,21,12, SlI,21,12, BlI,21,12, DlI,21,12, TlI,21,12, HlI,21,12, PlJ,21,12, SlJ,21,12, BlJ,21,12, DlJ,21,12, TlJ,21,12, HlJ,21,12, PlK,21,12, SlK,21,12, BlK,21,12, DlK,21,12, TlK,21,12, HlK,21,12, PlL,21,12, SlL,21,12, BlL,21,12, DlL,21,12, TlL,21,12, HlL,21,12, PlM,21,12, SlM,21,12, BlM,21,12, DlM,21,12, TlM,21,12, HlM,21,12, PlN,21,12, SlN,21,12, BlN,21,12, DlN,21,12, TlN,21,12, HlN,21,12, PmA,21,12, SmA,21,12, BmA,21,12, DmA,21,12, TmA,21,12, HmA,21,12, PmB,22,12, SmB,22,12, BmB,22,12, DmB,22,12, TmB,22,12, HmB,22,12, ImC,23,12, CmC,19,13, FmC,21,12, AmC,15,12, RBmC,22,12, RDmC,22,12, RTmC,22,12, RHmC,22,12, ImD,21,12, CmD,23,10, FmD,20,13, AmD,20,7, PmE,13,10, SmE,13,10, BmE,13,10, DmE,13,10, TmE,13,10, HmE,13,10, ImF,21,12, CmF,14,12, FmF,20,12, AmF,15,12, RBmF,17,12, RDmF,17,12, RTmF,17,12, RHmF,17,12, ImG,23,12, CmG,19,12, FmG,21,12, AmG,15,12, RBmG,23,12, RDmG,23,12, RTmG,23,12, RHmG,23,12, PmH,22,12, SmH,22,12, BmH,22,12, DmH,22,12, TmH,22,12, HmH,22,12, PmI,21,12, SmI,21,12, BmI,21,12, DmI,21,12, TmI,21,12, HmI,21,12, PmJ,21,12, SmJ,21,12, BmJ,21,12, DmJ,21,12, TmJ,21,12, HmJ,21,12, PmK,21,12, SmK,21,12, BmK,21,12, DmK,21,12, TmK,21,12, HmK,21,12, PmL,21,12, SmL,21,12, BmL,21,12, DmL,21,12, TmL,21,12, HmL,21,12, PmM,21,12, SmM,21,12, BmM,21,12, DmM,21,12, TmM,21,12, HmM,21,12, PmN,21,12, SmN,21,12, BmN,21,12, DmN,21,12, TmN,21,12, HmN,21,12, PnA,21,12, SnA,21,12, BnA,21,12, DnA,21,12, TnA,21,12, HnA,21,12, PnB,21,12, SnB,21,12, BnB,21,12, DnB,21,12, TnB,21,12, HnB,21,12, PnC,23,12, SnC,23,12, BnC,23,12, DnC,23,12, TnC,23,12, HnC,23,12, InD,22,12, CnD,19,13, FnD,21,12, AnD,15,12, RBnD,22,12, RDnD,22,12, RTnD,22,12, RHnD,22,12, PnE,23,12, SnE,23,12, BnE,23,12, DnE,23,12, TnE,23,12, HnE,23,12, InF,22,12, CnF,19,12, FnF,21,12, AnF,15,12, RBnF,23,12, RDnF,23,12, RTnF,23,12, RHnF,23,12, PnG,23,12, SnG,23,12, BnG,23,12, DnG,23,12, TnG,23,12, HnG,23,12, PnH,21,12, SnH,21,12, BnH,21,12, DnH,21,12, TnH,21,12, HnH,21,12, PnI,21,12, SnI,21,12, BnI,21,12, DnI,21,12, TnI,21,12, HnI,21,12, PnJ,21,12, SnJ,21,12, BnJ,21,12, DnJ,21,12, TnJ,21,12, HnJ,21,12, PnK,21,12, SnK,21,12, BnK,21,12, DnK,21,12, TnK,21,12, HnK,21,12, PnL,21,12, SnL,21,12, BnL,21,12, DnL,21,12, TnL,21,12, HnL,21,12, PnM,21,12, SnM,21,12, BnM,21,12, DnM,21,12, TnM,21,12, HnM,21,12, PnN,21,12, SnN,21,12, BnN,21,12, DnN,21,12, TnN,21,12, HnN,21,12, O,19,12]
actionsPossibles : lancement le 03/12/2019 21:10:30.198
1
0
1
0
1
0
2
0
1
2
0
1
1
0
1
0
1
0
1
0
1
0
1
0
1
0
10
0
1
2
3
4
5
6
7
8
9
1
0
10
0
1
2
3
4
5
6
7
8
9
10
0
1
2
3
4
5
6
7
8
9
10
0
1
2
3
4
5
6
7
8
9
10
0
1
2
3
4
5
6
7
8
9
10
0
1
2
3
4
5
6
7
8
9
10
0
1
2
3
4
5
6
7
8
9
10
0
1
2
3
4
5
6
7
8
9
10
0
1
2
3
4
5
6
7
8
9
10
0
1
2
3
4
5
6
7
8
9
actionsPossibles : fin
actionsPossibles : lancement le 03/12/2019 21:10:30.198
2
0
1
2
0
1
1
0
1
0
1
0
1
0
1
0
1
0
1
0
2
0
1
1
0
2
0
1
1
0
1
0
1
0
1
0
2
0
1
2
0
1
1
0
1
0
1
0
1
0
actionsPossibles : fin
actionsPossibles : lancement le 03/12/2019 21:10:30.214
actionsPossibles : fin
actionsPossibles : lancement le 03/12/2019 21:10:30.214
2
0
1
2
0
1
1
0
1
0
1
0
1
0
1
0
1
0
1
0
2
0
1
1
0
2
0
1
1
0
1
0
1
0
1
0
2
0
1
2
0
1
1
0
1
0
1
0
1
0
actionsPossibles : fin
actionsPossibles : lancement le 03/12/2019 21:10:30.214
2
0
1
2
0
1
1
0
1
0
1
0
1
0
1
0
1
0
1
0
2
0
1
1
0
2
0
1
1
0
1
0
1
0
1
0
2
0
1
2
0
1
1
0
1
0
1
0
1
0
actionsPossibles : fin
[PaA,24,27, SaA,24,27, BaA,24,27, DaA,24,27, TaA,24,27, HaA,24,27, PaB,24,27, SaB,24,27, BaB,24,27, DaB,24,27, TaB,24,27, HaB,24,27, PaC,24,27, SaC,24,27, BaC,24,27, DaC,24,27, TaC,24,27, HaC,24,27, IaD,25,27, CaD,24,26, FaD,26,30, AaD,23,26, PaE,24,27, SaE,24,27, BaE,24,27, DaE,24,27, TaE,24,27, HaE,24,27, PaF,24,27, SaF,24,27, BaF,24,27, DaF,24,27, TaF,24,27, HaF,24,27, PaG,24,27, SaG,24,27, BaG,24,27, DaG,24,27, TaG,24,27, HaG,24,27, PaH,24,27, SaH,24,27, BaH,24,27, DaH,24,27, TaH,24,27, HaH,24,27, PaI,24,27, SaI,24,27, BaI,24,27, DaI,24,27, TaI,24,27, HaI,24,27, PaJ,24,27, SaJ,24,27, BaJ,24,27, DaJ,24,27, TaJ,24,27, HaJ,24,27, PaK,24,27, SaK,24,27, BaK,24,27, DaK,24,27, TaK,24,27, HaK,24,27, PaL,24,27, SaL,24,27, BaL,24,27, DaL,24,27, TaL,24,27, HaL,24,27, PaM,24,27, SaM,24,27, BaM,24,27, DaM,24,27, TaM,24,27, HaM,24,27, PaN,24,27, SaN,24,27, BaN,24,27, DaN,24,27, TaN,24,27, HaN,24,27, PbA,25,27, SbA,25,27, BbA,25,27, DbA,25,27, TbA,25,27, HbA,25,27, PbB,24,27, SbB,24,27, BbB,24,27, DbB,24,27, TbB,24,27, HbB,24,27, PbC,25,27, SbC,25,27, BbC,25,27, DbC,25,27, TbC,25,27, HbC,25,27, IbD,25,27, CbD,22,28, FbD,26,30, AbD,22,27, RPbD,25,27, RSbD,25,27, RBbD,25,27, PbE,25,27, SbE,25,27, BbE,25,27, DbE,25,27, TbE,25,27, HbE,25,27, PbF,24,27, SbF,24,27, BbF,24,27, DbF,24,27, TbF,24,27, HbF,24,27, PbG,24,27, SbG,24,27, BbG,24,27, DbG,24,27, TbG,24,27, HbG,24,27, PbH,24,27, SbH,24,27, BbH,24,27, DbH,24,27, TbH,24,27, HbH,24,27, PbI,24,27, SbI,24,27, BbI,24,27, DbI,24,27, TbI,24,27, HbI,24,27, PbJ,24,27, SbJ,24,27, BbJ,24,27, DbJ,24,27, TbJ,24,27, HbJ,24,27, PbK,24,27, SbK,24,27, BbK,24,27, DbK,24,27, TbK,24,27, HbK,24,27, PbL,24,27, SbL,24,27, BbL,24,27, DbL,24,27, TbL,24,27, HbL,24,27, PbM,24,27, SbM,24,27, BbM,24,27, DbM,24,27, TbM,24,27, HbM,24,27, PbN,24,27, SbN,24,27, BbN,24,27, DbN,24,27, TbN,24,27, HbN,24,27, IcA,26,27, CcA,22,27, FcA,24,27, AcA,23,27, RBcA,25,27, RDcA,25,27, RTcA,25,27, RHcA,25,27, PcB,25,27, ScB,25,27, BcB,25,27, DcB,25,27, TcB,25,27, HcB,25,27, PcC,25,27, ScC,25,27, BcC,25,27, DcC,25,27, TcC,25,27, HcC,25,27, IcD,26,27, CcD,23,27, FcD,24,27, AcD,23,27, RBcD,26,27, RDcD,26,27, RTcD,26,27, RHcD,26,27, PcE,26,27, ScE,26,27, BcE,26,27, DcE,26,27, TcE,26,27, HcE,26,27, PcF,24,27, ScF,24,27, BcF,24,27, DcF,24,27, TcF,24,27, HcF,24,27, PcG,24,27, ScG,24,27, BcG,24,27, DcG,24,27, TcG,24,27, HcG,24,27, PcH,24,27, ScH,24,27, BcH,24,27, DcH,24,27, TcH,24,27, HcH,24,27, PcI,24,27, ScI,24,27, BcI,24,27, DcI,24,27, TcI,24,27, HcI,24,27, PcJ,24,27, ScJ,24,27, BcJ,24,27, DcJ,24,27, TcJ,24,27, HcJ,24,27, PcK,24,27, ScK,24,27, BcK,24,27, DcK,24,27, TcK,24,27, HcK,24,27, PcL,24,27, ScL,24,27, BcL,24,27, DcL,24,27, TcL,24,27, HcL,24,27, PcM,24,27, ScM,24,27, BcM,24,27, DcM,24,27, TcM,24,27, HcM,24,27, PcN,24,27, ScN,24,27, BcN,24,27, DcN,24,27, TcN,24,27, HcN,24,27, PdA,25,27, SdA,25,27, BdA,25,27, DdA,25,27, TdA,25,27, HdA,25,27, PdB,24,27, SdB,24,27, BdB,24,27, DdB,24,27, TdB,24,27, HdB,24,27, PdC,24,27, SdC,24,27, BdC,24,27, DdC,24,27, TdC,24,27, HdC,24,27, PdD,26,27, SdD,26,27, BdD,26,27, DdD,26,27, TdD,26,27, HdD,26,27, IdE,27,27, CdE,22,27, FdE,25,27, AdE,23,27, RPdE,25,27, RSdE,25,27, RDdE,25,27, RTdE,25,27, RHdE,25,27, PdF,25,27, SdF,25,27, BdF,25,27, DdF,25,27, TdF,25,27, HdF,25,27, PdG,24,27, SdG,24,27, BdG,24,27, DdG,24,27, TdG,24,27, HdG,24,27, PdH,24,27, SdH,24,27, BdH,24,27, DdH,24,27, TdH,24,27, HdH,24,27, PdI,24,27, SdI,24,27, BdI,24,27, DdI,24,27, TdI,24,27, HdI,24,27, PdJ,24,27, SdJ,24,27, BdJ,24,27, DdJ,24,27, TdJ,24,27, HdJ,24,27, PdK,24,27, SdK,24,27, BdK,24,27, DdK,24,27, TdK,24,27, HdK,24,27, PdL,24,27, SdL,24,27, BdL,24,27, DdL,24,27, TdL,24,27, HdL,24,27, PdM,24,27, SdM,24,27, BdM,24,27, DdM,24,27, TdM,24,27, HdM,24,27, PdN,24,27, SdN,24,27, BdN,24,27, DdN,24,27, TdN,24,27, HdN,24,27, PeA,24,27, SeA,24,27, BeA,24,27, DeA,24,27, TeA,24,27, HeA,24,27, PeB,24,27, SeB,24,27, BeB,24,27, DeB,24,27, TeB,24,27, HeB,24,27, PeC,24,27, SeC,24,27, BeC,24,27, DeC,24,27, TeC,24,27, HeC,24,27, PeD,25,27, SeD,25,27, BeD,25,27, DeD,25,27, TeD,25,27, HeD,25,27, PeE,25,27, SeE,25,27, BeE,25,27, DeE,25,27, TeE,25,27, HeE,25,27, PeF,24,27, SeF,24,27, BeF,24,27, DeF,24,27, TeF,24,27, HeF,24,27, PeG,24,27, SeG,24,27, BeG,24,27, DeG,24,27, TeG,24,27, HeG,24,27, PeH,24,27, SeH,24,27, BeH,24,27, DeH,24,27, TeH,24,27, HeH,24,27, PeI,24,27, SeI,24,27, BeI,24,27, DeI,24,27, TeI,24,27, HeI,24,27, PeJ,24,27, SeJ,24,27, BeJ,24,27, DeJ,24,27, TeJ,24,27, HeJ,24,27, PeK,24,27, SeK,24,27, BeK,24,27, DeK,24,27, TeK,24,27, HeK,24,27, PeL,24,27, SeL,24,27, BeL,24,27, DeL,24,27, TeL,24,27, HeL,24,27, PeM,24,27, SeM,24,27, BeM,24,27, DeM,24,27, TeM,24,27, HeM,24,27, PeN,24,27, SeN,24,27, BeN,24,27, DeN,24,27, TeN,24,27, HeN,24,27, PfA,24,27, SfA,24,27, BfA,24,27, DfA,24,27, TfA,24,27, HfA,24,27, PfB,24,27, SfB,24,27, BfB,24,27, DfB,24,27, TfB,24,27, HfB,24,27, PfC,25,27, SfC,25,27, BfC,25,27, DfC,25,27, TfC,25,27, HfC,25,27, IfD,25,27, CfD,21,29, FfD,25,27, AfD,22,27, RBfD,24,27, RDfD,24,27, RTfD,24,27, RHfD,24,27, CfE,24,26, FfE,23,30, AfE,23,27, PfF,24,27, SfF,24,27, BfF,24,27, DfF,24,27, TfF,24,27, HfF,24,27, PfG,24,27, SfG,24,27, BfG,24,27, DfG,24,27, TfG,24,27, HfG,24,27, PfH,24,27, SfH,24,27, BfH,24,27, DfH,24,27, TfH,24,27, HfH,24,27, PfI,24,27, SfI,24,27, BfI,24,27, DfI,24,27, TfI,24,27, HfI,24,27, PfJ,24,27, SfJ,24,27, BfJ,24,27, DfJ,24,27, TfJ,24,27, HfJ,24,27, PfK,25,27, SfK,25,27, BfK,25,27, DfK,25,27, TfK,25,27, HfK,25,27, PfL,24,27, SfL,24,27, BfL,24,27, DfL,24,27, TfL,24,27, HfL,24,27, PfM,24,27, SfM,24,27, BfM,24,27, DfM,24,27, TfM,24,27, HfM,24,27, PfN,24,27, SfN,24,27, BfN,24,27, DfN,24,27, TfN,24,27, HfN,24,27, PgA,24,27, SgA,24,27, BgA,24,27, DgA,24,27, TgA,24,27, HgA,24,27, PgB,24,27, SgB,24,27, BgB,24,27, DgB,24,27, TgB,24,27, HgB,24,27, PgC,24,27, SgC,24,27, BgC,24,27, DgC,24,27, TgC,24,27, HgC,24,27, IgD,26,27, CgD,24,19, FgD,26,28, AgD,23,23, PgE,24,27, SgE,24,27, BgE,24,27, DgE,24,27, TgE,24,27, HgE,24,27, PgF,24,27, SgF,24,27, BgF,24,27, DgF,24,27, TgF,24,27, HgF,24,27, PgG,25,27, SgG,25,27, BgG,25,27, DgG,25,27, TgG,25,27, HgG,25,27, PgH,24,27, SgH,24,27, BgH,24,27, DgH,24,27, TgH,24,27, HgH,24,27, IgI,27,27, CgI,23,26, FgI,24,28, AgI,23,27, PgJ,25,27, SgJ,25,27, BgJ,25,27, DgJ,25,27, TgJ,25,27, HgJ,25,27, IgK,26,27, CgK,22,28, FgK,26,28, AgK,23,27, RPgK,25,27, RSgK,25,27, RBgK,25,27, PgL,25,27, SgL,25,27, BgL,25,27, DgL,25,27, TgL,25,27, HgL,25,27, PgM,24,27, SgM,24,27, BgM,24,27, DgM,24,27, TgM,24,27, HgM,24,27, PgN,24,27, SgN,24,27, BgN,24,27, DgN,24,27, TgN,24,27, HgN,24,27, PhA,24,27, ShA,24,27, BhA,24,27, DhA,24,27, ThA,24,27, HhA,24,27, PhB,24,27, ShB,24,27, BhB,24,27, DhB,24,27, ThB,24,27, HhB,24,27, PhC,24,27, ShC,24,27, BhC,24,27, DhC,24,27, ThC,24,27, HhC,24,27, PhD,25,27, ShD,25,27, BhD,25,27, DhD,25,27, ThD,25,27, HhD,25,27, PhE,24,27, ShE,24,27, BhE,24,27, DhE,24,27, ThE,24,27, HhE,24,27, PhF,25,27, ShF,25,27, BhF,25,27, DhF,25,27, ThF,25,27, HhF,25,27, ChG,22,27, FhG,26,27, AhG,23,27, RPhG,25,27, RShG,25,27, RBhG,25,27, PhH,25,27, ShH,25,27, BhH,25,27, DhH,25,27, ThH,25,27, HhH,25,27, PhI,24,27, ShI,24,27, BhI,24,27, DhI,24,27, ThI,24,27, HhI,24,27, PhJ,24,27, ShJ,24,27, BhJ,24,27, DhJ,24,27, ThJ,24,27, HhJ,24,27, ChK,24,26, FhK,23,30, AhK,23,27, PhL,24,27, ShL,24,27, BhL,24,27, DhL,24,27, ThL,24,27, HhL,24,27, PhM,25,27, ShM,25,27, BhM,25,27, DhM,25,27, ThM,25,27, HhM,25,27, PhN,24,27, ShN,24,27, BhN,24,27, DhN,24,27, ThN,24,27, HhN,24,27, PiA,24,27, SiA,24,27, BiA,24,27, DiA,24,27, TiA,24,27, HiA,24,27, PiB,24,27, SiB,24,27, BiB,24,27, DiB,24,27, TiB,24,27, HiB,24,27, PiC,25,27, SiC,25,27, BiC,25,27, DiC,25,27, TiC,25,27, HiC,25,27, IiD,27,27, CiD,18,27, FiD,26,27, AiD,21,27, RBiD,21,27, RDiD,21,27, RTiD,21,27, RHiD,21,27, PiE,25,27, SiE,25,27, BiE,25,27, DiE,25,27, TiE,25,27, HiE,25,27, PiF,24,27, SiF,24,27, BiF,24,27, DiF,24,27, TiF,24,27, HiF,24,27, PiG,25,27, SiG,25,27, BiG,25,27, DiG,25,27, TiG,25,27, HiG,25,27, PiH,24,27, SiH,24,27, BiH,24,27, DiH,24,27, TiH,24,27, HiH,24,27, PiI,24,27, SiI,24,27, BiI,24,27, DiI,24,27, TiI,24,27, HiI,24,27, PiJ,24,27, SiJ,24,27, BiJ,24,27, DiJ,24,27, TiJ,24,27, HiJ,24,27, PiK,24,27, SiK,24,27, BiK,24,27, DiK,24,27, TiK,24,27, HiK,24,27, PiL,25,27, SiL,25,27, BiL,25,27, DiL,25,27, TiL,25,27, HiL,25,27, IiM,27,27, CiM,22,27, FiM,25,29, AiM,23,27, RPiM,25,27, RSiM,25,27, RDiM,25,27, RTiM,25,27, RHiM,25,27, PiN,25,27, SiN,25,27, BiN,25,27, DiN,25,27, TiN,25,27, HiN,25,27, PjA,24,27, SjA,24,27, BjA,24,27, DjA,24,27, TjA,24,27, HjA,24,27, PjB,24,27, SjB,24,27, BjB,24,27, DjB,24,27, TjB,24,27, HjB,24,27, CjC,23,26, FjC,23,30, AjC,23,27, PjD,25,27, SjD,25,27, BjD,25,27, DjD,25,27, TjD,25,27, HjD,25,27, PjE,24,27, SjE,24,27, BjE,24,27, DjE,24,27, TjE,24,27, HjE,24,27, PjF,24,27, SjF,24,27, BjF,24,27, DjF,24,27, TjF,24,27, HjF,24,27, PjG,24,27, SjG,24,27, BjG,24,27, DjG,24,27, TjG,24,27, HjG,24,27, PjH,24,27, SjH,24,27, BjH,24,27, DjH,24,27, TjH,24,27, HjH,24,27, IjI,26,27, CjI,24,23, FjI,25,29, AjI,23,25, PjJ,24,27, SjJ,24,27, BjJ,24,27, DjJ,24,27, TjJ,24,27, HjJ,24,27, PjK,24,27, SjK,24,27, BjK,24,27, DjK,24,27, TjK,24,27, HjK,24,27, PjL,24,27, SjL,24,27, BjL,24,27, DjL,24,27, TjL,24,27, HjL,24,27, PjM,25,27, SjM,25,27, BjM,25,27, DjM,25,27, TjM,25,27, HjM,25,27, PjN,24,27, SjN,24,27, BjN,24,27, DjN,24,27, TjN,24,27, HjN,24,27, PkA,24,27, SkA,24,27, BkA,24,27, DkA,24,27, TkA,24,27, HkA,24,27, PkB,24,27, SkB,24,27, BkB,24,27, DkB,24,27, TkB,24,27, HkB,24,27, PkC,24,27, SkC,24,27, BkC,24,27, DkC,24,27, TkC,24,27, HkC,24,27, PkD,24,27, SkD,24,27, BkD,24,27, DkD,24,27, TkD,24,27, HkD,24,27, PkE,24,27, SkE,24,27, BkE,24,27, DkE,24,27, TkE,24,27, HkE,24,27, PkF,24,27, SkF,24,27, BkF,24,27, DkF,24,27, TkF,24,27, HkF,24,27, PkG,24,27, SkG,24,27, BkG,24,27, DkG,24,27, TkG,24,27, HkG,24,27, PkH,25,27, SkH,25,27, BkH,25,27, DkH,25,27, TkH,25,27, HkH,25,27, IkI,25,27, CkI,21,28, FkI,26,28, AkI,20,27, RBkI,24,27, RDkI,24,27, RTkI,24,27, RHkI,24,27, PkJ,25,27, SkJ,25,27, BkJ,25,27, DkJ,25,27, TkJ,25,27, HkJ,25,27, PkK,24,27, SkK,24,27, BkK,24,27, DkK,24,27, TkK,24,27, HkK,24,27, PkL,25,27, SkL,25,27, BkL,25,27, DkL,25,27, TkL,25,27, HkL,25,27, PkM,24,27, SkM,24,27, BkM,24,27, DkM,24,27, TkM,24,27, HkM,24,27, PkN,24,27, SkN,24,27, BkN,24,27, DkN,24,27, TkN,24,27, HkN,24,27, PlA,24,27, SlA,24,27, BlA,24,27, DlA,24,27, TlA,24,27, HlA,24,27, PlB,24,27, SlB,24,27, BlB,24,27, DlB,24,27, TlB,24,27, HlB,24,27, PlC,24,27, SlC,24,27, BlC,24,27, DlC,24,27, TlC,24,27, HlC,24,27, PlD,24,27, SlD,24,27, BlD,24,27, DlD,24,27, TlD,24,27, HlD,24,27, PlE,24,27, SlE,24,27, BlE,24,27, DlE,24,27, TlE,24,27, HlE,24,27, PlF,24,27, SlF,24,27, BlF,24,27, DlF,24,27, TlF,24,27, HlF,24,27, PlG,24,27, SlG,24,27, BlG,24,27, DlG,24,27, TlG,24,27, HlG,24,27, PlH,25,27, SlH,25,27, BlH,25,27, DlH,25,27, TlH,25,27, HlH,25,27, IlI,26,27, ClI,20,27, FlI,24,28, AlI,20,27, RBlI,23,27, RDlI,23,27, RTlI,23,27, RHlI,23,27, PlJ,25,27, SlJ,25,27, BlJ,25,27, DlJ,25,27, TlJ,25,27, HlJ,25,27, PlK,25,27, SlK,25,27, BlK,25,27, DlK,25,27, TlK,25,27, HlK,25,27, IlL,27,27, ClL,22,27, FlL,25,27, AlL,23,27, RBlL,25,27, RDlL,25,27, RTlL,25,27, RHlL,25,27, PlM,25,27, SlM,25,27, BlM,25,27, DlM,25,27, TlM,25,27, HlM,25,27, PlN,24,27, SlN,24,27, BlN,24,27, DlN,24,27, TlN,24,27, HlN,24,27, PmA,24,27, SmA,24,27, BmA,24,27, DmA,24,27, TmA,24,27, HmA,24,27, PmB,24,27, SmB,24,27, BmB,24,27, DmB,24,27, TmB,24,27, HmB,24,27, PmC,24,27, SmC,24,27, BmC,24,27, DmC,24,27, TmC,24,27, HmC,24,27, PmD,24,27, SmD,24,27, BmD,24,27, DmD,24,27, TmD,24,27, HmD,24,27, PmE,24,27, SmE,24,27, BmE,24,27, DmE,24,27, TmE,24,27, HmE,24,27, PmF,24,27, SmF,24,27, BmF,24,27, DmF,24,27, TmF,24,27, HmF,24,27, PmG,24,27, SmG,24,27, BmG,24,27, DmG,24,27, TmG,24,27, HmG,24,27, PmH,24,27, SmH,24,27, BmH,24,27, DmH,24,27, TmH,24,27, HmH,24,27, PmI,25,27, SmI,25,27, BmI,25,27, DmI,25,27, TmI,25,27, HmI,25,27, PmJ,24,27, SmJ,24,27, BmJ,24,27, DmJ,24,27, TmJ,24,27, HmJ,24,27, PmK,24,27, SmK,24,27, BmK,24,27, DmK,24,27, TmK,24,27, HmK,24,27, PmL,25,27, SmL,25,27, BmL,25,27, DmL,25,27, TmL,25,27, HmL,25,27, PmM,24,27, SmM,24,27, BmM,24,27, DmM,24,27, TmM,24,27, HmM,24,27, PmN,24,27, SmN,24,27, BmN,24,27, DmN,24,27, TmN,24,27, HmN,24,27, PnA,24,27, SnA,24,27, BnA,24,27, DnA,24,27, TnA,24,27, HnA,24,27, PnB,24,27, SnB,24,27, BnB,24,27, DnB,24,27, TnB,24,27, HnB,24,27, PnC,24,27, SnC,24,27, BnC,24,27, DnC,24,27, TnC,24,27, HnC,24,27, PnD,24,27, SnD,24,27, BnD,24,27, DnD,24,27, TnD,24,27, HnD,24,27, PnE,24,27, SnE,24,27, BnE,24,27, DnE,24,27, TnE,24,27, HnE,24,27, CnF,23,26, FnF,23,30, AnF,23,27, PnG,24,27, SnG,24,27, BnG,24,27, DnG,24,27, TnG,24,27, HnG,24,27, PnH,24,27, SnH,24,27, BnH,24,27, DnH,24,27, TnH,24,27, HnH,24,27, InI,26,27, CnI,23,19, FnI,24,28, AnI,23,23, PnJ,24,27, SnJ,24,27, BnJ,24,27, DnJ,24,27, TnJ,24,27, HnJ,24,27, PnK,24,27, SnK,24,27, BnK,24,27, DnK,24,27, TnK,24,27, HnK,24,27, PnL,24,27, SnL,24,27, BnL,24,27, DnL,24,27, TnL,24,27, HnL,24,27, PnM,24,27, SnM,24,27, BnM,24,27, DnM,24,27, TnM,24,27, HnM,24,27, InN,25,27, CnN,23,26, FnN,23,30, AnN,23,27, O,16,22]
actionsPossibles : lancement le 03/12/2019 21:10:30.298
1
0
2
0
1
2
0
1
1
0
1
0
1
0
7
0
1
2
3
4
5
6
7
0
1
2
3
4
5
6
7
0
1
2
3
4
5
6
7
0
1
2
3
4
5
6
1
0
7
0
1
2
3
4
5
6
1
0
7
0
1
2
3
4
5
6
1
0
7
0
1
2
3
4
5
6
1
0
7
0
1
2
3
4
5
6
7
0
1
2
3
4
5
6
7
0
1
2
3
4
5
6
7
0
1
2
3
4
5
6
1
0
2
0
1
7
0
1
2
3
4
5
6
1
0
2
0
1
7
0
1
2
3
4
5
6
7
0
1
2
3
4
5
6
5
0
1
2
3
4
1
0
1
0
1
0
6
0
1
2
3
4
5
5
0
1
2
3
4
5
0
1
2
3
4
6
0
1
2
3
4
5
5
0
1
2
3
4
5
0
1
2
3
4
6
0
1
2
3
4
5
6
0
1
2
3
4
5
6
0
1
2
3
4
5
6
0
1
2
3
4
5
actionsPossibles : fin
actionsPossibles : lancement le 03/12/2019 21:10:30.314
1
0
2
0
1
2
0
1
1
0
1
0
1
0
7
0
1
2
3
4
5
6
7
0
1
2
3
4
5
6
7
0
1
2
3
4
5
6
7
0
1
2
3
4
5
6
1
0
7
0
1
2
3
4
5
6
1
0
7
0
1
2
3
4
5
6
1
0
7
0
1
2
3
4
5
6
1
0
7
0
1
2
3
4
5
6
7
0
1
2
3
4
5
6
7
0
1
2
3
4
5
6
7
0
1
2
3
4
5
6
1
0
2
0
1
7
0
1
2
3
4
5
6
1
0
2
0
1
7
0
1
2
3
4
5
6
7
0
1
2
3
4
5
6
5
0
1
2
3
4
1
0
1
0
1
0
6
0
1
2
3
4
5
5
0
1
2
3
4
5
0
1
2
3
4
6
0
1
2
3
4
5
5
0
1
2
3
4
5
0
1
2
3
4
6
0
1
2
3
4
5
6
0
1
2
3
4
5
6
0
1
2
3
4
5
6
0
1
2
3
4
5
actionsPossibles : fin
[PaA,88,89, SaA,88,89, BaA,88,89, DaA,88,89, TaA,88,89, HaA,88,89, CaB,88,82, FaB,90,93, AaB,88,85, RPaB,88,85, RSaB,88,85, RBaB,88,85, PaC,88,89, SaC,88,89, BaC,88,89, DaC,88,89, TaC,88,89, HaC,88,89, PaD,88,88, SaD,88,88, BaD,88,88, DaD,88,88, TaD,88,88, HaD,88,88, PaE,88,88, SaE,88,88, BaE,88,88, DaE,88,88, TaE,88,88, HaE,88,88, PaF,88,88, SaF,88,88, BaF,88,88, DaF,88,88, TaF,88,88, HaF,88,88, PaG,88,88, SaG,88,88, BaG,88,88, DaG,88,88, TaG,88,88, HaG,88,88, PaH,88,88, SaH,88,88, BaH,88,88, DaH,88,88, TaH,88,88, HaH,88,88, PaI,88,88, SaI,88,88, BaI,88,88, DaI,88,88, TaI,88,88, HaI,88,88, PaJ,88,89, SaJ,88,89, BaJ,88,89, DaJ,88,89, TaJ,88,89, HaJ,88,89, PaL,88,89, SaL,88,89, BaL,88,89, DaL,88,89, TaL,88,89, HaL,88,89, PaM,88,88, SaM,88,88, BaM,88,88, DaM,88,88, TaM,88,88, HaM,88,88, PaN,88,88, SaN,88,88, BaN,88,88, DaN,88,88, TaN,88,88, HaN,88,88, PbA,88,88, SbA,88,88, BbA,88,88, DbA,88,88, TbA,88,88, HbA,88,88, PbB,88,89, SbB,88,89, BbB,88,89, DbB,88,89, TbB,88,89, HbB,88,89, PbC,88,88, SbC,88,88, BbC,88,88, DbC,88,88, TbC,88,88, HbC,88,88, PbD,88,88, SbD,88,88, BbD,88,88, DbD,88,88, TbD,88,88, HbD,88,88, PbE,88,88, SbE,88,88, BbE,88,88, DbE,88,88, TbE,88,88, HbE,88,88, PbF,88,88, SbF,88,88, BbF,88,88, DbF,88,88, TbF,88,88, HbF,88,88, PbG,88,88, SbG,88,88, BbG,88,88, DbG,88,88, TbG,88,88, HbG,88,88, PbH,88,88, SbH,88,88, BbH,88,88, DbH,88,88, TbH,88,88, HbH,88,88, IbI,88,99, CbI,81,88, FbI,96,93, AbI,83,87, PbJ,88,89, SbJ,88,89, BbJ,88,89, DbJ,88,89, TbJ,88,89, HbJ,88,89, PbL,88,90, SbL,88,90, BbL,88,90, DbL,88,90, TbL,88,90, HbL,88,90, PbM,88,88, SbM,88,88, BbM,88,88, DbM,88,88, TbM,88,88, HbM,88,88, PbN,88,88, SbN,88,88, BbN,88,88, DbN,88,88, TbN,88,88, HbN,88,88, PcA,88,88, ScA,88,88, BcA,88,88, DcA,88,88, TcA,88,88, HcA,88,88, PcB,88,88, ScB,88,88, BcB,88,88, DcB,88,88, TcB,88,88, HcB,88,88, PcC,88,88, ScC,88,88, BcC,88,88, DcC,88,88, TcC,88,88, HcC,88,88, PcD,88,88, ScD,88,88, BcD,88,88, DcD,88,88, TcD,88,88, HcD,88,88, PcE,88,88, ScE,88,88, BcE,88,88, DcE,88,88, TcE,88,88, HcE,88,88, PcF,88,88, ScF,88,88, BcF,88,88, DcF,88,88, TcF,88,88, HcF,88,88, PcG,88,88, ScG,88,88, BcG,88,88, DcG,88,88, TcG,88,88, HcG,88,88, PcH,88,89, ScH,88,89, BcH,88,89, DcH,88,89, TcH,88,89, HcH,88,89, IcI,88,95, CcI,89,83, FcI,90,93, AcI,88,82, RPcI,88,87, RScI,88,87, RBcI,88,87, PcK,88,90, ScK,88,90, BcK,88,90, DcK,88,90, TcK,88,90, HcK,88,90, IcL,88,91, CcL,88,85, FcL,88,90, AcL,88,86, RPcL,88,88, RScL,88,88, RBcL,88,88, PcM,88,89, ScM,88,89, BcM,88,89, DcM,88,89, TcM,88,89, HcM,88,89, PcN,88,88, ScN,88,88, BcN,88,88, DcN,88,88, TcN,88,88, HcN,88,88, PdA,88,88, SdA,88,88, BdA,88,88, DdA,88,88, TdA,88,88, HdA,88,88, PdB,88,88, SdB,88,88, BdB,88,88, DdB,88,88, TdB,88,88, HdB,88,88, PdC,88,88, SdC,88,88, BdC,88,88, DdC,88,88, TdC,88,88, HdC,88,88, PdD,88,88, SdD,88,88, BdD,88,88, DdD,88,88, TdD,88,88, HdD,88,88, PdE,88,88, SdE,88,88, BdE,88,91, DdE,88,88, TdE,88,88, HdE,88,88, PdF,88,88, SdF,88,88, BdF,88,88, DdF,88,88, TdF,88,88, HdF,88,88, PdG,88,88, SdG,88,88, BdG,88,88, DdG,88,88, TdG,88,88, HdG,88,88, PdH,88,88, SdH,88,88, BdH,88,88, DdH,88,88, TdH,88,88, HdH,88,88, PdI,88,90, SdI,88,90, BdI,88,90, DdI,88,90, TdI,88,90, HdI,88,90, IdJ,88,90, CdJ,88,81, FdJ,90,89, AdJ,88,84, RPdJ,88,85, RSdJ,88,85, RDdJ,88,85, RTdJ,88,85, RHdJ,88,85, PdK,88,89, SdK,88,89, BdK,88,89, DdK,88,89, TdK,88,89, HdK,88,89, PdL,88,89, SdL,88,89, BdL,88,89, DdL,88,89, TdL,88,89, HdL,88,89, PdM,88,88, SdM,88,88, BdM,88,88, DdM,88,88, TdM,88,88, HdM,88,88, PdN,88,88, SdN,88,88, BdN,88,88, DdN,88,88, TdN,88,88, HdN,88,88, PeA,88,88, SeA,88,88, BeA,88,88, DeA,88,88, TeA,88,88, HeA,88,88, PeB,88,88, SeB,88,88, BeB,88,88, DeB,88,88, TeB,88,88, HeB,88,88, IeC,88,91, CeC,86,87, FeC,91,87, AeC,87,87, PeD,88,89, SeD,88,89, BeD,88,92, DeD,88,89, TeD,88,89, HeD,88,89, IeE,88,90, CeE,81,88, FeE,95,90, AeE,75,87, PeF,88,89, SeF,88,89, BeF,88,92, DeF,88,89, TeF,88,89, HeF,88,89, PeG,88,88, SeG,88,88, BeG,88,88, DeG,88,88, TeG,88,88, HeG,88,88, PeH,88,88, SeH,88,88, BeH,88,88, DeH,88,88, TeH,88,88, HeH,88,88, PeI,88,88, SeI,88,88, BeI,88,88, DeI,88,88, TeI,88,88, HeI,88,88, PeJ,88,89, SeJ,88,89, BeJ,88,89, DeJ,88,89, TeJ,88,89, HeJ,88,89, PeK,88,88, SeK,88,88, BeK,88,88, DeK,88,88, TeK,88,88, HeK,88,88, PeL,88,89, SeL,88,89, BeL,88,89, DeL,88,89, TeL,88,89, HeL,88,89, PeM,88,88, SeM,88,88, BeM,88,91, DeM,88,88, TeM,88,88, HeM,88,88, PeN,88,88, SeN,88,88, BeN,88,88, DeN,88,88, TeN,88,88, HeN,88,88, PfA,88,88, SfA,88,88, BfA,88,88, DfA,88,88, TfA,88,88, HfA,88,88, PfB,88,88, SfB,88,88, BfB,88,88, DfB,88,88, TfB,88,88, HfB,88,88, PfC,88,90, SfC,88,90, BfC,88,93, DfC,88,90, TfC,88,90, HfC,88,90, IfD,88,90, CfD,88,85, FfD,91,90, AfD,88,74, RBfD,88,88, RDfD,88,88, RTfD,88,88, RHfD,88,88, IfE,88,88, CfE,89,81, FfE,90,94, AfE,88,74, RBfE,88,84, RDfE,88,84, RTfE,88,84, RHfE,88,84, IfF,88,89, CfF,88,85, FfF,94,90, AfF,88,74, RBfF,88,88, RDfF,88,88, RTfF,88,88, RHfF,88,88, PfG,88,90, SfG,88,90, BfG,88,92, DfG,88,90, TfG,88,90, HfG,88,90, PfH,88,89, SfH,88,89, BfH,88,89, DfH,88,89, TfH,88,89, HfH,88,89, PfI,88,88, SfI,88,88, BfI,88,88, DfI,88,88, TfI,88,88, HfI,88,88, PfJ,88,88, SfJ,88,88, BfJ,88,88, DfJ,88,88, TfJ,88,88, HfJ,88,88, IfK,88,90, CfK,87,87, FfK,90,89, AfK,88,87, IfM,88,89, CfM,84,87, FfM,94,92, AfM,75,87, PfN,88,88, SfN,88,88, BfN,88,91, DfN,88,88, TfN,88,88, HfN,88,88, PgA,88,88, SgA,88,88, BgA,88,88, DgA,88,88, TgA,88,88, HgA,88,88, PgB,88,89, SgB,88,89, BgB,88,89, DgB,88,89, TgB,88,89, HgB,88,89, CgC,88,86, FgC,88,90, AgC,88,87, RPgC,88,89, RSgC,88,89, RBgC,88,89, PgD,88,90, SgD,88,90, BgD,88,93, DgD,88,90, TgD,88,90, HgD,88,90, PgE,86,82, SgE,86,82, BgE,86,85, DgE,86,82, TgE,86,82, HgE,86,82, IgF,88,88, CgF,88,87, FgF,89,92, AgF,88,74, RBgF,88,91, RDgF,88,91, RTgF,88,91, RHgF,88,91, IgH,88,90, CgH,88,84, FgH,89,93, AgH,88,86, RBgH,88,88, RDgH,88,88, RTgH,88,88, RHgH,88,88, PgI,88,89, SgI,88,89, BgI,88,89, DgI,88,89, TgI,88,89, HgI,88,89, PgJ,88,88, SgJ,88,88, BgJ,88,88, DgJ,88,88, TgJ,88,88, HgJ,88,88, PgK,88,88, SgK,88,88, BgK,88,88, DgK,88,88, TgK,88,88, HgK,88,88, PgL,88,90, SgL,88,90, BgL,88,92, DgL,88,90, TgL,88,90, HgL,88,90, IgM,88,89, CgM,85,87, FgM,94,92, AgM,75,87, PgN,88,88, SgN,88,88, BgN,88,91, DgN,88,88, TgN,88,88, HgN,88,88, PhA,88,88, ShA,88,88, BhA,88,88, DhA,88,88, ThA,88,88, HhA,88,88, PhB,88,88, ShB,88,88, BhB,88,88, DhB,88,88, ThB,88,88, HhB,88,88, PhC,88,90, ShC,88,90, BhC,88,90, DhC,88,90, ThC,88,90, HhC,88,90, IhD,88,89, ChD,80,87, FhD,94,87, AhD,84,87, IhE,88,88, ChE,86,89, FhE,89,92, AhE,75,87, IhF,88,89, ChF,89,85, FhF,89,93, AhF,88,74, RBhF,88,88, RDhF,88,88, RThF,88,88, RHhF,88,88, PhG,88,90, ShG,88,90, BhG,88,92, DhG,88,90, ThG,88,90, HhG,88,90, PhH,88,89, ShH,88,89, BhH,88,89, DhH,88,89, ThH,88,89, HhH,88,89, PhI,88,88, ShI,88,88, BhI,88,88, DhI,88,88, ThI,88,88, HhI,88,88, PhJ,88,88, ShJ,88,88, BhJ,88,88, DhJ,88,88, ThJ,88,88, HhJ,88,88, PhK,88,89, ShK,88,89, BhK,88,92, DhK,88,89, ThK,88,89, HhK,88,89, IhL,88,90, ChL,89,83, FhL,89,92, AhL,88,74, RBhL,88,86, RDhL,88,86, RThL,88,86, RHhL,88,86, IhM,88,88, ChM,85,88, FhM,94,93, AhM,75,87, PhN,83,88, ShN,83,88, BhN,83,91, DhN,83,88, ThN,83,88, HhN,83,88, PiA,88,88, SiA,88,88, BiA,88,88, DiA,88,88, TiA,88,88, HiA,88,88, PiB,88,89, SiB,88,89, BiB,88,89, DiB,88,89, TiB,88,89, HiB,88,89, IiE,88,89, CiE,89,84, FiE,88,91, AiE,88,86, RPiE,88,88, RSiE,88,88, RDiE,88,88, RTiE,88,88, RHiE,88,88, PiF,88,90, SiF,88,90, BiF,88,93, DiF,88,90, TiF,88,90, HiF,88,90, PiG,88,88, SiG,88,88, BiG,88,88, DiG,88,88, TiG,88,88, HiG,88,88, PiH,88,88, SiH,88,88, BiH,88,88, DiH,88,88, TiH,88,88, HiH,88,88, PiI,88,88, SiI,88,88, BiI,88,88, DiI,88,88, TiI,88,88, HiI,88,88, PiJ,88,88, SiJ,88,88, BiJ,88,88, DiJ,88,88, TiJ,88,88, HiJ,88,88, IiK,88,90, CiK,86,87, FiK,91,87, AiK,86,87, IiM,88,89, CiM,85,87, FiM,94,92, AiM,75,87, PiN,88,88, SiN,88,88, BiN,88,91, DiN,88,88, TiN,88,88, HiN,88,88, PjA,88,89, SjA,88,89, BjA,88,89, DjA,88,89, TjA,88,89, HjA,88,89, PjC,88,89, SjC,88,89, BjC,88,89, DjC,88,89, TjC,88,89, HjC,88,89, PjD,88,90, SjD,88,90, BjD,88,90, DjD,88,90, TjD,88,90, HjD,88,90, PjE,88,89, SjE,88,89, BjE,88,89, DjE,88,89, TjE,88,89, HjE,88,89, PjF,88,88, SjF,88,88, BjF,88,88, DjF,88,88, TjF,88,88, HjF,88,88, CjG,84,87, FjG,96,87, AjG,86,87, PjH,88,89, SjH,88,89, BjH,88,89, DjH,88,89, TjH,88,89, HjH,88,89, PjI,88,88, SjI,88,88, BjI,88,88, DjI,88,88, TjI,88,88, HjI,88,88, PjJ,85,88, SjJ,85,88, BjJ,85,88, DjJ,85,88, TjJ,85,88, HjJ,85,88, CjK,86,89, FjK,96,87, AjK,86,87, IjL,88,89, CjL,90,84, FjL,93,92, AjL,88,74, RBjL,88,87, RDjL,88,87, RTjL,88,87, RHjL,88,87, IjM,88,89, CjM,84,88, FjM,93,92, AjM,75,87, PjN,88,88, SjN,88,88, BjN,88,91, DjN,88,88, TjN,88,88, HjN,88,88, PkA,88,89, SkA,88,89, BkA,88,89, DkA,88,89, TkA,88,89, HkA,88,89, IkC,88,88, CkC,84,88, FkC,91,90, AkC,79,87, IkD,88,89, CkD,89,83, FkD,88,91, AkD,88,85, RPkD,88,86, RSkD,88,86, RDkD,88,86, RTkD,88,86, RHkD,88,86, PkE,88,89, SkE,88,89, BkE,88,89, DkE,88,89, TkE,88,89, HkE,88,89, CkF,79,87, FkF,96,93, AkF,84,87, PkG,88,89, SkG,88,89, BkG,88,89, DkG,88,89, TkG,88,89, HkG,88,89, IkH,88,91, CkH,88,81, FkH,96,94, AkH,88,84, RBkH,88,84, RDkH,88,84, RTkH,88,84, RHkH,88,84, PkI,88,89, SkI,88,89, BkI,88,89, DkI,88,89, TkI,88,89, HkI,88,89, PkJ,88,89, SkJ,88,89, BkJ,88,92, DkJ,88,89, TkJ,88,89, HkJ,88,89, IkK,88,89, CkK,89,87, FkK,89,89, AkK,88,79, RBkK,88,90, RDkK,88,90, RTkK,88,90, RHkK,88,90, PkL,88,91, SkL,88,91, BkL,88,93, DkL,88,91, TkL,88,91, HkL,88,91, PkM,88,88, SkM,88,88, BkM,88,91, DkM,88,88, TkM,88,88, HkM,88,88, PkN,88,88, SkN,88,88, BkN,88,88, DkN,88,88, TkN,88,88, HkN,88,88, PlA,88,89, SlA,88,89, BlA,88,89, DlA,88,89, TlA,88,89, HlA,88,89, IlC,88,87, ClC,87,89, FlC,89,90, AlC,79,87, IlD,88,88, ClD,90,82, FlD,91,93, AlD,88,78, RBlD,88,85, RDlD,88,85, RTlD,88,85, RHlD,88,85, PlE,88,83, SlE,88,83, BlE,88,83, DlE,88,83, TlE,88,83, HlE,88,83, PlF,88,88, SlF,88,88, BlF,88,88, DlF,88,88, TlF,88,88, HlF,88,88, PlG,88,88, SlG,88,88, BlG,88,88, DlG,88,88, TlG,88,88, HlG,88,88, PlH,88,89, SlH,88,89, BlH,88,89, DlH,88,89, TlH,88,89, HlH,88,89, PlI,88,88, SlI,88,88, BlI,88,88, DlI,88,88, TlI,88,88, HlI,88,88, PlJ,88,89, SlJ,88,89, BlJ,88,92, DlJ,88,89, TlJ,88,89, HlJ,88,89, IlK,88,88, ClK,88,86, FlK,94,92, AlK,88,79, RBlK,88,90, RDlK,88,90, RTlK,88,90, RHlK,88,90, PlM,88,89, SlM,88,89, BlM,88,89, DlM,88,89, TlM,88,89, HlM,88,89, PlN,88,88, SlN,88,88, BlN,88,88, DlN,88,88, TlN,88,88, HlN,88,88, PmA,88,88, SmA,88,88, BmA,88,88, DmA,88,88, TmA,88,88, HmA,88,88, PmB,88,90, SmB,88,90, BmB,88,90, DmB,88,90, TmB,88,90, HmB,88,90, ImC,88,89, CmC,90,86, FmC,89,90, AmC,88,78, RBmC,88,89, RDmC,88,89, RTmC,88,89, RHmC,88,89, ImD,88,89, CmD,82,89, FmD,91,92, AmD,79,87, PmE,88,88, SmE,88,88, BmE,88,88, DmE,88,88, TmE,88,88, HmE,88,88, PmF,88,88, SmF,88,88, BmF,88,88, DmF,88,88, TmF,88,88, HmF,88,88, PmG,88,88, SmG,88,88, BmG,88,88, DmG,88,88, TmG,88,88, HmG,88,88, PmH,88,88, SmH,88,88, BmH,88,88, DmH,88,88, TmH,88,88, HmH,88,88, PmI,88,88, SmI,88,88, BmI,88,91, DmI,88,88, TmI,88,88, HmI,88,88, ImJ,88,90, CmJ,85,88, FmJ,89,90, AmJ,80,87, ImK,88,87, CmK,89,85, FmK,94,92, AmK,88,79, RBmK,88,89, RDmK,88,89, RTmK,88,89, RHmK,88,89, ImL,88,89, CmL,88,87, FmL,91,92, AmL,88,79, RBmL,88,91, RDmL,88,91, RTmL,88,91, RHmL,88,91, PmM,88,89, SmM,88,89, BmM,88,92, DmM,88,89, TmM,88,89, HmM,88,89, PmN,88,88, SmN,88,88, BmN,88,88, DmN,88,88, TmN,88,88, HmN,88,88, PnA,88,88, SnA,88,88, BnA,88,88, DnA,88,88, TnA,88,88, HnA,88,88, PnB,88,88, SnB,88,88, BnB,88,88, DnB,88,88, TnB,88,88, HnB,88,88, PnC,88,89, SnC,88,89, BnC,88,89, DnC,88,89, TnC,88,89, HnC,88,89, PnD,88,88, SnD,88,88, BnD,88,88, DnD,88,88, TnD,88,88, HnD,88,88, PnE,88,88, SnE,88,88, BnE,88,88, DnE,88,88, TnE,88,88, HnE,88,88, PnF,88,88, SnF,88,88, BnF,88,88, DnF,88,88, TnF,88,88, HnF,88,88, PnG,88,88, SnG,88,88, BnG,88,88, DnG,88,88, TnG,88,88, HnG,88,88, PnH,88,88, SnH,88,88, BnH,88,88, DnH,88,88, TnH,88,88, HnH,88,88, PnI,88,88, SnI,88,88, BnI,88,88, DnI,88,88, TnI,88,88, HnI,88,88, PnJ,88,89, SnJ,88,89, BnJ,88,92, DnJ,88,89, TnJ,88,89, HnJ,88,89, InK,88,89, CnK,88,79, FnK,96,93, AnK,88,79, RBnK,88,82, RDnK,88,82, RTnK,88,82, RHnK,88,82, PnL,88,90, SnL,88,90, BnL,88,93, DnL,88,90, TnL,88,90, HnL,88,90, PnM,88,88, SnM,88,88, BnM,88,88, DnM,88,88, TnM,88,88, HnM,88,88, PnN,88,88, SnN,88,88, BnN,88,88, DnN,88,88, TnN,88,88, HnN,88,88, O,67,71]
]]></system-out>
  <system-err><![CDATA[]]></system-err>
</testsuite>
