<?xml version="1.0" encoding="UTF-8" ?>
<testsuite errors="0" failures="0" hostname="MSI" name="biosphere7.JoueurBiosphere7Test" skipped="0" tests="3" time="0.517" timestamp="2019-11-30T21:58:20">
  <properties>
    <property name="" value="======" />
    <property name="libs.javaee-api-6.0.classpath" value="C:\NetBeans\netbeans\enterprise\modules\ext\javaee-api-6.0.jar" />
    <property name="libs.spring-framework300.classpath" value="C:\NetBeans\netbeans\ide\modules\org-apache-commons-logging.jar;C:\NetBeans\netbeans\java\modules\ext\cglib-2.2.jar;C:\NetBeans\netbeans\java\modules\ext\spring-3.0\spring-aop-3.2.7.RELEASE.jar;C:\NetBeans\netbeans\java\modules\ext\spring-3.0\spring-aspects-3.2.7.RELEASE.jar;C:\NetBeans\netbeans\java\modules\ext\spring-3.0\spring-beans-3.2.7.RELEASE.jar;C:\NetBeans\netbeans\java\modules\ext\spring-3.0\spring-build-src-3.2.7.RELEASE.jar;C:\NetBeans\netbeans\java\modules\ext\spring-3.0\spring-context-3.2.7.RELEASE.jar;C:\NetBeans\netbeans\java\modules\ext\spring-3.0\spring-context-support-3.2.7.RELEASE.jar;C:\NetBeans\netbeans\java\modules\ext\spring-3.0\spring-core-3.2.7.RELEASE.jar;C:\NetBeans\netbeans\java\modules\ext\spring-3.0\spring-expression-3.2.7.RELEASE.jar;C:\NetBeans\netbeans\java\modules\ext\spring-3.0\spring-framework-bom-3.2.7.RELEASE.jar;C:\NetBeans\netbeans\java\modules\ext\spring-3.0\spring-instrument-3.2.7.RELEASE.jar;C:\NetBeans\netbeans\java\modules\ext\spring-3.0\spring-instrument-tomcat-3.2.7.RELEASE.jar;C:\NetBeans\netbeans\java\modules\ext\spring-3.0\spring-jdbc-3.2.7.RELEASE.jar;C:\NetBeans\netbeans\java\modules\ext\spring-3.0\spring-jms-3.2.7.RELEASE.jar;C:\NetBeans\netbeans\java\modules\ext\spring-3.0\spring-orm-3.2.7.RELEASE.jar;C:\NetBeans\netbeans\java\modules\ext\spring-3.0\spring-oxm-3.2.7.RELEASE.jar;C:\NetBeans\netbeans\java\modules\ext\spring-3.0\spring-struts-3.2.7.RELEASE.jar;C:\NetBeans\netbeans\java\modules\ext\spring-3.0\spring-test-3.2.7.RELEASE.jar;C:\NetBeans\netbeans\java\modules\ext\spring-3.0\spring-tx-3.2.7.RELEASE.jar;C:\NetBeans\netbeans\java\modules\ext\spring-3.0\spring-web-3.2.7.RELEASE.jar;C:\NetBeans\netbeans\java\modules\ext\spring-3.0\spring-webmvc-3.2.7.RELEASE.jar;C:\NetBeans\netbeans\java\modules\ext\spring-3.0\spring-webmvc-portlet-3.2.7.RELEASE.jar" />
    <property name="javac.test.classpath" value=":build/classes:C:\NetBeans\netbeans\platform\modules\ext\hamcrest-core-1.3.jar:C:\NetBeans\netbeans\platform\modules\ext\junit-4.12.jar" />
    <property name="javac.includesfile.binary" value="C:\Users\Zail3\Desktop\Biosphere\biosphere7\biosphere7\null1075597445" />
    <property name="java.specification.version" value="13" />
    <property name="libs.javaee-api-7.0.classpath" value="C:\NetBeans\netbeans\enterprise\modules\ext\javaee-api-7.0.jar" />
    <property name="sun.cpu.isalist" value="amd64" />
    <property name="libs.restapi.maven-pom" value="" />
    <property name="jar.index.metainf" value="false" />
    <property name="javadoc.preview" value="true" />
    <property name="do.depend" value="false" />
    <property name="libs.spring-webmvc4.0.javadoc" value="" />
    <property name="libs.spring-framework400.classpath" value="C:\NetBeans\netbeans\ide\modules\org-apache-commons-logging.jar;C:\NetBeans\netbeans\java\modules\ext\cglib-2.2.jar;C:\NetBeans\netbeans\java\modules\ext\spring-4\spring-aop-4.0.1.RELEASE.jar;C:\NetBeans\netbeans\java\modules\ext\spring-4\spring-aspects-4.0.1.RELEASE.jar;C:\NetBeans\netbeans\java\modules\ext\spring-4\spring-beans-4.0.1.RELEASE.jar;C:\NetBeans\netbeans\java\modules\ext\spring-4\spring-build-src-4.0.1.RELEASE.jar;C:\NetBeans\netbeans\java\modules\ext\spring-4\spring-context-4.0.1.RELEASE.jar;C:\NetBeans\netbeans\java\modules\ext\spring-4\spring-context-support-4.0.1.RELEASE.jar;C:\NetBeans\netbeans\java\modules\ext\spring-4\spring-core-4.0.1.RELEASE.jar;C:\NetBeans\netbeans\java\modules\ext\spring-4\spring-expression-4.0.1.RELEASE.jar;C:\NetBeans\netbeans\java\modules\ext\spring-4\spring-framework-bom-4.0.1.RELEASE.jar;C:\NetBeans\netbeans\java\modules\ext\spring-4\spring-instrument-4.0.1.RELEASE.jar;C:\NetBeans\netbeans\java\modules\ext\spring-4\spring-instrument-tomcat-4.0.1.RELEASE.jar;C:\NetBeans\netbeans\java\modules\ext\spring-4\spring-jdbc-4.0.1.RELEASE.jar;C:\NetBeans\netbeans\java\modules\ext\spring-4\spring-jms-4.0.1.RELEASE.jar;C:\NetBeans\netbeans\java\modules\ext\spring-4\spring-messaging-4.0.1.RELEASE.jar;C:\NetBeans\netbeans\java\modules\ext\spring-4\spring-orm-4.0.1.RELEASE.jar;C:\NetBeans\netbeans\java\modules\ext\spring-4\spring-oxm-4.0.1.RELEASE.jar;C:\NetBeans\netbeans\java\modules\ext\spring-4\spring-test-4.0.1.RELEASE.jar;C:\NetBeans\netbeans\java\modules\ext\spring-4\spring-tx-4.0.1.RELEASE.jar;C:\NetBeans\netbeans\java\modules\ext\spring-4\spring-web-4.0.1.RELEASE.jar;C:\NetBeans\netbeans\java\modules\ext\spring-4\spring-webmvc-4.0.1.RELEASE.jar;C:\NetBeans\netbeans\java\modules\ext\spring-4\spring-webmvc-portlet-4.0.1.RELEASE.jar;C:\NetBeans\netbeans\java\modules\ext\spring-4\spring-websocket-4.0.1.RELEASE.jar" />
    <property name="test.binaryincludes" value="&lt;nothing&gt;" />
    <property name="sun.arch.data.model" value="64" />
    <property name="nb.show.statistics.ui" value="usageStatisticsEnabled" />
    <property name="libs.javaee-endorsed-api-7.0.src" value="" />
    <property name="debug-transport" value="dt_shmem" />
    <property name="libs.javaee-web-api-8.0.src" value="" />
    <property name="java.vendor.url" value="https://java.oracle.com/" />
    <property name="annotation.processing.enabled" value="true" />
    <property name="libs.junit_5.src" value="C:\NetBeans\netbeans\platform\docs\junit-jupiter-api-5.3.1-sources.jar;C:\NetBeans\netbeans\platform\docs\junit-jupiter-params-5.3.1-sources.jar;C:\NetBeans\netbeans\platform\docs\junit-jupiter-engine-5.3.1-sources.jar" />
    <property name="libs.jaxb.classpath" value="C:\NetBeans\netbeans\ide\modules\ext\jaxb\jaxb-impl-2.2.5-2.jar;C:\NetBeans\netbeans\ide\modules\ext\jaxb\jaxb-xjc-2.2.5-2.jar;C:\NetBeans\netbeans\ide\modules\ext\jaxb\jaxb1-impl-2.2.5-2.jar;C:\NetBeans\netbeans\ide\modules\ext\jaxb\activation.jar;C:\NetBeans\netbeans\ide\modules\ext\jaxb\api\jaxb-api.jar" />
    <property name="debug.modulepath" value="" />
    <property name="libs.eclipselink.javadoc" value="" />
    <property name="libs.jsp-compilation.src" value="" />
    <property name="libs.javaee-api-8.0.classpath" value="C:\NetBeans\netbeans\enterprise\modules\ext\javaee-api-8.0.jar" />
    <property name="libs.JWSAntTasks.javadoc" value="" />
    <property name="sun.boot.library.path" value="C:\Program Files\Java\jdk-13.0.1\bin" />
    <property name="libs.CopyLibs.src" value="" />
    <property name="sun.java.command" value="org.apache.tools.ant.taskdefs.optional.junit.JUnitTestRunner biosphere7.JoueurBiosphere7Test skipNonTests=false filtertrace=true haltOnError=false haltOnFailure=false showoutput=true outputtoformatters=true logfailedtests=true threadid=0 logtestlistenerevents=true formatter=org.apache.tools.ant.taskdefs.optional.junit.BriefJUnitResultFormatter formatter=org.apache.tools.ant.taskdefs.optional.junit.XMLJUnitResultFormatter,C:\Users\Zail3\Desktop\Biosphere\biosphere7\biosphere7\build\test\results\TEST-biosphere7.JoueurBiosphere7Test.xml crashfile=C:\Users\Zail3\Desktop\Biosphere\biosphere7\biosphere7\build\junitvmwatcher16020140680014686781.properties propsfile=C:\Users\Zail3\Desktop\Biosphere\biosphere7\biosphere7\build\junit6571179965788422255.properties" />
    <property name="jdk.debug" value="release" />
    <property name="libs.spring-framework300.src" value="" />
    <property name="java.specification.vendor" value="Oracle Corporation" />
    <property name="javac.source" value="1.8" />
    <property name="javadoc.use" value="true" />
    <property name="libs.javac-api.maven-pom" value="" />
    <property name="java.version.date" value="2019-10-15" />
    <property name="javadoc.notree" value="false" />
    <property name="java.home" value="C:\Program Files\Java\jdk-13.0.1" />
    <property name="basedir" value="C:\Users\Zail3\Desktop\Biosphere\biosphere7\biosphere7" />
    <property name="application.vendor" value="ogauwin" />
    <property name="work.dir" value="C:\Users\Zail3\Desktop\Biosphere\biosphere7\biosphere7" />
    <property name="javac.test.compilerargs" value="" />
    <property name="jna.boot.library.name" value="jnidispatch-nb" />
    <property name="java.vm.specification.vendor" value="Oracle Corporation" />
    <property name="java.specification.name" value="Java Platform API Specification" />
    <property name="libs.PostgreSQLDriver.classpath" value="C:\NetBeans\netbeans\ide\modules\ext\postgresql-42.2.5.jar" />
    <property name="libs.javac-api.javadoc" value="" />
    <property name="libs.spring-webmvc3.0.javadoc" value="" />
    <property name="libs.JAXB-ENDORSED.src" value="" />
    <property name="libs.jsf20.classpath" value="C:\NetBeans\netbeans\enterprise\modules\ext\jsf-2_2\javax.faces.jar" />
    <property name="netbeans.extbrowser.manual_chrome_plugin_install" value="yes" />
    <property name="user.script" value="" />
    <property name="manifest.encoding" value="UTF-8" />
    <property name="netbeans.default_userdir_root" value="C:\Users\Zail3\AppData\Roaming\NetBeans" />
    <property name="sun.management.compiler" value="HotSpot 64-Bit Tiered Compilers" />
    <property name="libs.spring-framework400.src" value="" />
    <property name="libs.jsp-compilation-syscp.src" value="" />
    <property name="jdk.home" value="C:\Program Files\Java\jdk-13.0.1" />
    <property name="run.test.modulepath" value="" />
    <property name="java.runtime.version" value="13.0.1+9" />
    <property name="libs.maven-dependencies.src" value="" />
    <property name="libs.eclipselink.maven-pom" value="" />
    <property name="libs.javaee-web-api-6.0.classpath" value="C:\NetBeans\netbeans\enterprise\modules\ext\javaee-web-api-6.0.jar" />
    <property name="libs.jsp-compiler.javadoc" value="" />
    <property name="libs.metro.maven-pom" value="" />
    <property name="libs.JAXB-ENDORSED.javadoc" value="" />
    <property name="debug.test.modulepath" value="" />
    <property name="libs.javaee-web-api-7.0.classpath" value="C:\NetBeans\netbeans\enterprise\modules\ext\javaee-web-api-7.0.jar" />
    <property name="file.encoding" value="Cp1252" />
    <property name="sun.java2d.noddraw" value="true" />
    <property name="sun.zip.disableMemoryMapping" value="true" />
    <property name="java.util.logging.config.class" value="org.netbeans.core.startup.TopLogging" />
    <property name="libs.maven-dependencies.maven-pom" value="" />
    <property name="jnidispatch.path" value="C:\Users\Zail3\AppData\Local\Temp\jna-86110921\jna1024375316641317739.dll" />
    <property name="libs.jsf12.src" value="" />
    <property name="libs.primefaces.javadoc" value="" />
    <property name="libs.jsp-compilation.javadoc" value="" />
    <property name="https.nonProxyHosts" value="localhost|127.0.0.1|MSI" />
    <property name="libs.restlib.javadoc" value="" />
    <property name="libs.groovy-all.maven-pom" value="" />
    <property name="libs.restapi.src" value="" />
    <property name="libs.junit_5.javadoc" value="C:\NetBeans\netbeans\platform\docs\junit-jupiter-api-5.3.1-javadoc.jar;C:\NetBeans\netbeans\platform\docs\junit-jupiter-params-5.3.1-javadoc.jar;C:\NetBeans\netbeans\platform\docs\junit-jupiter-engine-5.3.1-javadoc.jar" />
    <property name="libs.absolutelayout.classpath" value="C:\NetBeans\netbeans\java\modules\ext\AbsoluteLayout.jar" />
    <property name="dist.archive.excludes" value="" />
    <property name="java.io.tmpdir" value="C:\Users\Zail3\AppData\Local\Temp\" />
    <property name="do.archive" value="true" />
    <property name="java.version" value="13.0.1" />
    <property name="libs.struts.maven-pom" value="" />
    <property name="java.vm.specification.name" value="Java Virtual Machine Specification" />
    <property name="built-jar.properties" value="C:\Users\Zail3\Desktop\Biosphere\biosphere7\biosphere7\build\built-jar.properties" />
    <property name="nb.native.filechooser" value="false" />
    <property name="libs.testng.src" value="" />
    <property name="platform.active" value="default_platform" />
    <property name="ant.file.type.Biosphere7" value="file" />
    <property name="java.library.path" value="C:\Program Files\Java\jdk-13.0.1\bin;C:\WINDOWS\Sun\Java\bin;C:\WINDOWS\system32;C:\WINDOWS;C:\ProgramData\Oracle\Java\javapath;C:\Program Files (x86)\Common Files\Intel\Shared Libraries\redist\intel64\compiler;C:\Program Files (x86)\Intel\iCLS Client\;C:\Program Files\Intel\iCLS Client\;C:\Windows\system32;C:\Windows;C:\Windows\System32\Wbem;C:\Windows\System32\WindowsPowerShell\v1.0\;C:\Program Files (x86)\NVIDIA Corporation\PhysX\Common;C:\Program Files (x86)\Intel\Intel(R) Management Engine Components\DAL;C:\Program Files\Intel\Intel(R) Management Engine Components\DAL;C:\Program Files (x86)\Intel\Intel(R) Management Engine Components\IPT;C:\Program Files\Intel\Intel(R) Management Engine Components\IPT;&quot;C:\WINDOWS\system32;C:\Python&quot;;C:\WINDOWS;C:\WINDOWS\System32\Wbem;C:\WINDOWS\System32\WindowsPowerShell\v1.0\;C:\WINDOWS\System32\OpenSSH\;C:\Users\Zail3\AppData\Local\Programs\Python\Python37-32;C:\WINDOWS\system32;C:\Program Files\Git\cmd;C:\Users\Zail3\AppData\Roaming\Dashlane\6.1907.0.17833\bin\Firefox_Extension\{442718d9-475e-452a-b3e1-fb1ee16b8e9f}\components;C:\Users\Zail3\AppData\Roaming\Dashlane\6.1907.0.17833\ucrt;C:\Users\Zail3\AppData\Roaming\Dashlane\6.1907.0.17833\bin\Qt;C:\Users\Zail3\AppData\Roaming\Dashlane\6.1907.0.17833\bin\Ssl;C:\Users\Zail3\AppData\Local\Microsoft\WindowsApps;C:\Users\Zail3\AppData\Local\GitHubDesktop\bin;C:\Users\Zail3\AppData\Local\Programs\Microsoft VS Code\bin;." />
    <property name="libs.javaee-web-api-8.0.classpath" value="C:\NetBeans\netbeans\enterprise\modules\ext\javaee-web-api-8.0.jar" />
    <property name="libs.hamcrest.src" value="" />
    <property name="java.vendor" value="Oracle Corporation" />
    <property name="manifest.file" value="manifest.mf" />
    <property name="libs.groovy-all.src" value="" />
    <property name="libs.testng.javadoc" value="C:\NetBeans\netbeans\platform\docs\testng-6.8.1-javadoc.zip" />
    <property name="meta.inf.dir" value="src/META-INF" />
    <property name="sun.io.unicode.encoding" value="UnicodeLittle" />
    <property name="libs.testng.maven-pom" value="" />
    <property name="&lt;&lt;&lt;&lt;&lt;&lt;&lt;" value="HEAD" />
    <property name="libs.struts.javadoc" value="C:\NetBeans\netbeans\enterprise\docs\struts-1.3.10-javadoc.zip" />
    <property name="org.openide.version" value="deprecated" />
    <property name="default.javac.source" value="13" />
    <property name="test.includes" value="biosphere7/JoueurBiosphere7Test.java" />
    <property name="netbeans.dynamic.classpath" value="C:\NetBeans\netbeans\platform\core\asm-all-5.0.1.jar;C:\NetBeans\netbeans\platform\core\core-base.jar;C:\NetBeans\netbeans\platform\core\core.jar;C:\NetBeans\netbeans\platform\core\org-netbeans-libs-asm.jar;C:\NetBeans\netbeans\platform\core\org-openide-filesystems-compat8.jar;C:\NetBeans\netbeans\platform\core\org-openide-filesystems.jar;C:\NetBeans\netbeans\nb\core\org-netbeans-upgrader.jar;C:\NetBeans\netbeans\nb\core\locale\core_nb.jar" />
    <property name="libs.javaee-web-api-8.0.javadoc" value="C:\NetBeans\netbeans\enterprise\docs\javaee-doc-api.jar" />
    <property name="run.classpath" value=":build/classes" />
    <property name="libs.jaxb.src" value="" />
    <property name="libs.eclipselinkmodelgen.classpath" value="C:\NetBeans\netbeans\java\modules\ext\eclipselink\org.eclipse.persistence.jpa.modelgen.processor-2.5.2.jar" />
    <property name="sun.awt.enableExtraMouseButtons" value="true" />
    <property name="test.src.dir" value="test" />
    <property name="org.openide.major.version" value="IDE/1" />
    <property name="libs.spring-framework300.javadoc" value="" />
    <property name="netbeans.buildnumber" value="11.2-d04fb24027334c4b6fd8397b5d0cdd33187a8f54" />
    <property name="ap.proc.none.internal" value="" />
    <property name="endorsed.classpath.cmd.line.arg" value="" />
    <property name="org.openide.specification.version" value="6.2" />
    <property name="user.timezone" value="Europe/Paris" />
    <property name="libs.jpa20-persistence.maven-pom" value="" />
    <property name="jar.index" value="false" />
    <property name="libs.jpa20-persistence.classpath" value="C:\NetBeans\netbeans\java\modules\ext\eclipselink\javax.persistence-2.1.0.jar" />
    <property name="libs.eclipselinkmodelgen.javadoc" value="" />
    <property name="os.name" value="Windows 10" />
    <property name="libs.CopyLibs.maven-pom" value="" />
    <property name="libs.junit_5.classpath" value="C:\NetBeans\netbeans\platform\modules\ext\junit-jupiter-api-5.3.1.jar;C:\NetBeans\netbeans\platform\modules\ext\junit-jupiter-params-5.3.1.jar;C:\NetBeans\netbeans\platform\modules\ext\junit-jupiter-engine-5.3.1.jar" />
    <property name="java.vm.specification.version" value="13" />
    <property name="build.sysclasspath" value="ignore" />
    <property name="javadoc.noindex" value="false" />
    <property name="jdkBug6558476" value="false" />
    <property name="javadoc.private" value="false" />
    <property name="libs.spring-webmvc4.0.maven-pom" value="" />
    <property name="ant.file.type.Biosphere7-impl" value="file" />
    <property name="javadoc.author" value="false" />
    <property name="http.nonProxyHosts" value="localhost|127.0.0.1|MSI" />
    <property name="main.class" value="" />
    <property name="libs.JAXB-ENDORSED.maven-pom" value="" />
    <property name="libs.jsp-compilation-syscp.javadoc" value="" />
    <property name="user.home" value="C:\Users\Zail3" />
    <property name="source.encoding" value="UTF-8" />
    <property name="libs.eclipselinkmodelgen.maven-pom" value="" />
    <property name="jar.compress" value="false" />
    <property name="have.sources" value="true" />
    <property name="libs.javaee-api-7.0.javadoc" value="C:\NetBeans\netbeans\enterprise\docs\javaee-doc-api.jar" />
    <property name="annotation.processing.processors.list" value="" />
    <property name="javac.deprecation" value="false" />
    <property name="jlink.launcher" value="false" />
    <property name="libs.jsf20.maven-pom" value="" />
    <property name="libs.restlib.classpath" value="C:\NetBeans\netbeans\enterprise\modules\ext\jersey2\ext\asm-all-repackaged-2.2.0-b21.jar;C:\NetBeans\netbeans\enterprise\modules\ext\jersey2\ext\cglib-2.2.0-b21.jar;C:\NetBeans\netbeans\enterprise\modules\ext\jersey2\ext\guava-14.0.1.jar;C:\NetBeans\netbeans\enterprise\modules\ext\jersey2\ext\hk2-api-2.2.0-b21.jar;C:\NetBeans\netbeans\enterprise\modules\ext\jersey2\ext\hk2-locator-2.2.0-b21.jar;C:\NetBeans\netbeans\enterprise\modules\ext\jersey2\ext\hk2-utils-2.2.0-b21.jar;C:\NetBeans\netbeans\enterprise\modules\ext\jersey2\ext\javax.annotation-api-1.2.jar;C:\NetBeans\netbeans\enterprise\modules\ext\jersey2\ext\javax.inject-2.2.0-b21.jar;C:\NetBeans\netbeans\enterprise\modules\ext\jersey2\ext\javax.servlet-api-3.0.1.jar;C:\NetBeans\netbeans\enterprise\modules\ext\jersey2\ext\jaxb-api-2.2.7.jar;C:\NetBeans\netbeans\enterprise\modules\ext\jersey2\ext\jersey-entity-filtering-2.5.1.jar;C:\NetBeans\netbeans\enterprise\modules\ext\jersey2\ext\jersey-media-moxy-2.5.1.jar;C:\NetBeans\netbeans\enterprise\modules\ext\jersey2\ext\org.osgi.core-4.2.0.jar;C:\NetBeans\netbeans\enterprise\modules\ext\jersey2\ext\osgi-resource-locator-1.0.1.jar;C:\NetBeans\netbeans\enterprise\modules\ext\jersey2\ext\persistence-api-1.0.jar;C:\NetBeans\netbeans\enterprise\modules\ext\jersey2\ext\validation-api-1.1.0.Final.jar;C:\NetBeans\netbeans\enterprise\modules\ext\jersey2\jersey-client.jar;C:\NetBeans\netbeans\enterprise\modules\ext\jersey2\jersey-common.jar;C:\NetBeans\netbeans\enterprise\modules\ext\jersey2\jersey-container-servlet.jar;C:\NetBeans\netbeans\enterprise\modules\ext\jersey2\jersey-container-servlet-core.jar;C:\NetBeans\netbeans\enterprise\modules\ext\jersey2\jersey-server.jar" />
    <property name="build.generated.sources.dir" value="build/generated-sources" />
    <property name="apple.awt.graphics.UseQuartz" value="true" />
    <property name="plugin.manager.check.updates" value="false" />
    <property name="run.jvmargs" value="" />
    <property name="libs.primefaces.src" value="" />
    <property name="netbeans.autoupdate.language" value="fr" />
    <property name="build.compiler.emacs" value="true" />
    <property name="libs.eclipselinkmodelgen.src" value="" />
    <property name="build.classes.excludes" value="**/*.java,**/*.form" />
    <property name="dist.jar" value="dist/Biosphere7.jar" />
    <property name="ant.file" value="C:\Users\Zail3\Desktop\Biosphere\biosphere7\biosphere7\build.xml" />
    <property name="libs.struts.src" value="" />
    <property name="libs.spring-webmvc4.0.classpath" value="C:\NetBeans\netbeans\java\modules\ext\spring-4\spring-webmvc-4.0.1.RELEASE.jar" />
    <property name="path.separator" value=";" />
    <property name="libs.javaee-endorsed-api-7.0.javadoc" value="C:\NetBeans\netbeans\enterprise\docs\javaee-doc-api.jar" />
    <property name="os.version" value="10.0" />
    <property name="libs.JAXB-ENDORSED.classpath" value="C:\NetBeans\netbeans\ide\modules\ext\jaxb\api\jaxb-api.jar" />
    <property name="netbeans.home" value="C:\NetBeans\netbeans\platform" />
    <property name="libs.restlib.src" value="" />
    <property name="libs.CopyLibs.javadoc" value="" />
    <property name="debug-transport-by-os" value="dt_shmem" />
    <property name="build.test.results.dir" value="build/test/results" />
    <property name="libs.jsf20.src" value="" />
    <property name="libs.javaee-api-8.0.javadoc" value="C:\NetBeans\netbeans\enterprise\docs\javaee-doc-api.jar" />
    <property name="libs.jaxws21.javadoc" value="C:\NetBeans\netbeans\java\docs\jaxws-api-doc.zip" />
    <property name="libs.spring-framework400.maven-pom" value="" />
    <property name="ap.processors.internal" value="" />
    <property name="java.vm.name" value="Java HotSpot(TM) 64-Bit Server VM" />
    <property name="libs.jstl.javadoc" value="C:\NetBeans\netbeans\enterprise\docs\javaee-doc-api.jar" />
    <property name="libs.javaee-endorsed-api-7.0.maven-pom" value="" />
    <property name="libs.jsf12.classpath" value="C:\NetBeans\netbeans\enterprise\modules\ext\jsf-1_2\jsf-api.jar;C:\NetBeans\netbeans\enterprise\modules\ext\jsf-1_2\jsf-impl.jar" />
    <property name="libs.jaxws21.classpath" value="C:\NetBeans\netbeans\java\modules\ext\jaxws22\FastInfoset.jar;C:\NetBeans\netbeans\java\modules\ext\jaxws22\gmbal-api-only.jar;C:\NetBeans\netbeans\java\modules\ext\jaxws22\ha-api.jar;C:\NetBeans\netbeans\java\modules\ext\jaxws22\javax.mail_1.4.jar;C:\NetBeans\netbeans\java\modules\ext\jaxws22\jaxws-rt.jar;C:\NetBeans\netbeans\java\modules\ext\jaxws22\jaxws-tools.jar;C:\NetBeans\netbeans\java\modules\ext\jaxws22\management-api.jar;C:\NetBeans\netbeans\java\modules\ext\jaxws22\mimepull.jar;C:\NetBeans\netbeans\java\modules\ext\jaxws22\policy.jar;C:\NetBeans\netbeans\java\modules\ext\jaxws22\saaj-impl.jar;C:\NetBeans\netbeans\java\modules\ext\jaxws22\stax-ex.jar;C:\NetBeans\netbeans\java\modules\ext\jaxws22\stax2-api.jar;C:\NetBeans\netbeans\java\modules\ext\jaxws22\streambuffer.jar;C:\NetBeans\netbeans\java\modules\ext\jaxws22\woodstox-core-asl.jar;C:\NetBeans\netbeans\java\modules\ext\jaxws22\api\jaxws-api.jar;C:\NetBeans\netbeans\java\modules\ext\jaxws22\api\jsr181-api.jar;C:\NetBeans\netbeans\java\modules\ext\jaxws22\api\javax.annotation.jar;C:\NetBeans\netbeans\java\modules\ext\jaxws22\api\saaj-api.jar;C:\NetBeans\netbeans\ide\modules\ext\jaxb\activation.jar;C:\NetBeans\netbeans\ide\modules\ext\jaxb\api\jaxb-api.jar" />
    <property name="libs.restapi.classpath" value="C:\NetBeans\netbeans\enterprise\modules\ext\jaxrs-2.0\javax.ws.rs-api-2.0.jar" />
    <property name="os.arch" value="amd64" />
    <property name="libs.spring-framework400.javadoc" value="" />
    <property name="libs.hamcrest.javadoc" value="" />
    <property name="build.generated.dir" value="build/generated" />
    <property name="libs.javac-api.src" value="" />
    <property name="ant.file.Biosphere7-impl" value="C:\Users\Zail3\Desktop\Biosphere\biosphere7\biosphere7\nbproject\build-impl.xml" />
    <property name="libs.groovy-all.javadoc" value="" />
    <property name="libs.javaee-web-api-7.0.javadoc" value="C:\NetBeans\netbeans\enterprise\docs\javaee-doc-api.jar" />
    <property name="java.vm.info" value="mixed mode, sharing" />
    <property name="libs.primefaces.classpath" value="C:\NetBeans\netbeans\enterprise\modules\ext\primefaces\primefaces-5.0.jar" />
    <property name="libs.jaxws21.maven-pom" value="" />
    <property name="run.test.classpath" value=":build/classes:C:\NetBeans\netbeans\platform\modules\ext\hamcrest-core-1.3.jar:C:\NetBeans\netbeans\platform\modules\ext\junit-4.12.jar:build/test/classes" />
    <property name="libs.jsf12.maven-pom" value="" />
    <property name="libs.javaee-endorsed-api-7.0.classpath" value="C:\NetBeans\netbeans\enterprise\modules\ext\javaee7-endorsed\javax.annotation-api.jar;C:\NetBeans\netbeans\enterprise\modules\ext\javaee7-endorsed\javax.xml.soap-api.jar;C:\NetBeans\netbeans\enterprise\modules\ext\javaee7-endorsed\jaxb-api-osgi.jar;C:\NetBeans\netbeans\enterprise\modules\ext\javaee7-endorsed\jaxws-api.jar;C:\NetBeans\netbeans\enterprise\modules\ext\javaee7-endorsed\jsr181-api.jar" />
    <property name="java.class.version" value="57.0" />
    <property name="javadoc.encoding.used" value="UTF-8" />
    <property name="src.dir" value="src" />
    <property name="org.netbeans.io.suspend" value="0" />
    <property name="libs.primefaces.maven-pom" value="" />
    <property name="debug.classpath" value=":build/classes" />
    <property name="ant.project.default-target" value="default" />
    <property name="excludes" value="" />
    <property name="libs.javaee-api-7.0.src" value="" />
    <property name="ant.project.name" value="Biosphere7" />
    <property name="dist.javadoc.dir" value="dist/javadoc" />
    <property name="sun.jnu.encoding" value="Cp1252" />
    <property name="run.test.jvmargs" value="" />
    <property name="libs.junit_4.javadoc" value="C:\NetBeans\netbeans\platform\docs\junit-4.12-javadoc.jar" />
    <property name="default.javac.target" value="13" />
    <property name="javac.fork" value="true" />
    <property name="libs.spring-webmvc4.0.src" value="" />
    <property name="sun.java2d.dpiaware" value="true" />
    <property name="libs.eclipselink.classpath" value="C:\NetBeans\netbeans\java\modules\ext\eclipselink\org.eclipse.persistence.core-2.5.2.jar;C:\NetBeans\netbeans\java\modules\ext\eclipselink\org.eclipse.persistence.asm-2.5.2.jar;C:\NetBeans\netbeans\java\modules\ext\eclipselink\org.eclipse.persistence.antlr-2.5.2.jar;C:\NetBeans\netbeans\java\modules\ext\eclipselink\org.eclipse.persistence.jpa-2.5.2.jar;C:\NetBeans\netbeans\java\modules\ext\eclipselink\org.eclipse.persistence.jpa.jpql-2.5.2.jar;C:\NetBeans\netbeans\java\modules\ext\eclipselink\javax.persistence-2.1.0.jar" />
    <property name="libs.javac-api.classpath" value="" />
    <property name="libs.jsf20.javadoc" value="C:\NetBeans\netbeans\enterprise\docs\javaee-doc-api.jar" />
    <property name="libs.struts.classpath" value="C:\NetBeans\netbeans\enterprise\modules\ext\struts\antlr-2.7.2.jar;C:\NetBeans\netbeans\enterprise\modules\ext\struts\bsf-2.3.0.jar;C:\NetBeans\netbeans\enterprise\modules\ext\struts\commons-beanutils-1.8.0.jar;C:\NetBeans\netbeans\enterprise\modules\ext\struts\commons-chain-1.2.jar;C:\NetBeans\netbeans\enterprise\modules\ext\struts\commons-digester-1.8.jar;C:\NetBeans\netbeans\enterprise\modules\ext\struts\commons-fileupload-1.1.1.jar;C:\NetBeans\netbeans\enterprise\modules\ext\struts\commons-io-1.1.jar;C:\NetBeans\netbeans\enterprise\modules\ext\struts\commons-logging-1.0.4.jar;C:\NetBeans\netbeans\enterprise\modules\ext\struts\commons-validator-1.3.1.jar;C:\NetBeans\netbeans\enterprise\modules\ext\struts\jstl-1.0.2.jar;C:\NetBeans\netbeans\enterprise\modules\ext\struts\oro-2.0.8.jar;C:\NetBeans\netbeans\enterprise\modules\ext\struts\standard-1.0.6.jar;C:\NetBeans\netbeans\enterprise\modules\ext\struts\struts-core-1.3.10.jar;C:\NetBeans\netbeans\enterprise\modules\ext\struts\struts-el-1.3.10.jar;C:\NetBeans\netbeans\enterprise\modules\ext\struts\struts-extras-1.3.10.jar;C:\NetBeans\netbeans\enterprise\modules\ext\struts\struts-faces-1.3.10.jar;C:\NetBeans\netbeans\enterprise\modules\ext\struts\struts-mailreader-dao-1.3.10.jar;C:\NetBeans\netbeans\enterprise\modules\ext\struts\struts-scripting-1.3.10.jar;C:\NetBeans\netbeans\enterprise\modules\ext\struts\struts-taglib-1.3.10.jar;C:\NetBeans\netbeans\enterprise\modules\ext\struts\struts-tiles-1.3.10.jar" />
    <property name="netbeans.importclass" value="org.netbeans.upgrade.AutoUpgrade" />
    <property name="libs.PostgreSQLDriver.maven-pom" value="" />
    <property name="libs.absolutelayout.src" value="" />
    <property name="netbeans.autoupdate.version" value="1.23" />
    <property name="empty.dir" value="C:\Users\Zail3\Desktop\Biosphere\biosphere7\biosphere7\build\empty" />
    <property name="testng.mode" value="testng" />
    <property name="annotation.processing.enabled.in.editor" value="false" />
    <property name="netbeans.user" value="C:\Users\Zail3\AppData\Roaming\NetBeans\11.2" />
    <property name="javac.includes.binary" value="C:\Users\Zail3\Desktop\Biosphere\biosphere7\biosphere7\build\test\classes\biosphere7\JoueurBiosphere7Test.class" />
    <property name="file.separator" value="\" />
    <property name="java.vm.compressedOopsMode" value="32-bit" />
    <property name="line.separator" value="&#xd;&#xa;" />
    <property name="javadoc.additionalparam" value="" />
    <property name="jdk.lang.Process.allowAmbiguousCommands" value="true" />
    <property name="netbeans.productversion" value="Apache NetBeans IDE 11.2" />
    <property name="libs.restlib.maven-pom" value="" />
    <property name="javac.debug" value="true" />
    <property name="libs.testng.classpath" value="C:\NetBeans\netbeans\platform\modules\ext\testng-6.8.1-dist.jar" />
    <property name="mkdist.disabled" value="false" />
    <property name="libs.jsp-compiler.src" value="" />
    <property name="libs.javaee-web-api-6.0.javadoc" value="C:\NetBeans\netbeans\enterprise\docs\javaee-doc-api.jar" />
    <property name="user.name" value="Zail3" />
    <property name="build.classes.dir" value="build/classes" />
    <property name="libs.maven-dependencies.javadoc" value="C:\NetBeans\netbeans\enterprise\docs\javaee-doc-api.jar" />
    <property name="nb.junit.single" value="false" />
    <property name="javadoc.windowtitle" value="" />
    <property name="nb.internal.action.name" value="test.single" />
    <property name="libs.javaee-api-7.0.maven-pom" value="" />
    <property name="libs.groovy-all.classpath" value="C:\NetBeans\netbeans\groovy\modules\ext\groovy.jar;C:\NetBeans\netbeans\groovy\modules\ext\groovy-ant.jar" />
    <property name="libs.javaee-api-8.0.maven-pom" value="" />
    <property name="libs.absolutelayout.javadoc" value="" />
    <property name="libs.jaxws21.src" value="" />
    <property name="libs.jaxb.maven-pom" value="" />
    <property name="libs.maven-dependencies.classpath" value="C:\NetBeans\netbeans\enterprise\modules\ext\javaee6-endorsed\javax.annotation.jar;C:\NetBeans\netbeans\enterprise\modules\ext\javaee6-endorsed\jaxb-api-osgi.jar;C:\NetBeans\netbeans\enterprise\modules\ext\javaee6-endorsed\webservices-api-osgi.jar" />
    <property name="annotation.processing.processor.options" value="" />
    <property name="libs.javaee-api-6.0.maven-pom" value="" />
    <property name="dist.dir" value="dist" />
    <property name="jna.loaded" value="true" />
    <property name="build.dir" value="build" />
    <property name="netbeans.autoupdate.variant" value="" />
    <property name="libs.junit_5.maven-pom" value="" />
    <property name="libs.jpa20-persistence.javadoc" value="" />
    <property name="javadoc.version" value="false" />
    <property name="libs.metro.classpath" value="C:\NetBeans\netbeans\ide\modules\ext\jaxb\activation.jar;C:\NetBeans\netbeans\enterprise\modules\ext\metro\webservices-api.jar;C:\NetBeans\netbeans\enterprise\modules\ext\metro\webservices-extra-api.jar;C:\NetBeans\netbeans\enterprise\modules\ext\metro\webservices-extra.jar;C:\NetBeans\netbeans\enterprise\modules\ext\metro\webservices-rt.jar;C:\NetBeans\netbeans\enterprise\modules\ext\metro\webservices-tools.jar" />
    <property name="libs.metro.src" value="" />
    <property name="ant.junit.enabletestlistenerevents" value="true" />
    <property name="libs.JWSAntTasks.src" value="" />
    <property name="libs.CopyLibs.classpath" value="C:\NetBeans\netbeans\java\ant\extra\org-netbeans-modules-java-j2seproject-copylibstask.jar" />
    <property name="libs.spring-webmvc3.0.src" value="" />
    <property name="ant.home" value="C:\NetBeans\netbeans\extide\ant" />
    <property name="have.tests" value="true" />
    <property name="sun.os.patch.level" value="" />
    <property name="debug.test.classpath" value=":build/classes:C:\NetBeans\netbeans\platform\modules\ext\hamcrest-core-1.3.jar:C:\NetBeans\netbeans\platform\modules\ext\junit-4.12.jar:build/test/classes" />
    <property name="javac.external.vm" value="true" />
    <property name="testng.debug.mode" value="" />
    <property name="javac.target" value="1.8" />
    <property name="ant.version" value="Apache Ant(TM) version 1.10.4 compiled on June 19 2018" />
    <property name="libs.absolutelayout.maven-pom" value="" />
    <property name="javadoc.html5" value="false" />
    <property name="javac.test.processorpath" value=":build/classes:C:\NetBeans\netbeans\platform\modules\ext\hamcrest-core-1.3.jar:C:\NetBeans\netbeans\platform\modules\ext\junit-4.12.jar" />
    <property name="jdk.gtk.version" value="2.2" />
    <property name="libs.javaee-web-api-7.0.maven-pom" value="" />
    <property name="java.failonerror" value="true" />
    <property name="libs.javaee-web-api-8.0.maven-pom" value="" />
    <property name="netbeans.dirs" value="C:\NetBeans\netbeans\nb;C:\NetBeans\netbeans\ergonomics;C:\NetBeans\netbeans\ide;C:\NetBeans\netbeans\extide;C:\NetBeans\netbeans\java;C:\NetBeans\netbeans\apisupport;C:\NetBeans\netbeans\webcommon;C:\NetBeans\netbeans\websvccommon;C:\NetBeans\netbeans\enterprise;C:\NetBeans\netbeans\mobility;C:\NetBeans\netbeans\profiler;C:\NetBeans\netbeans\python;C:\NetBeans\netbeans\php;C:\NetBeans\netbeans\identity;C:\NetBeans\netbeans\harness;C:\NetBeans\netbeans\cnd;C:\NetBeans\netbeans\cndext;C:\NetBeans\netbeans\dlight;C:\NetBeans\netbeans\groovy;C:\NetBeans\netbeans\extra;C:\NetBeans\netbeans\javacard;C:\NetBeans\netbeans\javafx" />
    <property name="javac.modulepath" value="" />
    <property name="user.properties.file" value="C:\Users\Zail3\AppData\Roaming\NetBeans\11.2\build.properties" />
    <property name="libs.javaee-api-6.0.src" value="" />
    <property name="javac.includes" value="biosphere7/JoueurBiosphere7Test.java" />
    <property name="libs.hamcrest.maven-pom" value="" />
    <property name="netbeans.autoupdate.country" value="FR" />
    <property name="javac.processorpath" value="" />
    <property name="java.class.path" value="C:\Users\Zail3\Desktop\Biosphere\biosphere7\biosphere7\build\classes;C:\NetBeans\netbeans\platform\modules\ext\hamcrest-core-1.3.jar;C:\NetBeans\netbeans\platform\modules\ext\junit-4.12.jar;C:\Users\Zail3\Desktop\Biosphere\biosphere7\biosphere7\build\test\classes;C:\NetBeans\netbeans\extide\ant\lib\ant-launcher.jar;C:\NetBeans\netbeans\extide\ant\lib\ant.jar;C:\NetBeans\netbeans\extide\ant\lib\ant-junit.jar;C:\NetBeans\netbeans\extide\ant\lib\ant-junit4.jar" />
    <property name="libs.javaee-api-6.0.javadoc" value="C:\NetBeans\netbeans\enterprise\docs\javaee-doc-api.jar" />
    <property name="libs.javaee-web-api-6.0.maven-pom" value="" />
    <property name="libs.JWSAntTasks.maven-pom" value="" />
    <property name="java.vm.vendor" value="Oracle Corporation" />
    <property name="ap.supported.internal" value="true" />
    <property name="ant.file.Biosphere7" value="C:\Users\Zail3\Desktop\Biosphere\biosphere7\biosphere7\build.xml" />
    <property name="user.variant" value="" />
    <property name="netbeans.home+have.tests" value="true" />
    <property name="run.modulepath" value="" />
    <property name="test.binaryexcludes" value="" />
    <property name="do.archive+manifest.available" value="true" />
    <property name="javac.compilerargs" value="" />
    <property name="apple.laf.useScreenMenuBar" value="true" />
    <property name="libs.jstl.maven-pom" value="" />
    <property name="user.country" value="FR" />
    <property name="sun.java.launcher" value="SUN_STANDARD" />
    <property name="libs.restapi.javadoc" value="" />
    <property name="libs.jpa20-persistence.src" value="" />
    <property name="endorsed.classpath" value="" />
    <property name="javac.test.sourcepath" value="C:\Users\Zail3\Desktop\Biosphere\biosphere7\biosphere7\build\empty" />
    <property name="sun.cpu.endian" value="little" />
    <property name="libs.spring-webmvc3.0.maven-pom" value="" />
    <property name="libs.junit_4.src" value="C:\NetBeans\netbeans\platform\docs\junit-4.12-sources.jar" />
    <property name="user.language" value="fr" />
    <property name="copylibs.rebase" value="true" />
    <property name="libs.javaee-web-api-6.0.src" value="" />
    <property name="includes" value="**" />
    <property name="javadoc.nonavbar" value="false" />
    <property name="libs.javaee-api-8.0.src" value="" />
    <property name="ant.java.version" value="13" />
    <property name="libs.junit_4.classpath" value="C:\NetBeans\netbeans\platform\modules\ext\junit-4.12.jar" />
    <property name="libs.jsf12.javadoc" value="C:\NetBeans\netbeans\enterprise\docs\javaee-doc-api.jar" />
    <property name="libs.hamcrest.classpath" value="C:\NetBeans\netbeans\platform\modules\ext\hamcrest-core-1.3.jar" />
    <property name="jlink.launcher.name" value="Biosphere7" />
    <property name="javadoc.splitindex" value="true" />
    <property name="libs.JWSAntTasks.classpath" value="C:\NetBeans\netbeans\java\ant\extra\org-netbeans-modules-javawebstart-anttasks.jar" />
    <property name="junit.available" value="true" />
    <property name="test.binarytestincludes" value="" />
    <property name="sun.awt.keepWorkingSetOnMinimize" value="true" />
    <property name="libs.junit_4.maven-pom" value="" />
    <property name="javac.processormodulepath" value="" />
    <property name="libs.jsp-compiler.maven-pom" value="" />
    <property name="runtime.encoding" value="UTF-8" />
    <property name="javadoc.encoding" value="UTF-8" />
    <property name="javac.classpath" value="" />
    <property name="libs.jsp-compilation-syscp.maven-pom" value="" />
    <property name="netbeans.hash.code" value="unique=098e71342-7bec-4219-9269-288f3c193489_8b59b28b-6b8a-4158-bd5e-8232fa660db2" />
    <property name="libs.jstl.src" value="" />
    <property name="nb.junit.batch" value="true" />
    <property name="libs.spring-webmvc3.0.classpath" value="C:\NetBeans\netbeans\java\modules\ext\spring-3.0\spring-webmvc-3.2.7.RELEASE.jar" />
    <property name="build.test.classes.dir" value="build/test/classes" />
    <property name="java.runtime.name" value="Java(TM) SE Runtime Environment" />
    <property name="manifest.available" value="true" />
    <property name="libs.jaxb.javadoc" value="C:\NetBeans\netbeans\ide\docs\jaxb-api-2.2.5-javadoc.jar" />
    <property name="libs.spring-framework300.maven-pom" value="" />
    <property name="ant.project.invoked-targets" value="test-single" />
    <property name="run.jvmargs.ide" value="" />
    <property name="libs.jstl.classpath" value="C:\NetBeans\netbeans\enterprise\modules\ext\jstl-impl.jar;C:\NetBeans\netbeans\enterprise\modules\ext\jstl-api.jar" />
    <property name="ap.cmd.line.internal" value="" />
    <property name="libs.PostgreSQLDriver.src" value="" />
    <property name="ant.core.lib" value="C:\NetBeans\netbeans\extide\ant\lib\ant.jar" />
    <property name="java.vendor.url.bug" value="https://bugreport.java.com/bugreport/" />
    <property name="annotation.processing.source.output" value="build/generated-sources/ap-source-output" />
    <property name="libs.jsp-compilation.maven-pom" value="" />
    <property name="javac.profile.cmd.line.arg" value="" />
    <property name="user.dir" value="C:\Users\Zail3\Desktop\Biosphere\biosphere7\biosphere7" />
    <property name="platform.java" value="C:\Program Files\Java\jdk-13.0.1/bin/java" />
    <property name="&gt;&gt;&gt;&gt;&gt;&gt;&gt;" value="parent of b17c21e... erreur" />
    <property name="application.title" value="Biosphere7" />
    <property name="application.args" value="" />
    <property name="ignore.failing.tests" value="true" />
    <property name="javac.test.modulepath" value="" />
    <property name="org.xml.sax.driver" value="com.sun.org.apache.xerces.internal.jaxp.SAXParserImpl$JAXPSAXParser" />
    <property name="libs.PostgreSQLDriver.javadoc" value="" />
    <property name="libs.eclipselink.src" value="" />
    <property name="libs.jsp-compilation-syscp.classpath" value="C:\NetBeans\netbeans\extide\ant\lib\ant.jar;C:\NetBeans\netbeans\enterprise\modules\ext\servlet3.1-jsp2.3-api.jar;C:\NetBeans\netbeans\enterprise\modules\ext\glassfish-jspparser-4.0.jar;C:\NetBeans\netbeans\enterprise\modules\ext\jstl-impl.jar;C:\NetBeans\netbeans\enterprise\modules\ext\jsf-2_2\javax.faces.jar" />
    <property name="libs.jsp-compilation.classpath" value="C:\NetBeans\netbeans\extide\ant\lib\ant.jar;C:\NetBeans\netbeans\enterprise\modules\ext\servlet3.1-jsp2.3-api.jar;C:\NetBeans\netbeans\enterprise\modules\ext\glassfish-jspparser-4.0.jar;C:\NetBeans\netbeans\enterprise\modules\ext\jsf-2_2\javax.faces.jar;C:\NetBeans\netbeans\enterprise\modules\ext\jstl-api.jar;C:\NetBeans\netbeans\extide\ant\lib\ant-launcher.jar" />
    <property name="java.vm.version" value="13.0.1+9" />
    <property name="libs.metro.javadoc" value="C:\NetBeans\netbeans\enterprise\docs\webservices-api-javadoc.jar;C:\NetBeans\netbeans\enterprise\docs\webservices-extra-javadoc.jar;C:\NetBeans\netbeans\enterprise\docs\webservices-extra-api-javadoc.jar;C:\NetBeans\netbeans\enterprise\docs\webservices-rt-javadoc.jar;C:\NetBeans\netbeans\enterprise\docs\webservices-tools-javadoc.jar" />
    <property name="sun.awt.datatransfer.timeout" value="1000" />
    <property name="test.class" value="biosphere7.JoueurBiosphere7Test" />
    <property name="libs.javaee-web-api-7.0.src" value="" />
    <property name="junit.forkmode" value="perTest" />
    <property name="libs.jsp-compiler.classpath" value="C:\NetBeans\netbeans\enterprise\ant\extra\jspcompile.jar" />
    <property name="annotation.processing.run.all.processors" value="true" />
  </properties>
  <testcase classname="biosphere7.JoueurBiosphere7Test" name="testAjoutActionCouper" time="0.016" />
  <testcase classname="biosphere7.JoueurBiosphere7Test" name="testAjoutActionPommier" time="0.0" />
  <testcase classname="biosphere7.JoueurBiosphere7Test" name="testActionsPossibles" time="0.423" />
  <system-out><![CDATA[actionsPossibles : lancement le 30/11/2019 22:58:20.100
actionsPossibles : fin
actionsPossibles : lancement le 30/11/2019 22:58:20.106
actionsPossibles : fin
actionsPossibles : lancement le 30/11/2019 22:58:20.106
actionsPossibles : fin
actionsPossibles : lancement le 30/11/2019 22:58:20.122
actionsPossibles : fin
actionsPossibles : lancement le 30/11/2019 22:58:20.122
actionsPossibles : fin
[PaA,13,6, SaA,13,6, BaA,13,6, DaA,13,6, TaA,13,6, HaA,13,6, PaB,13,6, SaB,13,6, BaB,13,6, DaB,13,6, TaB,13,6, HaB,13,6, PaC,13,6, SaC,13,6, BaC,13,6, DaC,13,6, TaC,13,6, HaC,13,6, PaD,13,6, SaD,13,6, BaD,13,6, DaD,13,6, TaD,13,6, HaD,13,6, PaE,13,6, SaE,13,6, BaE,13,6, DaE,13,6, TaE,13,6, HaE,13,6, PaF,13,6, SaF,13,6, BaF,13,6, DaF,13,6, TaF,13,6, HaF,13,6, PaG,13,6, SaG,13,6, BaG,13,6, DaG,13,6, TaG,13,6, HaG,13,6, PaH,13,6, SaH,13,6, BaH,13,6, DaH,13,6, TaH,13,6, HaH,13,6, PaI,13,6, SaI,13,6, BaI,13,6, DaI,13,6, TaI,13,6, HaI,13,6, PaJ,13,6, SaJ,13,6, BaJ,13,6, DaJ,13,6, TaJ,13,6, HaJ,13,6, PaK,13,6, SaK,13,6, BaK,13,6, DaK,13,6, TaK,13,6, HaK,13,6, PaL,13,7, SaL,13,7, BaL,13,7, DaL,13,7, TaL,13,7, HaL,13,7, IaM,13,8, CaM,13,4, FaM,13,6, PaN,13,7, SaN,13,7, BaN,13,7, DaN,13,7, TaN,13,7, HaN,13,7, PbA,13,6, SbA,13,6, BbA,13,6, DbA,13,6, TbA,13,6, HbA,13,6, PbB,13,6, SbB,13,6, BbB,13,6, DbB,13,6, TbB,13,6, HbB,13,6, PbC,13,6, SbC,13,6, BbC,13,6, DbC,13,6, TbC,13,6, HbC,13,6, PbD,13,6, SbD,13,6, BbD,13,6, DbD,13,6, TbD,13,6, HbD,13,6, PbE,13,6, SbE,13,6, BbE,13,6, DbE,13,6, TbE,13,6, HbE,13,6, PbF,13,6, SbF,13,6, BbF,13,6, DbF,13,6, TbF,13,6, HbF,13,6, PbG,13,6, SbG,13,6, BbG,13,6, DbG,13,6, TbG,13,6, HbG,13,6, PbH,13,6, SbH,13,6, BbH,13,6, DbH,13,6, TbH,13,6, HbH,13,6, PbI,13,6, SbI,13,6, BbI,13,6, DbI,13,6, TbI,13,6, HbI,13,6, PbJ,13,6, SbJ,13,6, BbJ,13,6, DbJ,13,6, TbJ,13,6, HbJ,13,6, PbK,13,6, SbK,13,6, BbK,13,6, DbK,13,6, TbK,13,6, HbK,13,6, PbL,13,6, SbL,13,6, BbL,13,6, DbL,13,6, TbL,13,6, HbL,13,6, PbM,13,7, SbM,13,7, BbM,13,7, DbM,13,7, TbM,13,7, HbM,13,7, PbN,13,6, SbN,13,6, BbN,13,6, DbN,13,6, TbN,13,6, HbN,13,6, PcA,13,6, ScA,13,6, BcA,13,6, DcA,13,6, TcA,13,6, HcA,13,6, PcB,13,6, ScB,13,6, BcB,13,6, DcB,13,6, TcB,13,6, HcB,13,6, PcC,13,6, ScC,13,6, BcC,13,6, DcC,13,6, TcC,13,6, HcC,13,6, PcD,13,6, ScD,13,6, BcD,13,6, DcD,13,6, TcD,13,6, HcD,13,6, PcE,13,6, ScE,13,6, BcE,13,6, DcE,13,6, TcE,13,6, HcE,13,6, PcF,13,6, ScF,13,6, BcF,13,6, DcF,13,6, TcF,13,6, HcF,13,6, PcG,13,6, ScG,13,6, BcG,13,6, DcG,13,6, TcG,13,6, HcG,13,6, PcH,13,6, ScH,13,6, BcH,13,6, DcH,13,6, TcH,13,6, HcH,13,6, PcI,13,6, ScI,13,6, BcI,13,6, DcI,13,6, TcI,13,6, HcI,13,6, PcJ,13,6, ScJ,13,6, BcJ,13,6, DcJ,13,6, TcJ,13,6, HcJ,13,6, PcK,13,6, ScK,13,6, BcK,13,6, DcK,13,6, TcK,13,6, HcK,13,6, PcL,13,6, ScL,13,6, BcL,13,6, DcL,13,6, TcL,13,6, HcL,13,6, PcM,13,6, ScM,13,6, BcM,13,6, DcM,13,6, TcM,13,6, HcM,13,6, PcN,13,6, ScN,13,6, BcN,13,6, DcN,13,6, TcN,13,6, HcN,13,6, PdA,13,7, SdA,13,7, BdA,13,7, DdA,13,7, TdA,13,7, HdA,13,7, PdB,13,6, SdB,13,6, BdB,13,6, DdB,13,6, TdB,13,6, HdB,13,6, PdC,13,6, SdC,13,6, BdC,13,6, DdC,13,6, TdC,13,6, HdC,13,6, PdD,13,6, SdD,13,6, BdD,13,6, DdD,13,6, TdD,13,6, HdD,13,6, PdE,13,6, SdE,13,6, BdE,13,6, DdE,13,6, TdE,13,6, HdE,13,6, PdF,13,6, SdF,13,6, BdF,13,6, DdF,13,6, TdF,13,6, HdF,13,6, PdG,13,6, SdG,13,6, BdG,13,6, DdG,13,6, TdG,13,6, HdG,13,6, PdH,13,6, SdH,13,6, BdH,13,6, DdH,13,6, TdH,13,6, HdH,13,6, IdI,13,9, CdI,12,5, FdI,14,5, PdJ,13,6, SdJ,13,6, BdJ,13,6, DdJ,13,6, TdJ,13,6, HdJ,13,6, PdK,13,6, SdK,13,6, BdK,13,6, DdK,13,6, TdK,13,6, HdK,13,6, PdL,13,6, SdL,13,6, BdL,13,6, DdL,13,6, TdL,13,6, HdL,13,6, PdM,13,6, SdM,13,6, BdM,13,6, DdM,13,6, TdM,13,6, HdM,13,6, PdN,13,6, SdN,13,6, BdN,13,6, DdN,13,6, TdN,13,6, HdN,13,6, IeA,13,8, CeA,13,4, FeA,13,6, PeB,13,8, SeB,13,8, BeB,13,8, DeB,13,8, TeB,13,8, HeB,13,8, PeC,13,6, SeC,13,6, BeC,13,6, DeC,13,6, TeC,13,6, HeC,13,6, PeD,13,6, SeD,13,6, BeD,13,6, DeD,13,6, TeD,13,6, HeD,13,6, PeE,13,6, SeE,13,6, BeE,13,6, DeE,13,6, TeE,13,6, HeE,13,6, PeF,13,6, SeF,13,6, BeF,13,6, DeF,13,6, TeF,13,6, HeF,13,6, PeG,13,6, SeG,13,6, BeG,13,6, DeG,13,6, TeG,13,6, HeG,13,6, IeH,13,9, CeH,12,5, FeH,14,5, PeI,13,6, SeI,13,6, BeI,13,6, DeI,13,6, TeI,13,6, HeI,13,6, PeJ,13,6, SeJ,13,6, BeJ,13,6, DeJ,13,6, TeJ,13,6, HeJ,13,6, PeK,13,6, SeK,13,6, BeK,13,6, DeK,13,6, TeK,13,6, HeK,13,6, PeL,13,6, SeL,13,6, BeL,13,6, DeL,13,6, TeL,13,6, HeL,13,6, PeM,13,6, SeM,13,6, BeM,13,6, DeM,13,6, TeM,13,6, HeM,13,6, PeN,13,6, SeN,13,6, BeN,13,6, DeN,13,6, TeN,13,6, HeN,13,6, PfA,13,8, SfA,13,8, BfA,13,8, DfA,13,8, TfA,13,8, HfA,13,8, IfB,13,9, CfB,13,4, FfB,13,6, PfC,13,7, SfC,13,7, BfC,13,7, DfC,13,7, TfC,13,7, HfC,13,7, PfD,13,6, SfD,13,6, BfD,13,6, DfD,13,6, TfD,13,6, HfD,13,6, PfE,13,6, SfE,13,6, BfE,13,6, DfE,13,6, TfE,13,6, HfE,13,6, PfF,13,6, SfF,13,6, BfF,13,6, DfF,13,6, TfF,13,6, HfF,13,6, PfG,13,6, SfG,13,6, BfG,13,6, DfG,13,6, TfG,13,6, HfG,13,6, PfH,13,6, SfH,13,6, BfH,13,6, DfH,13,6, TfH,13,6, HfH,13,6, IfI,13,9, CfI,12,5, FfI,14,5, PfJ,13,6, SfJ,13,6, BfJ,13,6, DfJ,13,6, TfJ,13,6, HfJ,13,6, PfK,13,6, SfK,13,6, BfK,13,6, DfK,13,6, TfK,13,6, HfK,13,6, PfL,13,6, SfL,13,6, BfL,13,6, DfL,13,6, TfL,13,6, HfL,13,6, PfM,13,6, SfM,13,6, BfM,13,6, DfM,13,6, TfM,13,6, HfM,13,6, PfN,13,6, SfN,13,6, BfN,13,6, DfN,13,6, TfN,13,6, HfN,13,6, PgA,13,6, SgA,13,6, BgA,13,6, DgA,13,6, TgA,13,6, HgA,13,6, PgB,13,7, SgB,13,7, BgB,13,7, DgB,13,7, TgB,13,7, HgB,13,7, PgC,13,6, SgC,13,6, BgC,13,6, DgC,13,6, TgC,13,6, HgC,13,6, PgD,13,6, SgD,13,6, BgD,13,6, DgD,13,6, TgD,13,6, HgD,13,6, PgE,13,6, SgE,13,6, BgE,13,6, DgE,13,6, TgE,13,6, HgE,13,6, PgF,13,6, SgF,13,6, BgF,13,6, DgF,13,6, TgF,13,6, HgF,13,6, PgG,13,6, SgG,13,6, BgG,13,6, DgG,13,6, TgG,13,6, HgG,13,6, PgH,13,6, SgH,13,6, BgH,13,6, DgH,13,6, TgH,13,6, HgH,13,6, PgI,13,6, SgI,13,6, BgI,13,6, DgI,13,6, TgI,13,6, HgI,13,6, PgJ,13,6, SgJ,13,6, BgJ,13,6, DgJ,13,6, TgJ,13,6, HgJ,13,6, PgK,13,6, SgK,13,6, BgK,13,6, DgK,13,6, TgK,13,6, HgK,13,6, PgL,13,6, SgL,13,6, BgL,13,6, DgL,13,6, TgL,13,6, HgL,13,6, PgM,13,6, SgM,13,6, BgM,13,6, DgM,13,6, TgM,13,6, HgM,13,6, PgN,13,6, SgN,13,6, BgN,13,6, DgN,13,6, TgN,13,6, HgN,13,6, PhA,13,6, ShA,13,6, BhA,13,6, DhA,13,6, ThA,13,6, HhA,13,6, PhB,13,6, ShB,13,6, BhB,13,6, DhB,13,6, ThB,13,6, HhB,13,6, PhC,13,6, ShC,13,6, BhC,13,6, DhC,13,6, ThC,13,6, HhC,13,6, PhD,13,6, ShD,13,6, BhD,13,6, DhD,13,6, ThD,13,6, HhD,13,6, PhE,13,6, ShE,13,6, BhE,13,6, DhE,13,6, ThE,13,6, HhE,13,6, PhF,13,6, ShF,13,6, BhF,13,6, DhF,13,6, ThF,13,6, HhF,13,6, PhG,13,6, ShG,13,6, BhG,13,6, DhG,13,6, ThG,13,6, HhG,13,6, PhH,13,6, ShH,13,6, BhH,13,6, DhH,13,6, ThH,13,6, HhH,13,6, PhI,13,6, ShI,13,6, BhI,13,6, DhI,13,6, ThI,13,6, HhI,13,6, PhJ,13,6, ShJ,13,6, BhJ,13,6, DhJ,13,6, ThJ,13,6, HhJ,13,6, PhK,13,6, ShK,13,6, BhK,13,6, DhK,13,6, ThK,13,6, HhK,13,6, PhL,13,6, ShL,13,6, BhL,13,6, DhL,13,6, ThL,13,6, HhL,13,6, PhM,13,6, ShM,13,6, BhM,13,6, DhM,13,6, ThM,13,6, HhM,13,6, PhN,13,6, ShN,13,6, BhN,13,6, DhN,13,6, ThN,13,6, HhN,13,6, PiA,13,6, SiA,13,6, BiA,13,6, DiA,13,6, TiA,13,6, HiA,13,6, PiB,13,6, SiB,13,6, BiB,13,6, DiB,13,6, TiB,13,6, HiB,13,6, PiC,13,6, SiC,13,6, BiC,13,6, DiC,13,6, TiC,13,6, HiC,13,6, PiD,13,6, SiD,13,6, BiD,13,6, DiD,13,6, TiD,13,6, HiD,13,6, PiE,13,6, SiE,13,6, BiE,13,6, DiE,13,6, TiE,13,6, HiE,13,6, PiF,13,6, SiF,13,6, BiF,13,6, DiF,13,6, TiF,13,6, HiF,13,6, PiG,13,6, SiG,13,6, BiG,13,6, DiG,13,6, TiG,13,6, HiG,13,6, PiH,13,6, SiH,13,6, BiH,13,6, DiH,13,6, TiH,13,6, HiH,13,6, PiI,13,6, SiI,13,6, BiI,13,6, DiI,13,6, TiI,13,6, HiI,13,6, PiJ,13,6, SiJ,13,6, BiJ,13,6, DiJ,13,6, TiJ,13,6, HiJ,13,6, PiK,13,6, SiK,13,6, BiK,13,6, DiK,13,6, TiK,13,6, HiK,13,6, PiL,13,6, SiL,13,6, BiL,13,6, DiL,13,6, TiL,13,6, HiL,13,6, PiM,13,6, SiM,13,6, BiM,13,6, DiM,13,6, TiM,13,6, HiM,13,6, PiN,13,6, SiN,13,6, BiN,13,6, DiN,13,6, TiN,13,6, HiN,13,6, PjA,13,6, SjA,13,6, BjA,13,6, DjA,13,6, TjA,13,6, HjA,13,6, PjB,13,6, SjB,13,6, BjB,13,6, DjB,13,6, TjB,13,6, HjB,13,6, PjC,13,6, SjC,13,6, BjC,13,6, DjC,13,6, TjC,13,6, HjC,13,6, PjD,13,6, SjD,13,6, BjD,13,6, DjD,13,6, TjD,13,6, HjD,13,6, PjE,13,6, SjE,13,6, BjE,13,6, DjE,13,6, TjE,13,6, HjE,13,6, PjF,13,6, SjF,13,6, BjF,13,6, DjF,13,6, TjF,13,6, HjF,13,6, PjG,13,6, SjG,13,6, BjG,13,6, DjG,13,6, TjG,13,6, HjG,13,6, PjH,13,6, SjH,13,6, BjH,13,6, DjH,13,6, TjH,13,6, HjH,13,6, PjI,13,6, SjI,13,6, BjI,13,6, DjI,13,6, TjI,13,6, HjI,13,6, PjJ,13,6, SjJ,13,6, BjJ,13,6, DjJ,13,6, TjJ,13,6, HjJ,13,6, PjK,13,6, SjK,13,6, BjK,13,6, DjK,13,6, TjK,13,6, HjK,13,6, PjL,13,6, SjL,13,6, BjL,13,6, DjL,13,6, TjL,13,6, HjL,13,6, PjM,13,6, SjM,13,6, BjM,13,6, DjM,13,6, TjM,13,6, HjM,13,6, PjN,13,6, SjN,13,6, BjN,13,6, DjN,13,6, TjN,13,6, HjN,13,6, PkA,13,6, SkA,13,6, BkA,13,6, DkA,13,6, TkA,13,6, HkA,13,6, PkB,13,6, SkB,13,6, BkB,13,6, DkB,13,6, TkB,13,6, HkB,13,6, PkC,13,6, SkC,13,6, BkC,13,6, DkC,13,6, TkC,13,6, HkC,13,6, PkD,13,6, SkD,13,6, BkD,13,6, DkD,13,6, TkD,13,6, HkD,13,6, PkE,13,6, SkE,13,6, BkE,13,6, DkE,13,6, TkE,13,6, HkE,13,6, PkF,13,6, SkF,13,6, BkF,13,6, DkF,13,6, TkF,13,6, HkF,13,6, PkG,13,6, SkG,13,6, BkG,13,6, DkG,13,6, TkG,13,6, HkG,13,6, PkH,13,6, SkH,13,6, BkH,13,6, DkH,13,6, TkH,13,6, HkH,13,6, PkI,13,6, SkI,13,6, BkI,13,6, DkI,13,6, TkI,13,6, HkI,13,6, PkJ,13,6, SkJ,13,6, BkJ,13,6, DkJ,13,6, TkJ,13,6, HkJ,13,6, PkK,13,6, SkK,13,6, BkK,13,6, DkK,13,6, TkK,13,6, HkK,13,6, PkL,13,6, SkL,13,6, BkL,13,6, DkL,13,6, TkL,13,6, HkL,13,6, PkM,13,6, SkM,13,6, BkM,13,6, DkM,13,6, TkM,13,6, HkM,13,6, PkN,13,6, SkN,13,6, BkN,13,6, DkN,13,6, TkN,13,6, HkN,13,6, PlA,13,6, SlA,13,6, BlA,13,6, DlA,13,6, TlA,13,6, HlA,13,6, PlB,13,6, SlB,13,6, BlB,13,6, DlB,13,6, TlB,13,6, HlB,13,6, PlC,13,6, SlC,13,6, BlC,13,6, DlC,13,6, TlC,13,6, HlC,13,6, PlD,13,7, SlD,13,7, BlD,13,7, DlD,13,7, TlD,13,7, HlD,13,7, IlE,13,9, ClE,12,5, FlE,14,5, PlF,13,6, SlF,13,6, BlF,13,6, DlF,13,6, TlF,13,6, HlF,13,6, PlG,13,6, SlG,13,6, BlG,13,6, DlG,13,6, TlG,13,6, HlG,13,6, PlH,13,6, SlH,13,6, BlH,13,6, DlH,13,6, TlH,13,6, HlH,13,6, PlI,13,6, SlI,13,6, BlI,13,6, DlI,13,6, TlI,13,6, HlI,13,6, PlJ,13,6, SlJ,13,6, BlJ,13,6, DlJ,13,6, TlJ,13,6, HlJ,13,6, PlK,13,6, SlK,13,6, BlK,13,6, DlK,13,6, TlK,13,6, HlK,13,6, PlL,13,6, SlL,13,6, BlL,13,6, DlL,13,6, TlL,13,6, HlL,13,6, PlM,13,6, SlM,13,6, BlM,13,6, DlM,13,6, TlM,13,6, HlM,13,6, PlN,13,6, SlN,13,6, BlN,13,6, DlN,13,6, TlN,13,6, HlN,13,6, PmA,13,6, SmA,13,6, BmA,13,6, DmA,13,6, TmA,13,6, HmA,13,6, PmB,13,6, SmB,13,6, BmB,13,6, DmB,13,6, TmB,13,6, HmB,13,6, PmC,13,7, SmC,13,7, BmC,13,7, DmC,13,7, TmC,13,7, HmC,13,7, ImD,13,9, CmD,13,4, FmD,13,6, ImF,13,9, CmF,4,5, FmF,13,5, PmG,13,6, SmG,13,6, BmG,13,6, DmG,13,6, TmG,13,6, HmG,13,6, PmH,13,6, SmH,13,6, BmH,13,6, DmH,13,6, TmH,13,6, HmH,13,6, PmI,13,6, SmI,13,6, BmI,13,6, DmI,13,6, TmI,13,6, HmI,13,6, PmJ,13,6, SmJ,13,6, BmJ,13,6, DmJ,13,6, TmJ,13,6, HmJ,13,6, PmK,13,6, SmK,13,6, BmK,13,6, DmK,13,6, TmK,13,6, HmK,13,6, PmL,13,6, SmL,13,6, BmL,13,6, DmL,13,6, TmL,13,6, HmL,13,6, PmM,13,6, SmM,13,6, BmM,13,6, DmM,13,6, TmM,13,6, HmM,13,6, PmN,13,6, SmN,13,6, BmN,13,6, DmN,13,6, TmN,13,6, HmN,13,6, PnA,13,6, SnA,13,6, BnA,13,6, DnA,13,6, TnA,13,6, HnA,13,6, PnB,13,6, SnB,13,6, BnB,13,6, DnB,13,6, TnB,13,6, HnB,13,6, PnC,13,6, SnC,13,6, BnC,13,6, DnC,13,6, TnC,13,6, HnC,13,6, PnD,13,8, SnD,13,8, BnD,13,8, DnD,13,8, TnD,13,8, HnD,13,8, InE,13,8, CnE,13,4, FnE,13,6, PnF,13,7, SnF,13,7, BnF,13,7, DnF,13,7, TnF,13,7, HnF,13,7, PnG,13,6, SnG,13,6, BnG,13,6, DnG,13,6, TnG,13,6, HnG,13,6, PnH,13,6, SnH,13,6, BnH,13,6, DnH,13,6, TnH,13,6, HnH,13,6, PnI,13,6, SnI,13,6, BnI,13,6, DnI,13,6, TnI,13,6, HnI,13,6, PnJ,13,6, SnJ,13,6, BnJ,13,6, DnJ,13,6, TnJ,13,6, HnJ,13,6, PnK,13,6, SnK,13,6, BnK,13,6, DnK,13,6, TnK,13,6, HnK,13,6, PnL,13,6, SnL,13,6, BnL,13,6, DnL,13,6, TnL,13,6, HnL,13,6, PnM,13,6, SnM,13,6, BnM,13,6, DnM,13,6, TnM,13,6, HnM,13,6, PnN,13,6, SnN,13,6, BnN,13,6, DnN,13,6, TnN,13,6, HnN,13,6]
actionsPossibles : lancement le 30/11/2019 22:58:20.222
actionsPossibles : fin
actionsPossibles : lancement le 30/11/2019 22:58:20.222
actionsPossibles : fin
actionsPossibles : lancement le 30/11/2019 22:58:20.222
actionsPossibles : fin
actionsPossibles : lancement le 30/11/2019 22:58:20.222
actionsPossibles : fin
actionsPossibles : lancement le 30/11/2019 22:58:20.238
actionsPossibles : fin
[PaA,79,81, SaA,79,81, BaA,79,81, DaA,79,81, TaA,79,81, HaA,79,81, PaB,79,81, SaB,79,81, BaB,79,81, DaB,79,81, TaB,79,81, HaB,79,81, PaC,79,81, SaC,79,81, BaC,79,81, DaC,79,81, TaC,79,81, HaC,79,81, PaD,79,81, SaD,79,81, BaD,79,81, DaD,79,81, TaD,79,81, HaD,79,81, PaE,79,81, SaE,79,81, BaE,79,81, DaE,79,81, TaE,79,81, HaE,79,81, PaF,79,81, SaF,79,81, BaF,79,81, DaF,79,81, TaF,79,81, HaF,79,81, PaG,79,81, SaG,79,81, BaG,79,81, DaG,79,81, TaG,79,81, HaG,79,81, PaH,79,81, SaH,79,81, BaH,79,81, DaH,79,81, TaH,79,81, HaH,79,81, PaI,79,81, SaI,79,81, BaI,79,81, DaI,79,81, TaI,79,81, HaI,79,81, PaJ,79,81, SaJ,79,81, BaJ,79,81, DaJ,79,81, TaJ,79,81, HaJ,79,81, PaK,79,81, SaK,79,81, BaK,79,81, DaK,79,81, TaK,79,81, HaK,79,81, PaL,79,81, SaL,79,81, BaL,79,81, DaL,79,81, TaL,79,81, HaL,79,81, PaM,79,81, SaM,79,81, BaM,79,81, DaM,79,81, TaM,79,81, HaM,79,81, PaN,79,81, SaN,79,81, BaN,79,81, DaN,79,81, TaN,79,81, HaN,79,81, PbA,79,81, SbA,79,81, BbA,79,81, DbA,79,81, TbA,79,81, HbA,79,81, PbB,79,81, SbB,79,81, BbB,79,81, DbB,79,81, TbB,79,81, HbB,79,81, PbC,79,81, SbC,79,81, BbC,79,81, DbC,79,81, TbC,79,81, HbC,79,81, PbD,79,81, SbD,79,81, BbD,79,81, DbD,79,81, TbD,79,81, HbD,79,81, PbE,79,81, SbE,79,81, BbE,79,81, DbE,79,81, TbE,79,81, HbE,79,81, PbF,79,81, SbF,79,81, BbF,79,81, DbF,79,81, TbF,79,81, HbF,79,81, PbG,79,81, SbG,79,81, BbG,79,81, DbG,79,81, TbG,79,81, HbG,79,81, PbH,79,82, SbH,79,82, BbH,79,82, DbH,79,82, TbH,79,82, HbH,79,82, IbI,79,89, CbI,76,81, FbI,82,80, PbJ,79,81, SbJ,79,81, BbJ,79,81, DbJ,79,81, TbJ,79,81, HbJ,79,81, PbK,79,81, SbK,79,81, BbK,79,81, DbK,79,81, TbK,79,81, HbK,79,81, PbL,79,82, SbL,79,82, BbL,79,82, DbL,79,82, TbL,79,82, HbL,79,82, PbM,79,81, SbM,79,81, BbM,79,81, DbM,79,81, TbM,79,81, HbM,79,81, PbN,79,81, SbN,79,81, BbN,79,81, DbN,79,81, TbN,79,81, HbN,79,81, PcA,79,81, ScA,79,81, BcA,79,81, DcA,79,81, TcA,79,81, HcA,79,81, PcB,79,81, ScB,79,81, BcB,79,81, DcB,79,81, TcB,79,81, HcB,79,81, PcC,79,81, ScC,79,81, BcC,79,81, DcC,79,81, TcC,79,81, HcC,79,81, IcD,79,84, CcD,76,80, FcD,82,80, PcE,79,81, ScE,79,81, BcE,79,81, DcE,79,81, TcE,79,81, HcE,79,81, PcF,79,81, ScF,79,81, BcF,79,81, DcF,79,81, TcF,79,81, HcF,79,81, PcG,79,82, ScG,79,82, BcG,79,82, DcG,79,82, TcG,79,82, HcG,79,82, IcH,79,92, CcH,79,76, FcH,79,83, IcI,79,86, CcI,80,77, FcI,79,83, PcJ,79,83, ScJ,79,83, BcJ,79,83, DcJ,79,83, TcJ,79,83, HcJ,79,83, PcK,79,82, ScK,79,82, BcK,79,82, DcK,79,82, TcK,79,82, HcK,79,82, IcL,79,84, CcL,79,78, FcL,79,83, PcM,79,82, ScM,79,82, BcM,79,82, DcM,79,82, TcM,79,82, HcM,79,82, PcN,79,81, ScN,79,81, BcN,79,81, DcN,79,81, TcN,79,81, HcN,79,81, PdA,79,81, SdA,79,81, BdA,79,81, DdA,79,81, TdA,79,81, HdA,79,81, PdB,79,81, SdB,79,81, BdB,79,81, DdB,79,81, TdB,79,81, HdB,79,81, PdC,79,81, SdC,79,81, BdC,79,81, DdC,79,81, TdC,79,81, HdC,79,81, PdD,79,81, SdD,79,81, BdD,79,81, DdD,79,81, TdD,79,81, HdD,79,81, PdE,79,81, SdE,79,81, BdE,79,81, DdE,79,81, TdE,79,81, HdE,79,81, PdF,79,81, SdF,79,81, BdF,79,81, DdF,79,81, TdF,79,81, HdF,79,81, PdG,79,81, SdG,79,81, BdG,79,81, DdG,79,81, TdG,79,81, HdG,79,81, PdH,79,82, SdH,79,82, BdH,79,82, DdH,79,82, TdH,79,82, HdH,79,82, PdI,79,83, SdI,79,83, BdI,79,83, DdI,79,83, TdI,79,83, HdI,79,83, IdJ,79,84, CdJ,79,74, FdJ,79,82, PdK,79,82, SdK,79,82, BdK,79,82, DdK,79,82, TdK,79,82, HdK,79,82, PdL,79,82, SdL,79,82, BdL,79,82, DdL,79,82, TdL,79,82, HdL,79,82, PdM,79,81, SdM,79,81, BdM,79,81, DdM,79,81, TdM,79,81, HdM,79,81, PdN,79,81, SdN,79,81, BdN,79,81, DdN,79,81, TdN,79,81, HdN,79,81, PeA,79,81, SeA,79,81, BeA,79,81, DeA,79,81, TeA,79,81, HeA,79,81, PeB,79,81, SeB,79,81, BeB,79,81, DeB,79,81, TeB,79,81, HeB,79,81, IeC,79,84, CeC,77,80, FeC,82,80, PeD,79,82, SeD,79,82, BeD,79,82, DeD,79,82, TeD,79,82, HeD,79,82, CeE,72,81, FeE,81,80, PeF,79,82, SeF,79,82, BeF,79,82, DeF,79,82, TeF,79,82, HeF,79,82, PeG,79,81, SeG,79,81, BeG,79,81, DeG,79,81, TeG,79,81, HeG,79,81, PeH,79,81, SeH,79,81, BeH,79,81, DeH,79,81, TeH,79,81, HeH,79,81, PeI,79,81, SeI,79,81, BeI,79,81, DeI,79,81, TeI,79,81, HeI,79,81, PeJ,79,82, SeJ,79,82, BeJ,79,82, DeJ,79,82, TeJ,79,82, HeJ,79,82, PeK,79,81, SeK,79,81, BeK,79,81, DeK,79,81, TeK,79,81, HeK,79,81, PeL,79,81, SeL,79,81, BeL,79,81, DeL,79,81, TeL,79,81, HeL,79,81, PeM,79,81, SeM,79,81, BeM,79,81, DeM,79,81, TeM,79,81, HeM,79,81, PeN,79,81, SeN,79,81, BeN,79,81, DeN,79,81, TeN,79,81, HeN,79,81, PfA,79,81, SfA,79,81, BfA,79,81, DfA,79,81, TfA,79,81, HfA,79,81, PfB,79,81, SfB,79,81, BfB,79,81, DfB,79,81, TfB,79,81, HfB,79,81, PfC,79,83, SfC,79,83, BfC,79,83, DfC,79,83, TfC,79,83, HfC,79,83, IfD,79,83, CfD,79,78, FfD,79,81, IfE,79,81, CfE,80,74, FfE,79,81, IfF,79,82, CfF,79,81, FfF,79,83, PfG,79,82, SfG,79,82, BfG,79,82, DfG,79,82, TfG,79,82, HfG,79,82, PfH,79,82, SfH,79,82, BfH,79,82, DfH,79,82, TfH,79,82, HfH,79,82, PfI,79,81, SfI,79,81, BfI,79,81, DfI,79,81, TfI,79,81, HfI,79,81, PfJ,79,81, SfJ,79,81, BfJ,79,81, DfJ,79,81, TfJ,79,81, HfJ,79,81, IfK,79,84, CfK,78,80, FfK,81,80, PfL,79,81, SfL,79,81, BfL,79,81, DfL,79,81, TfL,79,81, HfL,79,81, IfM,79,83, CfM,75,80, FfM,80,80, PfN,79,81, SfN,79,81, BfN,79,81, DfN,79,81, TfN,79,81, HfN,79,81, PgA,79,81, SgA,79,81, BgA,79,81, DgA,79,81, TgA,79,81, HgA,79,81, PgB,79,82, SgB,79,82, BgB,79,82, DgB,79,82, TgB,79,82, HgB,79,82, CgC,79,79, FgC,79,83, PgD,79,83, SgD,79,83, BgD,79,83, DgD,79,83, TgD,79,83, HgD,79,83, PgE,77,75, SgE,77,75, BgE,77,75, DgE,77,75, TgE,77,75, HgE,77,75, IgF,79,82, CgF,79,81, FgF,79,81, PgG,79,83, SgG,79,83, BgG,79,83, DgG,79,83, TgG,79,83, HgG,79,83, IgH,79,84, CgH,79,77, FgH,79,81, PgI,79,82, SgI,79,82, BgI,79,82, DgI,79,82, TgI,79,82, HgI,79,82, PgJ,79,81, SgJ,79,81, BgJ,79,81, DgJ,79,81, TgJ,79,81, HgJ,79,81, PgK,79,81, SgK,79,81, BgK,79,81, DgK,79,81, TgK,79,81, HgK,79,81, PgL,79,81, SgL,79,81, BgL,79,81, DgL,79,81, TgL,79,81, HgL,79,81, IgM,79,82, CgM,76,80, FgM,80,80, PgN,79,81, SgN,79,81, BgN,79,81, DgN,79,81, TgN,79,81, HgN,79,81, PhA,79,81, ShA,79,81, BhA,79,81, DhA,79,81, ThA,79,81, HhA,79,81, PhB,79,81, ShB,79,81, BhB,79,81, DhB,79,81, ThB,79,81, HhB,79,81, PhC,79,82, ShC,79,82, BhC,79,82, DhC,79,82, ThC,79,82, HhC,79,82, IhD,79,83, ChD,71,80, FhD,79,80, ChE,77,82, FhE,82,80, IhF,79,81, ChF,80,79, FhF,79,81, PhG,79,79, ShG,79,79, BhG,79,79, DhG,79,79, ThG,79,79, HhG,79,79, PhH,79,82, ShH,79,82, BhH,79,82, DhH,79,82, ThH,79,82, HhH,79,82, PhI,79,81, ShI,79,81, BhI,79,81, DhI,79,81, ThI,79,81, HhI,79,81, PhJ,79,81, ShJ,79,81, BhJ,79,81, DhJ,79,81, ThJ,79,81, HhJ,79,81, PhK,79,81, ShK,79,81, BhK,79,81, DhK,79,81, ThK,79,81, HhK,79,81, PhL,79,81, ShL,79,81, BhL,79,81, DhL,79,81, ThL,79,81, HhL,79,81, IhM,79,82, ChM,76,80, FhM,80,80, PhN,79,81, ShN,79,81, BhN,79,81, DhN,79,81, ThN,79,81, HhN,79,81, PiA,79,81, SiA,79,81, BiA,79,81, DiA,79,81, TiA,79,81, HiA,79,81, PiB,79,81, SiB,79,81, BiB,79,81, DiB,79,81, TiB,79,81, HiB,79,81, PiC,79,81, SiC,79,81, BiC,79,81, DiC,79,81, TiC,79,81, HiC,79,81, PiD,79,82, SiD,79,82, BiD,79,82, DiD,79,82, TiD,79,82, HiD,79,82, IiE,79,82, CiE,80,78, FiE,79,82, IiF,79,82, CiF,79,76, FiF,79,81, PiG,79,82, SiG,79,82, BiG,79,82, DiG,79,82, TiG,79,82, HiG,79,82, PiH,79,81, SiH,79,81, BiH,79,81, DiH,79,81, TiH,79,81, HiH,79,81, PiI,79,81, SiI,79,81, BiI,79,81, DiI,79,81, TiI,79,81, HiI,79,81, PiJ,79,81, SiJ,79,81, BiJ,79,81, DiJ,79,81, TiJ,79,81, HiJ,79,81, IiK,79,84, CiK,76,80, FiK,82,80, PiL,79,81, SiL,79,81, BiL,79,81, DiL,79,81, TiL,79,81, HiL,79,81, IiM,79,82, CiM,76,80, FiM,80,80, PiN,79,81, SiN,79,81, BiN,79,81, DiN,79,81, TiN,79,81, HiN,79,81, PjA,79,81, SjA,79,81, BjA,79,81, DjA,79,81, TjA,79,81, HjA,79,81, PjB,79,81, SjB,79,81, BjB,79,81, DjB,79,81, TjB,79,81, HjB,79,81, IjC,79,84, CjC,74,80, FjC,80,80, PjD,79,82, SjD,79,82, BjD,79,82, DjD,79,82, TjD,79,82, HjD,79,82, PjE,79,82, SjE,79,82, BjE,79,82, DjE,79,82, TjE,79,82, HjE,79,82, PjF,79,82, SjF,79,82, BjF,79,82, DjF,79,82, TjF,79,82, HjF,79,82, CjG,75,80, FjG,82,80, PjH,79,82, SjH,79,82, BjH,79,82, DjH,79,82, TjH,79,82, HjH,79,82, PjI,79,81, SjI,79,81, BjI,79,81, DjI,79,81, TjI,79,81, HjI,79,81, PjJ,79,81, SjJ,79,81, BjJ,79,81, DjJ,79,81, TjJ,79,81, HjJ,79,81, PjK,79,82, SjK,79,82, BjK,79,82, DjK,79,82, TjK,79,82, HjK,79,82, PjL,79,81, SjL,79,81, BjL,79,81, DjL,79,81, TjL,79,81, HjL,79,81, IjM,79,83, CjM,75,80, FjM,80,80, PjN,79,81, SjN,79,81, BjN,79,81, DjN,79,81, TjN,79,81, HjN,79,81, PkA,79,81, SkA,79,81, BkA,79,81, DkA,79,81, TkA,79,81, HkA,79,81, PkB,79,81, SkB,79,81, BkB,79,81, DkB,79,81, TkB,79,81, HkB,79,81, PkC,79,82, SkC,79,82, BkC,79,82, DkC,79,82, TkC,79,82, HkC,79,82, IkD,79,83, CkD,79,76, FkD,79,82, PkE,79,82, SkE,79,82, BkE,79,82, DkE,79,82, TkE,79,82, HkE,79,82, CkF,70,80, FkF,79,80, PkG,79,82, SkG,79,82, BkG,79,82, DkG,79,82, TkG,79,82, HkG,79,82, IkH,79,84, CkH,79,74, FkH,79,81, PkI,79,82, SkI,79,82, BkI,79,82, DkI,79,82, TkI,79,82, HkI,79,82, PkJ,79,82, SkJ,79,82, BkJ,79,82, DkJ,79,82, TkJ,79,82, HkJ,79,82, IkK,79,83, CkK,79,80, FkK,79,81, PkL,79,82, SkL,79,82, BkL,79,82, DkL,79,82, TkL,79,82, HkL,79,82, PkM,79,81, SkM,79,81, BkM,79,81, DkM,79,81, TkM,79,81, HkM,79,81, PkN,79,81, SkN,79,81, BkN,79,81, DkN,79,81, TkN,79,81, HkN,79,81, PlA,79,81, SlA,79,81, BlA,79,81, DlA,79,81, TlA,79,81, HlA,79,81, PlB,79,81, SlB,79,81, BlB,79,81, DlB,79,81, TlB,79,81, HlB,79,81, PlC,79,82, SlC,79,82, BlC,79,82, DlC,79,82, TlC,79,82, HlC,79,82, IlD,79,82, ClD,80,75, FlD,79,81, PlE,79,82, SlE,79,82, BlE,79,82, DlE,79,82, TlE,79,82, HlE,79,82, PlF,79,81, SlF,79,81, BlF,79,81, DlF,79,81, TlF,79,81, HlF,79,81, PlG,79,81, SlG,79,81, BlG,79,81, DlG,79,81, TlG,79,81, HlG,79,81, PlH,79,82, SlH,79,82, BlH,79,82, DlH,79,82, TlH,79,82, HlH,79,82, PlI,79,81, SlI,79,81, BlI,79,81, DlI,79,81, TlI,79,81, HlI,79,81, PlJ,79,82, SlJ,79,82, BlJ,79,82, DlJ,79,82, TlJ,79,82, HlJ,79,82, IlK,79,82, ClK,79,79, FlK,79,81, PlL,79,82, SlL,79,82, BlL,79,82, DlL,79,82, TlL,79,82, HlL,79,82, PlM,79,81, SlM,79,81, BlM,79,81, DlM,79,81, TlM,79,81, HlM,79,81, PlN,79,81, SlN,79,81, BlN,79,81, DlN,79,81, TlN,79,81, HlN,79,81, PmA,79,81, SmA,79,81, BmA,79,81, DmA,79,81, TmA,79,81, HmA,79,81, PmB,79,81, SmB,79,81, BmB,79,81, DmB,79,81, TmB,79,81, HmB,79,81, PmC,79,81, SmC,79,81, BmC,79,81, DmC,79,81, TmC,79,81, HmC,79,81, ImD,79,83, CmD,73,81, FmD,80,80, PmE,79,81, SmE,79,81, BmE,79,81, DmE,79,81, TmE,79,81, HmE,79,81, PmF,79,81, SmF,79,81, BmF,79,81, DmF,79,81, TmF,79,81, HmF,79,81, PmG,79,81, SmG,79,81, BmG,79,81, DmG,79,81, TmG,79,81, HmG,79,81, PmH,79,81, SmH,79,81, BmH,79,81, DmH,79,81, TmH,79,81, HmH,79,81, PmI,79,81, SmI,79,81, BmI,79,81, DmI,79,81, TmI,79,81, HmI,79,81, PmJ,79,82, SmJ,79,82, BmJ,79,82, DmJ,79,82, TmJ,79,82, HmJ,79,82, ImK,79,82, CmK,79,77, FmK,79,81, PmL,79,82, SmL,79,82, BmL,79,82, DmL,79,82, TmL,79,82, HmL,79,82, PmM,79,81, SmM,79,81, BmM,79,81, DmM,79,81, TmM,79,81, HmM,79,81, PmN,79,81, SmN,79,81, BmN,79,81, DmN,79,81, TmN,79,81, HmN,79,81, PnA,79,81, SnA,79,81, BnA,79,81, DnA,79,81, TnA,79,81, HnA,79,81, PnB,79,81, SnB,79,81, BnB,79,81, DnB,79,81, TnB,79,81, HnB,79,81, PnC,79,81, SnC,79,81, BnC,79,81, DnC,79,81, TnC,79,81, HnC,79,81, PnD,79,81, SnD,79,81, BnD,79,81, DnD,79,81, TnD,79,81, HnD,79,81, PnE,79,81, SnE,79,81, BnE,79,81, DnE,79,81, TnE,79,81, HnE,79,81, PnF,79,81, SnF,79,81, BnF,79,81, DnF,79,81, TnF,79,81, HnF,79,81, PnG,79,81, SnG,79,81, BnG,79,81, DnG,79,81, TnG,79,81, HnG,79,81, PnH,79,81, SnH,79,81, BnH,79,81, DnH,79,81, TnH,79,81, HnH,79,81, PnI,79,81, SnI,79,81, BnI,79,81, DnI,79,81, TnI,79,81, HnI,79,81, PnJ,79,82, SnJ,79,82, BnJ,79,82, DnJ,79,82, TnJ,79,82, HnJ,79,82, InK,79,82, CnK,79,72, FnK,79,80, PnL,79,82, SnL,79,82, BnL,79,82, DnL,79,82, TnL,79,82, HnL,79,82, PnM,79,81, SnM,79,81, BnM,79,81, DnM,79,81, TnM,79,81, HnM,79,81, PnN,79,81, SnN,79,81, BnN,79,81, DnN,79,81, TnN,79,81, HnN,79,81, O,60,60]
[PaA,79,81, SaA,79,81, BaA,79,81, DaA,79,81, TaA,79,81, HaA,79,81, PaB,79,81, SaB,79,81, BaB,79,81, DaB,79,81, TaB,79,81, HaB,79,81, PaC,79,81, SaC,79,81, BaC,79,81, DaC,79,81, TaC,79,81, HaC,79,81, PaD,79,81, SaD,79,81, BaD,79,81, DaD,79,81, TaD,79,81, HaD,79,81, PaE,79,81, SaE,79,81, BaE,79,81, DaE,79,81, TaE,79,81, HaE,79,81, PaF,79,81, SaF,79,81, BaF,79,81, DaF,79,81, TaF,79,81, HaF,79,81, PaG,79,81, SaG,79,81, BaG,79,81, DaG,79,81, TaG,79,81, HaG,79,81, PaH,79,81, SaH,79,81, BaH,79,81, DaH,79,81, TaH,79,81, HaH,79,81, PaI,79,81, SaI,79,81, BaI,79,81, DaI,79,81, TaI,79,81, HaI,79,81, PaJ,79,81, SaJ,79,81, BaJ,79,81, DaJ,79,81, TaJ,79,81, HaJ,79,81, PaK,79,81, SaK,79,81, BaK,79,81, DaK,79,81, TaK,79,81, HaK,79,81, PaL,79,81, SaL,79,81, BaL,79,81, DaL,79,81, TaL,79,81, HaL,79,81, PaM,79,81, SaM,79,81, BaM,79,81, DaM,79,81, TaM,79,81, HaM,79,81, PaN,79,81, SaN,79,81, BaN,79,81, DaN,79,81, TaN,79,81, HaN,79,81, PbA,79,81, SbA,79,81, BbA,79,81, DbA,79,81, TbA,79,81, HbA,79,81, PbB,79,81, SbB,79,81, BbB,79,81, DbB,79,81, TbB,79,81, HbB,79,81, PbC,79,81, SbC,79,81, BbC,79,81, DbC,79,81, TbC,79,81, HbC,79,81, PbD,79,81, SbD,79,81, BbD,79,81, DbD,79,81, TbD,79,81, HbD,79,81, PbE,79,81, SbE,79,81, BbE,79,81, DbE,79,81, TbE,79,81, HbE,79,81, PbF,79,81, SbF,79,81, BbF,79,81, DbF,79,81, TbF,79,81, HbF,79,81, PbG,79,81, SbG,79,81, BbG,79,81, DbG,79,81, TbG,79,81, HbG,79,81, PbH,79,82, SbH,79,82, BbH,79,82, DbH,79,82, TbH,79,82, HbH,79,82, IbI,79,89, CbI,76,81, FbI,82,80, PbJ,79,81, SbJ,79,81, BbJ,79,81, DbJ,79,81, TbJ,79,81, HbJ,79,81, PbK,79,81, SbK,79,81, BbK,79,81, DbK,79,81, TbK,79,81, HbK,79,81, PbL,79,82, SbL,79,82, BbL,79,82, DbL,79,82, TbL,79,82, HbL,79,82, PbM,79,81, SbM,79,81, BbM,79,81, DbM,79,81, TbM,79,81, HbM,79,81, PbN,79,81, SbN,79,81, BbN,79,81, DbN,79,81, TbN,79,81, HbN,79,81, PcA,79,81, ScA,79,81, BcA,79,81, DcA,79,81, TcA,79,81, HcA,79,81, PcB,79,81, ScB,79,81, BcB,79,81, DcB,79,81, TcB,79,81, HcB,79,81, PcC,79,81, ScC,79,81, BcC,79,81, DcC,79,81, TcC,79,81, HcC,79,81, IcD,79,84, CcD,76,80, FcD,82,80, PcE,79,81, ScE,79,81, BcE,79,81, DcE,79,81, TcE,79,81, HcE,79,81, PcF,79,81, ScF,79,81, BcF,79,81, DcF,79,81, TcF,79,81, HcF,79,81, PcG,79,82, ScG,79,82, BcG,79,82, DcG,79,82, TcG,79,82, HcG,79,82, IcH,79,92, CcH,79,76, FcH,79,83, IcI,79,86, CcI,80,77, FcI,79,83, PcJ,79,83, ScJ,79,83, BcJ,79,83, DcJ,79,83, TcJ,79,83, HcJ,79,83, PcK,79,82, ScK,79,82, BcK,79,82, DcK,79,82, TcK,79,82, HcK,79,82, IcL,79,84, CcL,79,78, FcL,79,83, PcM,79,82, ScM,79,82, BcM,79,82, DcM,79,82, TcM,79,82, HcM,79,82, PcN,79,81, ScN,79,81, BcN,79,81, DcN,79,81, TcN,79,81, HcN,79,81, PdA,79,81, SdA,79,81, BdA,79,81, DdA,79,81, TdA,79,81, HdA,79,81, PdB,79,81, SdB,79,81, BdB,79,81, DdB,79,81, TdB,79,81, HdB,79,81, PdC,79,81, SdC,79,81, BdC,79,81, DdC,79,81, TdC,79,81, HdC,79,81, PdD,79,81, SdD,79,81, BdD,79,81, DdD,79,81, TdD,79,81, HdD,79,81, PdE,79,81, SdE,79,81, BdE,79,81, DdE,79,81, TdE,79,81, HdE,79,81, PdF,79,81, SdF,79,81, BdF,79,81, DdF,79,81, TdF,79,81, HdF,79,81, PdG,79,81, SdG,79,81, BdG,79,81, DdG,79,81, TdG,79,81, HdG,79,81, PdH,79,82, SdH,79,82, BdH,79,82, DdH,79,82, TdH,79,82, HdH,79,82, PdI,79,83, SdI,79,83, BdI,79,83, DdI,79,83, TdI,79,83, HdI,79,83, IdJ,79,84, CdJ,79,74, FdJ,79,82, PdK,79,82, SdK,79,82, BdK,79,82, DdK,79,82, TdK,79,82, HdK,79,82, PdL,79,82, SdL,79,82, BdL,79,82, DdL,79,82, TdL,79,82, HdL,79,82, PdM,79,81, SdM,79,81, BdM,79,81, DdM,79,81, TdM,79,81, HdM,79,81, PdN,79,81, SdN,79,81, BdN,79,81, DdN,79,81, TdN,79,81, HdN,79,81, PeA,79,81, SeA,79,81, BeA,79,81, DeA,79,81, TeA,79,81, HeA,79,81, PeB,79,81, SeB,79,81, BeB,79,81, DeB,79,81, TeB,79,81, HeB,79,81, IeC,79,84, CeC,77,80, FeC,82,80, PeD,79,82, SeD,79,82, BeD,79,82, DeD,79,82, TeD,79,82, HeD,79,82, CeE,72,81, FeE,81,80, PeF,79,82, SeF,79,82, BeF,79,82, DeF,79,82, TeF,79,82, HeF,79,82, PeG,79,81, SeG,79,81, BeG,79,81, DeG,79,81, TeG,79,81, HeG,79,81, PeH,79,81, SeH,79,81, BeH,79,81, DeH,79,81, TeH,79,81, HeH,79,81, PeI,79,81, SeI,79,81, BeI,79,81, DeI,79,81, TeI,79,81, HeI,79,81, PeJ,79,82, SeJ,79,82, BeJ,79,82, DeJ,79,82, TeJ,79,82, HeJ,79,82, PeK,79,81, SeK,79,81, BeK,79,81, DeK,79,81, TeK,79,81, HeK,79,81, PeL,79,81, SeL,79,81, BeL,79,81, DeL,79,81, TeL,79,81, HeL,79,81, PeM,79,81, SeM,79,81, BeM,79,81, DeM,79,81, TeM,79,81, HeM,79,81, PeN,79,81, SeN,79,81, BeN,79,81, DeN,79,81, TeN,79,81, HeN,79,81, PfA,79,81, SfA,79,81, BfA,79,81, DfA,79,81, TfA,79,81, HfA,79,81, PfB,79,81, SfB,79,81, BfB,79,81, DfB,79,81, TfB,79,81, HfB,79,81, PfC,79,83, SfC,79,83, BfC,79,83, DfC,79,83, TfC,79,83, HfC,79,83, IfD,79,83, CfD,79,78, FfD,79,81, IfE,79,81, CfE,80,74, FfE,79,81, IfF,79,82, CfF,79,81, FfF,79,83, PfG,79,82, SfG,79,82, BfG,79,82, DfG,79,82, TfG,79,82, HfG,79,82, PfH,79,82, SfH,79,82, BfH,79,82, DfH,79,82, TfH,79,82, HfH,79,82, PfI,79,81, SfI,79,81, BfI,79,81, DfI,79,81, TfI,79,81, HfI,79,81, PfJ,79,81, SfJ,79,81, BfJ,79,81, DfJ,79,81, TfJ,79,81, HfJ,79,81, IfK,79,84, CfK,78,80, FfK,81,80, PfL,79,81, SfL,79,81, BfL,79,81, DfL,79,81, TfL,79,81, HfL,79,81, IfM,79,83, CfM,75,80, FfM,80,80, PfN,79,81, SfN,79,81, BfN,79,81, DfN,79,81, TfN,79,81, HfN,79,81, PgA,79,81, SgA,79,81, BgA,79,81, DgA,79,81, TgA,79,81, HgA,79,81, PgB,79,82, SgB,79,82, BgB,79,82, DgB,79,82, TgB,79,82, HgB,79,82, CgC,79,79, FgC,79,83, PgD,79,83, SgD,79,83, BgD,79,83, DgD,79,83, TgD,79,83, HgD,79,83, PgE,77,75, SgE,77,75, BgE,77,75, DgE,77,75, TgE,77,75, HgE,77,75, IgF,79,82, CgF,79,81, FgF,79,81, PgG,79,83, SgG,79,83, BgG,79,83, DgG,79,83, TgG,79,83, HgG,79,83, IgH,79,84, CgH,79,77, FgH,79,81, PgI,79,82, SgI,79,82, BgI,79,82, DgI,79,82, TgI,79,82, HgI,79,82, PgJ,79,81, SgJ,79,81, BgJ,79,81, DgJ,79,81, TgJ,79,81, HgJ,79,81, PgK,79,81, SgK,79,81, BgK,79,81, DgK,79,81, TgK,79,81, HgK,79,81, PgL,79,81, SgL,79,81, BgL,79,81, DgL,79,81, TgL,79,81, HgL,79,81, IgM,79,82, CgM,76,80, FgM,80,80, PgN,79,81, SgN,79,81, BgN,79,81, DgN,79,81, TgN,79,81, HgN,79,81, PhA,79,81, ShA,79,81, BhA,79,81, DhA,79,81, ThA,79,81, HhA,79,81, PhB,79,81, ShB,79,81, BhB,79,81, DhB,79,81, ThB,79,81, HhB,79,81, PhC,79,82, ShC,79,82, BhC,79,82, DhC,79,82, ThC,79,82, HhC,79,82, IhD,79,83, ChD,71,80, FhD,79,80, ChE,77,82, FhE,82,80, IhF,79,81, ChF,80,79, FhF,79,81, PhG,79,79, ShG,79,79, BhG,79,79, DhG,79,79, ThG,79,79, HhG,79,79, PhH,79,82, ShH,79,82, BhH,79,82, DhH,79,82, ThH,79,82, HhH,79,82, PhI,79,81, ShI,79,81, BhI,79,81, DhI,79,81, ThI,79,81, HhI,79,81, PhJ,79,81, ShJ,79,81, BhJ,79,81, DhJ,79,81, ThJ,79,81, HhJ,79,81, PhK,79,81, ShK,79,81, BhK,79,81, DhK,79,81, ThK,79,81, HhK,79,81, PhL,79,81, ShL,79,81, BhL,79,81, DhL,79,81, ThL,79,81, HhL,79,81, IhM,79,82, ChM,76,80, FhM,80,80, PhN,79,81, ShN,79,81, BhN,79,81, DhN,79,81, ThN,79,81, HhN,79,81, PiA,79,81, SiA,79,81, BiA,79,81, DiA,79,81, TiA,79,81, HiA,79,81, PiB,79,81, SiB,79,81, BiB,79,81, DiB,79,81, TiB,79,81, HiB,79,81, PiC,79,81, SiC,79,81, BiC,79,81, DiC,79,81, TiC,79,81, HiC,79,81, PiD,79,82, SiD,79,82, BiD,79,82, DiD,79,82, TiD,79,82, HiD,79,82, IiE,79,82, CiE,80,78, FiE,79,82, IiF,79,82, CiF,79,76, FiF,79,81, PiG,79,82, SiG,79,82, BiG,79,82, DiG,79,82, TiG,79,82, HiG,79,82, PiH,79,81, SiH,79,81, BiH,79,81, DiH,79,81, TiH,79,81, HiH,79,81, PiI,79,81, SiI,79,81, BiI,79,81, DiI,79,81, TiI,79,81, HiI,79,81, PiJ,79,81, SiJ,79,81, BiJ,79,81, DiJ,79,81, TiJ,79,81, HiJ,79,81, IiK,79,84, CiK,76,80, FiK,82,80, PiL,79,81, SiL,79,81, BiL,79,81, DiL,79,81, TiL,79,81, HiL,79,81, IiM,79,82, CiM,76,80, FiM,80,80, PiN,79,81, SiN,79,81, BiN,79,81, DiN,79,81, TiN,79,81, HiN,79,81, PjA,79,81, SjA,79,81, BjA,79,81, DjA,79,81, TjA,79,81, HjA,79,81, PjB,79,81, SjB,79,81, BjB,79,81, DjB,79,81, TjB,79,81, HjB,79,81, IjC,79,84, CjC,74,80, FjC,80,80, PjD,79,82, SjD,79,82, BjD,79,82, DjD,79,82, TjD,79,82, HjD,79,82, PjE,79,82, SjE,79,82, BjE,79,82, DjE,79,82, TjE,79,82, HjE,79,82, PjF,79,82, SjF,79,82, BjF,79,82, DjF,79,82, TjF,79,82, HjF,79,82, CjG,75,80, FjG,82,80, PjH,79,82, SjH,79,82, BjH,79,82, DjH,79,82, TjH,79,82, HjH,79,82, PjI,79,81, SjI,79,81, BjI,79,81, DjI,79,81, TjI,79,81, HjI,79,81, PjJ,79,81, SjJ,79,81, BjJ,79,81, DjJ,79,81, TjJ,79,81, HjJ,79,81, PjK,79,82, SjK,79,82, BjK,79,82, DjK,79,82, TjK,79,82, HjK,79,82, PjL,79,81, SjL,79,81, BjL,79,81, DjL,79,81, TjL,79,81, HjL,79,81, IjM,79,83, CjM,75,80, FjM,80,80, PjN,79,81, SjN,79,81, BjN,79,81, DjN,79,81, TjN,79,81, HjN,79,81, PkA,79,81, SkA,79,81, BkA,79,81, DkA,79,81, TkA,79,81, HkA,79,81, PkB,79,81, SkB,79,81, BkB,79,81, DkB,79,81, TkB,79,81, HkB,79,81, PkC,79,82, SkC,79,82, BkC,79,82, DkC,79,82, TkC,79,82, HkC,79,82, IkD,79,83, CkD,79,76, FkD,79,82, PkE,79,82, SkE,79,82, BkE,79,82, DkE,79,82, TkE,79,82, HkE,79,82, CkF,70,80, FkF,79,80, PkG,79,82, SkG,79,82, BkG,79,82, DkG,79,82, TkG,79,82, HkG,79,82, IkH,79,84, CkH,79,74, FkH,79,81, PkI,79,82, SkI,79,82, BkI,79,82, DkI,79,82, TkI,79,82, HkI,79,82, PkJ,79,82, SkJ,79,82, BkJ,79,82, DkJ,79,82, TkJ,79,82, HkJ,79,82, IkK,79,83, CkK,79,80, FkK,79,81, PkL,79,82, SkL,79,82, BkL,79,82, DkL,79,82, TkL,79,82, HkL,79,82, PkM,79,81, SkM,79,81, BkM,79,81, DkM,79,81, TkM,79,81, HkM,79,81, PkN,79,81, SkN,79,81, BkN,79,81, DkN,79,81, TkN,79,81, HkN,79,81, PlA,79,81, SlA,79,81, BlA,79,81, DlA,79,81, TlA,79,81, HlA,79,81, PlB,79,81, SlB,79,81, BlB,79,81, DlB,79,81, TlB,79,81, HlB,79,81, PlC,79,82, SlC,79,82, BlC,79,82, DlC,79,82, TlC,79,82, HlC,79,82, IlD,79,82, ClD,80,75, FlD,79,81, PlE,79,82, SlE,79,82, BlE,79,82, DlE,79,82, TlE,79,82, HlE,79,82, PlF,79,81, SlF,79,81, BlF,79,81, DlF,79,81, TlF,79,81, HlF,79,81, PlG,79,81, SlG,79,81, BlG,79,81, DlG,79,81, TlG,79,81, HlG,79,81, PlH,79,82, SlH,79,82, BlH,79,82, DlH,79,82, TlH,79,82, HlH,79,82, PlI,79,81, SlI,79,81, BlI,79,81, DlI,79,81, TlI,79,81, HlI,79,81, PlJ,79,82, SlJ,79,82, BlJ,79,82, DlJ,79,82, TlJ,79,82, HlJ,79,82, IlK,79,82, ClK,79,79, FlK,79,81, PlL,79,82, SlL,79,82, BlL,79,82, DlL,79,82, TlL,79,82, HlL,79,82, PlM,79,81, SlM,79,81, BlM,79,81, DlM,79,81, TlM,79,81, HlM,79,81, PlN,79,81, SlN,79,81, BlN,79,81, DlN,79,81, TlN,79,81, HlN,79,81, PmA,79,81, SmA,79,81, BmA,79,81, DmA,79,81, TmA,79,81, HmA,79,81, PmB,79,81, SmB,79,81, BmB,79,81, DmB,79,81, TmB,79,81, HmB,79,81, PmC,79,81, SmC,79,81, BmC,79,81, DmC,79,81, TmC,79,81, HmC,79,81, ImD,79,83, CmD,73,81, FmD,80,80, PmE,79,81, SmE,79,81, BmE,79,81, DmE,79,81, TmE,79,81, HmE,79,81, PmF,79,81, SmF,79,81, BmF,79,81, DmF,79,81, TmF,79,81, HmF,79,81, PmG,79,81, SmG,79,81, BmG,79,81, DmG,79,81, TmG,79,81, HmG,79,81, PmH,79,81, SmH,79,81, BmH,79,81, DmH,79,81, TmH,79,81, HmH,79,81, PmI,79,81, SmI,79,81, BmI,79,81, DmI,79,81, TmI,79,81, HmI,79,81, PmJ,79,82, SmJ,79,82, BmJ,79,82, DmJ,79,82, TmJ,79,82, HmJ,79,82, ImK,79,82, CmK,79,77, FmK,79,81, PmL,79,82, SmL,79,82, BmL,79,82, DmL,79,82, TmL,79,82, HmL,79,82, PmM,79,81, SmM,79,81, BmM,79,81, DmM,79,81, TmM,79,81, HmM,79,81, PmN,79,81, SmN,79,81, BmN,79,81, DmN,79,81, TmN,79,81, HmN,79,81, PnA,79,81, SnA,79,81, BnA,79,81, DnA,79,81, TnA,79,81, HnA,79,81, PnB,79,81, SnB,79,81, BnB,79,81, DnB,79,81, TnB,79,81, HnB,79,81, PnC,79,81, SnC,79,81, BnC,79,81, DnC,79,81, TnC,79,81, HnC,79,81, PnD,79,81, SnD,79,81, BnD,79,81, DnD,79,81, TnD,79,81, HnD,79,81, PnE,79,81, SnE,79,81, BnE,79,81, DnE,79,81, TnE,79,81, HnE,79,81, PnF,79,81, SnF,79,81, BnF,79,81, DnF,79,81, TnF,79,81, HnF,79,81, PnG,79,81, SnG,79,81, BnG,79,81, DnG,79,81, TnG,79,81, HnG,79,81, PnH,79,81, SnH,79,81, BnH,79,81, DnH,79,81, TnH,79,81, HnH,79,81, PnI,79,81, SnI,79,81, BnI,79,81, DnI,79,81, TnI,79,81, HnI,79,81, PnJ,79,82, SnJ,79,82, BnJ,79,82, DnJ,79,82, TnJ,79,82, HnJ,79,82, InK,79,82, CnK,79,72, FnK,79,80, PnL,79,82, SnL,79,82, BnL,79,82, DnL,79,82, TnL,79,82, HnL,79,82, PnM,79,81, SnM,79,81, BnM,79,81, DnM,79,81, TnM,79,81, HnM,79,81, PnN,79,81, SnN,79,81, BnN,79,81, DnN,79,81, TnN,79,81, HnN,79,81, O,60,60]
actionsPossibles : lancement le 30/11/2019 22:58:20.423
actionsPossibles : fin
[PaA,5,9, SaA,5,9, BaA,5,9, DaA,5,9, TaA,5,9, HaA,5,9, PaB,5,9, SaB,5,9, BaB,5,9, DaB,5,9, TaB,5,9, HaB,5,9, PaC,5,9, SaC,5,9, BaC,5,9, DaC,5,9, TaC,5,9, HaC,5,9, PaD,5,10, SaD,5,10, BaD,5,10, DaD,5,10, TaD,5,10, HaD,5,10, CaE,5,0, FaE,5,9, PaF,5,10, SaF,5,10, BaF,5,10, DaF,5,10, TaF,5,10, HaF,5,10, PaG,5,9, SaG,5,9, BaG,5,9, DaG,5,9, TaG,5,9, HaG,5,9, PaH,5,9, SaH,5,9, BaH,5,9, DaH,5,9, TaH,5,9, HaH,5,9, PaI,5,9, SaI,5,9, BaI,5,9, DaI,5,9, TaI,5,9, HaI,5,9, PaJ,5,9, SaJ,5,9, BaJ,5,9, DaJ,5,9, TaJ,5,9, HaJ,5,9, PaK,5,9, SaK,5,9, BaK,5,9, DaK,5,9, TaK,5,9, HaK,5,9, PaL,5,9, SaL,5,9, BaL,5,9, DaL,5,9, TaL,5,9, HaL,5,9, PaM,5,9, SaM,5,9, BaM,5,9, DaM,5,9, TaM,5,9, HaM,5,9, PaN,5,9, SaN,5,9, BaN,5,9, DaN,5,9, TaN,5,9, HaN,5,9, PbA,5,9, SbA,5,9, BbA,5,9, DbA,5,9, TbA,5,9, HbA,5,9, PbB,5,9, SbB,5,9, BbB,5,9, DbB,5,9, TbB,5,9, HbB,5,9, PbC,5,9, SbC,5,9, BbC,5,9, DbC,5,9, TbC,5,9, HbC,5,9, PbD,5,9, SbD,5,9, BbD,5,9, DbD,5,9, TbD,5,9, HbD,5,9, PbE,5,10, SbE,5,10, BbE,5,10, DbE,5,10, TbE,5,10, HbE,5,10, PbF,5,9, SbF,5,9, BbF,5,9, DbF,5,9, TbF,5,9, HbF,5,9, PbG,5,9, SbG,5,9, BbG,5,9, DbG,5,9, TbG,5,9, HbG,5,9, PbH,5,9, SbH,5,9, BbH,5,9, DbH,5,9, TbH,5,9, HbH,5,9, PbI,5,9, SbI,5,9, BbI,5,9, DbI,5,9, TbI,5,9, HbI,5,9, PbJ,5,9, SbJ,5,9, BbJ,5,9, DbJ,5,9, TbJ,5,9, HbJ,5,9, PbK,5,9, SbK,5,9, BbK,5,9, DbK,5,9, TbK,5,9, HbK,5,9, PbL,5,9, SbL,5,9, BbL,5,9, DbL,5,9, TbL,5,9, HbL,5,9, PbM,5,9, SbM,5,9, BbM,5,9, DbM,5,9, TbM,5,9, HbM,5,9, PbN,5,9, SbN,5,9, BbN,5,9, DbN,5,9, TbN,5,9, HbN,5,9, PcA,5,9, ScA,5,9, BcA,5,9, DcA,5,9, TcA,5,9, HcA,5,9, PcB,5,9, ScB,5,9, BcB,5,9, DcB,5,9, TcB,5,9, HcB,5,9, PcC,5,9, ScC,5,9, BcC,5,9, DcC,5,9, TcC,5,9, HcC,5,9, PcD,5,9, ScD,5,9, BcD,5,9, DcD,5,9, TcD,5,9, HcD,5,9, PcE,5,9, ScE,5,9, BcE,5,9, DcE,5,9, TcE,5,9, HcE,5,9, PcF,5,9, ScF,5,9, BcF,5,9, DcF,5,9, TcF,5,9, HcF,5,9, PcG,5,9, ScG,5,9, BcG,5,9, DcG,5,9, TcG,5,9, HcG,5,9, PcH,5,9, ScH,5,9, BcH,5,9, DcH,5,9, TcH,5,9, HcH,5,9, PcI,5,9, ScI,5,9, BcI,5,9, DcI,5,9, TcI,5,9, HcI,5,9, PcJ,5,9, ScJ,5,9, BcJ,5,9, DcJ,5,9, TcJ,5,9, HcJ,5,9, PcK,5,9, ScK,5,9, BcK,5,9, DcK,5,9, TcK,5,9, HcK,5,9, PcL,5,9, ScL,5,9, BcL,5,9, DcL,5,9, TcL,5,9, HcL,5,9, PcM,5,9, ScM,5,9, BcM,5,9, DcM,5,9, TcM,5,9, HcM,5,9, PcN,5,9, ScN,5,9, BcN,5,9, DcN,5,9, TcN,5,9, HcN,5,9, PdA,5,9, SdA,5,9, BdA,5,9, DdA,5,9, TdA,5,9, HdA,5,9, PdB,5,9, SdB,5,9, BdB,5,9, DdB,5,9, TdB,5,9, HdB,5,9, PdC,5,9, SdC,5,9, BdC,5,9, DdC,5,9, TdC,5,9, HdC,5,9, PdD,5,9, SdD,5,9, BdD,5,9, DdD,5,9, TdD,5,9, HdD,5,9, PdE,5,9, SdE,5,9, BdE,5,9, DdE,5,9, TdE,5,9, HdE,5,9, PdF,5,9, SdF,5,9, BdF,5,9, DdF,5,9, TdF,5,9, HdF,5,9, PdG,5,9, SdG,5,9, BdG,5,9, DdG,5,9, TdG,5,9, HdG,5,9, PdH,5,9, SdH,5,9, BdH,5,9, DdH,5,9, TdH,5,9, HdH,5,9, PdI,5,9, SdI,5,9, BdI,5,9, DdI,5,9, TdI,5,9, HdI,5,9, PdJ,5,9, SdJ,5,9, BdJ,5,9, DdJ,5,9, TdJ,5,9, HdJ,5,9, PdK,5,9, SdK,5,9, BdK,5,9, DdK,5,9, TdK,5,9, HdK,5,9, PdL,5,9, SdL,5,9, BdL,5,9, DdL,5,9, TdL,5,9, HdL,5,9, PdM,5,9, SdM,5,9, BdM,5,9, DdM,5,9, TdM,5,9, HdM,5,9, PdN,5,9, SdN,5,9, BdN,5,9, DdN,5,9, TdN,5,9, HdN,5,9, PeA,5,9, SeA,5,9, BeA,5,9, DeA,5,9, TeA,5,9, HeA,5,9, PeB,5,9, SeB,5,9, BeB,5,9, DeB,5,9, TeB,5,9, HeB,5,9, PeC,5,9, SeC,5,9, BeC,5,9, DeC,5,9, TeC,5,9, HeC,5,9, PeD,5,9, SeD,5,9, BeD,5,9, DeD,5,9, TeD,5,9, HeD,5,9, PeE,5,9, SeE,5,9, BeE,5,9, DeE,5,9, TeE,5,9, HeE,5,9, PeF,5,9, SeF,5,9, BeF,5,9, DeF,5,9, TeF,5,9, HeF,5,9, PeG,5,9, SeG,5,9, BeG,5,9, DeG,5,9, TeG,5,9, HeG,5,9, PeH,5,9, SeH,5,9, BeH,5,9, DeH,5,9, TeH,5,9, HeH,5,9, PeI,5,9, SeI,5,9, BeI,5,9, DeI,5,9, TeI,5,9, HeI,5,9, PeJ,5,9, SeJ,5,9, BeJ,5,9, DeJ,5,9, TeJ,5,9, HeJ,5,9, PeK,5,9, SeK,5,9, BeK,5,9, DeK,5,9, TeK,5,9, HeK,5,9, PeL,5,9, SeL,5,9, BeL,5,9, DeL,5,9, TeL,5,9, HeL,5,9, PeM,5,9, SeM,5,9, BeM,5,9, DeM,5,9, TeM,5,9, HeM,5,9, PeN,5,9, SeN,5,9, BeN,5,9, DeN,5,9, TeN,5,9, HeN,5,9, PfA,5,9, SfA,5,9, BfA,5,9, DfA,5,9, TfA,5,9, HfA,5,9, PfB,5,9, SfB,5,9, BfB,5,9, DfB,5,9, TfB,5,9, HfB,5,9, PfC,5,9, SfC,5,9, BfC,5,9, DfC,5,9, TfC,5,9, HfC,5,9, PfD,5,9, SfD,5,9, BfD,5,9, DfD,5,9, TfD,5,9, HfD,5,9, PfE,5,9, SfE,5,9, BfE,5,9, DfE,5,9, TfE,5,9, HfE,5,9, PfF,5,9, SfF,5,9, BfF,5,9, DfF,5,9, TfF,5,9, HfF,5,9, PfG,5,9, SfG,5,9, BfG,5,9, DfG,5,9, TfG,5,9, HfG,5,9, PfH,5,9, SfH,5,9, BfH,5,9, DfH,5,9, TfH,5,9, HfH,5,9, PfI,5,9, SfI,5,9, BfI,5,9, DfI,5,9, TfI,5,9, HfI,5,9, PfJ,5,9, SfJ,5,9, BfJ,5,9, DfJ,5,9, TfJ,5,9, HfJ,5,9, PfK,5,9, SfK,5,9, BfK,5,9, DfK,5,9, TfK,5,9, HfK,5,9, PfL,5,9, SfL,5,9, BfL,5,9, DfL,5,9, TfL,5,9, HfL,5,9, PfM,5,9, SfM,5,9, BfM,5,9, DfM,5,9, TfM,5,9, HfM,5,9, PfN,5,9, SfN,5,9, BfN,5,9, DfN,5,9, TfN,5,9, HfN,5,9, PgA,5,9, SgA,5,9, BgA,5,9, DgA,5,9, TgA,5,9, HgA,5,9, PgB,5,9, SgB,5,9, BgB,5,9, DgB,5,9, TgB,5,9, HgB,5,9, PgC,5,9, SgC,5,9, BgC,5,9, DgC,5,9, TgC,5,9, HgC,5,9, PgD,5,9, SgD,5,9, BgD,5,9, DgD,5,9, TgD,5,9, HgD,5,9, IgE,5,12, CgE,0,8, FgE,6,8, PgF,5,9, SgF,5,9, BgF,5,9, DgF,5,9, TgF,5,9, HgF,5,9, PgG,5,9, SgG,5,9, BgG,5,9, DgG,5,9, TgG,5,9, HgG,5,9, PgH,5,9, SgH,5,9, BgH,5,9, DgH,5,9, TgH,5,9, HgH,5,9, PgI,5,9, SgI,5,9, BgI,5,9, DgI,5,9, TgI,5,9, HgI,5,9, PgJ,5,9, SgJ,5,9, BgJ,5,9, DgJ,5,9, TgJ,5,9, HgJ,5,9, PgK,5,9, SgK,5,9, BgK,5,9, DgK,5,9, TgK,5,9, HgK,5,9, PgL,5,9, SgL,5,9, BgL,5,9, DgL,5,9, TgL,5,9, HgL,5,9, PgM,5,9, SgM,5,9, BgM,5,9, DgM,5,9, TgM,5,9, HgM,5,9, PgN,5,9, SgN,5,9, BgN,5,9, DgN,5,9, TgN,5,9, HgN,5,9, PhA,5,9, ShA,5,9, BhA,5,9, DhA,5,9, ThA,5,9, HhA,5,9, PhB,5,9, ShB,5,9, BhB,5,9, DhB,5,9, ThB,5,9, HhB,5,9, PhC,5,9, ShC,5,9, BhC,5,9, DhC,5,9, ThC,5,9, HhC,5,9, PhD,5,9, ShD,5,9, BhD,5,9, DhD,5,9, ThD,5,9, HhD,5,9, PhE,5,9, ShE,5,9, BhE,5,9, DhE,5,9, ThE,5,9, HhE,5,9, PhF,5,9, ShF,5,9, BhF,5,9, DhF,5,9, ThF,5,9, HhF,5,9, PhG,5,9, ShG,5,9, BhG,5,9, DhG,5,9, ThG,5,9, HhG,5,9, PhH,5,9, ShH,5,9, BhH,5,9, DhH,5,9, ThH,5,9, HhH,5,9, PhI,5,9, ShI,5,9, BhI,5,9, DhI,5,9, ThI,5,9, HhI,5,9, PhJ,5,9, ShJ,5,9, BhJ,5,9, DhJ,5,9, ThJ,5,9, HhJ,5,9, PhK,5,9, ShK,5,9, BhK,5,9, DhK,5,9, ThK,5,9, HhK,5,9, PhL,5,9, ShL,5,9, BhL,5,9, DhL,5,9, ThL,5,9, HhL,5,9, PhM,5,9, ShM,5,9, BhM,5,9, DhM,5,9, ThM,5,9, HhM,5,9, PhN,5,9, ShN,5,9, BhN,5,9, DhN,5,9, ThN,5,9, HhN,5,9, PiA,5,9, SiA,5,9, BiA,5,9, DiA,5,9, TiA,5,9, HiA,5,9, PiB,5,9, SiB,5,9, BiB,5,9, DiB,5,9, TiB,5,9, HiB,5,9, PiC,5,9, SiC,5,9, BiC,5,9, DiC,5,9, TiC,5,9, HiC,5,9, PiD,5,9, SiD,5,9, BiD,5,9, DiD,5,9, TiD,5,9, HiD,5,9, PiE,5,9, SiE,5,9, BiE,5,9, DiE,5,9, TiE,5,9, HiE,5,9, PiF,5,9, SiF,5,9, BiF,5,9, DiF,5,9, TiF,5,9, HiF,5,9, PiG,5,9, SiG,5,9, BiG,5,9, DiG,5,9, TiG,5,9, HiG,5,9, PiH,5,9, SiH,5,9, BiH,5,9, DiH,5,9, TiH,5,9, HiH,5,9, PiI,5,9, SiI,5,9, BiI,5,9, DiI,5,9, TiI,5,9, HiI,5,9, PiJ,5,9, SiJ,5,9, BiJ,5,9, DiJ,5,9, TiJ,5,9, HiJ,5,9, PiK,5,9, SiK,5,9, BiK,5,9, DiK,5,9, TiK,5,9, HiK,5,9, PiL,5,9, SiL,5,9, BiL,5,9, DiL,5,9, TiL,5,9, HiL,5,9, PiM,5,9, SiM,5,9, BiM,5,9, DiM,5,9, TiM,5,9, HiM,5,9, PiN,5,9, SiN,5,9, BiN,5,9, DiN,5,9, TiN,5,9, HiN,5,9, PjA,5,9, SjA,5,9, BjA,5,9, DjA,5,9, TjA,5,9, HjA,5,9, PjB,5,9, SjB,5,9, BjB,5,9, DjB,5,9, TjB,5,9, HjB,5,9, PjC,5,9, SjC,5,9, BjC,5,9, DjC,5,9, TjC,5,9, HjC,5,9, PjD,5,9, SjD,5,9, BjD,5,9, DjD,5,9, TjD,5,9, HjD,5,9, PjE,5,9, SjE,5,9, BjE,5,9, DjE,5,9, TjE,5,9, HjE,5,9, PjF,5,9, SjF,5,9, BjF,5,9, DjF,5,9, TjF,5,9, HjF,5,9, PjG,5,9, SjG,5,9, BjG,5,9, DjG,5,9, TjG,5,9, HjG,5,9, PjH,5,9, SjH,5,9, BjH,5,9, DjH,5,9, TjH,5,9, HjH,5,9, PjI,5,9, SjI,5,9, BjI,5,9, DjI,5,9, TjI,5,9, HjI,5,9, PjJ,5,9, SjJ,5,9, BjJ,5,9, DjJ,5,9, TjJ,5,9, HjJ,5,9, PjK,5,9, SjK,5,9, BjK,5,9, DjK,5,9, TjK,5,9, HjK,5,9, PjL,5,9, SjL,5,9, BjL,5,9, DjL,5,9, TjL,5,9, HjL,5,9, PjM,5,9, SjM,5,9, BjM,5,9, DjM,5,9, TjM,5,9, HjM,5,9, PjN,5,9, SjN,5,9, BjN,5,9, DjN,5,9, TjN,5,9, HjN,5,9, PkA,5,9, SkA,5,9, BkA,5,9, DkA,5,9, TkA,5,9, HkA,5,9, PkB,5,9, SkB,5,9, BkB,5,9, DkB,5,9, TkB,5,9, HkB,5,9, PkC,5,9, SkC,5,9, BkC,5,9, DkC,5,9, TkC,5,9, HkC,5,9, PkD,5,9, SkD,5,9, BkD,5,9, DkD,5,9, TkD,5,9, HkD,5,9, PkE,5,9, SkE,5,9, BkE,5,9, DkE,5,9, TkE,5,9, HkE,5,9, PkF,5,9, SkF,5,9, BkF,5,9, DkF,5,9, TkF,5,9, HkF,5,9, PkG,5,9, SkG,5,9, BkG,5,9, DkG,5,9, TkG,5,9, HkG,5,9, PkH,5,9, SkH,5,9, BkH,5,9, DkH,5,9, TkH,5,9, HkH,5,9, PkI,5,9, SkI,5,9, BkI,5,9, DkI,5,9, TkI,5,9, HkI,5,9, PkJ,5,9, SkJ,5,9, BkJ,5,9, DkJ,5,9, TkJ,5,9, HkJ,5,9, PkK,5,9, SkK,5,9, BkK,5,9, DkK,5,9, TkK,5,9, HkK,5,9, PkL,5,9, SkL,5,9, BkL,5,9, DkL,5,9, TkL,5,9, HkL,5,9, PkM,5,9, SkM,5,9, BkM,5,9, DkM,5,9, TkM,5,9, HkM,5,9, PkN,5,9, SkN,5,9, BkN,5,9, DkN,5,9, TkN,5,9, HkN,5,9, PlA,5,9, SlA,5,9, BlA,5,9, DlA,5,9, TlA,5,9, HlA,5,9, PlB,5,9, SlB,5,9, BlB,5,9, DlB,5,9, TlB,5,9, HlB,5,9, PlC,5,9, SlC,5,9, BlC,5,9, DlC,5,9, TlC,5,9, HlC,5,9, PlD,5,9, SlD,5,9, BlD,5,9, DlD,5,9, TlD,5,9, HlD,5,9, PlE,5,9, SlE,5,9, BlE,5,9, DlE,5,9, TlE,5,9, HlE,5,9, PlF,5,9, SlF,5,9, BlF,5,9, DlF,5,9, TlF,5,9, HlF,5,9, PlG,5,9, SlG,5,9, BlG,5,9, DlG,5,9, TlG,5,9, HlG,5,9, PlH,5,9, SlH,5,9, BlH,5,9, DlH,5,9, TlH,5,9, HlH,5,9, PlI,5,9, SlI,5,9, BlI,5,9, DlI,5,9, TlI,5,9, HlI,5,9, PlJ,5,9, SlJ,5,9, BlJ,5,9, DlJ,5,9, TlJ,5,9, HlJ,5,9, PlK,5,9, SlK,5,9, BlK,5,9, DlK,5,9, TlK,5,9, HlK,5,9, PlL,5,9, SlL,5,9, BlL,5,9, DlL,5,9, TlL,5,9, HlL,5,9, PlM,5,9, SlM,5,9, BlM,5,9, DlM,5,9, TlM,5,9, HlM,5,9, PlN,5,9, SlN,5,9, BlN,5,9, DlN,5,9, TlN,5,9, HlN,5,9, PmA,5,9, SmA,5,9, BmA,5,9, DmA,5,9, TmA,5,9, HmA,5,9, PmB,5,9, SmB,5,9, BmB,5,9, DmB,5,9, TmB,5,9, HmB,5,9, PmC,5,9, SmC,5,9, BmC,5,9, DmC,5,9, TmC,5,9, HmC,5,9, PmD,5,9, SmD,5,9, BmD,5,9, DmD,5,9, TmD,5,9, HmD,5,9, PmE,5,9, SmE,5,9, BmE,5,9, DmE,5,9, TmE,5,9, HmE,5,9, PmF,5,9, SmF,5,9, BmF,5,9, DmF,5,9, TmF,5,9, HmF,5,9, PmG,5,9, SmG,5,9, BmG,5,9, DmG,5,9, TmG,5,9, HmG,5,9, PmH,5,9, SmH,5,9, BmH,5,9, DmH,5,9, TmH,5,9, HmH,5,9, PmI,5,9, SmI,5,9, BmI,5,9, DmI,5,9, TmI,5,9, HmI,5,9, PmJ,5,9, SmJ,5,9, BmJ,5,9, DmJ,5,9, TmJ,5,9, HmJ,5,9, PmK,5,9, SmK,5,9, BmK,5,9, DmK,5,9, TmK,5,9, HmK,5,9, PmL,5,9, SmL,5,9, BmL,5,9, DmL,5,9, TmL,5,9, HmL,5,9, PmM,5,9, SmM,5,9, BmM,5,9, DmM,5,9, TmM,5,9, HmM,5,9, PmN,5,9, SmN,5,9, BmN,5,9, DmN,5,9, TmN,5,9, HmN,5,9, PnA,5,9, SnA,5,9, BnA,5,9, DnA,5,9, TnA,5,9, HnA,5,9, PnB,5,9, SnB,5,9, BnB,5,9, DnB,5,9, TnB,5,9, HnB,5,9, PnC,5,9, SnC,5,9, BnC,5,9, DnC,5,9, TnC,5,9, HnC,5,9, PnD,5,9, SnD,5,9, BnD,5,9, DnD,5,9, TnD,5,9, HnD,5,9, PnE,5,9, SnE,5,9, BnE,5,9, DnE,5,9, TnE,5,9, HnE,5,9, PnF,5,9, SnF,5,9, BnF,5,9, DnF,5,9, TnF,5,9, HnF,5,9, PnG,5,9, SnG,5,9, BnG,5,9, DnG,5,9, TnG,5,9, HnG,5,9, PnH,5,9, SnH,5,9, BnH,5,9, DnH,5,9, TnH,5,9, HnH,5,9, PnI,5,9, SnI,5,9, BnI,5,9, DnI,5,9, TnI,5,9, HnI,5,9, PnJ,5,9, SnJ,5,9, BnJ,5,9, DnJ,5,9, TnJ,5,9, HnJ,5,9, PnK,5,9, SnK,5,9, BnK,5,9, DnK,5,9, TnK,5,9, HnK,5,9, PnL,5,9, SnL,5,9, BnL,5,9, DnL,5,9, TnL,5,9, HnL,5,9, PnM,5,9, SnM,5,9, BnM,5,9, DnM,5,9, TnM,5,9, HnM,5,9, PnN,5,9, SnN,5,9, BnN,5,9, DnN,5,9, TnN,5,9, HnN,5,9]
]]></system-out>
  <system-err><![CDATA[]]></system-err>
</testsuite>
