<?xml version="1.0" encoding="UTF-8" ?>
<testsuite errors="0" failures="0" hostname="MSI" name="biosphere7.JoueurBiosphere7Test" skipped="0" tests="3" time="0.401" timestamp="2019-11-30T17:52:35">
  <properties>
    <property name="" value="======" />
    <property name="libs.javaee-api-6.0.classpath" value="C:\NetBeans\netbeans\enterprise\modules\ext\javaee-api-6.0.jar" />
    <property name="libs.spring-framework300.classpath" value="C:\NetBeans\netbeans\ide\modules\org-apache-commons-logging.jar;C:\NetBeans\netbeans\java\modules\ext\cglib-2.2.jar;C:\NetBeans\netbeans\java\modules\ext\spring-3.0\spring-aop-3.2.7.RELEASE.jar;C:\NetBeans\netbeans\java\modules\ext\spring-3.0\spring-aspects-3.2.7.RELEASE.jar;C:\NetBeans\netbeans\java\modules\ext\spring-3.0\spring-beans-3.2.7.RELEASE.jar;C:\NetBeans\netbeans\java\modules\ext\spring-3.0\spring-build-src-3.2.7.RELEASE.jar;C:\NetBeans\netbeans\java\modules\ext\spring-3.0\spring-context-3.2.7.RELEASE.jar;C:\NetBeans\netbeans\java\modules\ext\spring-3.0\spring-context-support-3.2.7.RELEASE.jar;C:\NetBeans\netbeans\java\modules\ext\spring-3.0\spring-core-3.2.7.RELEASE.jar;C:\NetBeans\netbeans\java\modules\ext\spring-3.0\spring-expression-3.2.7.RELEASE.jar;C:\NetBeans\netbeans\java\modules\ext\spring-3.0\spring-framework-bom-3.2.7.RELEASE.jar;C:\NetBeans\netbeans\java\modules\ext\spring-3.0\spring-instrument-3.2.7.RELEASE.jar;C:\NetBeans\netbeans\java\modules\ext\spring-3.0\spring-instrument-tomcat-3.2.7.RELEASE.jar;C:\NetBeans\netbeans\java\modules\ext\spring-3.0\spring-jdbc-3.2.7.RELEASE.jar;C:\NetBeans\netbeans\java\modules\ext\spring-3.0\spring-jms-3.2.7.RELEASE.jar;C:\NetBeans\netbeans\java\modules\ext\spring-3.0\spring-orm-3.2.7.RELEASE.jar;C:\NetBeans\netbeans\java\modules\ext\spring-3.0\spring-oxm-3.2.7.RELEASE.jar;C:\NetBeans\netbeans\java\modules\ext\spring-3.0\spring-struts-3.2.7.RELEASE.jar;C:\NetBeans\netbeans\java\modules\ext\spring-3.0\spring-test-3.2.7.RELEASE.jar;C:\NetBeans\netbeans\java\modules\ext\spring-3.0\spring-tx-3.2.7.RELEASE.jar;C:\NetBeans\netbeans\java\modules\ext\spring-3.0\spring-web-3.2.7.RELEASE.jar;C:\NetBeans\netbeans\java\modules\ext\spring-3.0\spring-webmvc-3.2.7.RELEASE.jar;C:\NetBeans\netbeans\java\modules\ext\spring-3.0\spring-webmvc-portlet-3.2.7.RELEASE.jar" />
    <property name="javac.test.classpath" value=":build/classes:C:\NetBeans\netbeans\platform\modules\ext\hamcrest-core-1.3.jar:C:\NetBeans\netbeans\platform\modules\ext\junit-4.12.jar" />
    <property name="javac.includesfile.binary" value="C:\Users\Zail3\Desktop\Biosphere\biosphere7\biosphere7\null1827631152" />
    <property name="java.specification.version" value="13" />
    <property name="libs.javaee-api-7.0.classpath" value="C:\NetBeans\netbeans\enterprise\modules\ext\javaee-api-7.0.jar" />
    <property name="sun.cpu.isalist" value="amd64" />
    <property name="libs.restapi.maven-pom" value="" />
    <property name="jar.index.metainf" value="false" />
    <property name="javadoc.preview" value="true" />
    <property name="do.depend" value="false" />
    <property name="libs.spring-webmvc4.0.javadoc" value="" />
    <property name="libs.spring-framework400.classpath" value="C:\NetBeans\netbeans\ide\modules\org-apache-commons-logging.jar;C:\NetBeans\netbeans\java\modules\ext\cglib-2.2.jar;C:\NetBeans\netbeans\java\modules\ext\spring-4\spring-aop-4.0.1.RELEASE.jar;C:\NetBeans\netbeans\java\modules\ext\spring-4\spring-aspects-4.0.1.RELEASE.jar;C:\NetBeans\netbeans\java\modules\ext\spring-4\spring-beans-4.0.1.RELEASE.jar;C:\NetBeans\netbeans\java\modules\ext\spring-4\spring-build-src-4.0.1.RELEASE.jar;C:\NetBeans\netbeans\java\modules\ext\spring-4\spring-context-4.0.1.RELEASE.jar;C:\NetBeans\netbeans\java\modules\ext\spring-4\spring-context-support-4.0.1.RELEASE.jar;C:\NetBeans\netbeans\java\modules\ext\spring-4\spring-core-4.0.1.RELEASE.jar;C:\NetBeans\netbeans\java\modules\ext\spring-4\spring-expression-4.0.1.RELEASE.jar;C:\NetBeans\netbeans\java\modules\ext\spring-4\spring-framework-bom-4.0.1.RELEASE.jar;C:\NetBeans\netbeans\java\modules\ext\spring-4\spring-instrument-4.0.1.RELEASE.jar;C:\NetBeans\netbeans\java\modules\ext\spring-4\spring-instrument-tomcat-4.0.1.RELEASE.jar;C:\NetBeans\netbeans\java\modules\ext\spring-4\spring-jdbc-4.0.1.RELEASE.jar;C:\NetBeans\netbeans\java\modules\ext\spring-4\spring-jms-4.0.1.RELEASE.jar;C:\NetBeans\netbeans\java\modules\ext\spring-4\spring-messaging-4.0.1.RELEASE.jar;C:\NetBeans\netbeans\java\modules\ext\spring-4\spring-orm-4.0.1.RELEASE.jar;C:\NetBeans\netbeans\java\modules\ext\spring-4\spring-oxm-4.0.1.RELEASE.jar;C:\NetBeans\netbeans\java\modules\ext\spring-4\spring-test-4.0.1.RELEASE.jar;C:\NetBeans\netbeans\java\modules\ext\spring-4\spring-tx-4.0.1.RELEASE.jar;C:\NetBeans\netbeans\java\modules\ext\spring-4\spring-web-4.0.1.RELEASE.jar;C:\NetBeans\netbeans\java\modules\ext\spring-4\spring-webmvc-4.0.1.RELEASE.jar;C:\NetBeans\netbeans\java\modules\ext\spring-4\spring-webmvc-portlet-4.0.1.RELEASE.jar;C:\NetBeans\netbeans\java\modules\ext\spring-4\spring-websocket-4.0.1.RELEASE.jar" />
    <property name="test.binaryincludes" value="&lt;nothing&gt;" />
    <property name="sun.arch.data.model" value="64" />
    <property name="nb.show.statistics.ui" value="usageStatisticsEnabled" />
    <property name="libs.javaee-endorsed-api-7.0.src" value="" />
    <property name="debug-transport" value="dt_shmem" />
    <property name="libs.javaee-web-api-8.0.src" value="" />
    <property name="java.vendor.url" value="https://java.oracle.com/" />
    <property name="annotation.processing.enabled" value="true" />
    <property name="libs.junit_5.src" value="C:\NetBeans\netbeans\platform\docs\junit-jupiter-api-5.3.1-sources.jar;C:\NetBeans\netbeans\platform\docs\junit-jupiter-params-5.3.1-sources.jar;C:\NetBeans\netbeans\platform\docs\junit-jupiter-engine-5.3.1-sources.jar" />
    <property name="libs.jaxb.classpath" value="C:\NetBeans\netbeans\ide\modules\ext\jaxb\jaxb-impl-2.2.5-2.jar;C:\NetBeans\netbeans\ide\modules\ext\jaxb\jaxb-xjc-2.2.5-2.jar;C:\NetBeans\netbeans\ide\modules\ext\jaxb\jaxb1-impl-2.2.5-2.jar;C:\NetBeans\netbeans\ide\modules\ext\jaxb\activation.jar;C:\NetBeans\netbeans\ide\modules\ext\jaxb\api\jaxb-api.jar" />
    <property name="debug.modulepath" value="" />
    <property name="libs.eclipselink.javadoc" value="" />
    <property name="libs.jsp-compilation.src" value="" />
    <property name="libs.javaee-api-8.0.classpath" value="C:\NetBeans\netbeans\enterprise\modules\ext\javaee-api-8.0.jar" />
    <property name="libs.JWSAntTasks.javadoc" value="" />
    <property name="sun.boot.library.path" value="C:\Program Files\Java\jdk-13.0.1\bin" />
    <property name="libs.CopyLibs.src" value="" />
    <property name="sun.java.command" value="org.apache.tools.ant.taskdefs.optional.junit.JUnitTestRunner biosphere7.JoueurBiosphere7Test skipNonTests=false filtertrace=true haltOnError=false haltOnFailure=false showoutput=true outputtoformatters=true logfailedtests=true threadid=0 logtestlistenerevents=true formatter=org.apache.tools.ant.taskdefs.optional.junit.BriefJUnitResultFormatter formatter=org.apache.tools.ant.taskdefs.optional.junit.XMLJUnitResultFormatter,C:\Users\Zail3\Desktop\Biosphere\biosphere7\biosphere7\build\test\results\TEST-biosphere7.JoueurBiosphere7Test.xml crashfile=C:\Users\Zail3\Desktop\Biosphere\biosphere7\biosphere7\build\junitvmwatcher10958279129391338865.properties propsfile=C:\Users\Zail3\Desktop\Biosphere\biosphere7\biosphere7\build\junit16747578446235990741.properties" />
    <property name="jdk.debug" value="release" />
    <property name="libs.spring-framework300.src" value="" />
    <property name="java.specification.vendor" value="Oracle Corporation" />
    <property name="javac.source" value="1.8" />
    <property name="javadoc.use" value="true" />
    <property name="libs.javac-api.maven-pom" value="" />
    <property name="java.version.date" value="2019-10-15" />
    <property name="javadoc.notree" value="false" />
    <property name="java.home" value="C:\Program Files\Java\jdk-13.0.1" />
    <property name="basedir" value="C:\Users\Zail3\Desktop\Biosphere\biosphere7\biosphere7" />
    <property name="application.vendor" value="ogauwin" />
    <property name="work.dir" value="C:\Users\Zail3\Desktop\Biosphere\biosphere7\biosphere7" />
    <property name="javac.test.compilerargs" value="" />
    <property name="jna.boot.library.name" value="jnidispatch-nb" />
    <property name="java.vm.specification.vendor" value="Oracle Corporation" />
    <property name="java.specification.name" value="Java Platform API Specification" />
    <property name="libs.PostgreSQLDriver.classpath" value="C:\NetBeans\netbeans\ide\modules\ext\postgresql-42.2.5.jar" />
    <property name="libs.javac-api.javadoc" value="" />
    <property name="libs.spring-webmvc3.0.javadoc" value="" />
    <property name="libs.JAXB-ENDORSED.src" value="" />
    <property name="libs.jsf20.classpath" value="C:\NetBeans\netbeans\enterprise\modules\ext\jsf-2_2\javax.faces.jar" />
    <property name="netbeans.extbrowser.manual_chrome_plugin_install" value="yes" />
    <property name="user.script" value="" />
    <property name="manifest.encoding" value="UTF-8" />
    <property name="netbeans.default_userdir_root" value="C:\Users\Zail3\AppData\Roaming\NetBeans" />
    <property name="sun.management.compiler" value="HotSpot 64-Bit Tiered Compilers" />
    <property name="libs.spring-framework400.src" value="" />
    <property name="libs.jsp-compilation-syscp.src" value="" />
    <property name="jdk.home" value="C:\Program Files\Java\jdk-13.0.1" />
    <property name="run.test.modulepath" value="" />
    <property name="java.runtime.version" value="13.0.1+9" />
    <property name="libs.maven-dependencies.src" value="" />
    <property name="libs.eclipselink.maven-pom" value="" />
    <property name="libs.javaee-web-api-6.0.classpath" value="C:\NetBeans\netbeans\enterprise\modules\ext\javaee-web-api-6.0.jar" />
    <property name="libs.jsp-compiler.javadoc" value="" />
    <property name="libs.metro.maven-pom" value="" />
    <property name="libs.JAXB-ENDORSED.javadoc" value="" />
    <property name="debug.test.modulepath" value="" />
    <property name="libs.javaee-web-api-7.0.classpath" value="C:\NetBeans\netbeans\enterprise\modules\ext\javaee-web-api-7.0.jar" />
    <property name="file.encoding" value="Cp1252" />
    <property name="sun.java2d.noddraw" value="true" />
    <property name="sun.zip.disableMemoryMapping" value="true" />
    <property name="java.util.logging.config.class" value="org.netbeans.core.startup.TopLogging" />
    <property name="libs.maven-dependencies.maven-pom" value="" />
    <property name="jnidispatch.path" value="C:\Users\Zail3\AppData\Local\Temp\jna-86110921\jna17104285048891386160.dll" />
    <property name="libs.jsf12.src" value="" />
    <property name="libs.primefaces.javadoc" value="" />
    <property name="libs.jsp-compilation.javadoc" value="" />
    <property name="https.nonProxyHosts" value="localhost|127.0.0.1|MSI" />
    <property name="libs.restlib.javadoc" value="" />
    <property name="libs.groovy-all.maven-pom" value="" />
    <property name="libs.restapi.src" value="" />
    <property name="libs.junit_5.javadoc" value="C:\NetBeans\netbeans\platform\docs\junit-jupiter-api-5.3.1-javadoc.jar;C:\NetBeans\netbeans\platform\docs\junit-jupiter-params-5.3.1-javadoc.jar;C:\NetBeans\netbeans\platform\docs\junit-jupiter-engine-5.3.1-javadoc.jar" />
    <property name="libs.absolutelayout.classpath" value="C:\NetBeans\netbeans\java\modules\ext\AbsoluteLayout.jar" />
    <property name="dist.archive.excludes" value="" />
    <property name="java.io.tmpdir" value="C:\Users\Zail3\AppData\Local\Temp\" />
    <property name="do.archive" value="true" />
    <property name="java.version" value="13.0.1" />
    <property name="libs.struts.maven-pom" value="" />
    <property name="java.vm.specification.name" value="Java Virtual Machine Specification" />
    <property name="built-jar.properties" value="C:\Users\Zail3\Desktop\Biosphere\biosphere7\biosphere7\build\built-jar.properties" />
    <property name="nb.native.filechooser" value="false" />
    <property name="libs.testng.src" value="" />
    <property name="platform.active" value="default_platform" />
    <property name="ant.file.type.Biosphere7" value="file" />
    <property name="java.library.path" value="C:\Program Files\Java\jdk-13.0.1\bin;C:\WINDOWS\Sun\Java\bin;C:\WINDOWS\system32;C:\WINDOWS;C:\ProgramData\Oracle\Java\javapath;C:\Program Files (x86)\Common Files\Intel\Shared Libraries\redist\intel64\compiler;C:\Program Files (x86)\Intel\iCLS Client\;C:\Program Files\Intel\iCLS Client\;C:\Windows\system32;C:\Windows;C:\Windows\System32\Wbem;C:\Windows\System32\WindowsPowerShell\v1.0\;C:\Program Files (x86)\NVIDIA Corporation\PhysX\Common;C:\Program Files (x86)\Intel\Intel(R) Management Engine Components\DAL;C:\Program Files\Intel\Intel(R) Management Engine Components\DAL;C:\Program Files (x86)\Intel\Intel(R) Management Engine Components\IPT;C:\Program Files\Intel\Intel(R) Management Engine Components\IPT;&quot;C:\WINDOWS\system32;C:\Python&quot;;C:\WINDOWS;C:\WINDOWS\System32\Wbem;C:\WINDOWS\System32\WindowsPowerShell\v1.0\;C:\WINDOWS\System32\OpenSSH\;C:\Users\Zail3\AppData\Local\Programs\Python\Python37-32;C:\WINDOWS\system32;C:\Program Files\Git\cmd;C:\Users\Zail3\AppData\Roaming\Dashlane\6.1907.0.17833\bin\Firefox_Extension\{442718d9-475e-452a-b3e1-fb1ee16b8e9f}\components;C:\Users\Zail3\AppData\Roaming\Dashlane\6.1907.0.17833\ucrt;C:\Users\Zail3\AppData\Roaming\Dashlane\6.1907.0.17833\bin\Qt;C:\Users\Zail3\AppData\Roaming\Dashlane\6.1907.0.17833\bin\Ssl;C:\Users\Zail3\AppData\Local\Microsoft\WindowsApps;C:\Users\Zail3\AppData\Local\GitHubDesktop\bin;C:\Users\Zail3\AppData\Local\Programs\Microsoft VS Code\bin;." />
    <property name="libs.javaee-web-api-8.0.classpath" value="C:\NetBeans\netbeans\enterprise\modules\ext\javaee-web-api-8.0.jar" />
    <property name="libs.hamcrest.src" value="" />
    <property name="java.vendor" value="Oracle Corporation" />
    <property name="manifest.file" value="manifest.mf" />
    <property name="libs.groovy-all.src" value="" />
    <property name="libs.testng.javadoc" value="C:\NetBeans\netbeans\platform\docs\testng-6.8.1-javadoc.zip" />
    <property name="meta.inf.dir" value="src/META-INF" />
    <property name="sun.io.unicode.encoding" value="UnicodeLittle" />
    <property name="libs.testng.maven-pom" value="" />
    <property name="&lt;&lt;&lt;&lt;&lt;&lt;&lt;" value="HEAD" />
    <property name="libs.struts.javadoc" value="C:\NetBeans\netbeans\enterprise\docs\struts-1.3.10-javadoc.zip" />
    <property name="org.openide.version" value="deprecated" />
    <property name="default.javac.source" value="13" />
    <property name="test.includes" value="biosphere7/JoueurBiosphere7Test.java" />
    <property name="netbeans.dynamic.classpath" value="C:\NetBeans\netbeans\platform\core\asm-all-5.0.1.jar;C:\NetBeans\netbeans\platform\core\core-base.jar;C:\NetBeans\netbeans\platform\core\core.jar;C:\NetBeans\netbeans\platform\core\org-netbeans-libs-asm.jar;C:\NetBeans\netbeans\platform\core\org-openide-filesystems-compat8.jar;C:\NetBeans\netbeans\platform\core\org-openide-filesystems.jar;C:\NetBeans\netbeans\nb\core\org-netbeans-upgrader.jar;C:\NetBeans\netbeans\nb\core\locale\core_nb.jar" />
    <property name="libs.javaee-web-api-8.0.javadoc" value="C:\NetBeans\netbeans\enterprise\docs\javaee-doc-api.jar" />
    <property name="run.classpath" value=":build/classes" />
    <property name="libs.jaxb.src" value="" />
    <property name="libs.eclipselinkmodelgen.classpath" value="C:\NetBeans\netbeans\java\modules\ext\eclipselink\org.eclipse.persistence.jpa.modelgen.processor-2.5.2.jar" />
    <property name="sun.awt.enableExtraMouseButtons" value="true" />
    <property name="test.src.dir" value="test" />
    <property name="org.openide.major.version" value="IDE/1" />
    <property name="libs.spring-framework300.javadoc" value="" />
    <property name="netbeans.buildnumber" value="11.2-d04fb24027334c4b6fd8397b5d0cdd33187a8f54" />
    <property name="ap.proc.none.internal" value="" />
    <property name="endorsed.classpath.cmd.line.arg" value="" />
    <property name="org.openide.specification.version" value="6.2" />
    <property name="user.timezone" value="Europe/Paris" />
    <property name="libs.jpa20-persistence.maven-pom" value="" />
    <property name="jar.index" value="false" />
    <property name="libs.jpa20-persistence.classpath" value="C:\NetBeans\netbeans\java\modules\ext\eclipselink\javax.persistence-2.1.0.jar" />
    <property name="libs.eclipselinkmodelgen.javadoc" value="" />
    <property name="os.name" value="Windows 10" />
    <property name="libs.CopyLibs.maven-pom" value="" />
    <property name="libs.junit_5.classpath" value="C:\NetBeans\netbeans\platform\modules\ext\junit-jupiter-api-5.3.1.jar;C:\NetBeans\netbeans\platform\modules\ext\junit-jupiter-params-5.3.1.jar;C:\NetBeans\netbeans\platform\modules\ext\junit-jupiter-engine-5.3.1.jar" />
    <property name="java.vm.specification.version" value="13" />
    <property name="build.sysclasspath" value="ignore" />
    <property name="javadoc.noindex" value="false" />
    <property name="jdkBug6558476" value="false" />
    <property name="javadoc.private" value="false" />
    <property name="libs.spring-webmvc4.0.maven-pom" value="" />
    <property name="ant.file.type.Biosphere7-impl" value="file" />
    <property name="javadoc.author" value="false" />
    <property name="http.nonProxyHosts" value="localhost|127.0.0.1|MSI" />
    <property name="main.class" value="" />
    <property name="libs.JAXB-ENDORSED.maven-pom" value="" />
    <property name="libs.jsp-compilation-syscp.javadoc" value="" />
    <property name="user.home" value="C:\Users\Zail3" />
    <property name="source.encoding" value="UTF-8" />
    <property name="libs.eclipselinkmodelgen.maven-pom" value="" />
    <property name="jar.compress" value="false" />
    <property name="have.sources" value="true" />
    <property name="libs.javaee-api-7.0.javadoc" value="C:\NetBeans\netbeans\enterprise\docs\javaee-doc-api.jar" />
    <property name="annotation.processing.processors.list" value="" />
    <property name="javac.deprecation" value="false" />
    <property name="jlink.launcher" value="false" />
    <property name="libs.jsf20.maven-pom" value="" />
    <property name="libs.restlib.classpath" value="C:\NetBeans\netbeans\enterprise\modules\ext\jersey2\ext\asm-all-repackaged-2.2.0-b21.jar;C:\NetBeans\netbeans\enterprise\modules\ext\jersey2\ext\cglib-2.2.0-b21.jar;C:\NetBeans\netbeans\enterprise\modules\ext\jersey2\ext\guava-14.0.1.jar;C:\NetBeans\netbeans\enterprise\modules\ext\jersey2\ext\hk2-api-2.2.0-b21.jar;C:\NetBeans\netbeans\enterprise\modules\ext\jersey2\ext\hk2-locator-2.2.0-b21.jar;C:\NetBeans\netbeans\enterprise\modules\ext\jersey2\ext\hk2-utils-2.2.0-b21.jar;C:\NetBeans\netbeans\enterprise\modules\ext\jersey2\ext\javax.annotation-api-1.2.jar;C:\NetBeans\netbeans\enterprise\modules\ext\jersey2\ext\javax.inject-2.2.0-b21.jar;C:\NetBeans\netbeans\enterprise\modules\ext\jersey2\ext\javax.servlet-api-3.0.1.jar;C:\NetBeans\netbeans\enterprise\modules\ext\jersey2\ext\jaxb-api-2.2.7.jar;C:\NetBeans\netbeans\enterprise\modules\ext\jersey2\ext\jersey-entity-filtering-2.5.1.jar;C:\NetBeans\netbeans\enterprise\modules\ext\jersey2\ext\jersey-media-moxy-2.5.1.jar;C:\NetBeans\netbeans\enterprise\modules\ext\jersey2\ext\org.osgi.core-4.2.0.jar;C:\NetBeans\netbeans\enterprise\modules\ext\jersey2\ext\osgi-resource-locator-1.0.1.jar;C:\NetBeans\netbeans\enterprise\modules\ext\jersey2\ext\persistence-api-1.0.jar;C:\NetBeans\netbeans\enterprise\modules\ext\jersey2\ext\validation-api-1.1.0.Final.jar;C:\NetBeans\netbeans\enterprise\modules\ext\jersey2\jersey-client.jar;C:\NetBeans\netbeans\enterprise\modules\ext\jersey2\jersey-common.jar;C:\NetBeans\netbeans\enterprise\modules\ext\jersey2\jersey-container-servlet.jar;C:\NetBeans\netbeans\enterprise\modules\ext\jersey2\jersey-container-servlet-core.jar;C:\NetBeans\netbeans\enterprise\modules\ext\jersey2\jersey-server.jar" />
    <property name="build.generated.sources.dir" value="build/generated-sources" />
    <property name="apple.awt.graphics.UseQuartz" value="true" />
    <property name="plugin.manager.check.updates" value="false" />
    <property name="run.jvmargs" value="" />
    <property name="libs.primefaces.src" value="" />
    <property name="netbeans.autoupdate.language" value="fr" />
    <property name="build.compiler.emacs" value="true" />
    <property name="libs.eclipselinkmodelgen.src" value="" />
    <property name="build.classes.excludes" value="**/*.java,**/*.form" />
    <property name="dist.jar" value="dist/Biosphere7.jar" />
    <property name="ant.file" value="C:\Users\Zail3\Desktop\Biosphere\biosphere7\biosphere7\build.xml" />
    <property name="libs.struts.src" value="" />
    <property name="libs.spring-webmvc4.0.classpath" value="C:\NetBeans\netbeans\java\modules\ext\spring-4\spring-webmvc-4.0.1.RELEASE.jar" />
    <property name="path.separator" value=";" />
    <property name="libs.javaee-endorsed-api-7.0.javadoc" value="C:\NetBeans\netbeans\enterprise\docs\javaee-doc-api.jar" />
    <property name="os.version" value="10.0" />
    <property name="libs.JAXB-ENDORSED.classpath" value="C:\NetBeans\netbeans\ide\modules\ext\jaxb\api\jaxb-api.jar" />
    <property name="netbeans.home" value="C:\NetBeans\netbeans\platform" />
    <property name="libs.restlib.src" value="" />
    <property name="libs.CopyLibs.javadoc" value="" />
    <property name="debug-transport-by-os" value="dt_shmem" />
    <property name="build.test.results.dir" value="build/test/results" />
    <property name="libs.jsf20.src" value="" />
    <property name="libs.javaee-api-8.0.javadoc" value="C:\NetBeans\netbeans\enterprise\docs\javaee-doc-api.jar" />
    <property name="libs.jaxws21.javadoc" value="C:\NetBeans\netbeans\java\docs\jaxws-api-doc.zip" />
    <property name="libs.spring-framework400.maven-pom" value="" />
    <property name="ap.processors.internal" value="" />
    <property name="java.vm.name" value="Java HotSpot(TM) 64-Bit Server VM" />
    <property name="libs.jstl.javadoc" value="C:\NetBeans\netbeans\enterprise\docs\javaee-doc-api.jar" />
    <property name="libs.javaee-endorsed-api-7.0.maven-pom" value="" />
    <property name="libs.jsf12.classpath" value="C:\NetBeans\netbeans\enterprise\modules\ext\jsf-1_2\jsf-api.jar;C:\NetBeans\netbeans\enterprise\modules\ext\jsf-1_2\jsf-impl.jar" />
    <property name="libs.jaxws21.classpath" value="C:\NetBeans\netbeans\java\modules\ext\jaxws22\FastInfoset.jar;C:\NetBeans\netbeans\java\modules\ext\jaxws22\gmbal-api-only.jar;C:\NetBeans\netbeans\java\modules\ext\jaxws22\ha-api.jar;C:\NetBeans\netbeans\java\modules\ext\jaxws22\javax.mail_1.4.jar;C:\NetBeans\netbeans\java\modules\ext\jaxws22\jaxws-rt.jar;C:\NetBeans\netbeans\java\modules\ext\jaxws22\jaxws-tools.jar;C:\NetBeans\netbeans\java\modules\ext\jaxws22\management-api.jar;C:\NetBeans\netbeans\java\modules\ext\jaxws22\mimepull.jar;C:\NetBeans\netbeans\java\modules\ext\jaxws22\policy.jar;C:\NetBeans\netbeans\java\modules\ext\jaxws22\saaj-impl.jar;C:\NetBeans\netbeans\java\modules\ext\jaxws22\stax-ex.jar;C:\NetBeans\netbeans\java\modules\ext\jaxws22\stax2-api.jar;C:\NetBeans\netbeans\java\modules\ext\jaxws22\streambuffer.jar;C:\NetBeans\netbeans\java\modules\ext\jaxws22\woodstox-core-asl.jar;C:\NetBeans\netbeans\java\modules\ext\jaxws22\api\jaxws-api.jar;C:\NetBeans\netbeans\java\modules\ext\jaxws22\api\jsr181-api.jar;C:\NetBeans\netbeans\java\modules\ext\jaxws22\api\javax.annotation.jar;C:\NetBeans\netbeans\java\modules\ext\jaxws22\api\saaj-api.jar;C:\NetBeans\netbeans\ide\modules\ext\jaxb\activation.jar;C:\NetBeans\netbeans\ide\modules\ext\jaxb\api\jaxb-api.jar" />
    <property name="libs.restapi.classpath" value="C:\NetBeans\netbeans\enterprise\modules\ext\jaxrs-2.0\javax.ws.rs-api-2.0.jar" />
    <property name="os.arch" value="amd64" />
    <property name="libs.spring-framework400.javadoc" value="" />
    <property name="libs.hamcrest.javadoc" value="" />
    <property name="build.generated.dir" value="build/generated" />
    <property name="libs.javac-api.src" value="" />
    <property name="ant.file.Biosphere7-impl" value="C:\Users\Zail3\Desktop\Biosphere\biosphere7\biosphere7\nbproject\build-impl.xml" />
    <property name="libs.groovy-all.javadoc" value="" />
    <property name="libs.javaee-web-api-7.0.javadoc" value="C:\NetBeans\netbeans\enterprise\docs\javaee-doc-api.jar" />
    <property name="java.vm.info" value="mixed mode, sharing" />
    <property name="libs.primefaces.classpath" value="C:\NetBeans\netbeans\enterprise\modules\ext\primefaces\primefaces-5.0.jar" />
    <property name="libs.jaxws21.maven-pom" value="" />
    <property name="run.test.classpath" value=":build/classes:C:\NetBeans\netbeans\platform\modules\ext\hamcrest-core-1.3.jar:C:\NetBeans\netbeans\platform\modules\ext\junit-4.12.jar:build/test/classes" />
    <property name="libs.jsf12.maven-pom" value="" />
    <property name="libs.javaee-endorsed-api-7.0.classpath" value="C:\NetBeans\netbeans\enterprise\modules\ext\javaee7-endorsed\javax.annotation-api.jar;C:\NetBeans\netbeans\enterprise\modules\ext\javaee7-endorsed\javax.xml.soap-api.jar;C:\NetBeans\netbeans\enterprise\modules\ext\javaee7-endorsed\jaxb-api-osgi.jar;C:\NetBeans\netbeans\enterprise\modules\ext\javaee7-endorsed\jaxws-api.jar;C:\NetBeans\netbeans\enterprise\modules\ext\javaee7-endorsed\jsr181-api.jar" />
    <property name="java.class.version" value="57.0" />
    <property name="javadoc.encoding.used" value="UTF-8" />
    <property name="src.dir" value="src" />
    <property name="org.netbeans.io.suspend" value="0" />
    <property name="libs.primefaces.maven-pom" value="" />
    <property name="debug.classpath" value=":build/classes" />
    <property name="ant.project.default-target" value="default" />
    <property name="excludes" value="" />
    <property name="libs.javaee-api-7.0.src" value="" />
    <property name="ant.project.name" value="Biosphere7" />
    <property name="dist.javadoc.dir" value="dist/javadoc" />
    <property name="sun.jnu.encoding" value="Cp1252" />
    <property name="run.test.jvmargs" value="" />
    <property name="libs.junit_4.javadoc" value="C:\NetBeans\netbeans\platform\docs\junit-4.12-javadoc.jar" />
    <property name="default.javac.target" value="13" />
    <property name="javac.fork" value="true" />
    <property name="libs.spring-webmvc4.0.src" value="" />
    <property name="sun.java2d.dpiaware" value="true" />
    <property name="libs.eclipselink.classpath" value="C:\NetBeans\netbeans\java\modules\ext\eclipselink\org.eclipse.persistence.core-2.5.2.jar;C:\NetBeans\netbeans\java\modules\ext\eclipselink\org.eclipse.persistence.asm-2.5.2.jar;C:\NetBeans\netbeans\java\modules\ext\eclipselink\org.eclipse.persistence.antlr-2.5.2.jar;C:\NetBeans\netbeans\java\modules\ext\eclipselink\org.eclipse.persistence.jpa-2.5.2.jar;C:\NetBeans\netbeans\java\modules\ext\eclipselink\org.eclipse.persistence.jpa.jpql-2.5.2.jar;C:\NetBeans\netbeans\java\modules\ext\eclipselink\javax.persistence-2.1.0.jar" />
    <property name="libs.javac-api.classpath" value="" />
    <property name="libs.jsf20.javadoc" value="C:\NetBeans\netbeans\enterprise\docs\javaee-doc-api.jar" />
    <property name="libs.struts.classpath" value="C:\NetBeans\netbeans\enterprise\modules\ext\struts\antlr-2.7.2.jar;C:\NetBeans\netbeans\enterprise\modules\ext\struts\bsf-2.3.0.jar;C:\NetBeans\netbeans\enterprise\modules\ext\struts\commons-beanutils-1.8.0.jar;C:\NetBeans\netbeans\enterprise\modules\ext\struts\commons-chain-1.2.jar;C:\NetBeans\netbeans\enterprise\modules\ext\struts\commons-digester-1.8.jar;C:\NetBeans\netbeans\enterprise\modules\ext\struts\commons-fileupload-1.1.1.jar;C:\NetBeans\netbeans\enterprise\modules\ext\struts\commons-io-1.1.jar;C:\NetBeans\netbeans\enterprise\modules\ext\struts\commons-logging-1.0.4.jar;C:\NetBeans\netbeans\enterprise\modules\ext\struts\commons-validator-1.3.1.jar;C:\NetBeans\netbeans\enterprise\modules\ext\struts\jstl-1.0.2.jar;C:\NetBeans\netbeans\enterprise\modules\ext\struts\oro-2.0.8.jar;C:\NetBeans\netbeans\enterprise\modules\ext\struts\standard-1.0.6.jar;C:\NetBeans\netbeans\enterprise\modules\ext\struts\struts-core-1.3.10.jar;C:\NetBeans\netbeans\enterprise\modules\ext\struts\struts-el-1.3.10.jar;C:\NetBeans\netbeans\enterprise\modules\ext\struts\struts-extras-1.3.10.jar;C:\NetBeans\netbeans\enterprise\modules\ext\struts\struts-faces-1.3.10.jar;C:\NetBeans\netbeans\enterprise\modules\ext\struts\struts-mailreader-dao-1.3.10.jar;C:\NetBeans\netbeans\enterprise\modules\ext\struts\struts-scripting-1.3.10.jar;C:\NetBeans\netbeans\enterprise\modules\ext\struts\struts-taglib-1.3.10.jar;C:\NetBeans\netbeans\enterprise\modules\ext\struts\struts-tiles-1.3.10.jar" />
    <property name="netbeans.importclass" value="org.netbeans.upgrade.AutoUpgrade" />
    <property name="libs.PostgreSQLDriver.maven-pom" value="" />
    <property name="libs.absolutelayout.src" value="" />
    <property name="netbeans.autoupdate.version" value="1.23" />
    <property name="empty.dir" value="C:\Users\Zail3\Desktop\Biosphere\biosphere7\biosphere7\build\empty" />
    <property name="testng.mode" value="testng" />
    <property name="annotation.processing.enabled.in.editor" value="false" />
    <property name="netbeans.user" value="C:\Users\Zail3\AppData\Roaming\NetBeans\11.2" />
    <property name="javac.includes.binary" value="C:\Users\Zail3\Desktop\Biosphere\biosphere7\biosphere7\build\test\classes\biosphere7\JoueurBiosphere7Test.class" />
    <property name="file.separator" value="\" />
    <property name="java.vm.compressedOopsMode" value="32-bit" />
    <property name="line.separator" value="&#xd;&#xa;" />
    <property name="javadoc.additionalparam" value="" />
    <property name="jdk.lang.Process.allowAmbiguousCommands" value="true" />
    <property name="netbeans.productversion" value="Apache NetBeans IDE 11.2" />
    <property name="libs.restlib.maven-pom" value="" />
    <property name="javac.debug" value="true" />
    <property name="libs.testng.classpath" value="C:\NetBeans\netbeans\platform\modules\ext\testng-6.8.1-dist.jar" />
    <property name="mkdist.disabled" value="false" />
    <property name="libs.jsp-compiler.src" value="" />
    <property name="libs.javaee-web-api-6.0.javadoc" value="C:\NetBeans\netbeans\enterprise\docs\javaee-doc-api.jar" />
    <property name="user.name" value="Zail3" />
    <property name="build.classes.dir" value="build/classes" />
    <property name="libs.maven-dependencies.javadoc" value="C:\NetBeans\netbeans\enterprise\docs\javaee-doc-api.jar" />
    <property name="nb.junit.single" value="false" />
    <property name="javadoc.windowtitle" value="" />
    <property name="nb.internal.action.name" value="test.single" />
    <property name="libs.javaee-api-7.0.maven-pom" value="" />
    <property name="libs.groovy-all.classpath" value="C:\NetBeans\netbeans\groovy\modules\ext\groovy.jar;C:\NetBeans\netbeans\groovy\modules\ext\groovy-ant.jar" />
    <property name="libs.javaee-api-8.0.maven-pom" value="" />
    <property name="libs.absolutelayout.javadoc" value="" />
    <property name="libs.jaxws21.src" value="" />
    <property name="libs.jaxb.maven-pom" value="" />
    <property name="libs.maven-dependencies.classpath" value="C:\NetBeans\netbeans\enterprise\modules\ext\javaee6-endorsed\javax.annotation.jar;C:\NetBeans\netbeans\enterprise\modules\ext\javaee6-endorsed\jaxb-api-osgi.jar;C:\NetBeans\netbeans\enterprise\modules\ext\javaee6-endorsed\webservices-api-osgi.jar" />
    <property name="annotation.processing.processor.options" value="" />
    <property name="libs.javaee-api-6.0.maven-pom" value="" />
    <property name="dist.dir" value="dist" />
    <property name="jna.loaded" value="true" />
    <property name="build.dir" value="build" />
    <property name="netbeans.autoupdate.variant" value="" />
    <property name="libs.junit_5.maven-pom" value="" />
    <property name="libs.jpa20-persistence.javadoc" value="" />
    <property name="javadoc.version" value="false" />
    <property name="libs.metro.classpath" value="C:\NetBeans\netbeans\ide\modules\ext\jaxb\activation.jar;C:\NetBeans\netbeans\enterprise\modules\ext\metro\webservices-api.jar;C:\NetBeans\netbeans\enterprise\modules\ext\metro\webservices-extra-api.jar;C:\NetBeans\netbeans\enterprise\modules\ext\metro\webservices-extra.jar;C:\NetBeans\netbeans\enterprise\modules\ext\metro\webservices-rt.jar;C:\NetBeans\netbeans\enterprise\modules\ext\metro\webservices-tools.jar" />
    <property name="libs.metro.src" value="" />
    <property name="ant.junit.enabletestlistenerevents" value="true" />
    <property name="libs.JWSAntTasks.src" value="" />
    <property name="libs.CopyLibs.classpath" value="C:\NetBeans\netbeans\java\ant\extra\org-netbeans-modules-java-j2seproject-copylibstask.jar" />
    <property name="libs.spring-webmvc3.0.src" value="" />
    <property name="ant.home" value="C:\NetBeans\netbeans\extide\ant" />
    <property name="have.tests" value="true" />
    <property name="sun.os.patch.level" value="" />
    <property name="debug.test.classpath" value=":build/classes:C:\NetBeans\netbeans\platform\modules\ext\hamcrest-core-1.3.jar:C:\NetBeans\netbeans\platform\modules\ext\junit-4.12.jar:build/test/classes" />
    <property name="javac.external.vm" value="true" />
    <property name="testng.debug.mode" value="" />
    <property name="javac.target" value="1.8" />
    <property name="ant.version" value="Apache Ant(TM) version 1.10.4 compiled on June 19 2018" />
    <property name="libs.absolutelayout.maven-pom" value="" />
    <property name="javadoc.html5" value="false" />
    <property name="javac.test.processorpath" value=":build/classes:C:\NetBeans\netbeans\platform\modules\ext\hamcrest-core-1.3.jar:C:\NetBeans\netbeans\platform\modules\ext\junit-4.12.jar" />
    <property name="jdk.gtk.version" value="2.2" />
    <property name="libs.javaee-web-api-7.0.maven-pom" value="" />
    <property name="java.failonerror" value="true" />
    <property name="libs.javaee-web-api-8.0.maven-pom" value="" />
    <property name="netbeans.dirs" value="C:\NetBeans\netbeans\nb;C:\NetBeans\netbeans\ergonomics;C:\NetBeans\netbeans\ide;C:\NetBeans\netbeans\extide;C:\NetBeans\netbeans\java;C:\NetBeans\netbeans\apisupport;C:\NetBeans\netbeans\webcommon;C:\NetBeans\netbeans\websvccommon;C:\NetBeans\netbeans\enterprise;C:\NetBeans\netbeans\mobility;C:\NetBeans\netbeans\profiler;C:\NetBeans\netbeans\python;C:\NetBeans\netbeans\php;C:\NetBeans\netbeans\identity;C:\NetBeans\netbeans\harness;C:\NetBeans\netbeans\cnd;C:\NetBeans\netbeans\cndext;C:\NetBeans\netbeans\dlight;C:\NetBeans\netbeans\groovy;C:\NetBeans\netbeans\extra;C:\NetBeans\netbeans\javacard;C:\NetBeans\netbeans\javafx" />
    <property name="javac.modulepath" value="" />
    <property name="user.properties.file" value="C:\Users\Zail3\AppData\Roaming\NetBeans\11.2\build.properties" />
    <property name="libs.javaee-api-6.0.src" value="" />
    <property name="javac.includes" value="biosphere7/JoueurBiosphere7Test.java" />
    <property name="libs.hamcrest.maven-pom" value="" />
    <property name="netbeans.autoupdate.country" value="FR" />
    <property name="javac.processorpath" value="" />
    <property name="java.class.path" value="C:\Users\Zail3\Desktop\Biosphere\biosphere7\biosphere7\build\classes;C:\NetBeans\netbeans\platform\modules\ext\hamcrest-core-1.3.jar;C:\NetBeans\netbeans\platform\modules\ext\junit-4.12.jar;C:\Users\Zail3\Desktop\Biosphere\biosphere7\biosphere7\build\test\classes;C:\NetBeans\netbeans\extide\ant\lib\ant-launcher.jar;C:\NetBeans\netbeans\extide\ant\lib\ant.jar;C:\NetBeans\netbeans\extide\ant\lib\ant-junit.jar;C:\NetBeans\netbeans\extide\ant\lib\ant-junit4.jar" />
    <property name="libs.javaee-api-6.0.javadoc" value="C:\NetBeans\netbeans\enterprise\docs\javaee-doc-api.jar" />
    <property name="libs.javaee-web-api-6.0.maven-pom" value="" />
    <property name="libs.JWSAntTasks.maven-pom" value="" />
    <property name="java.vm.vendor" value="Oracle Corporation" />
    <property name="ap.supported.internal" value="true" />
    <property name="ant.file.Biosphere7" value="C:\Users\Zail3\Desktop\Biosphere\biosphere7\biosphere7\build.xml" />
    <property name="user.variant" value="" />
    <property name="netbeans.home+have.tests" value="true" />
    <property name="run.modulepath" value="" />
    <property name="test.binaryexcludes" value="" />
    <property name="do.archive+manifest.available" value="true" />
    <property name="javac.compilerargs" value="" />
    <property name="apple.laf.useScreenMenuBar" value="true" />
    <property name="libs.jstl.maven-pom" value="" />
    <property name="user.country" value="FR" />
    <property name="sun.java.launcher" value="SUN_STANDARD" />
    <property name="libs.restapi.javadoc" value="" />
    <property name="libs.jpa20-persistence.src" value="" />
    <property name="endorsed.classpath" value="" />
    <property name="javac.test.sourcepath" value="C:\Users\Zail3\Desktop\Biosphere\biosphere7\biosphere7\build\empty" />
    <property name="sun.cpu.endian" value="little" />
    <property name="libs.spring-webmvc3.0.maven-pom" value="" />
    <property name="libs.junit_4.src" value="C:\NetBeans\netbeans\platform\docs\junit-4.12-sources.jar" />
    <property name="user.language" value="fr" />
    <property name="copylibs.rebase" value="true" />
    <property name="libs.javaee-web-api-6.0.src" value="" />
    <property name="includes" value="**" />
    <property name="javadoc.nonavbar" value="false" />
    <property name="libs.javaee-api-8.0.src" value="" />
    <property name="ant.java.version" value="13" />
    <property name="libs.junit_4.classpath" value="C:\NetBeans\netbeans\platform\modules\ext\junit-4.12.jar" />
    <property name="libs.jsf12.javadoc" value="C:\NetBeans\netbeans\enterprise\docs\javaee-doc-api.jar" />
    <property name="libs.hamcrest.classpath" value="C:\NetBeans\netbeans\platform\modules\ext\hamcrest-core-1.3.jar" />
    <property name="jlink.launcher.name" value="Biosphere7" />
    <property name="javadoc.splitindex" value="true" />
    <property name="libs.JWSAntTasks.classpath" value="C:\NetBeans\netbeans\java\ant\extra\org-netbeans-modules-javawebstart-anttasks.jar" />
    <property name="junit.available" value="true" />
    <property name="test.binarytestincludes" value="" />
    <property name="sun.awt.keepWorkingSetOnMinimize" value="true" />
    <property name="libs.junit_4.maven-pom" value="" />
    <property name="javac.processormodulepath" value="" />
    <property name="libs.jsp-compiler.maven-pom" value="" />
    <property name="runtime.encoding" value="UTF-8" />
    <property name="javadoc.encoding" value="UTF-8" />
    <property name="javac.classpath" value="" />
    <property name="libs.jsp-compilation-syscp.maven-pom" value="" />
    <property name="netbeans.hash.code" value="unique=098e71342-7bec-4219-9269-288f3c193489_8b59b28b-6b8a-4158-bd5e-8232fa660db2" />
    <property name="libs.jstl.src" value="" />
    <property name="nb.junit.batch" value="true" />
    <property name="libs.spring-webmvc3.0.classpath" value="C:\NetBeans\netbeans\java\modules\ext\spring-3.0\spring-webmvc-3.2.7.RELEASE.jar" />
    <property name="build.test.classes.dir" value="build/test/classes" />
    <property name="java.runtime.name" value="Java(TM) SE Runtime Environment" />
    <property name="manifest.available" value="true" />
    <property name="libs.jaxb.javadoc" value="C:\NetBeans\netbeans\ide\docs\jaxb-api-2.2.5-javadoc.jar" />
    <property name="libs.spring-framework300.maven-pom" value="" />
    <property name="ant.project.invoked-targets" value="test-single" />
    <property name="run.jvmargs.ide" value="" />
    <property name="libs.jstl.classpath" value="C:\NetBeans\netbeans\enterprise\modules\ext\jstl-impl.jar;C:\NetBeans\netbeans\enterprise\modules\ext\jstl-api.jar" />
    <property name="ap.cmd.line.internal" value="" />
    <property name="libs.PostgreSQLDriver.src" value="" />
    <property name="ant.core.lib" value="C:\NetBeans\netbeans\extide\ant\lib\ant.jar" />
    <property name="java.vendor.url.bug" value="https://bugreport.java.com/bugreport/" />
    <property name="annotation.processing.source.output" value="build/generated-sources/ap-source-output" />
    <property name="libs.jsp-compilation.maven-pom" value="" />
    <property name="javac.profile.cmd.line.arg" value="" />
    <property name="user.dir" value="C:\Users\Zail3\Desktop\Biosphere\biosphere7\biosphere7" />
    <property name="platform.java" value="C:\Program Files\Java\jdk-13.0.1/bin/java" />
    <property name="&gt;&gt;&gt;&gt;&gt;&gt;&gt;" value="parent of b17c21e... erreur" />
    <property name="application.title" value="Biosphere7" />
    <property name="application.args" value="" />
    <property name="ignore.failing.tests" value="true" />
    <property name="javac.test.modulepath" value="" />
    <property name="org.xml.sax.driver" value="com.sun.org.apache.xerces.internal.jaxp.SAXParserImpl$JAXPSAXParser" />
    <property name="libs.PostgreSQLDriver.javadoc" value="" />
    <property name="libs.eclipselink.src" value="" />
    <property name="libs.jsp-compilation-syscp.classpath" value="C:\NetBeans\netbeans\extide\ant\lib\ant.jar;C:\NetBeans\netbeans\enterprise\modules\ext\servlet3.1-jsp2.3-api.jar;C:\NetBeans\netbeans\enterprise\modules\ext\glassfish-jspparser-4.0.jar;C:\NetBeans\netbeans\enterprise\modules\ext\jstl-impl.jar;C:\NetBeans\netbeans\enterprise\modules\ext\jsf-2_2\javax.faces.jar" />
    <property name="libs.jsp-compilation.classpath" value="C:\NetBeans\netbeans\extide\ant\lib\ant.jar;C:\NetBeans\netbeans\enterprise\modules\ext\servlet3.1-jsp2.3-api.jar;C:\NetBeans\netbeans\enterprise\modules\ext\glassfish-jspparser-4.0.jar;C:\NetBeans\netbeans\enterprise\modules\ext\jsf-2_2\javax.faces.jar;C:\NetBeans\netbeans\enterprise\modules\ext\jstl-api.jar;C:\NetBeans\netbeans\extide\ant\lib\ant-launcher.jar" />
    <property name="java.vm.version" value="13.0.1+9" />
    <property name="libs.metro.javadoc" value="C:\NetBeans\netbeans\enterprise\docs\webservices-api-javadoc.jar;C:\NetBeans\netbeans\enterprise\docs\webservices-extra-javadoc.jar;C:\NetBeans\netbeans\enterprise\docs\webservices-extra-api-javadoc.jar;C:\NetBeans\netbeans\enterprise\docs\webservices-rt-javadoc.jar;C:\NetBeans\netbeans\enterprise\docs\webservices-tools-javadoc.jar" />
    <property name="sun.awt.datatransfer.timeout" value="1000" />
    <property name="test.class" value="biosphere7.JoueurBiosphere7Test" />
    <property name="libs.javaee-web-api-7.0.src" value="" />
    <property name="junit.forkmode" value="perTest" />
    <property name="libs.jsp-compiler.classpath" value="C:\NetBeans\netbeans\enterprise\ant\extra\jspcompile.jar" />
    <property name="annotation.processing.run.all.processors" value="true" />
  </properties>
  <testcase classname="biosphere7.JoueurBiosphere7Test" name="testAjoutActionCouper" time="0.0" />
  <testcase classname="biosphere7.JoueurBiosphere7Test" name="testAjoutActionPommier" time="0.0" />
  <testcase classname="biosphere7.JoueurBiosphere7Test" name="testActionsPossibles" time="0.316" />
  <system-out><![CDATA[actionsPossibles : lancement le 30/11/2019 18:52:35.451
enlève Vit : 0
enlève Vit : 0
enlève Vit : 0
enlève Vit : 0
enlève Vit : 0
enlève Vit : 0
enlève Vit : 0
enlève Vit : 0
enlève Vit : 0
enlève Vit : 0
enlève Vit : 0
enlève Vit : 0
enlève Vit : 0
enlève Vit : 0
enlève Vit : 0
enlève Vit : 0
enlève Vit : 0
enlève Vit : 0
enlève Vit : 0
enlève Vit : 0
enlève Vit : 0
enlève Vit : 0
enlève Vit : 0
enlève Vit : 0
enlève Vit : 0
enlève Vit : 0
enlève Vit : 0
enlève Vit : 0
enlève Vit : 0
enlève Vit : 0
enlève Vit : 0
enlève Vit : 0
enlève Vit : 0
enlève Vit : 0
enlève Vit : 0
enlève Vit : 0
actionsPossibles : fin
actionsPossibles : lancement le 30/11/2019 18:52:35.466
enlève Vit : 0
enlève Vit : 0
enlève Vit : 0
enlève Vit : 0
enlève Vit : 0
enlève Vit : 0
enlève Vit : 0
enlève Vit : 0
enlève Vit : 0
enlève Vit : 0
enlève Vit : 0
enlève Vit : 0
enlève Vit : 0
enlève Vit : 0
enlève Vit : 0
enlève Vit : 0
enlève Vit : 0
enlève Vit : 0
enlève Vit : 0
enlève Vit : 0
enlève Vit : 0
enlève Vit : 0
enlève Vit : 0
enlève Vit : 0
enlève Vit : 0
enlève Vit : 0
enlève Vit : 0
enlève Vit : 0
enlève Vit : 0
enlève Vit : 0
enlève Vit : 0
enlève Vit : 0
enlève Vit : 0
enlève Vit : 0
enlève Vit : 0
enlève Vit : 0
actionsPossibles : fin
actionsPossibles : lancement le 30/11/2019 18:52:35.466
enlève Vit : 0
enlève Vit : 0
enlève Vit : 0
enlève Vit : 0
enlève Vit : 0
enlève Vit : 0
enlève Vit : 0
enlève Vit : 0
enlève Vit : 0
enlève Vit : 0
enlève Vit : 0
enlève Vit : 0
enlève Vit : 0
enlève Vit : 0
enlève Vit : 0
enlève Vit : 0
enlève Vit : 0
enlève Vit : 0
enlève Vit : 0
enlève Vit : 0
enlève Vit : 0
enlève Vit : 0
enlève Vit : 0
enlève Vit : 0
enlève Vit : 0
enlève Vit : 0
enlève Vit : 0
haaaaaaaaaaaa0
0
enlève Vit : 0
enlève Vit : 0
enlève Vit : 0
enlève Vit : 0
enlève Vit : 0
enlève Vit : 0
enlève Vit : 0
enlève Vit : 0
enlève Vit : 0
haaaaaaaaaaaa0
0
enlève Vit : 0
enlève Vit : 0
enlève Vit : 0
enlève Vit : 0
enlève Vit : 0
enlève Vit : 0
enlève Vit : 0
enlève Vit : 0
enlève Vit : 0
enlève Vit : 0
enlève Vit : 0
enlève Vit : 0
enlève Vit : 0
enlève Vit : 0
enlève Vit : 0
enlève Vit : 0
enlève Vit : 0
enlève Vit : 0
haaaaaaaaaaaa0
0
enlève Vit : 0
enlève Vit : 0
enlève Vit : 0
enlève Vit : 0
enlève Vit : 0
enlève Vit : 0
enlève Vit : 0
enlève Vit : 0
enlève Vit : 0
enlève Vit : 0
enlève Vit : 0
enlève Vit : 0
enlève Vit : 0
enlève Vit : 0
enlève Vit : 0
enlève Vit : 0
enlève Vit : 0
enlève Vit : 0
enlève Vit : 0
enlève Vit : 0
enlève Vit : 0
enlève Vit : 0
enlève Vit : 0
enlève Vit : 0
enlève Vit : 0
enlève Vit : 0
enlève Vit : 0
enlève Vit : 0
enlève Vit : 0
enlève Vit : 0
enlève Vit : 0
enlève Vit : 0
enlève Vit : 0
enlève Vit : 0
enlève Vit : 0
enlève Vit : 0
haaaaaaaaaaaa0
0
enlève Vit : 0
enlève Vit : 0
enlève Vit : 0
enlève Vit : 0
enlève Vit : 0
enlève Vit : 0
enlève Vit : 0
enlève Vit : 0
enlève Vit : 0
enlève Vit : 0
enlève Vit : 0
enlève Vit : 0
enlève Vit : 0
enlève Vit : 0
enlève Vit : 0
enlève Vit : 0
enlève Vit : 0
enlève Vit : 0
haaaaaaaaaaaa0
0
enlève Vit : 0
enlève Vit : 0
enlève Vit : 0
enlève Vit : 0
enlève Vit : 0
enlève Vit : 0
enlève Vit : 0
enlève Vit : 0
enlève Vit : 0
enlève Vit : 0
enlève Vit : 0
enlève Vit : 0
enlève Vit : 0
enlève Vit : 0
enlève Vit : 0
enlève Vit : 0
enlève Vit : 0
enlève Vit : 0
enlève Vit : 0
enlève Vit : 0
enlève Vit : 0
enlève Vit : 0
enlève Vit : 0
enlève Vit : 0
enlève Vit : 0
enlève Vit : 0
enlève Vit : 0
actionsPossibles : fin
actionsPossibles : lancement le 30/11/2019 18:52:35.482
enlève Vit : 0
enlève Vit : 0
enlève Vit : 0
enlève Vit : 0
enlève Vit : 0
enlève Vit : 0
enlève Vit : 0
enlève Vit : 0
enlève Vit : 0
enlève Vit : 0
enlève Vit : 0
enlève Vit : 0
enlève Vit : 0
enlève Vit : 0
enlève Vit : 0
enlève Vit : 0
enlève Vit : 0
enlève Vit : 0
enlève Vit : 0
enlève Vit : 0
enlève Vit : 0
enlève Vit : 0
enlève Vit : 0
enlève Vit : 0
enlève Vit : 0
enlève Vit : 0
enlève Vit : 0
enlève Vit : 0
enlève Vit : 0
enlève Vit : 0
enlève Vit : 0
enlève Vit : 0
enlève Vit : 0
enlève Vit : 0
enlève Vit : 0
enlève Vit : 0
enlève Vit : 0
enlève Vit : 0
enlève Vit : 0
enlève Vit : 0
enlève Vit : 0
enlève Vit : 0
enlève Vit : 0
enlève Vit : 0
enlève Vit : 0
enlève Vit : 0
enlève Vit : 0
enlève Vit : 0
enlève Vit : 0
enlève Vit : 0
enlève Vit : 0
enlève Vit : 0
enlève Vit : 0
enlève Vit : 0
enlève Vit : 0
enlève Vit : 0
enlève Vit : 0
enlève Vit : 0
enlève Vit : 0
enlève Vit : 0
enlève Vit : 0
enlève Vit : 0
enlève Vit : 0
enlève Vit : 0
enlève Vit : 0
enlève Vit : 0
enlève Vit : 0
enlève Vit : 0
enlève Vit : 0
enlève Vit : 0
enlève Vit : 0
enlève Vit : 0
enlève Vit : 0
enlève Vit : 0
enlève Vit : 0
enlève Vit : 0
enlève Vit : 0
enlève Vit : 0
enlève Vit : 0
enlève Vit : 0
enlève Vit : 0
enlève Vit : 0
enlève Vit : 0
enlève Vit : 0
enlève Vit : 0
enlève Vit : 0
enlève Vit : 0
enlève Vit : 0
enlève Vit : 0
enlève Vit : 0
actionsPossibles : fin
actionsPossibles : lancement le 30/11/2019 18:52:35.567
enlève Vit : 0
enlève Vit : 0
enlève Vit : 0
enlève Vit : 0
enlève Vit : 0
enlève Vit : 0
enlève Vit : 0
enlève Vit : 0
enlève Vit : 0
enlève Vit : 0
enlève Vit : 0
enlève Vit : 0
enlève Vit : 0
enlève Vit : 0
enlève Vit : 0
enlève Vit : 0
enlève Vit : 0
enlève Vit : 0
enlève Vit : 0
enlève Vit : 0
enlève Vit : 0
enlève Vit : 0
enlève Vit : 0
enlève Vit : 0
enlève Vit : 0
enlève Vit : 0
enlève Vit : 0
enlève Vit : 0
enlève Vit : 0
enlève Vit : 0
enlève Vit : 0
enlève Vit : 0
enlève Vit : 0
enlève Vit : 0
enlève Vit : 0
enlève Vit : 0
enlève Vit : 0
enlève Vit : 0
enlève Vit : 0
enlève Vit : 0
enlève Vit : 0
enlève Vit : 0
enlève Vit : 0
enlève Vit : 0
enlève Vit : 0
enlève Vit : 0
enlève Vit : 0
enlève Vit : 0
enlève Vit : 0
enlève Vit : 0
enlève Vit : 0
enlève Vit : 0
enlève Vit : 0
enlève Vit : 0
enlève Vit : 0
enlève Vit : 0
enlève Vit : 0
enlève Vit : 0
enlève Vit : 0
enlève Vit : 0
enlève Vit : 0
enlève Vit : 0
enlève Vit : 0
enlève Vit : 0
enlève Vit : 0
enlève Vit : 0
enlève Vit : 0
enlève Vit : 0
enlève Vit : 0
enlève Vit : 0
enlève Vit : 0
enlève Vit : 0
enlève Vit : 0
enlève Vit : 0
enlève Vit : 0
enlève Vit : 0
enlève Vit : 0
enlève Vit : 0
enlève Vit : 0
enlève Vit : 0
enlève Vit : 0
enlève Vit : 0
enlève Vit : 0
enlève Vit : 0
enlève Vit : 0
enlève Vit : 0
enlève Vit : 0
enlève Vit : 0
enlève Vit : 0
enlève Vit : 0
actionsPossibles : fin
[PaA,13,6, SaA,13,6, BaA,13,6, DaA,13,6, TaA,13,6, HaA,13,6, PaB,13,6, SaB,13,6, BaB,13,6, DaB,13,6, TaB,13,6, HaB,13,6, PaC,13,6, SaC,13,6, BaC,13,6, DaC,13,6, TaC,13,6, HaC,13,6, PaD,13,6, SaD,13,6, BaD,13,6, DaD,13,6, TaD,13,6, HaD,13,6, PaE,13,6, SaE,13,6, BaE,13,6, DaE,13,6, TaE,13,6, HaE,13,6, PaF,13,6, SaF,13,6, BaF,13,6, DaF,13,6, TaF,13,6, HaF,13,6, PaG,13,6, SaG,13,6, BaG,13,6, DaG,13,6, TaG,13,6, HaG,13,6, PaH,13,6, SaH,13,6, BaH,13,6, DaH,13,6, TaH,13,6, HaH,13,6, PaI,13,6, SaI,13,6, BaI,13,6, DaI,13,6, TaI,13,6, HaI,13,6, PaJ,13,6, SaJ,13,6, BaJ,13,6, DaJ,13,6, TaJ,13,6, HaJ,13,6, PaK,13,6, SaK,13,6, BaK,13,6, DaK,13,6, TaK,13,6, HaK,13,6, PaL,13,7, SaL,13,7, BaL,13,7, DaL,13,7, TaL,13,7, HaL,13,7, IaM,13,8, CaM,13,4, FaM,13,6, PaN,13,7, SaN,13,7, BaN,13,7, DaN,13,7, TaN,13,7, HaN,13,7, PbA,13,6, SbA,13,6, BbA,13,6, DbA,13,6, TbA,13,6, HbA,13,6, PbB,13,6, SbB,13,6, BbB,13,6, DbB,13,6, TbB,13,6, HbB,13,6, PbC,13,6, SbC,13,6, BbC,13,6, DbC,13,6, TbC,13,6, HbC,13,6, PbD,13,6, SbD,13,6, BbD,13,6, DbD,13,6, TbD,13,6, HbD,13,6, PbE,13,6, SbE,13,6, BbE,13,6, DbE,13,6, TbE,13,6, HbE,13,6, PbF,13,6, SbF,13,6, BbF,13,6, DbF,13,6, TbF,13,6, HbF,13,6, PbG,13,6, SbG,13,6, BbG,13,6, DbG,13,6, TbG,13,6, HbG,13,6, PbH,13,6, SbH,13,6, BbH,13,6, DbH,13,6, TbH,13,6, HbH,13,6, PbI,13,6, SbI,13,6, BbI,13,6, DbI,13,6, TbI,13,6, HbI,13,6, PbJ,13,6, SbJ,13,6, BbJ,13,6, DbJ,13,6, TbJ,13,6, HbJ,13,6, PbK,13,6, SbK,13,6, BbK,13,6, DbK,13,6, TbK,13,6, HbK,13,6, PbL,13,6, SbL,13,6, BbL,13,6, DbL,13,6, TbL,13,6, HbL,13,6, PbM,13,7, SbM,13,7, BbM,13,7, DbM,13,7, TbM,13,7, HbM,13,7, PbN,13,6, SbN,13,6, BbN,13,6, DbN,13,6, TbN,13,6, HbN,13,6, PcA,13,6, ScA,13,6, BcA,13,6, DcA,13,6, TcA,13,6, HcA,13,6, PcB,13,6, ScB,13,6, BcB,13,6, DcB,13,6, TcB,13,6, HcB,13,6, PcC,13,6, ScC,13,6, BcC,13,6, DcC,13,6, TcC,13,6, HcC,13,6, PcD,13,6, ScD,13,6, BcD,13,6, DcD,13,6, TcD,13,6, HcD,13,6, PcE,13,6, ScE,13,6, BcE,13,6, DcE,13,6, TcE,13,6, HcE,13,6, PcF,13,6, ScF,13,6, BcF,13,6, DcF,13,6, TcF,13,6, HcF,13,6, PcG,13,6, ScG,13,6, BcG,13,6, DcG,13,6, TcG,13,6, HcG,13,6, PcH,13,6, ScH,13,6, BcH,13,6, DcH,13,6, TcH,13,6, HcH,13,6, PcI,13,6, ScI,13,6, BcI,13,6, DcI,13,6, TcI,13,6, HcI,13,6, PcJ,13,6, ScJ,13,6, BcJ,13,6, DcJ,13,6, TcJ,13,6, HcJ,13,6, PcK,13,6, ScK,13,6, BcK,13,6, DcK,13,6, TcK,13,6, HcK,13,6, PcL,13,6, ScL,13,6, BcL,13,6, DcL,13,6, TcL,13,6, HcL,13,6, PcM,13,6, ScM,13,6, BcM,13,6, DcM,13,6, TcM,13,6, HcM,13,6, PcN,13,6, ScN,13,6, BcN,13,6, DcN,13,6, TcN,13,6, HcN,13,6, PdA,13,7, SdA,13,7, BdA,13,7, DdA,13,7, TdA,13,7, HdA,13,7, PdB,13,6, SdB,13,6, BdB,13,6, DdB,13,6, TdB,13,6, HdB,13,6, PdC,13,6, SdC,13,6, BdC,13,6, DdC,13,6, TdC,13,6, HdC,13,6, PdD,13,6, SdD,13,6, BdD,13,6, DdD,13,6, TdD,13,6, HdD,13,6, PdE,13,6, SdE,13,6, BdE,13,6, DdE,13,6, TdE,13,6, HdE,13,6, PdF,13,6, SdF,13,6, BdF,13,6, DdF,13,6, TdF,13,6, HdF,13,6, PdG,13,6, SdG,13,6, BdG,13,6, DdG,13,6, TdG,13,6, HdG,13,6, PdH,13,6, SdH,13,6, BdH,13,6, DdH,13,6, TdH,13,6, HdH,13,6, IdI,13,9, CdI,12,5, FdI,14,5, PdJ,13,6, SdJ,13,6, BdJ,13,6, DdJ,13,6, TdJ,13,6, HdJ,13,6, PdK,13,6, SdK,13,6, BdK,13,6, DdK,13,6, TdK,13,6, HdK,13,6, PdL,13,6, SdL,13,6, BdL,13,6, DdL,13,6, TdL,13,6, HdL,13,6, PdM,13,6, SdM,13,6, BdM,13,6, DdM,13,6, TdM,13,6, HdM,13,6, PdN,13,6, SdN,13,6, BdN,13,6, DdN,13,6, TdN,13,6, HdN,13,6, IeA,13,8, CeA,13,4, FeA,13,6, PeB,13,8, SeB,13,8, BeB,13,8, DeB,13,8, TeB,13,8, HeB,13,8, PeC,13,6, SeC,13,6, BeC,13,6, DeC,13,6, TeC,13,6, HeC,13,6, PeD,13,6, SeD,13,6, BeD,13,6, DeD,13,6, TeD,13,6, HeD,13,6, PeE,13,6, SeE,13,6, BeE,13,6, DeE,13,6, TeE,13,6, HeE,13,6, PeF,13,6, SeF,13,6, BeF,13,6, DeF,13,6, TeF,13,6, HeF,13,6, PeG,13,6, SeG,13,6, BeG,13,6, DeG,13,6, TeG,13,6, HeG,13,6, IeH,13,9, CeH,12,5, FeH,14,5, PeI,13,6, SeI,13,6, BeI,13,6, DeI,13,6, TeI,13,6, HeI,13,6, PeJ,13,6, SeJ,13,6, BeJ,13,6, DeJ,13,6, TeJ,13,6, HeJ,13,6, PeK,13,6, SeK,13,6, BeK,13,6, DeK,13,6, TeK,13,6, HeK,13,6, PeL,13,6, SeL,13,6, BeL,13,6, DeL,13,6, TeL,13,6, HeL,13,6, PeM,13,6, SeM,13,6, BeM,13,6, DeM,13,6, TeM,13,6, HeM,13,6, PeN,13,6, SeN,13,6, BeN,13,6, DeN,13,6, TeN,13,6, HeN,13,6, PfA,13,8, SfA,13,8, BfA,13,8, DfA,13,8, TfA,13,8, HfA,13,8, IfB,13,9, CfB,13,4, FfB,13,6, PfC,13,7, SfC,13,7, BfC,13,7, DfC,13,7, TfC,13,7, HfC,13,7, PfD,13,6, SfD,13,6, BfD,13,6, DfD,13,6, TfD,13,6, HfD,13,6, PfE,13,6, SfE,13,6, BfE,13,6, DfE,13,6, TfE,13,6, HfE,13,6, PfF,13,6, SfF,13,6, BfF,13,6, DfF,13,6, TfF,13,6, HfF,13,6, PfG,13,6, SfG,13,6, BfG,13,6, DfG,13,6, TfG,13,6, HfG,13,6, PfH,13,6, SfH,13,6, BfH,13,6, DfH,13,6, TfH,13,6, HfH,13,6, IfI,13,9, CfI,12,5, FfI,14,5, PfJ,13,6, SfJ,13,6, BfJ,13,6, DfJ,13,6, TfJ,13,6, HfJ,13,6, PfK,13,6, SfK,13,6, BfK,13,6, DfK,13,6, TfK,13,6, HfK,13,6, PfL,13,6, SfL,13,6, BfL,13,6, DfL,13,6, TfL,13,6, HfL,13,6, PfM,13,6, SfM,13,6, BfM,13,6, DfM,13,6, TfM,13,6, HfM,13,6, PfN,13,6, SfN,13,6, BfN,13,6, DfN,13,6, TfN,13,6, HfN,13,6, PgA,13,6, SgA,13,6, BgA,13,6, DgA,13,6, TgA,13,6, HgA,13,6, PgB,13,7, SgB,13,7, BgB,13,7, DgB,13,7, TgB,13,7, HgB,13,7, PgC,13,6, SgC,13,6, BgC,13,6, DgC,13,6, TgC,13,6, HgC,13,6, PgD,13,6, SgD,13,6, BgD,13,6, DgD,13,6, TgD,13,6, HgD,13,6, PgE,13,6, SgE,13,6, BgE,13,6, DgE,13,6, TgE,13,6, HgE,13,6, PgF,13,6, SgF,13,6, BgF,13,6, DgF,13,6, TgF,13,6, HgF,13,6, PgG,13,6, SgG,13,6, BgG,13,6, DgG,13,6, TgG,13,6, HgG,13,6, PgH,13,6, SgH,13,6, BgH,13,6, DgH,13,6, TgH,13,6, HgH,13,6, PgI,13,6, SgI,13,6, BgI,13,6, DgI,13,6, TgI,13,6, HgI,13,6, PgJ,13,6, SgJ,13,6, BgJ,13,6, DgJ,13,6, TgJ,13,6, HgJ,13,6, PgK,13,6, SgK,13,6, BgK,13,6, DgK,13,6, TgK,13,6, HgK,13,6, PgL,13,6, SgL,13,6, BgL,13,6, DgL,13,6, TgL,13,6, HgL,13,6, PgM,13,6, SgM,13,6, BgM,13,6, DgM,13,6, TgM,13,6, HgM,13,6, PgN,13,6, SgN,13,6, BgN,13,6, DgN,13,6, TgN,13,6, HgN,13,6, PhA,13,6, ShA,13,6, BhA,13,6, DhA,13,6, ThA,13,6, HhA,13,6, PhB,13,6, ShB,13,6, BhB,13,6, DhB,13,6, ThB,13,6, HhB,13,6, PhC,13,6, ShC,13,6, BhC,13,6, DhC,13,6, ThC,13,6, HhC,13,6, PhD,13,6, ShD,13,6, BhD,13,6, DhD,13,6, ThD,13,6, HhD,13,6, PhE,13,6, ShE,13,6, BhE,13,6, DhE,13,6, ThE,13,6, HhE,13,6, PhF,13,6, ShF,13,6, BhF,13,6, DhF,13,6, ThF,13,6, HhF,13,6, PhG,13,6, ShG,13,6, BhG,13,6, DhG,13,6, ThG,13,6, HhG,13,6, PhH,13,6, ShH,13,6, BhH,13,6, DhH,13,6, ThH,13,6, HhH,13,6, PhI,13,6, ShI,13,6, BhI,13,6, DhI,13,6, ThI,13,6, HhI,13,6, PhJ,13,6, ShJ,13,6, BhJ,13,6, DhJ,13,6, ThJ,13,6, HhJ,13,6, PhK,13,6, ShK,13,6, BhK,13,6, DhK,13,6, ThK,13,6, HhK,13,6, PhL,13,6, ShL,13,6, BhL,13,6, DhL,13,6, ThL,13,6, HhL,13,6, PhM,13,6, ShM,13,6, BhM,13,6, DhM,13,6, ThM,13,6, HhM,13,6, PhN,13,6, ShN,13,6, BhN,13,6, DhN,13,6, ThN,13,6, HhN,13,6, PiA,13,6, SiA,13,6, BiA,13,6, DiA,13,6, TiA,13,6, HiA,13,6, PiB,13,6, SiB,13,6, BiB,13,6, DiB,13,6, TiB,13,6, HiB,13,6, PiC,13,6, SiC,13,6, BiC,13,6, DiC,13,6, TiC,13,6, HiC,13,6, PiD,13,6, SiD,13,6, BiD,13,6, DiD,13,6, TiD,13,6, HiD,13,6, PiE,13,6, SiE,13,6, BiE,13,6, DiE,13,6, TiE,13,6, HiE,13,6, PiF,13,6, SiF,13,6, BiF,13,6, DiF,13,6, TiF,13,6, HiF,13,6, PiG,13,6, SiG,13,6, BiG,13,6, DiG,13,6, TiG,13,6, HiG,13,6, PiH,13,6, SiH,13,6, BiH,13,6, DiH,13,6, TiH,13,6, HiH,13,6, PiI,13,6, SiI,13,6, BiI,13,6, DiI,13,6, TiI,13,6, HiI,13,6, PiJ,13,6, SiJ,13,6, BiJ,13,6, DiJ,13,6, TiJ,13,6, HiJ,13,6, PiK,13,6, SiK,13,6, BiK,13,6, DiK,13,6, TiK,13,6, HiK,13,6, PiL,13,6, SiL,13,6, BiL,13,6, DiL,13,6, TiL,13,6, HiL,13,6, PiM,13,6, SiM,13,6, BiM,13,6, DiM,13,6, TiM,13,6, HiM,13,6, PiN,13,6, SiN,13,6, BiN,13,6, DiN,13,6, TiN,13,6, HiN,13,6, PjA,13,6, SjA,13,6, BjA,13,6, DjA,13,6, TjA,13,6, HjA,13,6, PjB,13,6, SjB,13,6, BjB,13,6, DjB,13,6, TjB,13,6, HjB,13,6, PjC,13,6, SjC,13,6, BjC,13,6, DjC,13,6, TjC,13,6, HjC,13,6, PjD,13,6, SjD,13,6, BjD,13,6, DjD,13,6, TjD,13,6, HjD,13,6, PjE,13,6, SjE,13,6, BjE,13,6, DjE,13,6, TjE,13,6, HjE,13,6, PjF,13,6, SjF,13,6, BjF,13,6, DjF,13,6, TjF,13,6, HjF,13,6, PjG,13,6, SjG,13,6, BjG,13,6, DjG,13,6, TjG,13,6, HjG,13,6, PjH,13,6, SjH,13,6, BjH,13,6, DjH,13,6, TjH,13,6, HjH,13,6, PjI,13,6, SjI,13,6, BjI,13,6, DjI,13,6, TjI,13,6, HjI,13,6, PjJ,13,6, SjJ,13,6, BjJ,13,6, DjJ,13,6, TjJ,13,6, HjJ,13,6, PjK,13,6, SjK,13,6, BjK,13,6, DjK,13,6, TjK,13,6, HjK,13,6, PjL,13,6, SjL,13,6, BjL,13,6, DjL,13,6, TjL,13,6, HjL,13,6, PjM,13,6, SjM,13,6, BjM,13,6, DjM,13,6, TjM,13,6, HjM,13,6, PjN,13,6, SjN,13,6, BjN,13,6, DjN,13,6, TjN,13,6, HjN,13,6, PkA,13,6, SkA,13,6, BkA,13,6, DkA,13,6, TkA,13,6, HkA,13,6, PkB,13,6, SkB,13,6, BkB,13,6, DkB,13,6, TkB,13,6, HkB,13,6, PkC,13,6, SkC,13,6, BkC,13,6, DkC,13,6, TkC,13,6, HkC,13,6, PkD,13,6, SkD,13,6, BkD,13,6, DkD,13,6, TkD,13,6, HkD,13,6, PkE,13,6, SkE,13,6, BkE,13,6, DkE,13,6, TkE,13,6, HkE,13,6, PkF,13,6, SkF,13,6, BkF,13,6, DkF,13,6, TkF,13,6, HkF,13,6, PkG,13,6, SkG,13,6, BkG,13,6, DkG,13,6, TkG,13,6, HkG,13,6, PkH,13,6, SkH,13,6, BkH,13,6, DkH,13,6, TkH,13,6, HkH,13,6, PkI,13,6, SkI,13,6, BkI,13,6, DkI,13,6, TkI,13,6, HkI,13,6, PkJ,13,6, SkJ,13,6, BkJ,13,6, DkJ,13,6, TkJ,13,6, HkJ,13,6, PkK,13,6, SkK,13,6, BkK,13,6, DkK,13,6, TkK,13,6, HkK,13,6, PkL,13,6, SkL,13,6, BkL,13,6, DkL,13,6, TkL,13,6, HkL,13,6, PkM,13,6, SkM,13,6, BkM,13,6, DkM,13,6, TkM,13,6, HkM,13,6, PkN,13,6, SkN,13,6, BkN,13,6, DkN,13,6, TkN,13,6, HkN,13,6, PlA,13,6, SlA,13,6, BlA,13,6, DlA,13,6, TlA,13,6, HlA,13,6, PlB,13,6, SlB,13,6, BlB,13,6, DlB,13,6, TlB,13,6, HlB,13,6, PlC,13,6, SlC,13,6, BlC,13,6, DlC,13,6, TlC,13,6, HlC,13,6, PlD,13,7, SlD,13,7, BlD,13,7, DlD,13,7, TlD,13,7, HlD,13,7, IlE,13,9, ClE,12,5, FlE,14,5, PlF,13,6, SlF,13,6, BlF,13,6, DlF,13,6, TlF,13,6, HlF,13,6, PlG,13,6, SlG,13,6, BlG,13,6, DlG,13,6, TlG,13,6, HlG,13,6, PlH,13,6, SlH,13,6, BlH,13,6, DlH,13,6, TlH,13,6, HlH,13,6, PlI,13,6, SlI,13,6, BlI,13,6, DlI,13,6, TlI,13,6, HlI,13,6, PlJ,13,6, SlJ,13,6, BlJ,13,6, DlJ,13,6, TlJ,13,6, HlJ,13,6, PlK,13,6, SlK,13,6, BlK,13,6, DlK,13,6, TlK,13,6, HlK,13,6, PlL,13,6, SlL,13,6, BlL,13,6, DlL,13,6, TlL,13,6, HlL,13,6, PlM,13,6, SlM,13,6, BlM,13,6, DlM,13,6, TlM,13,6, HlM,13,6, PlN,13,6, SlN,13,6, BlN,13,6, DlN,13,6, TlN,13,6, HlN,13,6, PmA,13,6, SmA,13,6, BmA,13,6, DmA,13,6, TmA,13,6, HmA,13,6, PmB,13,6, SmB,13,6, BmB,13,6, DmB,13,6, TmB,13,6, HmB,13,6, PmC,13,7, SmC,13,7, BmC,13,7, DmC,13,7, TmC,13,7, HmC,13,7, ImD,13,9, CmD,13,4, FmD,13,6, ImF,13,9, CmF,4,5, FmF,13,5, PmG,13,6, SmG,13,6, BmG,13,6, DmG,13,6, TmG,13,6, HmG,13,6, PmH,13,6, SmH,13,6, BmH,13,6, DmH,13,6, TmH,13,6, HmH,13,6, PmI,13,6, SmI,13,6, BmI,13,6, DmI,13,6, TmI,13,6, HmI,13,6, PmJ,13,6, SmJ,13,6, BmJ,13,6, DmJ,13,6, TmJ,13,6, HmJ,13,6, PmK,13,6, SmK,13,6, BmK,13,6, DmK,13,6, TmK,13,6, HmK,13,6, PmL,13,6, SmL,13,6, BmL,13,6, DmL,13,6, TmL,13,6, HmL,13,6, PmM,13,6, SmM,13,6, BmM,13,6, DmM,13,6, TmM,13,6, HmM,13,6, PmN,13,6, SmN,13,6, BmN,13,6, DmN,13,6, TmN,13,6, HmN,13,6, PnA,13,6, SnA,13,6, BnA,13,6, DnA,13,6, TnA,13,6, HnA,13,6, PnB,13,6, SnB,13,6, BnB,13,6, DnB,13,6, TnB,13,6, HnB,13,6, PnC,13,6, SnC,13,6, BnC,13,6, DnC,13,6, TnC,13,6, HnC,13,6, PnD,13,8, SnD,13,8, BnD,13,8, DnD,13,8, TnD,13,8, HnD,13,8, InE,13,8, CnE,13,4, FnE,13,6, PnF,13,7, SnF,13,7, BnF,13,7, DnF,13,7, TnF,13,7, HnF,13,7, PnG,13,6, SnG,13,6, BnG,13,6, DnG,13,6, TnG,13,6, HnG,13,6, PnH,13,6, SnH,13,6, BnH,13,6, DnH,13,6, TnH,13,6, HnH,13,6, PnI,13,6, SnI,13,6, BnI,13,6, DnI,13,6, TnI,13,6, HnI,13,6, PnJ,13,6, SnJ,13,6, BnJ,13,6, DnJ,13,6, TnJ,13,6, HnJ,13,6, PnK,13,6, SnK,13,6, BnK,13,6, DnK,13,6, TnK,13,6, HnK,13,6, PnL,13,6, SnL,13,6, BnL,13,6, DnL,13,6, TnL,13,6, HnL,13,6, PnM,13,6, SnM,13,6, BnM,13,6, DnM,13,6, TnM,13,6, HnM,13,6, PnN,13,6, SnN,13,6, BnN,13,6, DnN,13,6, TnN,13,6, HnN,13,6, O,13,5]
actionsPossibles : lancement le 30/11/2019 18:52:35.667
enlève Vit : 0
enlève Vit : 0
enlève Vit : 0
enlève Vit : 0
enlève Vit : 0
enlève Vit : 0
enlève Vit : 0
enlève Vit : 0
enlève Vit : 0
haaaaaaaaaaaa0
0
enlève Vit : 0
enlève Vit : 0
enlève Vit : 0
enlève Vit : 0
enlève Vit : 0
enlève Vit : 0
enlève Vit : 0
enlève Vit : 0
enlève Vit : 0
haaaaaaaaaaaa0
0
enlève Vit : 0
enlève Vit : 0
enlève Vit : 0
enlève Vit : 0
enlève Vit : 0
enlève Vit : 0
enlève Vit : 0
enlève Vit : 0
enlève Vit : 0
enlève Vit : 0
enlève Vit : 0
enlève Vit : 0
enlève Vit : 0
enlève Vit : 0
enlève Vit : 0
enlève Vit : 0
enlève Vit : 0
enlève Vit : 0
enlève Vit : 0
enlève Vit : 0
enlève Vit : 0
enlève Vit : 0
enlève Vit : 0
enlève Vit : 0
enlève Vit : 0
enlève Vit : 0
enlève Vit : 0
enlève Vit : 0
enlève Vit : 0
enlève Vit : 0
enlève Vit : 0
enlève Vit : 0
enlève Vit : 0
enlève Vit : 0
enlève Vit : 0
enlève Vit : 0
enlève Vit : 0
enlève Vit : 0
enlève Vit : 0
enlève Vit : 0
enlève Vit : 0
enlève Vit : 0
enlève Vit : 0
enlève Vit : 0
enlève Vit : 0
enlève Vit : 0
enlève Vit : 0
enlève Vit : 0
enlève Vit : 0
enlève Vit : 0
enlève Vit : 0
enlève Vit : 0
enlève Vit : 0
enlève Vit : 0
enlève Vit : 0
enlève Vit : 0
enlève Vit : 0
enlève Vit : 0
enlève Vit : 0
enlève Vit : 0
enlève Vit : 0
enlève Vit : 0
enlève Vit : 0
enlève Vit : 0
enlève Vit : 0
enlève Vit : 0
enlève Vit : 0
enlève Vit : 0
enlève Vit : 0
enlève Vit : 0
enlève Vit : 0
enlève Vit : 0
enlève Vit : 0
enlève Vit : 0
enlève Vit : 0
enlève Vit : 0
enlève Vit : 0
enlève Vit : 0
enlève Vit : 0
enlève Vit : 0
enlève Vit : 0
enlève Vit : 0
enlève Vit : 0
enlève Vit : 0
enlève Vit : 0
enlève Vit : 0
enlève Vit : 0
enlève Vit : 0
enlève Vit : 0
enlève Vit : 0
haaaaaaaaaaaa0
0
enlève Vit : 0
enlève Vit : 0
enlève Vit : 0
enlève Vit : 0
enlève Vit : 0
enlève Vit : 0
enlève Vit : 0
enlève Vit : 0
enlève Vit : 0
enlève Vit : 0
enlève Vit : 0
enlève Vit : 0
enlève Vit : 0
enlève Vit : 0
enlève Vit : 0
enlève Vit : 0
enlève Vit : 0
enlève Vit : 0
haaaaaaaaaaaa0
0
enlève Vit : 0
enlève Vit : 0
enlève Vit : 0
enlève Vit : 0
enlève Vit : 0
enlève Vit : 0
enlève Vit : 0
enlève Vit : 0
enlève Vit : 0
enlève Vit : 0
enlève Vit : 0
enlève Vit : 0
enlève Vit : 0
enlève Vit : 0
enlève Vit : 0
enlève Vit : 0
enlève Vit : 0
enlève Vit : 0
haaaaaaaaaaaa4
4
Mort : 1
enlève Vit : 0
enlève Vit : 0
enlève Vit : 0
enlève Vit : 0
enlève Vit : 0
enlève Vit : 0
enlève Vit : 0
enlève Vit : 0
enlève Vit : 0
enlève Vit : 0
enlève Vit : 0
enlève Vit : 0
enlève Vit : 0
enlève Vit : 0
enlève Vit : 0
enlève Vit : 0
enlève Vit : 0
haaaaaaaaaaaa0
0
enlève Vit : 0
enlève Vit : 0
enlève Vit : 0
enlève Vit : 0
enlève Vit : 0
enlève Vit : 0
enlève Vit : 0
enlève Vit : 0
enlève Vit : 0
haaaaaaaaaaaa0
0
enlève Vit : 0
enlève Vit : 0
enlève Vit : 0
enlève Vit : 0
enlève Vit : 0
enlève Vit : 0
enlève Vit : 0
enlève Vit : 0
enlève Vit : 0
enlève Vit : 0
enlève Vit : 0
enlève Vit : 0
enlève Vit : 0
enlève Vit : 0
enlève Vit : 0
enlève Vit : 0
enlève Vit : 0
enlève Vit : 0
enlève Vit : 0
enlève Vit : 0
enlève Vit : 0
enlève Vit : 0
enlève Vit : 0
enlève Vit : 0
enlève Vit : 0
enlève Vit : 0
enlève Vit : 0
enlève Vit : 0
enlève Vit : 0
enlève Vit : 0
enlève Vit : 0
enlève Vit : 0
enlève Vit : 0
enlève Vit : 0
enlève Vit : 0
enlève Vit : 0
actionsPossibles : fin
actionsPossibles : lancement le 30/11/2019 18:52:35.667
enlève Vit : 0
enlève Vit : 0
enlève Vit : 0
enlève Vit : 0
enlève Vit : 0
enlève Vit : 0
enlève Vit : 0
enlève Vit : 0
enlève Vit : 0
haaaaaaaaaaaa0
0
enlève Vit : 0
enlève Vit : 0
enlève Vit : 0
enlève Vit : 0
enlève Vit : 0
enlève Vit : 0
enlève Vit : 0
enlève Vit : 0
enlève Vit : 0
haaaaaaaaaaaa0
0
enlève Vit : 0
enlève Vit : 0
enlève Vit : 0
enlève Vit : 0
enlève Vit : 0
enlève Vit : 0
enlève Vit : 0
enlève Vit : 0
enlève Vit : 0
enlève Vit : 0
enlève Vit : 0
enlève Vit : 0
enlève Vit : 0
enlève Vit : 0
enlève Vit : 0
enlève Vit : 0
enlève Vit : 0
enlève Vit : 0
enlève Vit : 0
enlève Vit : 0
enlève Vit : 0
enlève Vit : 0
enlève Vit : 0
enlève Vit : 0
enlève Vit : 0
enlève Vit : 0
enlève Vit : 0
enlève Vit : 0
enlève Vit : 0
enlève Vit : 0
enlève Vit : 0
enlève Vit : 0
enlève Vit : 0
enlève Vit : 0
enlève Vit : 0
enlève Vit : 0
enlève Vit : 0
enlève Vit : 0
enlève Vit : 0
enlève Vit : 0
enlève Vit : 0
enlève Vit : 0
enlève Vit : 0
enlève Vit : 0
enlève Vit : 0
enlève Vit : 0
enlève Vit : 0
enlève Vit : 0
enlève Vit : 0
enlève Vit : 0
enlève Vit : 0
enlève Vit : 0
enlève Vit : 0
enlève Vit : 0
enlève Vit : 0
enlève Vit : 0
enlève Vit : 0
enlève Vit : 0
enlève Vit : 0
enlève Vit : 0
enlève Vit : 0
enlève Vit : 0
enlève Vit : 0
enlève Vit : 0
enlève Vit : 0
enlève Vit : 0
enlève Vit : 0
enlève Vit : 0
enlève Vit : 0
enlève Vit : 0
enlève Vit : 0
enlève Vit : 0
enlève Vit : 0
enlève Vit : 0
enlève Vit : 0
enlève Vit : 0
enlève Vit : 0
enlève Vit : 0
enlève Vit : 0
enlève Vit : 0
enlève Vit : 0
enlève Vit : 0
enlève Vit : 0
enlève Vit : 0
enlève Vit : 0
enlève Vit : 0
enlève Vit : 0
enlève Vit : 0
enlève Vit : 0
enlève Vit : 0
haaaaaaaaaaaa0
0
enlève Vit : 0
enlève Vit : 0
enlève Vit : 0
enlève Vit : 0
enlève Vit : 0
enlève Vit : 0
enlève Vit : 0
enlève Vit : 0
enlève Vit : 0
enlève Vit : 0
enlève Vit : 0
enlève Vit : 0
enlève Vit : 0
enlève Vit : 0
enlève Vit : 0
enlève Vit : 0
enlève Vit : 0
enlève Vit : 0
haaaaaaaaaaaa0
0
enlève Vit : 0
enlève Vit : 0
enlève Vit : 0
enlève Vit : 0
enlève Vit : 0
enlève Vit : 0
enlève Vit : 0
enlève Vit : 0
enlève Vit : 0
enlève Vit : 0
enlève Vit : 0
enlève Vit : 0
enlève Vit : 0
enlève Vit : 0
enlève Vit : 0
enlève Vit : 0
enlève Vit : 0
enlève Vit : 0
haaaaaaaaaaaa4
4
Mort : 1
enlève Vit : 0
enlève Vit : 0
enlève Vit : 0
enlève Vit : 0
enlève Vit : 0
enlève Vit : 0
enlève Vit : 0
enlève Vit : 0
enlève Vit : 0
enlève Vit : 0
enlève Vit : 0
enlève Vit : 0
enlève Vit : 0
enlève Vit : 0
enlève Vit : 0
enlève Vit : 0
enlève Vit : 0
haaaaaaaaaaaa0
0
enlève Vit : 0
enlève Vit : 0
enlève Vit : 0
enlève Vit : 0
enlève Vit : 0
enlève Vit : 0
enlève Vit : 0
enlève Vit : 0
enlève Vit : 0
haaaaaaaaaaaa0
0
enlève Vit : 0
enlève Vit : 0
enlève Vit : 0
enlève Vit : 0
enlève Vit : 0
enlève Vit : 0
enlève Vit : 0
enlève Vit : 0
enlève Vit : 0
enlève Vit : 0
enlève Vit : 0
enlève Vit : 0
enlève Vit : 0
enlève Vit : 0
enlève Vit : 0
enlève Vit : 0
enlève Vit : 0
enlève Vit : 0
enlève Vit : 0
enlève Vit : 0
enlève Vit : 0
enlève Vit : 0
enlève Vit : 0
enlève Vit : 0
enlève Vit : 0
enlève Vit : 0
enlève Vit : 0
enlève Vit : 0
enlève Vit : 0
enlève Vit : 0
enlève Vit : 0
enlève Vit : 0
enlève Vit : 0
enlève Vit : 0
enlève Vit : 0
enlève Vit : 0
actionsPossibles : fin
actionsPossibles : lancement le 30/11/2019 18:52:35.767
enlève Vit : 0
enlève Vit : 0
enlève Vit : 0
enlève Vit : 0
enlève Vit : 0
enlève Vit : 0
enlève Vit : 0
enlève Vit : 0
enlève Vit : 0
haaaaaaaaaaaa0
0
enlève Vit : 0
enlève Vit : 0
enlève Vit : 0
enlève Vit : 0
enlève Vit : 0
enlève Vit : 0
enlève Vit : 0
enlève Vit : 0
enlève Vit : 0
enlève Vit : 0
enlève Vit : 0
enlève Vit : 0
enlève Vit : 0
enlève Vit : 0
enlève Vit : 0
enlève Vit : 0
enlève Vit : 0
enlève Vit : 0
enlève Vit : 0
enlève Vit : 0
enlève Vit : 0
enlève Vit : 0
enlève Vit : 0
enlève Vit : 0
enlève Vit : 0
enlève Vit : 0
enlève Vit : 0
enlève Vit : 0
enlève Vit : 0
enlève Vit : 0
enlève Vit : 0
enlève Vit : 0
enlève Vit : 0
enlève Vit : 0
enlève Vit : 0
enlève Vit : 0
enlève Vit : 0
enlève Vit : 0
haaaaaaaaaaaa1
1
enlève Vit : 1
enlève Vit : 0
enlève Vit : 0
enlève Vit : 0
enlève Vit : 0
enlève Vit : 0
enlève Vit : 0
enlève Vit : 0
enlève Vit : 0
enlève Vit : 0
enlève Vit : 0
enlève Vit : 0
enlève Vit : 0
enlève Vit : 0
enlève Vit : 0
enlève Vit : 0
enlève Vit : 0
haaaaaaaaaaaa1
1
enlève Vit : 1
enlève Vit : 0
enlève Vit : 0
enlève Vit : 0
enlève Vit : 0
enlève Vit : 0
enlève Vit : 0
enlève Vit : 0
enlève Vit : 0
enlève Vit : 0
enlève Vit : 0
enlève Vit : 0
enlève Vit : 0
enlève Vit : 0
haaaaaaaaaaaa0
0
enlève Vit : 0
enlève Vit : 0
enlève Vit : 0
enlève Vit : 0
enlève Vit : 0
enlève Vit : 0
enlève Vit : 0
enlève Vit : 0
enlève Vit : 0
enlève Vit : 0
enlève Vit : 0
enlève Vit : 0
enlève Vit : 0
enlève Vit : 0
enlève Vit : 0
enlève Vit : 0
enlève Vit : 0
enlève Vit : 0
enlève Vit : 0
enlève Vit : 0
enlève Vit : 0
enlève Vit : 0
enlève Vit : 0
enlève Vit : 0
enlève Vit : 0
enlève Vit : 0
enlève Vit : 0
enlève Vit : 0
enlève Vit : 0
enlève Vit : 0
enlève Vit : 0
enlève Vit : 0
enlève Vit : 0
enlève Vit : 0
enlève Vit : 0
enlève Vit : 0
enlève Vit : 0
enlève Vit : 0
enlève Vit : 0
enlève Vit : 0
enlève Vit : 0
enlève Vit : 0
enlève Vit : 0
enlève Vit : 0
enlève Vit : 0
enlève Vit : 0
enlève Vit : 0
enlève Vit : 0
enlève Vit : 0
enlève Vit : 0
enlève Vit : 0
enlève Vit : 0
enlève Vit : 0
enlève Vit : 0
enlève Vit : 0
enlève Vit : 0
enlève Vit : 0
haaaaaaaaaaaa1
1
enlève Vit : 1
haaaaaaaaaaaa1
1
enlève Vit : 1
enlève Vit : 0
haaaaaaaaaaaa2
2
enlève Vit : 2
enlève Vit : 0
enlève Vit : 0
enlève Vit : 0
enlève Vit : 0
enlève Vit : 0
haaaaaaaaaaaa1
1
enlève Vit : 1
enlève Vit : 0
haaaaaaaaaaaa2
2
enlève Vit : 2
enlève Vit : 0
enlève Vit : 0
enlève Vit : 0
enlève Vit : 0
enlève Vit : 0
enlève Vit : 0
enlève Vit : 0
haaaaaaaaaaaa3
3
enlève Vit : 3
enlève Vit : 0
enlève Vit : 0
enlève Vit : 0
enlève Vit : 0
enlève Vit : 0
enlève Vit : 0
enlève Vit : 0
enlève Vit : 0
enlève Vit : 0
enlève Vit : 0
enlève Vit : 0
enlève Vit : 0
enlève Vit : 0
enlève Vit : 0
enlève Vit : 0
enlève Vit : 0
enlève Vit : 0
enlève Vit : 0
enlève Vit : 0
enlève Vit : 0
enlève Vit : 0
enlève Vit : 0
enlève Vit : 0
enlève Vit : 0
enlève Vit : 0
enlève Vit : 0
enlève Vit : 0
enlève Vit : 0
enlève Vit : 0
enlève Vit : 0
enlève Vit : 0
enlève Vit : 0
enlève Vit : 0
enlève Vit : 0
enlève Vit : 0
enlève Vit : 0
enlève Vit : 0
enlève Vit : 0
enlève Vit : 0
enlève Vit : 0
enlève Vit : 0
enlève Vit : 0
enlève Vit : 0
actionsPossibles : fin
[PaA,23,28, SaA,23,28, BaA,23,28, DaA,23,28, TaA,23,28, HaA,23,28, PaB,23,28, SaB,23,28, BaB,23,28, DaB,23,28, TaB,23,28, HaB,23,28, PaC,23,29, SaC,23,29, BaC,23,29, DaC,23,29, TaC,23,29, HaC,23,29, IaD,23,29, CaD,24,26, FaD,23,28, PaE,23,29, SaE,23,29, BaE,23,29, DaE,23,29, TaE,23,29, HaE,23,29, PaF,23,28, SaF,23,28, BaF,23,28, DaF,23,28, TaF,23,28, HaF,23,28, PaG,23,28, SaG,23,28, BaG,23,28, DaG,23,28, TaG,23,28, HaG,23,28, PaH,23,28, SaH,23,28, BaH,23,28, DaH,23,28, TaH,23,28, HaH,23,28, PaI,23,28, SaI,23,28, BaI,23,28, DaI,23,28, TaI,23,28, HaI,23,28, PaJ,23,28, SaJ,23,28, BaJ,23,28, DaJ,23,28, TaJ,23,28, HaJ,23,28, PaK,23,28, SaK,23,28, BaK,23,28, DaK,23,28, TaK,23,28, HaK,23,28, PaL,23,28, SaL,23,28, BaL,23,28, DaL,23,28, TaL,23,28, HaL,23,28, PaM,23,28, SaM,23,28, BaM,23,28, DaM,23,28, TaM,23,28, HaM,23,28, PaN,23,28, SaN,23,28, BaN,23,28, DaN,23,28, TaN,23,28, HaN,23,28, PbA,23,28, SbA,23,28, BbA,23,28, DbA,23,28, TbA,23,28, HbA,23,28, PbB,23,28, SbB,23,28, BbB,23,28, DbB,23,28, TbB,23,28, HbB,23,28, PbC,23,28, SbC,23,28, BbC,23,28, DbC,23,28, TbC,23,28, HbC,23,28, CbD,22,28, FbD,26,27, PbE,23,28, SbE,23,28, BbE,23,28, DbE,23,28, TbE,23,28, HbE,23,28, PbF,23,28, SbF,23,28, BbF,23,28, DbF,23,28, TbF,23,28, HbF,23,28, PbG,23,28, SbG,23,28, BbG,23,28, DbG,23,28, TbG,23,28, HbG,23,28, PbH,23,28, SbH,23,28, BbH,23,28, DbH,23,28, TbH,23,28, HbH,23,28, PbI,23,28, SbI,23,28, BbI,23,28, DbI,23,28, TbI,23,28, HbI,23,28, PbJ,23,28, SbJ,23,28, BbJ,23,28, DbJ,23,28, TbJ,23,28, HbJ,23,28, PbK,23,28, SbK,23,28, BbK,23,28, DbK,23,28, TbK,23,28, HbK,23,28, PbL,23,28, SbL,23,28, BbL,23,28, DbL,23,28, TbL,23,28, HbL,23,28, PbM,23,28, SbM,23,28, BbM,23,28, DbM,23,28, TbM,23,28, HbM,23,28, PbN,23,28, SbN,23,28, BbN,23,28, DbN,23,28, TbN,23,28, HbN,23,28, IcA,23,30, CcA,22,27, FcA,24,27, PcB,23,28, ScB,23,28, BcB,23,28, DcB,23,28, TcB,23,28, HcB,23,28, PcC,23,28, ScC,23,28, BcC,23,28, DcC,23,28, TcC,23,28, HcC,23,28, IcD,23,30, CcD,23,27, FcD,24,27, PcE,23,28, ScE,23,28, BcE,23,28, DcE,23,28, TcE,23,28, HcE,23,28, PcF,23,28, ScF,23,28, BcF,23,28, DcF,23,28, TcF,23,28, HcF,23,28, PcG,23,28, ScG,23,28, BcG,23,28, DcG,23,28, TcG,23,28, HcG,23,28, PcH,23,28, ScH,23,28, BcH,23,28, DcH,23,28, TcH,23,28, HcH,23,28, PcI,23,28, ScI,23,28, BcI,23,28, DcI,23,28, TcI,23,28, HcI,23,28, PcJ,23,28, ScJ,23,28, BcJ,23,28, DcJ,23,28, TcJ,23,28, HcJ,23,28, PcK,23,28, ScK,23,28, BcK,23,28, DcK,23,28, TcK,23,28, HcK,23,28, PcL,23,28, ScL,23,28, BcL,23,28, DcL,23,28, TcL,23,28, HcL,23,28, PcM,23,28, ScM,23,28, BcM,23,28, DcM,23,28, TcM,23,28, HcM,23,28, PcN,23,28, ScN,23,28, BcN,23,28, DcN,23,28, TcN,23,28, HcN,23,28, PdA,23,28, SdA,23,28, BdA,23,28, DdA,23,28, TdA,23,28, HdA,23,28, PdB,23,28, SdB,23,28, BdB,23,28, DdB,23,28, TdB,23,28, HdB,23,28, PdC,23,28, SdC,23,28, BdC,23,28, DdC,23,28, TdC,23,28, HdC,23,28, PdD,23,28, SdD,23,28, BdD,23,28, DdD,23,28, TdD,23,28, HdD,23,28, IdE,23,31, CdE,22,27, FdE,25,27, PdF,23,28, SdF,23,28, BdF,23,28, DdF,23,28, TdF,23,28, HdF,23,28, PdG,23,28, SdG,23,28, BdG,23,28, DdG,23,28, TdG,23,28, HdG,23,28, PdH,23,28, SdH,23,28, BdH,23,28, DdH,23,28, TdH,23,28, HdH,23,28, PdI,23,28, SdI,23,28, BdI,23,28, DdI,23,28, TdI,23,28, HdI,23,28, PdJ,23,28, SdJ,23,28, BdJ,23,28, DdJ,23,28, TdJ,23,28, HdJ,23,28, PdK,23,28, SdK,23,28, BdK,23,28, DdK,23,28, TdK,23,28, HdK,23,28, PdL,23,28, SdL,23,28, BdL,23,28, DdL,23,28, TdL,23,28, HdL,23,28, PdM,23,28, SdM,23,28, BdM,23,28, DdM,23,28, TdM,23,28, HdM,23,28, PdN,23,28, SdN,23,28, BdN,23,28, DdN,23,28, TdN,23,28, HdN,23,28, PeA,23,28, SeA,23,28, BeA,23,28, DeA,23,28, TeA,23,28, HeA,23,28, PeB,23,28, SeB,23,28, BeB,23,28, DeB,23,28, TeB,23,28, HeB,23,28, PeC,23,28, SeC,23,28, BeC,23,28, DeC,23,28, TeC,23,28, HeC,23,28, PeD,23,28, SeD,23,28, BeD,23,28, DeD,23,28, TeD,23,28, HeD,23,28, PeE,23,29, SeE,23,29, BeE,23,29, DeE,23,29, TeE,23,29, HeE,23,29, PeF,23,28, SeF,23,28, BeF,23,28, DeF,23,28, TeF,23,28, HeF,23,28, PeG,23,28, SeG,23,28, BeG,23,28, DeG,23,28, TeG,23,28, HeG,23,28, PeH,23,28, SeH,23,28, BeH,23,28, DeH,23,28, TeH,23,28, HeH,23,28, PeI,23,28, SeI,23,28, BeI,23,28, DeI,23,28, TeI,23,28, HeI,23,28, PeJ,23,28, SeJ,23,28, BeJ,23,28, DeJ,23,28, TeJ,23,28, HeJ,23,28, PeK,23,28, SeK,23,28, BeK,23,28, DeK,23,28, TeK,23,28, HeK,23,28, PeL,23,28, SeL,23,28, BeL,23,28, DeL,23,28, TeL,23,28, HeL,23,28, PeM,23,28, SeM,23,28, BeM,23,28, DeM,23,28, TeM,23,28, HeM,23,28, PeN,23,28, SeN,23,28, BeN,23,28, DeN,23,28, TeN,23,28, HeN,23,28, PfA,23,28, SfA,23,28, BfA,23,28, DfA,23,28, TfA,23,28, HfA,23,28, PfB,23,28, SfB,23,28, BfB,23,28, DfB,23,28, TfB,23,28, HfB,23,28, PfC,23,28, SfC,23,28, BfC,23,28, DfC,23,28, TfC,23,28, HfC,23,28, IfD,23,29, CfD,21,29, FfD,24,27, CfE,24,26, FfE,23,30, PfF,23,29, SfF,23,29, BfF,23,29, DfF,23,29, TfF,23,29, HfF,23,29, PfG,23,28, SfG,23,28, BfG,23,28, DfG,23,28, TfG,23,28, HfG,23,28, PfH,23,28, SfH,23,28, BfH,23,28, DfH,23,28, TfH,23,28, HfH,23,28, PfI,23,29, SfI,23,29, BfI,23,29, DfI,23,29, TfI,23,29, HfI,23,29, PfJ,23,28, SfJ,23,28, BfJ,23,28, DfJ,23,28, TfJ,23,28, HfJ,23,28, PfK,23,28, SfK,23,28, BfK,23,28, DfK,23,28, TfK,23,28, HfK,23,28, PfL,23,28, SfL,23,28, BfL,23,28, DfL,23,28, TfL,23,28, HfL,23,28, PfM,23,28, SfM,23,28, BfM,23,28, DfM,23,28, TfM,23,28, HfM,23,28, PfN,23,28, SfN,23,28, BfN,23,28, DfN,23,28, TfN,23,28, HfN,23,28, PgA,23,28, SgA,23,28, BgA,23,28, DgA,23,28, TgA,23,28, HgA,23,28, PgB,23,28, SgB,23,28, BgB,23,28, DgB,23,28, TgB,23,28, HgB,23,28, PgC,23,29, SgC,23,29, BgC,23,29, DgC,23,29, TgC,23,29, HgC,23,29, IgD,23,30, CgD,24,19, FgD,23,28, PgE,23,30, SgE,23,30, BgE,23,30, DgE,23,30, TgE,23,30, HgE,23,30, PgF,23,28, SgF,23,28, BgF,23,28, DgF,23,28, TgF,23,28, HgF,23,28, PgG,23,28, SgG,23,28, BgG,23,28, DgG,23,28, TgG,23,28, HgG,23,28, PgH,23,29, SgH,23,29, BgH,23,29, DgH,23,29, TgH,23,29, HgH,23,29, IgI,23,31, CgI,23,26, FgI,23,28, PgJ,23,29, SgJ,23,29, BgJ,23,29, DgJ,23,29, TgJ,23,29, HgJ,23,29, IgK,23,30, CgK,22,28, FgK,26,27, PgL,23,28, SgL,23,28, BgL,23,28, DgL,23,28, TgL,23,28, HgL,23,28, PgM,23,28, SgM,23,28, BgM,23,28, DgM,23,28, TgM,23,28, HgM,23,28, PgN,23,28, SgN,23,28, BgN,23,28, DgN,23,28, TgN,23,28, HgN,23,28, PhA,23,28, ShA,23,28, BhA,23,28, DhA,23,28, ThA,23,28, HhA,23,28, PhB,23,28, ShB,23,28, BhB,23,28, DhB,23,28, ThB,23,28, HhB,23,28, PhC,23,28, ShC,23,28, BhC,23,28, DhC,23,28, ThC,23,28, HhC,23,28, PhD,23,29, ShD,23,29, BhD,23,29, DhD,23,29, ThD,23,29, HhD,23,29, PhE,23,28, ShE,23,28, BhE,23,28, DhE,23,28, ThE,23,28, HhE,23,28, PhF,23,28, ShF,23,28, BhF,23,28, DhF,23,28, ThF,23,28, HhF,23,28, ChG,22,27, FhG,26,27, PhH,23,28, ShH,23,28, BhH,23,28, DhH,23,28, ThH,23,28, HhH,23,28, PhI,23,29, ShI,23,29, BhI,23,29, DhI,23,29, ThI,23,29, HhI,23,29, PhJ,23,29, ShJ,23,29, BhJ,23,29, DhJ,23,29, ThJ,23,29, HhJ,23,29, ChK,24,26, FhK,23,30, PhL,23,29, ShL,23,29, BhL,23,29, DhL,23,29, ThL,23,29, HhL,23,29, PhM,23,28, ShM,23,28, BhM,23,28, DhM,23,28, ThM,23,28, HhM,23,28, PhN,23,28, ShN,23,28, BhN,23,28, DhN,23,28, ThN,23,28, HhN,23,28, PiA,23,28, SiA,23,28, BiA,23,28, DiA,23,28, TiA,23,28, HiA,23,28, PiB,23,28, SiB,23,28, BiB,23,28, DiB,23,28, TiB,23,28, HiB,23,28, PiC,23,29, SiC,23,29, BiC,23,29, DiC,23,29, TiC,23,29, HiC,23,29, IiD,23,31, CiD,18,27, FiD,24,27, PiE,23,28, SiE,23,28, BiE,23,28, DiE,23,28, TiE,23,28, HiE,23,28, PiF,23,28, SiF,23,28, BiF,23,28, DiF,23,28, TiF,23,28, HiF,23,28, PiG,23,28, SiG,23,28, BiG,23,28, DiG,23,28, TiG,23,28, HiG,23,28, PiH,23,28, SiH,23,28, BiH,23,28, DiH,23,28, TiH,23,28, HiH,23,28, PiI,23,29, SiI,23,29, BiI,23,29, DiI,23,29, TiI,23,29, HiI,23,29, PiJ,23,28, SiJ,23,28, BiJ,23,28, DiJ,23,28, TiJ,23,28, HiJ,23,28, PiK,23,29, SiK,23,29, BiK,23,29, DiK,23,29, TiK,23,29, HiK,23,29, PiL,23,28, SiL,23,28, BiL,23,28, DiL,23,28, TiL,23,28, HiL,23,28, IiM,23,31, CiM,22,27, FiM,25,27, PiN,23,28, SiN,23,28, BiN,23,28, DiN,23,28, TiN,23,28, HiN,23,28, PjA,23,28, SjA,23,28, BjA,23,28, DjA,23,28, TjA,23,28, HjA,23,28, PjB,23,29, SjB,23,29, BjB,23,29, DjB,23,29, TjB,23,29, HjB,23,29, CjC,23,26, FjC,23,30, PjD,23,29, SjD,23,29, BjD,23,29, DjD,23,29, TjD,23,29, HjD,23,29, PjE,23,28, SjE,23,28, BjE,23,28, DjE,23,28, TjE,23,28, HjE,23,28, PjF,23,28, SjF,23,28, BjF,23,28, DjF,23,28, TjF,23,28, HjF,23,28, PjG,23,28, SjG,23,28, BjG,23,28, DjG,23,28, TjG,23,28, HjG,23,28, PjH,23,29, SjH,23,29, BjH,23,29, DjH,23,29, TjH,23,29, HjH,23,29, IjI,23,30, CjI,24,23, FjI,23,29, PjJ,23,29, SjJ,23,29, BjJ,23,29, DjJ,23,29, TjJ,23,29, HjJ,23,29, PjK,23,28, SjK,23,28, BjK,23,28, DjK,23,28, TjK,23,28, HjK,23,28, PjL,23,28, SjL,23,28, BjL,23,28, DjL,23,28, TjL,23,28, HjL,23,28, PjM,23,28, SjM,23,28, BjM,23,28, DjM,23,28, TjM,23,28, HjM,23,28, PjN,23,28, SjN,23,28, BjN,23,28, DjN,23,28, TjN,23,28, HjN,23,28, PkA,23,28, SkA,23,28, BkA,23,28, DkA,23,28, TkA,23,28, HkA,23,28, PkB,23,28, SkB,23,28, BkB,23,28, DkB,23,28, TkB,23,28, HkB,23,28, PkC,23,29, SkC,23,29, BkC,23,29, DkC,23,29, TkC,23,29, HkC,23,29, PkD,23,28, SkD,23,28, BkD,23,28, DkD,23,28, TkD,23,28, HkD,23,28, PkE,23,28, SkE,23,28, BkE,23,28, DkE,23,28, TkE,23,28, HkE,23,28, PkF,23,28, SkF,23,28, BkF,23,28, DkF,23,28, TkF,23,28, HkF,23,28, PkG,23,28, SkG,23,28, BkG,23,28, DkG,23,28, TkG,23,28, HkG,23,28, PkH,23,28, SkH,23,28, BkH,23,28, DkH,23,28, TkH,23,28, HkH,23,28, IkI,23,29, CkI,21,28, FkI,24,27, PkJ,23,28, SkJ,23,28, BkJ,23,28, DkJ,23,28, TkJ,23,28, HkJ,23,28, PkK,23,28, SkK,23,28, BkK,23,28, DkK,23,28, TkK,23,28, HkK,23,28, PkL,23,28, SkL,23,28, BkL,23,28, DkL,23,28, TkL,23,28, HkL,23,28, PkM,23,28, SkM,23,28, BkM,23,28, DkM,23,28, TkM,23,28, HkM,23,28, PkN,23,28, SkN,23,28, BkN,23,28, DkN,23,28, TkN,23,28, HkN,23,28, PlA,23,28, SlA,23,28, BlA,23,28, DlA,23,28, TlA,23,28, HlA,23,28, PlB,23,28, SlB,23,28, BlB,23,28, DlB,23,28, TlB,23,28, HlB,23,28, PlC,23,28, SlC,23,28, BlC,23,28, DlC,23,28, TlC,23,28, HlC,23,28, PlD,23,28, SlD,23,28, BlD,23,28, DlD,23,28, TlD,23,28, HlD,23,28, PlE,23,28, SlE,23,28, BlE,23,28, DlE,23,28, TlE,23,28, HlE,23,28, PlF,23,28, SlF,23,28, BlF,23,28, DlF,23,28, TlF,23,28, HlF,23,28, PlG,23,28, SlG,23,28, BlG,23,28, DlG,23,28, TlG,23,28, HlG,23,28, PlH,23,28, SlH,23,28, BlH,23,28, DlH,23,28, TlH,23,28, HlH,23,28, IlI,23,30, ClI,20,27, FlI,24,27, PlJ,23,28, SlJ,23,28, BlJ,23,28, DlJ,23,28, TlJ,23,28, HlJ,23,28, PlK,23,28, SlK,23,28, BlK,23,28, DlK,23,28, TlK,23,28, HlK,23,28, IlL,23,31, ClL,22,27, FlL,24,27, PlM,23,28, SlM,23,28, BlM,23,28, DlM,23,28, TlM,23,28, HlM,23,28, PlN,23,28, SlN,23,28, BlN,23,28, DlN,23,28, TlN,23,28, HlN,23,28, PmA,23,28, SmA,23,28, BmA,23,28, DmA,23,28, TmA,23,28, HmA,23,28, PmB,23,28, SmB,23,28, BmB,23,28, DmB,23,28, TmB,23,28, HmB,23,28, PmC,23,28, SmC,23,28, BmC,23,28, DmC,23,28, TmC,23,28, HmC,23,28, PmD,23,28, SmD,23,28, BmD,23,28, DmD,23,28, TmD,23,28, HmD,23,28, PmE,23,28, SmE,23,28, BmE,23,28, DmE,23,28, TmE,23,28, HmE,23,28, PmF,23,29, SmF,23,29, BmF,23,29, DmF,23,29, TmF,23,29, HmF,23,29, PmG,23,28, SmG,23,28, BmG,23,28, DmG,23,28, TmG,23,28, HmG,23,28, PmH,23,28, SmH,23,28, BmH,23,28, DmH,23,28, TmH,23,28, HmH,23,28, PmI,23,29, SmI,23,29, BmI,23,29, DmI,23,29, TmI,23,29, HmI,23,29, PmJ,23,28, SmJ,23,28, BmJ,23,28, DmJ,23,28, TmJ,23,28, HmJ,23,28, PmK,23,28, SmK,23,28, BmK,23,28, DmK,23,28, TmK,23,28, HmK,23,28, PmL,23,28, SmL,23,28, BmL,23,28, DmL,23,28, TmL,23,28, HmL,23,28, PmM,23,28, SmM,23,28, BmM,23,28, DmM,23,28, TmM,23,28, HmM,23,28, PmN,23,29, SmN,23,29, BmN,23,29, DmN,23,29, TmN,23,29, HmN,23,29, PnA,23,28, SnA,23,28, BnA,23,28, DnA,23,28, TnA,23,28, HnA,23,28, PnB,23,28, SnB,23,28, BnB,23,28, DnB,23,28, TnB,23,28, HnB,23,28, PnC,23,28, SnC,23,28, BnC,23,28, DnC,23,28, TnC,23,28, HnC,23,28, PnD,23,28, SnD,23,28, BnD,23,28, DnD,23,28, TnD,23,28, HnD,23,28, PnE,23,29, SnE,23,29, BnE,23,29, DnE,23,29, TnE,23,29, HnE,23,29, CnF,23,26, FnF,23,30, PnG,23,29, SnG,23,29, BnG,23,29, DnG,23,29, TnG,23,29, HnG,23,29, PnH,23,29, SnH,23,29, BnH,23,29, DnH,23,29, TnH,23,29, HnH,23,29, InI,23,30, CnI,23,19, FnI,23,28, PnJ,23,29, SnJ,23,29, BnJ,23,29, DnJ,23,29, TnJ,23,29, HnJ,23,29, PnK,23,28, SnK,23,28, BnK,23,28, DnK,23,28, TnK,23,28, HnK,23,28, PnL,23,28, SnL,23,28, BnL,23,28, DnL,23,28, TnL,23,28, HnL,23,28, PnM,23,29, SnM,23,29, BnM,23,29, DnM,23,29, TnM,23,29, HnM,23,29, InN,23,29, CnN,23,26, FnN,23,30, O,16,22]
]]></system-out>
  <system-err><![CDATA[]]></system-err>
</testsuite>
